2025-11-08 17:52:09,676 1 INFO ? odoo: Odoo version 17.0-20251008 
2025-11-08 17:52:09,676 1 INFO ? odoo: Using configuration file at /etc/odoo/odoo.conf 
2025-11-08 17:52:09,677 1 INFO ? odoo: addons paths: ['/usr/lib/python3/dist-packages/odoo/addons', '/var/lib/odoo/.local/share/Odoo/addons/17.0', '/mnt/extra-addons/custom', '/mnt/extra-addons/third-party'] 
2025-11-08 17:52:09,677 1 INFO ? odoo: database: odoo@odoo-boats-db:5432 
2025-11-08 17:52:09,774 1 INFO ? odoo.addons.base.models.ir_actions_report: Will use the Wkhtmltopdf binary at /usr/local/bin/wkhtmltopdf 
2025-11-08 17:52:09,882 1 INFO ? odoo.service.server: HTTP service (werkzeug) running on 88c421bfdfed:8069 
2025-11-08 17:52:09,897 1 INFO odoo-boats-db odoo.modules.loading: loading 1 modules... 
2025-11-08 17:52:09,901 1 INFO odoo-boats-db odoo.modules.loading: 1 modules loaded in 0.00s, 0 queries (+0 extra) 
2025-11-08 17:52:09,917 1 INFO odoo-boats-db odoo.modules.loading: loading 61 modules... 
2025-11-08 17:52:10,241 1 INFO odoo-boats-db odoo.modules.loading: 61 modules loaded in 0.32s, 0 queries (+0 extra) 
2025-11-08 17:52:10,319 1 INFO odoo-boats-db odoo.modules.loading: Modules loaded. 
2025-11-08 17:52:10,323 1 INFO odoo-boats-db odoo.modules.registry: Registry loaded in 0.441s 
2025-11-08 17:52:10,662 1 INFO odoo-boats-db odoo.addons.base.models.ir_http: Generating routing map for key 1 
2025-11-08 17:52:10,709 1 INFO odoo-boats-db werkzeug: 172.19.0.1 - - [08/Nov/2025 17:52:10] "GET /websocket?version=17.0-1 HTTP/1.1" 101 - 11 0.010 0.043
2025-11-08 17:52:11,065 1 INFO ? odoo.addons.bus.models.bus: Bus.loop listen imbus on db postgres 
2025-11-08 17:52:19,362 1 INFO odoo-boats-db werkzeug: 127.0.0.1 - - [08/Nov/2025 17:52:19] "GET /web HTTP/1.1" 303 - 3 0.001 0.003
2025-11-08 17:52:19,744 1 ERROR odoo-boats-db odoo.addons.base.models.ir_model: Missing model boat.taxonomy.category 
2025-11-08 17:52:19,744 1 ERROR odoo-boats-db odoo.addons.base.models.ir_model: Missing model boat.boat 
2025-11-08 17:52:19,745 1 ERROR odoo-boats-db odoo.addons.base.models.ir_model: Missing model boat.location 
2025-11-08 17:52:19,745 1 ERROR odoo-boats-db odoo.addons.base.models.ir_model: Missing model boat.boat 
2025-11-08 17:52:19,745 1 ERROR odoo-boats-db odoo.addons.base.models.ir_model: Missing model boat.taxonomy 
2025-11-08 17:52:19,745 1 ERROR odoo-boats-db odoo.addons.base.models.ir_model: Missing model boat.category 
2025-11-08 17:52:19,745 1 ERROR odoo-boats-db odoo.addons.base.models.ir_model: Missing model boat.amenity 
2025-11-08 17:52:19,888 1 INFO odoo-boats-db werkzeug: 172.19.0.1 - - [08/Nov/2025 17:52:19] "GET /web/?debug=assets HTTP/1.1" 200 - 72 0.043 0.127
2025-11-08 17:52:20,669 1 INFO odoo-boats-db werkzeug: 172.19.0.1 - - [08/Nov/2025 17:52:20] "GET /web/assets/debug/web.assets_web.css HTTP/1.1" 304 - 20 0.039 0.703
2025-11-08 17:52:20,711 1 INFO odoo-boats-db werkzeug: 172.19.0.1 - - [08/Nov/2025 17:52:20] "GET /web/assets/debug/web.assets_web.js HTTP/1.1" 200 - 20 0.077 0.704
2025-11-08 17:52:20,950 1 INFO odoo-boats-db werkzeug: 172.19.0.1 - - [08/Nov/2025 17:52:20] "GET /bus/websocket_worker_bundle?v=17.0-1 HTTP/1.1" 304 - 5 0.008 0.017
2025-11-08 17:52:20,957 1 INFO odoo-boats-db werkzeug: 172.19.0.1 - - [08/Nov/2025 17:52:20] "POST /web/action/load HTTP/1.1" 200 - 12 0.018 0.018
2025-11-08 17:52:21,044 1 INFO odoo-boats-db werkzeug: 172.19.0.1 - - [08/Nov/2025 17:52:21] "GET /web/image?model=res.users&field=avatar_128&id=2 HTTP/1.1" 304 - 8 0.027 0.023
2025-11-08 17:52:21,059 1 INFO odoo-boats-db werkzeug: 172.19.0.1 - - [08/Nov/2025 17:52:21] "GET /websocket?version=17.0-1 HTTP/1.1" 101 - 1 0.002 0.041
2025-11-08 17:52:21,065 1 INFO odoo-boats-db werkzeug: 172.19.0.1 - - [08/Nov/2025 17:52:21] "POST /web/dataset/call_kw/res.users/systray_get_activities HTTP/1.1" 200 - 20 0.062 0.025
2025-11-08 17:52:21,092 1 INFO odoo-boats-db werkzeug: 172.19.0.1 - - [08/Nov/2025 17:52:21] "POST /mail/init_messaging HTTP/1.1" 200 - 56 0.103 0.051
2025-11-08 17:52:21,119 1 INFO odoo-boats-db werkzeug: 172.19.0.1 - - [08/Nov/2025 17:52:21] "POST /mail/load_message_failures HTTP/1.1" 200 - 10 0.008 0.010
2025-11-08 17:52:21,137 1 INFO odoo-boats-db werkzeug: 172.19.0.1 - - [08/Nov/2025 17:52:21] "POST /web/dataset/call_kw/ir.module.module/get_views HTTP/1.1" 200 - 47 0.045 0.083
2025-11-08 17:52:21,161 1 INFO odoo-boats-db werkzeug: 172.19.0.1 - - [08/Nov/2025 17:52:21] "POST /web/dataset/call_kw/ir.module.module/search_panel_select_range HTTP/1.1" 200 - 1 0.001 0.009
2025-11-08 17:52:21,191 1 INFO odoo-boats-db werkzeug: 172.19.0.1 - - [08/Nov/2025 17:52:21] "POST /web/dataset/call_kw/ir.module.module/web_search_read HTTP/1.1" 200 - 4 0.005 0.029
2025-11-08 17:52:21,206 1 INFO odoo-boats-db werkzeug: 172.19.0.1 - - [08/Nov/2025 17:52:21] "POST /web/dataset/call_kw/ir.module.module/search_panel_select_range HTTP/1.1" 200 - 40 0.033 0.021
2025-11-08 17:52:22,782 1 INFO odoo-boats-db werkzeug: 172.19.0.1 - - [08/Nov/2025 17:52:22] "POST /web/action/load HTTP/1.1" 200 - 8 0.007 0.010
2025-11-08 17:52:22,811 1 INFO odoo-boats-db werkzeug: 172.19.0.1 - - [08/Nov/2025 17:52:22] "POST /web/dataset/call_kw/base.module.update/get_views HTTP/1.1" 200 - 9 0.003 0.007
2025-11-08 17:52:22,830 1 INFO odoo-boats-db werkzeug: 172.19.0.1 - - [08/Nov/2025 17:52:22] "POST /web/dataset/call_kw/base.module.update/onchange HTTP/1.1" 200 - 2 0.003 0.005
2025-11-08 17:52:22,907 1 INFO odoo-boats-db werkzeug: 172.19.0.1 - - [08/Nov/2025 17:52:22] "GET /web/service-worker.js HTTP/1.1" 200 - 1 0.001 0.002
2025-11-08 17:52:24,232 1 INFO odoo-boats-db werkzeug: 172.19.0.1 - - [08/Nov/2025 17:52:24] "POST /web/dataset/call_kw/base.module.update/web_save HTTP/1.1" 200 - 5 0.008 0.010
2025-11-08 17:52:24,252 1 INFO odoo-boats-db odoo.addons.base.models.ir_module: ALLOW access to module.update_list on [] to user admin #2 via 172.19.0.1 
2025-11-08 17:52:25,010 1 INFO odoo-boats-db odoo.modules.registry: Caches invalidated, signaling through the database: ['templates'] 
2025-11-08 17:52:25,011 1 INFO odoo-boats-db werkzeug: 172.19.0.1 - - [08/Nov/2025 17:52:25] "POST /web/dataset/call_button HTTP/1.1" 200 - 1720 0.453 0.311
2025-11-08 17:52:27,858 1 INFO odoo-boats-db werkzeug: 172.19.0.1 - - [08/Nov/2025 17:52:27] "POST /web/dataset/call_kw/ir.module.module/search_panel_select_range HTTP/1.1" 200 - 38 0.011 0.014
2025-11-08 17:52:27,890 1 INFO odoo-boats-db werkzeug: 172.19.0.1 - - [08/Nov/2025 17:52:27] "POST /web/dataset/call_kw/ir.module.module/web_search_read HTTP/1.1" 200 - 4 0.006 0.016
2025-11-08 17:52:27,989 1 INFO ? werkzeug: 172.19.0.1 - - [08/Nov/2025 17:52:27] "GET /base/static/description/icon.png HTTP/1.1" 304 - 0 0.000 0.001
2025-11-08 17:52:29,443 1 INFO odoo-boats-db werkzeug: 172.19.0.1 - - [08/Nov/2025 17:52:29] "POST /web/dataset/call_kw/ir.module.module/search_panel_select_range HTTP/1.1" 200 - 38 0.027 0.022
2025-11-08 17:52:29,462 1 INFO odoo-boats-db werkzeug: 127.0.0.1 - - [08/Nov/2025 17:52:29] "GET /web HTTP/1.1" 303 - 1 0.001 0.004
2025-11-08 17:52:29,463 1 INFO odoo-boats-db werkzeug: 172.19.0.1 - - [08/Nov/2025 17:52:29] "POST /web/dataset/call_kw/ir.module.module/web_search_read HTTP/1.1" 200 - 3 0.006 0.005
2025-11-08 17:52:31,711 1 INFO odoo-boats-db odoo.addons.base.models.ir_module: ALLOW access to module.button_immediate_install on ['Boat Masterdata'] to user admin #2 via 172.19.0.1 
2025-11-08 17:52:31,711 1 INFO odoo-boats-db odoo.addons.base.models.ir_module: User #2 triggered module installation 
2025-11-08 17:52:31,711 1 INFO odoo-boats-db odoo.addons.base.models.ir_module: ALLOW access to module.button_install on ['Boat Masterdata'] to user admin #2 via 172.19.0.1 
2025-11-08 17:52:31,750 1 INFO odoo-boats-db odoo.modules.loading: loading 1 modules... 
2025-11-08 17:52:31,755 1 INFO odoo-boats-db odoo.modules.loading: 1 modules loaded in 0.00s, 0 queries (+0 extra) 
2025-11-08 17:52:31,767 1 INFO odoo-boats-db odoo.modules.loading: updating modules list 
2025-11-08 17:52:31,768 1 INFO odoo-boats-db odoo.addons.base.models.ir_module: ALLOW access to module.update_list on [] to user __system__ #1 via 172.19.0.1 
2025-11-08 17:52:32,298 1 INFO odoo-boats-db odoo.modules.loading: loading 61 modules... 
2025-11-08 17:52:32,323 1 INFO odoo-boats-db odoo.modules.loading: 61 modules loaded in 0.03s, 0 queries (+0 extra) 
2025-11-08 17:52:32,325 1 INFO odoo-boats-db odoo.modules.loading: loading 62 modules... 
2025-11-08 17:52:32,325 1 INFO odoo-boats-db odoo.modules.loading: Loading module boat_masterdata (2/62) 
2025-11-08 17:52:32,404 1 INFO odoo-boats-db odoo.modules.registry: module boat_masterdata: creating or updating database tables 
2025-11-08 17:52:32,685 1 INFO odoo-boats-db odoo.modules.loading: loading boat_masterdata/security/ir.model.access.csv 
2025-11-08 17:52:32,694 1 WARNING odoo-boats-db odoo.addons.base.models.ir_model: Rule Region admin has no group, this is a deprecated feature. Every access-granting rule should specify a group. 
2025-11-08 17:52:32,695 1 WARNING odoo-boats-db odoo.addons.base.models.ir_model: Rule Category admin has no group, this is a deprecated feature. Every access-granting rule should specify a group. 
2025-11-08 17:52:32,695 1 WARNING odoo-boats-db odoo.addons.base.models.ir_model: Rule Option admin has no group, this is a deprecated feature. Every access-granting rule should specify a group. 
2025-11-08 17:52:32,704 1 INFO odoo-boats-db odoo.modules.loading: loading boat_masterdata/views/boat_region_views.xml 
2025-11-08 17:52:32,738 1 WARNING odoo-boats-db odoo.modules.loading: Transient module states were reset 
2025-11-08 17:52:32,740 1 ERROR odoo-boats-db odoo.modules.registry: Failed to load registry 
Traceback (most recent call last):
  File "/usr/lib/python3/dist-packages/odoo/tools/cache.py", line 99, in lookup
    r = d[key]
  File "<decorator-gen-5>", line 2, in __getitem__
  File "/usr/lib/python3/dist-packages/odoo/tools/func.py", line 87, in locked
    return func(inst, *args, **kwargs)
  File "/usr/lib/python3/dist-packages/odoo/tools/lru.py", line 34, in __getitem__
    a = self.d[obj]
KeyError: ('ir.model.data', <function IrModelData._xmlid_lookup at 0x79c525c51090>, 'boat_masterdata.action_boat_region')

During handling of the above exception, another exception occurred:

Traceback (most recent call last):
  File "/usr/lib/python3/dist-packages/odoo/tools/convert.py", line 564, in _tag_root
    f(rec)
  File "/usr/lib/python3/dist-packages/odoo/tools/convert.py", line 312, in _tag_menuitem
    act = self.env.ref(a_action).sudo()
  File "/usr/lib/python3/dist-packages/odoo/api.py", line 596, in ref
    res_model, res_id = self['ir.model.data']._xmlid_to_res_model_res_id(
  File "/usr/lib/python3/dist-packages/odoo/addons/base/models/ir_model.py", line 2205, in _xmlid_to_res_model_res_id
    return self._xmlid_lookup(xmlid)
  File "<decorator-gen-43>", line 2, in _xmlid_lookup
  File "/usr/lib/python3/dist-packages/odoo/tools/cache.py", line 104, in lookup
    value = d[key] = self.method(*args, **kwargs)
  File "/usr/lib/python3/dist-packages/odoo/addons/base/models/ir_model.py", line 2198, in _xmlid_lookup
    raise ValueError('External ID not found in the system: %s' % xmlid)
ValueError: External ID not found in the system: boat_masterdata.action_boat_region

The above exception was the direct cause of the following exception:

Traceback (most recent call last):
  File "/usr/lib/python3/dist-packages/odoo/modules/registry.py", line 110, in new
    odoo.modules.load_modules(registry, force_demo, status, update_module)
  File "/usr/lib/python3/dist-packages/odoo/modules/loading.py", line 485, in load_modules
    processed_modules += load_marked_modules(env, graph,
  File "/usr/lib/python3/dist-packages/odoo/modules/loading.py", line 366, in load_marked_modules
    loaded, processed = load_module_graph(
  File "/usr/lib/python3/dist-packages/odoo/modules/loading.py", line 229, in load_module_graph
    load_data(env, idref, mode, kind='data', package=package)
  File "/usr/lib/python3/dist-packages/odoo/modules/loading.py", line 73, in load_data
    tools.convert_file(env, package.name, filename, idref, mode, noupdate, kind)
  File "/usr/lib/python3/dist-packages/odoo/tools/convert.py", line 635, in convert_file
    convert_xml_import(env, module, fp, idref, mode, noupdate)
  File "/usr/lib/python3/dist-packages/odoo/tools/convert.py", line 701, in convert_xml_import
    obj.parse(doc.getroot())
  File "/usr/lib/python3/dist-packages/odoo/tools/convert.py", line 621, in parse
    self._tag_root(de)
  File "/usr/lib/python3/dist-packages/odoo/tools/convert.py", line 577, in _tag_root
    raise ParseError('while parsing %s:%s, somewhere inside\n%s' % (
odoo.tools.convert.ParseError: while parsing /mnt/extra-addons/custom/boat_masterdata/views/boat_region_views.xml:39, somewhere inside
<menuitem id="menu_boat_region" name="Regions" parent="menu_boat_root" action="action_boat_region"/>
2025-11-08 17:52:32,748 1 INFO odoo-boats-db odoo.modules.loading: loading 1 modules... 
2025-11-08 17:52:32,754 1 INFO odoo-boats-db odoo.modules.loading: 1 modules loaded in 0.01s, 0 queries (+0 extra) 
2025-11-08 17:52:32,758 1 INFO odoo-boats-db odoo.modules.loading: loading 61 modules... 
2025-11-08 17:52:32,786 1 INFO odoo-boats-db odoo.modules.loading: 61 modules loaded in 0.03s, 0 queries (+0 extra) 
2025-11-08 17:52:32,858 1 INFO odoo-boats-db odoo.modules.loading: Modules loaded. 
2025-11-08 17:52:32,862 1 INFO odoo-boats-db odoo.modules.registry: Registry loaded in 0.117s 
2025-11-08 17:52:32,865 1 ERROR odoo-boats-db odoo.http: Exception during request handling. 
Traceback (most recent call last):
  File "/usr/lib/python3/dist-packages/odoo/tools/cache.py", line 99, in lookup
    r = d[key]
  File "<decorator-gen-5>", line 2, in __getitem__
  File "/usr/lib/python3/dist-packages/odoo/tools/func.py", line 87, in locked
    return func(inst, *args, **kwargs)
  File "/usr/lib/python3/dist-packages/odoo/tools/lru.py", line 34, in __getitem__
    a = self.d[obj]
KeyError: ('ir.model.data', <function IrModelData._xmlid_lookup at 0x79c525c51090>, 'boat_masterdata.action_boat_region')

During handling of the above exception, another exception occurred:

Traceback (most recent call last):
  File "/usr/lib/python3/dist-packages/odoo/tools/convert.py", line 564, in _tag_root
    f(rec)
  File "/usr/lib/python3/dist-packages/odoo/tools/convert.py", line 312, in _tag_menuitem
    act = self.env.ref(a_action).sudo()
  File "/usr/lib/python3/dist-packages/odoo/api.py", line 596, in ref
    res_model, res_id = self['ir.model.data']._xmlid_to_res_model_res_id(
  File "/usr/lib/python3/dist-packages/odoo/addons/base/models/ir_model.py", line 2205, in _xmlid_to_res_model_res_id
    return self._xmlid_lookup(xmlid)
  File "<decorator-gen-43>", line 2, in _xmlid_lookup
  File "/usr/lib/python3/dist-packages/odoo/tools/cache.py", line 104, in lookup
    value = d[key] = self.method(*args, **kwargs)
  File "/usr/lib/python3/dist-packages/odoo/addons/base/models/ir_model.py", line 2198, in _xmlid_lookup
    raise ValueError('External ID not found in the system: %s' % xmlid)
ValueError: External ID not found in the system: boat_masterdata.action_boat_region

The above exception was the direct cause of the following exception:

Traceback (most recent call last):
  File "/usr/lib/python3/dist-packages/odoo/http.py", line 2396, in __call__
    response = request._serve_db()
  File "/usr/lib/python3/dist-packages/odoo/http.py", line 1971, in _serve_db
    return service_model.retrying(self._serve_ir_http, self.env)
  File "/usr/lib/python3/dist-packages/odoo/service/model.py", line 152, in retrying
    result = func()
  File "/usr/lib/python3/dist-packages/odoo/http.py", line 1999, in _serve_ir_http
    response = self.dispatcher.dispatch(rule.endpoint, args)
  File "/usr/lib/python3/dist-packages/odoo/http.py", line 2203, in dispatch
    result = self.request.registry['ir.http']._dispatch(endpoint)
  File "/usr/lib/python3/dist-packages/odoo/addons/website/models/ir_http.py", line 235, in _dispatch
    response = super()._dispatch(endpoint)
  File "/usr/lib/python3/dist-packages/odoo/addons/base/models/ir_http.py", line 221, in _dispatch
    result = endpoint(**request.params)
  File "/usr/lib/python3/dist-packages/odoo/http.py", line 786, in route_wrapper
    result = endpoint(self, *args, **params_ok)
  File "/usr/lib/python3/dist-packages/odoo/addons/web/controllers/dataset.py", line 29, in call_button
    action = self._call_kw(model, method, args, kwargs)
  File "/usr/lib/python3/dist-packages/odoo/addons/web/controllers/dataset.py", line 21, in _call_kw
    return call_kw(Model, method, args, kwargs)
  File "/usr/lib/python3/dist-packages/odoo/api.py", line 484, in call_kw
    result = _call_kw_multi(method, model, args, kwargs)
  File "/usr/lib/python3/dist-packages/odoo/api.py", line 469, in _call_kw_multi
    result = method(recs, *args, **kwargs)
  File "<decorator-gen-77>", line 2, in button_immediate_install
  File "/usr/lib/python3/dist-packages/odoo/addons/base/models/ir_module.py", line 75, in check_and_log
    return method(self, *args, **kwargs)
  File "/usr/lib/python3/dist-packages/odoo/addons/base/models/ir_module.py", line 476, in button_immediate_install
    return self._button_immediate_function(self.env.registry[self._name].button_install)
  File "/usr/lib/python3/dist-packages/odoo/addons/base/models/ir_module.py", line 600, in _button_immediate_function
    registry = modules.registry.Registry.new(self._cr.dbname, update_module=True)
  File "<decorator-gen-16>", line 2, in new
  File "/usr/lib/python3/dist-packages/odoo/tools/func.py", line 87, in locked
    return func(inst, *args, **kwargs)
  File "/usr/lib/python3/dist-packages/odoo/modules/registry.py", line 110, in new
    odoo.modules.load_modules(registry, force_demo, status, update_module)
  File "/usr/lib/python3/dist-packages/odoo/modules/loading.py", line 485, in load_modules
    processed_modules += load_marked_modules(env, graph,
  File "/usr/lib/python3/dist-packages/odoo/modules/loading.py", line 366, in load_marked_modules
    loaded, processed = load_module_graph(
  File "/usr/lib/python3/dist-packages/odoo/modules/loading.py", line 229, in load_module_graph
    load_data(env, idref, mode, kind='data', package=package)
  File "/usr/lib/python3/dist-packages/odoo/modules/loading.py", line 73, in load_data
    tools.convert_file(env, package.name, filename, idref, mode, noupdate, kind)
  File "/usr/lib/python3/dist-packages/odoo/tools/convert.py", line 635, in convert_file
    convert_xml_import(env, module, fp, idref, mode, noupdate)
  File "/usr/lib/python3/dist-packages/odoo/tools/convert.py", line 701, in convert_xml_import
    obj.parse(doc.getroot())
  File "/usr/lib/python3/dist-packages/odoo/tools/convert.py", line 621, in parse
    self._tag_root(de)
  File "/usr/lib/python3/dist-packages/odoo/tools/convert.py", line 577, in _tag_root
    raise ParseError('while parsing %s:%s, somewhere inside\n%s' % (
odoo.tools.convert.ParseError: while parsing /mnt/extra-addons/custom/boat_masterdata/views/boat_region_views.xml:39, somewhere inside
<menuitem id="menu_boat_region" name="Regions" parent="menu_boat_root" action="action_boat_region"/>
2025-11-08 17:52:32,866 1 INFO odoo-boats-db werkzeug: 172.19.0.1 - - [08/Nov/2025 17:52:32] "POST /web/dataset/call_button HTTP/1.1" 200 - 1640 0.565 0.597
2025-11-08 17:52:32,896 1 INFO ? werkzeug: 172.19.0.1 - - [08/Nov/2025 17:52:32] "GET /web/static/lib/stacktracejs/stacktrace.js HTTP/1.1" 304 - 0 0.000 0.001
2025-11-08 17:52:32,912 1 INFO odoo-boats-db odoo.addons.base.models.ir_http: Generating routing map for key 1 
2025-11-08 17:52:33,061 1 INFO odoo-boats-db werkzeug: 172.19.0.1 - - [08/Nov/2025 17:52:33] "GET /web/assets/debug/web.assets_web.js HTTP/1.1" 200 - 31 0.061 0.091
2025-11-08 17:52:33,172 1 INFO odoo-boats-db werkzeug: 172.19.0.1 - - [08/Nov/2025 17:52:33] "GET /web/assets/cf6f4fd/web.assets_web.js.map HTTP/1.1" 200 - 4 0.045 0.016
2025-11-08 17:52:39,559 1 INFO odoo-boats-db werkzeug: 127.0.0.1 - - [08/Nov/2025 17:52:39] "GET /web HTTP/1.1" 303 - 3 0.001 0.004
2025-11-08 17:52:49,631 1 INFO odoo-boats-db werkzeug: 127.0.0.1 - - [08/Nov/2025 17:52:49] "GET /web HTTP/1.1" 303 - 1 0.001 0.003
2025-11-08 17:52:59,708 1 INFO odoo-boats-db werkzeug: 127.0.0.1 - - [08/Nov/2025 17:52:59] "GET /web HTTP/1.1" 303 - 1 0.001 0.003
2025-11-08 17:53:09,799 1 INFO odoo-boats-db werkzeug: 127.0.0.1 - - [08/Nov/2025 17:53:09] "GET /web HTTP/1.1" 303 - 1 0.001 0.003
2025-11-08 17:53:19,890 1 INFO odoo-boats-db werkzeug: 127.0.0.1 - - [08/Nov/2025 17:53:19] "GET /web HTTP/1.1" 303 - 1 0.001 0.006
2025-11-08 17:53:29,978 1 INFO odoo-boats-db werkzeug: 127.0.0.1 - - [08/Nov/2025 17:53:29] "GET /web HTTP/1.1" 303 - 1 0.001 0.003
2025-11-08 17:53:40,081 1 INFO odoo-boats-db werkzeug: 127.0.0.1 - - [08/Nov/2025 17:53:40] "GET /web HTTP/1.1" 303 - 1 0.001 0.002
2025-11-08 17:53:50,194 1 INFO odoo-boats-db werkzeug: 127.0.0.1 - - [08/Nov/2025 17:53:50] "GET /web HTTP/1.1" 303 - 1 0.001 0.003
2025-11-08 17:54:00,258 1 INFO odoo-boats-db werkzeug: 127.0.0.1 - - [08/Nov/2025 17:54:00] "GET /web HTTP/1.1" 303 - 1 0.001 0.003
2025-11-08 17:54:10,350 1 INFO odoo-boats-db werkzeug: 127.0.0.1 - - [08/Nov/2025 17:54:10] "GET /web HTTP/1.1" 303 - 1 0.002 0.006
2025-11-08 17:54:20,425 1 INFO odoo-boats-db werkzeug: 127.0.0.1 - - [08/Nov/2025 17:54:20] "GET /web HTTP/1.1" 303 - 1 0.000 0.004
2025-11-08 17:54:30,527 1 INFO odoo-boats-db werkzeug: 127.0.0.1 - - [08/Nov/2025 17:54:30] "GET /web HTTP/1.1" 303 - 1 0.001 0.003
2025-11-08 17:54:40,646 1 INFO odoo-boats-db werkzeug: 127.0.0.1 - - [08/Nov/2025 17:54:40] "GET /web HTTP/1.1" 303 - 1 0.001 0.005
2025-11-08 17:54:50,732 1 INFO odoo-boats-db werkzeug: 127.0.0.1 - - [08/Nov/2025 17:54:50] "GET /web HTTP/1.1" 303 - 1 0.000 0.002
2025-11-08 17:55:00,817 1 INFO odoo-boats-db werkzeug: 127.0.0.1 - - [08/Nov/2025 17:55:00] "GET /web HTTP/1.1" 303 - 1 0.001 0.003
2025-11-08 17:55:05,906 1 INFO odoo-boats-db odoo.service.server: Initiating shutdown 
2025-11-08 17:55:05,907 1 INFO odoo-boats-db odoo.service.server: Hit CTRL-C again or send a second signal to force the shutdown. 
2025-11-08 17:55:06,426 1 INFO odoo-boats-db odoo.sql_db: ConnectionPool(used=0/count=0/max=64): Closed 7 connections  
