2025-11-08 12:48:46,284 1 INFO ? odoo: Odoo version 17.0-20251008 
2025-11-08 12:48:46,284 1 INFO ? odoo: Using configuration file at /etc/odoo/odoo.conf 
2025-11-08 12:48:46,284 1 INFO ? odoo: addons paths: ['/usr/lib/python3/dist-packages/odoo/addons', '/var/lib/odoo/.local/share/Odoo/addons/17.0', '/mnt/extra-addons/custom', '/mnt/extra-addons/third-party'] 
2025-11-08 12:48:46,284 1 INFO ? odoo: database: odoo@odoo-boats-db:5432 
2025-11-08 12:48:46,413 1 INFO ? odoo.addons.base.models.ir_actions_report: Will use the Wkhtmltopdf binary at /usr/local/bin/wkhtmltopdf 
2025-11-08 12:48:46,643 1 INFO ? odoo.service.server: HTTP service (werkzeug) running on d7e91f7569e4:8069 
2025-11-08 12:48:46,680 1 INFO odoo-boats-db odoo.modules.loading: loading 1 modules... 
2025-11-08 12:48:46,684 1 INFO odoo-boats-db odoo.modules.loading: 1 modules loaded in 0.00s, 0 queries (+0 extra) 
2025-11-08 12:48:46,738 1 INFO odoo-boats-db odoo.modules.loading: loading 61 modules... 
2025-11-08 12:48:47,618 1 INFO odoo-boats-db odoo.modules.loading: 61 modules loaded in 0.88s, 0 queries (+0 extra) 
2025-11-08 12:48:47,727 1 INFO odoo-boats-db odoo.modules.loading: Modules loaded. 
2025-11-08 12:48:47,734 1 INFO odoo-boats-db odoo.modules.registry: Registry loaded in 1.091s 
2025-11-08 12:48:49,536 1 INFO odoo-boats-db odoo.addons.base.models.ir_http: Generating routing map for key 1 
2025-11-08 12:48:49,629 1 INFO odoo-boats-db werkzeug: 172.19.0.1 - - [08/Nov/2025 12:48:49] "GET /websocket?version=17.0-1 HTTP/1.1" 101 - 11 0.064 0.051
2025-11-08 12:48:50,011 1 INFO ? odoo.addons.bus.models.bus: Bus.loop listen imbus on db postgres 
2025-11-08 12:48:53,120 1 ERROR odoo-boats-db odoo.addons.base.models.ir_model: Missing model boat.taxonomy.category 
2025-11-08 12:48:53,120 1 ERROR odoo-boats-db odoo.addons.base.models.ir_model: Missing model boat.boat 
2025-11-08 12:48:53,120 1 ERROR odoo-boats-db odoo.addons.base.models.ir_model: Missing model boat.location 
2025-11-08 12:48:53,121 1 ERROR odoo-boats-db odoo.addons.base.models.ir_model: Missing model boat.boat 
2025-11-08 12:48:53,121 1 ERROR odoo-boats-db odoo.addons.base.models.ir_model: Missing model boat.taxonomy 
2025-11-08 12:48:53,121 1 ERROR odoo-boats-db odoo.addons.base.models.ir_model: Missing model boat.category 
2025-11-08 12:48:53,121 1 ERROR odoo-boats-db odoo.addons.base.models.ir_model: Missing model boat.amenity 
2025-11-08 12:48:53,528 1 INFO odoo-boats-db werkzeug: 172.19.0.1 - - [08/Nov/2025 12:48:53] "GET /web HTTP/1.1" 200 - 73 0.119 0.326
2025-11-08 12:48:53,809 1 INFO odoo-boats-db werkzeug: 172.19.0.1 - - [08/Nov/2025 12:48:53] "GET /bus/websocket_worker_bundle?v=17.0-1 HTTP/1.1" 304 - 5 0.014 0.011
2025-11-08 12:48:53,904 1 INFO odoo-boats-db werkzeug: 172.19.0.1 - - [08/Nov/2025 12:48:53] "GET /web/image?model=res.users&field=avatar_128&id=2 HTTP/1.1" 304 - 8 0.024 0.022
2025-11-08 12:48:53,927 1 INFO odoo-boats-db werkzeug: 172.19.0.1 - - [08/Nov/2025 12:48:53] "GET /websocket?version=17.0-1 HTTP/1.1" 101 - 1 0.004 0.050
2025-11-08 12:48:53,942 1 INFO odoo-boats-db werkzeug: 172.19.0.1 - - [08/Nov/2025 12:48:53] "GET /web/manifest.webmanifest HTTP/1.1" 200 - 9 0.033 0.044
2025-11-08 12:48:53,982 1 INFO odoo-boats-db werkzeug: 172.19.0.1 - - [08/Nov/2025 12:48:53] "POST /mail/init_messaging HTTP/1.1" 200 - 56 0.128 0.058
2025-11-08 12:48:54,026 1 INFO odoo-boats-db werkzeug: 172.19.0.1 - - [08/Nov/2025 12:48:54] "POST /mail/load_message_failures HTTP/1.1" 200 - 13 0.018 0.015
2025-11-08 12:48:54,691 1 INFO odoo-boats-db werkzeug: 172.19.0.1 - - [08/Nov/2025 12:48:54] "POST /web/action/load HTTP/1.1" 200 - 9 0.013 0.900
2025-11-08 12:48:54,726 1 INFO odoo-boats-db werkzeug: 172.19.0.1 - - [08/Nov/2025 12:48:54] "POST /web/dataset/call_kw/res.users/systray_get_activities HTTP/1.1" 200 - 20 0.042 0.848
2025-11-08 12:48:54,769 1 INFO odoo-boats-db werkzeug: 172.19.0.1 - - [08/Nov/2025 12:48:54] "POST /web/dataset/call_kw/ir.module.module/get_views HTTP/1.1" 200 - 47 0.032 0.030
2025-11-08 12:48:54,790 1 INFO odoo-boats-db werkzeug: 172.19.0.1 - - [08/Nov/2025 12:48:54] "POST /web/dataset/call_kw/ir.module.module/search_panel_select_range HTTP/1.1" 200 - 1 0.001 0.004
2025-11-08 12:48:54,836 1 INFO odoo-boats-db werkzeug: 172.19.0.1 - - [08/Nov/2025 12:48:54] "POST /web/dataset/call_kw/ir.module.module/search_panel_select_range HTTP/1.1" 200 - 40 0.031 0.018
2025-11-08 12:48:54,850 1 INFO odoo-boats-db werkzeug: 172.19.0.1 - - [08/Nov/2025 12:48:54] "POST /web/dataset/call_kw/ir.module.module/web_search_read HTTP/1.1" 200 - 4 0.007 0.052
2025-11-08 12:48:55,467 1 INFO odoo-boats-db werkzeug: 127.0.0.1 - - [08/Nov/2025 12:48:55] "GET /web HTTP/1.1" 303 - 3 0.002 0.005
2025-11-08 12:48:55,598 1 INFO odoo-boats-db werkzeug: 172.19.0.1 - - [08/Nov/2025 12:48:55] "GET /web/service-worker.js HTTP/1.1" 200 - 1 0.001 0.008
2025-11-08 12:48:56,510 1 INFO odoo-boats-db werkzeug: 172.19.0.1 - - [08/Nov/2025 12:48:56] "POST /web/action/load HTTP/1.1" 200 - 8 0.005 0.009
2025-11-08 12:48:56,536 1 INFO odoo-boats-db werkzeug: 172.19.0.1 - - [08/Nov/2025 12:48:56] "POST /web/dataset/call_kw/base.module.update/get_views HTTP/1.1" 200 - 9 0.005 0.007
2025-11-08 12:48:56,552 1 INFO odoo-boats-db werkzeug: 172.19.0.1 - - [08/Nov/2025 12:48:56] "POST /web/dataset/call_kw/base.module.update/onchange HTTP/1.1" 200 - 2 0.001 0.003
2025-11-08 12:48:58,962 1 INFO odoo-boats-db werkzeug: 172.19.0.1 - - [08/Nov/2025 12:48:58] "POST /web/dataset/call_kw/base.module.update/web_save HTTP/1.1" 200 - 5 0.006 0.007
2025-11-08 12:48:58,981 1 INFO odoo-boats-db odoo.addons.base.models.ir_module: ALLOW access to module.update_list on [] to user admin #2 via 172.19.0.1 
2025-11-08 12:48:59,791 1 INFO odoo-boats-db odoo.modules.registry: Caches invalidated, signaling through the database: ['templates'] 
2025-11-08 12:48:59,792 1 INFO odoo-boats-db werkzeug: 172.19.0.1 - - [08/Nov/2025 12:48:59] "POST /web/dataset/call_button HTTP/1.1" 200 - 1710 0.478 0.339
2025-11-08 12:49:03,333 1 INFO odoo-boats-db werkzeug: 172.19.0.1 - - [08/Nov/2025 12:49:03] "POST /web/dataset/call_kw/ir.module.module/search_panel_select_range HTTP/1.1" 200 - 38 0.023 0.017
2025-11-08 12:49:03,367 1 INFO odoo-boats-db werkzeug: 172.19.0.1 - - [08/Nov/2025 12:49:03] "POST /web/dataset/call_kw/ir.module.module/web_search_read HTTP/1.1" 200 - 4 0.006 0.016
2025-11-08 12:49:04,863 1 INFO odoo-boats-db werkzeug: 172.19.0.1 - - [08/Nov/2025 12:49:04] "POST /web/dataset/call_kw/ir.module.module/search_panel_select_range HTTP/1.1" 200 - 38 0.032 0.025
2025-11-08 12:49:04,881 1 INFO odoo-boats-db werkzeug: 172.19.0.1 - - [08/Nov/2025 12:49:04] "POST /web/dataset/call_kw/ir.module.module/web_search_read HTTP/1.1" 200 - 3 0.003 0.005
2025-11-08 12:49:05,554 1 INFO odoo-boats-db werkzeug: 127.0.0.1 - - [08/Nov/2025 12:49:05] "GET /web HTTP/1.1" 303 - 1 0.000 0.003
2025-11-08 12:49:06,577 1 INFO odoo-boats-db odoo.addons.base.models.ir_module: ALLOW access to module.button_immediate_install on ['Houseboat Aggregation Platform'] to user admin #2 via 172.19.0.1 
2025-11-08 12:49:06,577 1 INFO odoo-boats-db odoo.addons.base.models.ir_module: User #2 triggered module installation 
2025-11-08 12:49:06,580 1 INFO odoo-boats-db odoo.addons.base.models.ir_module: ALLOW access to module.button_install on ['Houseboat Aggregation Platform'] to user admin #2 via 172.19.0.1 
2025-11-08 12:49:06,631 1 INFO odoo-boats-db odoo.modules.loading: loading 1 modules... 
2025-11-08 12:49:06,636 1 INFO odoo-boats-db odoo.modules.loading: 1 modules loaded in 0.00s, 0 queries (+0 extra) 
2025-11-08 12:49:06,650 1 INFO odoo-boats-db odoo.modules.loading: updating modules list 
2025-11-08 12:49:06,651 1 INFO odoo-boats-db odoo.addons.base.models.ir_module: ALLOW access to module.update_list on [] to user __system__ #1 via 172.19.0.1 
2025-11-08 12:49:07,234 1 INFO odoo-boats-db odoo.modules.loading: loading 61 modules... 
2025-11-08 12:49:07,266 1 INFO odoo-boats-db odoo.modules.loading: 61 modules loaded in 0.03s, 0 queries (+0 extra) 
2025-11-08 12:49:07,267 1 INFO odoo-boats-db odoo.modules.loading: loading 62 modules... 
2025-11-08 12:49:07,268 1 INFO odoo-boats-db odoo.modules.loading: Loading module boats_module (56/62) 
2025-11-08 12:49:07,269 1 WARNING odoo-boats-db odoo.api.create: The model odoo.addons.boats_module.models.res_users is not overriding the create method in batch 
2025-11-08 12:49:07,272 1 WARNING odoo-boats-db odoo.api.create: The model odoo.addons.boats_module.models.booking is not overriding the create method in batch 
2025-11-08 12:49:07,342 1 WARNING odoo-boats-db odoo.modules.loading: Transient module states were reset 
2025-11-08 12:49:07,343 1 ERROR odoo-boats-db odoo.modules.registry: Failed to load registry 
Traceback (most recent call last):
  File "/usr/lib/python3/dist-packages/odoo/modules/registry.py", line 110, in new
    odoo.modules.load_modules(registry, force_demo, status, update_module)
  File "/usr/lib/python3/dist-packages/odoo/modules/loading.py", line 485, in load_modules
    processed_modules += load_marked_modules(env, graph,
  File "/usr/lib/python3/dist-packages/odoo/modules/loading.py", line 366, in load_marked_modules
    loaded, processed = load_module_graph(
  File "/usr/lib/python3/dist-packages/odoo/modules/loading.py", line 206, in load_module_graph
    registry.setup_models(env.cr)
  File "<decorator-gen-19>", line 2, in setup_models
  File "/usr/lib/python3/dist-packages/odoo/tools/func.py", line 87, in locked
    return func(inst, *args, **kwargs)
  File "/usr/lib/python3/dist-packages/odoo/modules/registry.py", line 319, in setup_models
    model._setup_fields()
  File "/usr/lib/python3/dist-packages/odoo/models.py", line 3420, in _setup_fields
    field.setup(self)
  File "/usr/lib/python3/dist-packages/odoo/fields.py", line 531, in setup
    self.setup_related(model)
  File "/usr/lib/python3/dist-packages/odoo/fields.py", line 606, in setup_related
    raise KeyError(
KeyError: 'Field activity_type_id referenced in related field definition boat.listing.activity_type_id does not exist.'
2025-11-08 12:49:07,352 1 INFO odoo-boats-db odoo.modules.loading: loading 1 modules... 
2025-11-08 12:49:07,416 1 INFO odoo-boats-db odoo.modules.loading: 1 modules loaded in 0.06s, 0 queries (+0 extra) 
2025-11-08 12:49:07,420 1 INFO odoo-boats-db odoo.modules.loading: loading 61 modules... 
2025-11-08 12:49:07,446 1 INFO odoo-boats-db odoo.modules.loading: 61 modules loaded in 0.03s, 0 queries (+0 extra) 
2025-11-08 12:49:07,522 1 INFO odoo-boats-db odoo.modules.loading: Modules loaded. 
2025-11-08 12:49:07,526 1 INFO odoo-boats-db odoo.modules.registry: Registry loaded in 0.176s 
2025-11-08 12:49:07,533 1 ERROR odoo-boats-db odoo.http: Exception during request handling. 
Traceback (most recent call last):
  File "/usr/lib/python3/dist-packages/odoo/http.py", line 2396, in __call__
    response = request._serve_db()
  File "/usr/lib/python3/dist-packages/odoo/http.py", line 1971, in _serve_db
    return service_model.retrying(self._serve_ir_http, self.env)
  File "/usr/lib/python3/dist-packages/odoo/service/model.py", line 152, in retrying
    result = func()
  File "/usr/lib/python3/dist-packages/odoo/http.py", line 1999, in _serve_ir_http
    response = self.dispatcher.dispatch(rule.endpoint, args)
  File "/usr/lib/python3/dist-packages/odoo/http.py", line 2203, in dispatch
    result = self.request.registry['ir.http']._dispatch(endpoint)
  File "/usr/lib/python3/dist-packages/odoo/addons/website/models/ir_http.py", line 235, in _dispatch
    response = super()._dispatch(endpoint)
  File "/usr/lib/python3/dist-packages/odoo/addons/base/models/ir_http.py", line 221, in _dispatch
    result = endpoint(**request.params)
  File "/usr/lib/python3/dist-packages/odoo/http.py", line 786, in route_wrapper
    result = endpoint(self, *args, **params_ok)
  File "/usr/lib/python3/dist-packages/odoo/addons/web/controllers/dataset.py", line 29, in call_button
    action = self._call_kw(model, method, args, kwargs)
  File "/usr/lib/python3/dist-packages/odoo/addons/web/controllers/dataset.py", line 21, in _call_kw
    return call_kw(Model, method, args, kwargs)
  File "/usr/lib/python3/dist-packages/odoo/api.py", line 484, in call_kw
    result = _call_kw_multi(method, model, args, kwargs)
  File "/usr/lib/python3/dist-packages/odoo/api.py", line 469, in _call_kw_multi
    result = method(recs, *args, **kwargs)
  File "<decorator-gen-77>", line 2, in button_immediate_install
  File "/usr/lib/python3/dist-packages/odoo/addons/base/models/ir_module.py", line 75, in check_and_log
    return method(self, *args, **kwargs)
  File "/usr/lib/python3/dist-packages/odoo/addons/base/models/ir_module.py", line 476, in button_immediate_install
    return self._button_immediate_function(self.env.registry[self._name].button_install)
  File "/usr/lib/python3/dist-packages/odoo/addons/base/models/ir_module.py", line 600, in _button_immediate_function
    registry = modules.registry.Registry.new(self._cr.dbname, update_module=True)
  File "<decorator-gen-16>", line 2, in new
  File "/usr/lib/python3/dist-packages/odoo/tools/func.py", line 87, in locked
    return func(inst, *args, **kwargs)
  File "/usr/lib/python3/dist-packages/odoo/modules/registry.py", line 110, in new
    odoo.modules.load_modules(registry, force_demo, status, update_module)
  File "/usr/lib/python3/dist-packages/odoo/modules/loading.py", line 485, in load_modules
    processed_modules += load_marked_modules(env, graph,
  File "/usr/lib/python3/dist-packages/odoo/modules/loading.py", line 366, in load_marked_modules
    loaded, processed = load_module_graph(
  File "/usr/lib/python3/dist-packages/odoo/modules/loading.py", line 206, in load_module_graph
    registry.setup_models(env.cr)
  File "<decorator-gen-19>", line 2, in setup_models
  File "/usr/lib/python3/dist-packages/odoo/tools/func.py", line 87, in locked
    return func(inst, *args, **kwargs)
  File "/usr/lib/python3/dist-packages/odoo/modules/registry.py", line 319, in setup_models
    model._setup_fields()
  File "/usr/lib/python3/dist-packages/odoo/models.py", line 3420, in _setup_fields
    field.setup(self)
  File "/usr/lib/python3/dist-packages/odoo/fields.py", line 531, in setup
    self.setup_related(model)
  File "/usr/lib/python3/dist-packages/odoo/fields.py", line 606, in setup_related
    raise KeyError(
KeyError: 'Field activity_type_id referenced in related field definition boat.listing.activity_type_id does not exist.'
2025-11-08 12:49:07,533 1 INFO odoo-boats-db werkzeug: 172.19.0.1 - - [08/Nov/2025 12:49:07] "POST /web/dataset/call_button HTTP/1.1" 200 - 1527 0.418 0.558
2025-11-08 12:49:15,640 1 INFO odoo-boats-db odoo.addons.base.models.ir_http: Generating routing map for key 1 
2025-11-08 12:49:15,657 1 INFO odoo-boats-db werkzeug: 127.0.0.1 - - [08/Nov/2025 12:49:15] "GET /web HTTP/1.1" 303 - 8 0.003 0.017
2025-11-08 12:49:25,748 1 INFO odoo-boats-db werkzeug: 127.0.0.1 - - [08/Nov/2025 12:49:25] "GET /web HTTP/1.1" 303 - 1 0.000 0.002
2025-11-08 12:49:35,875 1 INFO odoo-boats-db werkzeug: 127.0.0.1 - - [08/Nov/2025 12:49:35] "GET /web HTTP/1.1" 303 - 1 0.001 0.003
2025-11-08 12:49:45,979 1 INFO odoo-boats-db werkzeug: 127.0.0.1 - - [08/Nov/2025 12:49:45] "GET /web HTTP/1.1" 303 - 1 0.001 0.004
2025-11-08 12:49:56,058 1 INFO odoo-boats-db werkzeug: 127.0.0.1 - - [08/Nov/2025 12:49:56] "GET /web HTTP/1.1" 303 - 1 0.001 0.003
2025-11-08 12:50:06,132 1 INFO odoo-boats-db werkzeug: 127.0.0.1 - - [08/Nov/2025 12:50:06] "GET /web HTTP/1.1" 303 - 1 0.001 0.003
2025-11-08 12:50:16,229 1 INFO odoo-boats-db werkzeug: 127.0.0.1 - - [08/Nov/2025 12:50:16] "GET /web HTTP/1.1" 303 - 1 0.000 0.003
2025-11-08 12:50:26,301 1 INFO odoo-boats-db werkzeug: 127.0.0.1 - - [08/Nov/2025 12:50:26] "GET /web HTTP/1.1" 303 - 1 0.000 0.003
2025-11-08 12:50:36,394 1 INFO odoo-boats-db werkzeug: 127.0.0.1 - - [08/Nov/2025 12:50:36] "GET /web HTTP/1.1" 303 - 1 0.001 0.002
2025-11-08 12:50:46,464 1 INFO odoo-boats-db werkzeug: 127.0.0.1 - - [08/Nov/2025 12:50:46] "GET /web HTTP/1.1" 303 - 1 0.001 0.004
2025-11-08 12:50:56,538 1 INFO odoo-boats-db werkzeug: 127.0.0.1 - - [08/Nov/2025 12:50:56] "GET /web HTTP/1.1" 303 - 1 0.001 0.004
2025-11-08 12:51:06,609 1 INFO odoo-boats-db werkzeug: 127.0.0.1 - - [08/Nov/2025 12:51:06] "GET /web HTTP/1.1" 303 - 1 0.001 0.004
2025-11-08 12:51:16,692 1 INFO odoo-boats-db werkzeug: 127.0.0.1 - - [08/Nov/2025 12:51:16] "GET /web HTTP/1.1" 303 - 1 0.001 0.003
2025-11-08 12:51:26,763 1 INFO odoo-boats-db werkzeug: 127.0.0.1 - - [08/Nov/2025 12:51:26] "GET /web HTTP/1.1" 303 - 1 0.000 0.002
2025-11-08 12:51:36,854 1 INFO odoo-boats-db werkzeug: 127.0.0.1 - - [08/Nov/2025 12:51:36] "GET /web HTTP/1.1" 303 - 1 0.000 0.003
2025-11-08 12:51:46,942 1 INFO odoo-boats-db werkzeug: 127.0.0.1 - - [08/Nov/2025 12:51:46] "GET /web HTTP/1.1" 303 - 1 0.000 0.002
2025-11-08 12:51:47,972 1 INFO odoo-boats-db odoo.addons.base.models.ir_cron: Starting job `Mail: Fetchmail Service`. 
2025-11-08 12:51:47,989 1 INFO odoo-boats-db odoo.addons.mail.models.fetchmail: start checking for new emails on imap server mail.yayboat.com 
2025-11-08 12:51:48,316 1 INFO odoo-boats-db odoo.addons.mail.models.fetchmail: Fetched 0 email(s) on imap server mail.yayboat.com; 0 succeeded, 0 failed. 
2025-11-08 12:51:48,377 1 INFO odoo-boats-db odoo.addons.base.models.ir_cron: Job done: `Mail: Fetchmail Service` (0.405s). 
2025-11-08 12:51:57,027 1 INFO odoo-boats-db werkzeug: 127.0.0.1 - - [08/Nov/2025 12:51:57] "GET /web HTTP/1.1" 303 - 1 0.001 0.002
2025-11-08 12:52:07,096 1 INFO odoo-boats-db werkzeug: 127.0.0.1 - - [08/Nov/2025 12:52:07] "GET /web HTTP/1.1" 303 - 1 0.000 0.002
2025-11-08 12:52:17,208 1 INFO odoo-boats-db werkzeug: 127.0.0.1 - - [08/Nov/2025 12:52:17] "GET /web HTTP/1.1" 303 - 1 0.001 0.003
2025-11-08 12:52:27,278 1 INFO odoo-boats-db werkzeug: 127.0.0.1 - - [08/Nov/2025 12:52:27] "GET /web HTTP/1.1" 303 - 1 0.000 0.005
2025-11-08 12:52:37,332 1 INFO odoo-boats-db werkzeug: 127.0.0.1 - - [08/Nov/2025 12:52:37] "GET /web HTTP/1.1" 303 - 1 0.000 0.002
2025-11-08 12:52:47,397 1 INFO odoo-boats-db werkzeug: 127.0.0.1 - - [08/Nov/2025 12:52:47] "GET /web HTTP/1.1" 303 - 1 0.000 0.002
2025-11-08 12:52:57,473 1 INFO odoo-boats-db werkzeug: 127.0.0.1 - - [08/Nov/2025 12:52:57] "GET /web HTTP/1.1" 303 - 1 0.001 0.003
2025-11-08 12:53:07,570 1 INFO odoo-boats-db werkzeug: 127.0.0.1 - - [08/Nov/2025 12:53:07] "GET /web HTTP/1.1" 303 - 1 0.001 0.004
2025-11-08 12:53:17,698 1 INFO odoo-boats-db werkzeug: 127.0.0.1 - - [08/Nov/2025 12:53:17] "GET /web HTTP/1.1" 303 - 1 0.001 0.005
2025-11-08 12:53:27,773 1 INFO odoo-boats-db werkzeug: 127.0.0.1 - - [08/Nov/2025 12:53:27] "GET /web HTTP/1.1" 303 - 1 0.001 0.003
2025-11-08 12:53:37,860 1 INFO odoo-boats-db werkzeug: 127.0.0.1 - - [08/Nov/2025 12:53:37] "GET /web HTTP/1.1" 303 - 1 0.000 0.003
2025-11-08 12:53:47,964 1 INFO odoo-boats-db werkzeug: 127.0.0.1 - - [08/Nov/2025 12:53:47] "GET /web HTTP/1.1" 303 - 1 0.000 0.002
2025-11-08 12:53:58,024 1 INFO odoo-boats-db werkzeug: 127.0.0.1 - - [08/Nov/2025 12:53:58] "GET /web HTTP/1.1" 303 - 1 0.000 0.003
2025-11-08 12:54:08,113 1 INFO odoo-boats-db werkzeug: 127.0.0.1 - - [08/Nov/2025 12:54:08] "GET /web HTTP/1.1" 303 - 1 0.001 0.003
2025-11-08 12:54:18,207 1 INFO odoo-boats-db werkzeug: 127.0.0.1 - - [08/Nov/2025 12:54:18] "GET /web HTTP/1.1" 303 - 1 0.001 0.004
2025-11-08 12:54:28,291 1 INFO odoo-boats-db werkzeug: 127.0.0.1 - - [08/Nov/2025 12:54:28] "GET /web HTTP/1.1" 303 - 1 0.001 0.003
2025-11-08 12:54:38,375 1 INFO odoo-boats-db werkzeug: 127.0.0.1 - - [08/Nov/2025 12:54:38] "GET /web HTTP/1.1" 303 - 1 0.001 0.003
2025-11-08 12:54:48,450 1 INFO odoo-boats-db werkzeug: 127.0.0.1 - - [08/Nov/2025 12:54:48] "GET /web HTTP/1.1" 303 - 1 0.000 0.003
2025-11-08 12:54:55,372 1 INFO odoo-boats-db odoo.service.server: Initiating shutdown 
2025-11-08 12:54:55,372 1 INFO odoo-boats-db odoo.service.server: Hit CTRL-C again or send a second signal to force the shutdown. 
2025-11-08 12:54:55,381 1 ERROR ? odoo.addons.bus.models.bus: Bus.loop error, sleep and retry 
Traceback (most recent call last):
  File "/usr/lib/python3/dist-packages/odoo/addons/bus/models/bus.py", line 254, in run
    self.loop()
  File "/usr/lib/python3/dist-packages/odoo/addons/bus/models/bus.py", line 239, in loop
    conn.poll()
psycopg2.OperationalError: server closed the connection unexpectedly
	This probably means the server terminated abnormally
	before or while processing the request.

2025-11-08 12:54:55,387 1 INFO odoo-boats-db odoo.sql_db: Connection to the database failed 
2025-11-08 12:54:55,387 1 WARNING odoo-boats-db odoo.addons.base.models.ir_cron: Exception in cron: 
Traceback (most recent call last):
  File "/usr/lib/python3/dist-packages/odoo/addons/base/models/ir_cron.py", line 119, in _process_jobs
    with db.cursor() as cron_cr:
  File "/usr/lib/python3/dist-packages/odoo/sql_db.py", line 767, in cursor
    return Cursor(self.__pool, self.__dbname, self.__dsn)
  File "/usr/lib/python3/dist-packages/odoo/sql_db.py", line 267, in __init__
    self._cnx = pool.borrow(dsn)
  File "<decorator-gen-13>", line 2, in borrow
  File "/usr/lib/python3/dist-packages/odoo/tools/func.py", line 87, in locked
    return func(inst, *args, **kwargs)
  File "/usr/lib/python3/dist-packages/odoo/sql_db.py", line 695, in borrow
    result = psycopg2.connect(
  File "/usr/lib/python3/dist-packages/psycopg2/__init__.py", line 122, in connect
    conn = _connect(dsn, connection_factory=connection_factory, **kwasync)
psycopg2.OperationalError: connection to server at "odoo-boats-db" (172.19.0.2), port 5432 failed: FATAL:  the database system is shutting down

2025-11-08 12:54:55,393 1 INFO odoo-boats-db odoo.sql_db: Connection to the database failed 
2025-11-08 12:54:55,394 1 WARNING odoo-boats-db odoo.addons.base.models.ir_cron: Exception in cron: 
Traceback (most recent call last):
  File "/usr/lib/python3/dist-packages/odoo/addons/base/models/ir_cron.py", line 119, in _process_jobs
    with db.cursor() as cron_cr:
  File "/usr/lib/python3/dist-packages/odoo/sql_db.py", line 767, in cursor
    return Cursor(self.__pool, self.__dbname, self.__dsn)
  File "/usr/lib/python3/dist-packages/odoo/sql_db.py", line 267, in __init__
    self._cnx = pool.borrow(dsn)
  File "<decorator-gen-13>", line 2, in borrow
  File "/usr/lib/python3/dist-packages/odoo/tools/func.py", line 87, in locked
    return func(inst, *args, **kwargs)
  File "/usr/lib/python3/dist-packages/odoo/sql_db.py", line 695, in borrow
    result = psycopg2.connect(
  File "/usr/lib/python3/dist-packages/psycopg2/__init__.py", line 122, in connect
    conn = _connect(dsn, connection_factory=connection_factory, **kwasync)
psycopg2.OperationalError: connection to server at "odoo-boats-db" (172.19.0.2), port 5432 failed: FATAL:  the database system is shutting down

2025-11-08 12:54:55,464 1 INFO odoo-boats-db odoo.sql_db: Connection to the database failed 
2025-11-08 12:54:55,466 1 INFO odoo-boats-db odoo.sql_db: Connection to the database failed 
2025-11-08 12:54:55,537 1 ERROR odoo-boats-db werkzeug: Error on request:
Traceback (most recent call last):
  File "/usr/lib/python3/dist-packages/odoo/addons/bus/websocket.py", line 317, in get_messages
    message = self._process_next_message()
  File "/usr/lib/python3/dist-packages/odoo/addons/bus/websocket.py", line 463, in _process_next_message
    self._handle_control_frame(frame)
  File "/usr/lib/python3/dist-packages/odoo/addons/bus/websocket.py", line 601, in _handle_control_frame
    self._terminate()
  File "/usr/lib/python3/dist-packages/odoo/addons/bus/websocket.py", line 582, in _terminate
    with acquire_cursor(self._db) as cr:
  File "/usr/lib/python3/dist-packages/odoo/addons/bus/websocket.py", line 46, in acquire_cursor
    return odoo.registry(db).cursor()
  File "/usr/lib/python3/dist-packages/odoo/modules/registry.py", line 946, in cursor
    return self._db.cursor()
  File "/usr/lib/python3/dist-packages/odoo/sql_db.py", line 767, in cursor
    return Cursor(self.__pool, self.__dbname, self.__dsn)
  File "/usr/lib/python3/dist-packages/odoo/sql_db.py", line 267, in __init__
    self._cnx = pool.borrow(dsn)
  File "<decorator-gen-13>", line 2, in borrow
    
  File "/usr/lib/python3/dist-packages/odoo/tools/func.py", line 87, in locked
    return func(inst, *args, **kwargs)
  File "/usr/lib/python3/dist-packages/odoo/sql_db.py", line 695, in borrow
    result = psycopg2.connect(
  File "/usr/lib/python3/dist-packages/psycopg2/__init__.py", line 122, in connect
    conn = _connect(dsn, connection_factory=connection_factory, **kwasync)
psycopg2.OperationalError: connection to server at "odoo-boats-db" (172.19.0.2), port 5432 failed: Connection refused
	Is the server running on that host and accepting TCP/IP connections?

During handling of the above exception, another exception occurred:

Traceback (most recent call last):
  File "/usr/lib/python3/dist-packages/werkzeug/serving.py", line 319, in run_wsgi
    execute(self.server.app)
  File "/usr/lib/python3/dist-packages/werkzeug/serving.py", line 316, in execute
    application_iter.close()  # type: ignore
  File "/usr/lib/python3/dist-packages/werkzeug/wsgi.py", line 466, in close
    callback()
  File "/usr/lib/python3/dist-packages/werkzeug/wrappers/response.py", line 439, in close
    func()
  File "/usr/lib/python3/dist-packages/odoo/addons/bus/websocket.py", line 906, in <lambda>
    response.call_on_close(lambda: cls._serve_forever(
  File "/usr/lib/python3/dist-packages/odoo/addons/bus/websocket.py", line 1012, in _serve_forever
    for message in websocket.get_messages():
  File "/usr/lib/python3/dist-packages/odoo/addons/bus/websocket.py", line 321, in get_messages
    self._handle_transport_error(exc)
  File "/usr/lib/python3/dist-packages/odoo/addons/bus/websocket.py", line 626, in _handle_transport_error
    registry = registry.check_signaling()
  File "/usr/lib/python3/dist-packages/odoo/modules/registry.py", line 837, in check_signaling
    with closing(self.cursor()) as cr:
  File "/usr/lib/python3/dist-packages/odoo/modules/registry.py", line 946, in cursor
    return self._db.cursor()
  File "/usr/lib/python3/dist-packages/odoo/sql_db.py", line 767, in cursor
    return Cursor(self.__pool, self.__dbname, self.__dsn)
  File "/usr/lib/python3/dist-packages/odoo/sql_db.py", line 267, in __init__
    self._cnx = pool.borrow(dsn)
  File "<decorator-gen-13>", line 2, in borrow
    
  File "/usr/lib/python3/dist-packages/odoo/tools/func.py", line 87, in locked
    return func(inst, *args, **kwargs)
  File "/usr/lib/python3/dist-packages/odoo/sql_db.py", line 695, in borrow
    result = psycopg2.connect(
  File "/usr/lib/python3/dist-packages/psycopg2/__init__.py", line 122, in connect
    conn = _connect(dsn, connection_factory=connection_factory, **kwasync)
psycopg2.OperationalError: connection to server at "odoo-boats-db" (172.19.0.2), port 5432 failed: Connection refused
	Is the server running on that host and accepting TCP/IP connections? - - -
