2025-11-09 02:26:20,084 1 INFO ? odoo: Odoo version 17.0-20251008 
2025-11-09 02:26:20,085 1 INFO ? odoo: Using configuration file at /etc/odoo/odoo.conf 
2025-11-09 02:26:20,085 1 INFO ? odoo: addons paths: ['/usr/lib/python3/dist-packages/odoo/addons', '/var/lib/odoo/.local/share/Odoo/addons/17.0', '/mnt/extra-addons/custom', '/mnt/extra-addons/third-party'] 
2025-11-09 02:26:20,085 1 INFO ? odoo: database: odoo@odoo-boats-db:5432 
2025-11-09 02:26:20,267 1 INFO ? odoo.addons.base.models.ir_actions_report: Will use the Wkhtmltopdf binary at /usr/local/bin/wkhtmltopdf 
2025-11-09 02:26:20,519 1 INFO ? odoo.service.server: HTTP service (werkzeug) running on b3cc6851ebdb:8069 
2025-11-09 02:26:20,588 1 INFO odoo-boats-db odoo.modules.loading: loading 1 modules... 
2025-11-09 02:26:20,592 1 INFO odoo-boats-db odoo.modules.loading: 1 modules loaded in 0.00s, 0 queries (+0 extra) 
2025-11-09 02:26:20,641 1 INFO odoo-boats-db odoo.modules.loading: loading 64 modules... 
2025-11-09 02:26:21,832 1 INFO odoo-boats-db odoo.modules.loading: 64 modules loaded in 1.19s, 0 queries (+0 extra) 
2025-11-09 02:26:21,918 1 INFO odoo-boats-db odoo.modules.loading: Modules loaded. 
2025-11-09 02:26:21,927 1 INFO odoo-boats-db odoo.modules.registry: Registry loaded in 1.408s 
2025-11-09 02:26:29,283 1 INFO odoo-boats-db odoo.addons.base.models.ir_http: Generating routing map for key 1 
2025-11-09 02:26:29,330 1 INFO odoo-boats-db werkzeug: 127.0.0.1 - - [09/Nov/2025 02:26:29] "GET /web HTTP/1.1" 303 - 8 0.030 0.044
2025-11-09 02:26:39,438 1 INFO odoo-boats-db werkzeug: 127.0.0.1 - - [09/Nov/2025 02:26:39] "GET /web HTTP/1.1" 303 - 1 0.000 0.002
2025-11-09 02:26:44,372 1 INFO odoo-boats-db werkzeug: 172.19.0.1 - - [09/Nov/2025 02:26:44] "POST /web/action/load HTTP/1.1" 200 - 17 0.018 0.170
2025-11-09 02:26:44,478 1 INFO odoo-boats-db werkzeug: 172.19.0.1 - - [09/Nov/2025 02:26:44] "POST /web/dataset/call_kw/ir.module.module/get_views HTTP/1.1" 200 - 52 0.053 0.040
2025-11-09 02:26:44,519 1 INFO odoo-boats-db werkzeug: 172.19.0.1 - - [09/Nov/2025 02:26:44] "POST /web/dataset/call_kw/ir.module.module/search_panel_select_range HTTP/1.1" 200 - 1 0.004 0.022
2025-11-09 02:26:44,554 1 INFO odoo-boats-db werkzeug: 172.19.0.1 - - [09/Nov/2025 02:26:44] "POST /web/dataset/call_kw/ir.module.module/search_panel_select_range HTTP/1.1" 200 - 40 0.023 0.032
2025-11-09 02:26:44,572 1 INFO odoo-boats-db werkzeug: 172.19.0.1 - - [09/Nov/2025 02:26:44] "POST /web/dataset/call_kw/ir.module.module/web_search_read HTTP/1.1" 200 - 4 0.005 0.065
2025-11-09 02:26:46,837 1 INFO odoo-boats-db werkzeug: 172.19.0.1 - - [09/Nov/2025 02:26:46] "POST /web/dataset/call_kw/ir.module.module/search_panel_select_range HTTP/1.1" 200 - 38 0.024 0.019
2025-11-09 02:26:46,867 1 INFO odoo-boats-db werkzeug: 172.19.0.1 - - [09/Nov/2025 02:26:46] "POST /web/dataset/call_kw/ir.module.module/web_search_read HTTP/1.1" 200 - 4 0.004 0.016
2025-11-09 02:26:46,955 1 INFO ? werkzeug: 172.19.0.1 - - [09/Nov/2025 02:26:46] "GET /base/static/description/icon.png HTTP/1.1" 304 - 0 0.000 0.001
2025-11-09 02:26:48,711 1 INFO odoo-boats-db werkzeug: 172.19.0.1 - - [09/Nov/2025 02:26:48] "POST /web/dataset/call_kw/ir.module.module/search_panel_select_range HTTP/1.1" 200 - 38 0.026 0.019
2025-11-09 02:26:48,727 1 INFO odoo-boats-db werkzeug: 172.19.0.1 - - [09/Nov/2025 02:26:48] "POST /web/dataset/call_kw/ir.module.module/web_search_read HTTP/1.1" 200 - 3 0.003 0.005
2025-11-09 02:26:49,513 1 INFO odoo-boats-db werkzeug: 127.0.0.1 - - [09/Nov/2025 02:26:49] "GET /web HTTP/1.1" 303 - 1 0.001 0.003
2025-11-09 02:26:51,140 1 INFO odoo-boats-db werkzeug: 172.19.0.1 - - [09/Nov/2025 02:26:51] "POST /web/action/load HTTP/1.1" 200 - 8 0.006 0.009
2025-11-09 02:26:51,179 1 INFO odoo-boats-db werkzeug: 172.19.0.1 - - [09/Nov/2025 02:26:51] "POST /web/dataset/call_kw/base.module.update/get_views HTTP/1.1" 200 - 9 0.009 0.013
2025-11-09 02:26:51,196 1 INFO odoo-boats-db werkzeug: 172.19.0.1 - - [09/Nov/2025 02:26:51] "POST /web/dataset/call_kw/base.module.update/onchange HTTP/1.1" 200 - 2 0.001 0.004
2025-11-09 02:26:52,570 1 INFO odoo-boats-db werkzeug: 172.19.0.1 - - [09/Nov/2025 02:26:52] "POST /web/dataset/call_kw/base.module.update/web_save HTTP/1.1" 200 - 5 0.011 0.010
2025-11-09 02:26:52,584 1 INFO odoo-boats-db odoo.addons.base.models.ir_module: ALLOW access to module.update_list on [] to user admin #2 via 172.19.0.1 
2025-11-09 02:26:53,250 1 INFO odoo-boats-db odoo.modules.registry: Caches invalidated, signaling through the database: ['templates'] 
2025-11-09 02:26:53,252 1 INFO odoo-boats-db werkzeug: 172.19.0.1 - - [09/Nov/2025 02:26:53] "POST /web/dataset/call_button HTTP/1.1" 200 - 1713 0.392 0.279
2025-11-09 02:26:54,928 1 INFO odoo-boats-db odoo.addons.base.models.ir_module: ALLOW access to module.button_immediate_install on ['Boat Guest Portal'] to user admin #2 via 172.19.0.1 
2025-11-09 02:26:54,928 1 INFO odoo-boats-db odoo.addons.base.models.ir_module: User #2 triggered module installation 
2025-11-09 02:26:54,929 1 INFO odoo-boats-db odoo.addons.base.models.ir_module: ALLOW access to module.button_install on ['Boat Guest Portal'] to user admin #2 via 172.19.0.1 
2025-11-09 02:26:54,969 1 INFO odoo-boats-db odoo.modules.loading: loading 1 modules... 
2025-11-09 02:26:54,973 1 INFO odoo-boats-db odoo.modules.loading: 1 modules loaded in 0.00s, 0 queries (+0 extra) 
2025-11-09 02:26:54,985 1 INFO odoo-boats-db odoo.modules.loading: updating modules list 
2025-11-09 02:26:54,986 1 INFO odoo-boats-db odoo.addons.base.models.ir_module: ALLOW access to module.update_list on [] to user __system__ #1 via 172.19.0.1 
2025-11-09 02:26:55,573 1 INFO odoo-boats-db odoo.modules.loading: loading 64 modules... 
2025-11-09 02:26:55,598 1 INFO odoo-boats-db odoo.modules.loading: 64 modules loaded in 0.03s, 0 queries (+0 extra) 
2025-11-09 02:26:55,600 1 INFO odoo-boats-db odoo.modules.loading: loading 65 modules... 
2025-11-09 02:26:55,600 1 INFO odoo-boats-db odoo.modules.loading: Loading module boat_guest_portal (50/65) 
2025-11-09 02:26:55,717 1 INFO odoo-boats-db odoo.modules.loading: loading boat_guest_portal/views/templates.xml 
2025-11-09 02:26:55,788 1 INFO odoo-boats-db odoo.modules.loading: Module boat_guest_portal loaded in 0.19s, 57 queries (+57 other) 
2025-11-09 02:26:55,788 1 INFO odoo-boats-db odoo.modules.loading: 65 modules loaded in 0.19s, 57 queries (+57 extra) 
2025-11-09 02:26:56,341 1 WARNING odoo-boats-db odoo.modules.loading: invalid custom view(s) for model boat.boat: Error while validating view near:

                <filter string="Rejected" name="rejected" domain="[('state', '=', 'rejected')]"/>
                <separator/>
                <filter string="Published on Website" name="website_published" domain="[('website_published', '=', True)]"/>
                <separator/>
                <filter string="Archived" name="inactive" domain="[('active', '=', False)]"/>

Unknown field "boat.boat.website_published" in domain of <filter name="website_published"> ([('website_published', '=', True)])) 
2025-11-09 02:26:56,604 1 INFO odoo-boats-db odoo.modules.loading: Modules loaded. 
2025-11-09 02:26:56,609 1 INFO odoo-boats-db odoo.modules.registry: Registry loaded in 1.646s 
2025-11-09 02:26:56,609 1 INFO odoo-boats-db odoo.addons.base.models.ir_module: getting next ir.actions.todo() 
2025-11-09 02:26:56,613 1 INFO odoo-boats-db odoo.modules.registry: Registry changed, signaling through the database 
2025-11-09 02:26:56,614 1 INFO odoo-boats-db werkzeug: 172.19.0.1 - - [09/Nov/2025 02:26:56] "POST /web/dataset/call_button HTTP/1.1" 200 - 2696 0.978 0.715
2025-11-09 02:26:56,641 1 INFO odoo-boats-db odoo.addons.base.models.ir_http: Generating routing map for key 1 
2025-11-09 02:26:56,689 1 ERROR odoo-boats-db odoo.addons.base.models.ir_model: Missing model boat.taxonomy.category 
2025-11-09 02:26:56,690 1 ERROR odoo-boats-db odoo.addons.base.models.ir_model: Missing model boat.location 
2025-11-09 02:26:56,690 1 ERROR odoo-boats-db odoo.addons.base.models.ir_model: Missing model boat.taxonomy 
2025-11-09 02:26:56,690 1 ERROR odoo-boats-db odoo.addons.base.models.ir_model: Missing model boat.amenity 
2025-11-09 02:26:57,016 1 INFO odoo-boats-db werkzeug: 172.19.0.1 - - [09/Nov/2025 02:26:57] "GET /web HTTP/1.1" 200 - 83 0.069 0.310
2025-11-09 02:26:57,076 1 INFO odoo-boats-db werkzeug: 172.19.0.1 - - [09/Nov/2025 02:26:57] "GET /web/webclient/translations/938a5d99a7b8f4a7ee9fca41269c1aaa3e7a8889?lang=en_US HTTP/1.1" 200 - 3 0.004 0.007
2025-11-09 02:26:57,387 1 INFO odoo-boats-db werkzeug: 172.19.0.1 - - [09/Nov/2025 02:26:57] "GET /web/assets/debug/web.assets_web.css HTTP/1.1" 304 - 20 0.033 0.293
2025-11-09 02:26:57,459 1 INFO odoo-boats-db werkzeug: 172.19.0.1 - - [09/Nov/2025 02:26:57] "GET /web/assets/debug/web.assets_web.js HTTP/1.1" 304 - 20 0.085 0.307
2025-11-09 02:26:57,634 1 INFO odoo-boats-db werkzeug: 172.19.0.1 - - [09/Nov/2025 02:26:57] "GET /web/manifest.webmanifest HTTP/1.1" 200 - 9 0.010 0.010
2025-11-09 02:26:57,641 1 INFO odoo-boats-db werkzeug: 172.19.0.1 - - [09/Nov/2025 02:26:57] "GET /bus/websocket_worker_bundle?v=17.0-1 HTTP/1.1" 304 - 5 0.008 0.015
2025-11-09 02:26:57,720 1 INFO odoo-boats-db werkzeug: 172.19.0.1 - - [09/Nov/2025 02:26:57] "GET /websocket?version=17.0-1 HTTP/1.1" 101 - 1 0.002 0.025
2025-11-09 02:26:57,732 1 INFO odoo-boats-db werkzeug: 172.19.0.1 - - [09/Nov/2025 02:26:57] "POST /web/action/load HTTP/1.1" 200 - 6 0.014 0.037
2025-11-09 02:26:57,741 1 INFO odoo-boats-db werkzeug: 172.19.0.1 - - [09/Nov/2025 02:26:57] "POST /web/dataset/call_kw/res.users/systray_get_activities HTTP/1.1" 200 - 23 0.062 0.026
2025-11-09 02:26:57,742 1 INFO odoo-boats-db werkzeug: 172.19.0.1 - - [09/Nov/2025 02:26:57] "GET /web/image?model=res.users&field=avatar_128&id=2 HTTP/1.1" 304 - 15 0.031 0.029
2025-11-09 02:26:57,771 1 INFO odoo-boats-db werkzeug: 172.19.0.1 - - [09/Nov/2025 02:26:57] "POST /mail/init_messaging HTTP/1.1" 200 - 56 0.098 0.046
2025-11-09 02:26:57,798 1 INFO odoo-boats-db werkzeug: 172.19.0.1 - - [09/Nov/2025 02:26:57] "POST /mail/load_message_failures HTTP/1.1" 200 - 10 0.010 0.010
2025-11-09 02:26:57,817 1 INFO odoo-boats-db werkzeug: 172.19.0.1 - - [09/Nov/2025 02:26:57] "POST /mail/inbox/messages HTTP/1.1" 200 - 7 0.007 0.007
2025-11-09 02:26:58,147 1 INFO ? odoo.addons.bus.models.bus: Bus.loop listen imbus on db postgres 
2025-11-09 02:26:59,365 1 INFO odoo-boats-db werkzeug: 172.19.0.1 - - [09/Nov/2025 02:26:59] "GET /web/service-worker.js HTTP/1.1" 200 - 1 0.001 0.005
2025-11-09 02:26:59,603 1 INFO odoo-boats-db werkzeug: 127.0.0.1 - - [09/Nov/2025 02:26:59] "GET /web HTTP/1.1" 303 - 3 0.001 0.003
2025-11-09 02:27:09,706 1 INFO odoo-boats-db werkzeug: 127.0.0.1 - - [09/Nov/2025 02:27:09] "GET /web HTTP/1.1" 303 - 1 0.000 0.003
2025-11-09 02:27:19,786 1 INFO odoo-boats-db werkzeug: 127.0.0.1 - - [09/Nov/2025 02:27:19] "GET /web HTTP/1.1" 303 - 1 0.001 0.004
2025-11-09 02:27:20,248 1 INFO odoo-boats-db werkzeug: 172.19.0.1 - - [09/Nov/2025 02:27:20] "POST /web/action/load HTTP/1.1" 200 - 8 0.004 0.009
2025-11-09 02:27:21,108 1 INFO odoo-boats-db werkzeug: 172.19.0.1 - - [09/Nov/2025 02:27:21] "POST /web/dataset/call_kw/res.config.settings/get_views HTTP/1.1" 200 - 405 0.164 0.680
2025-11-09 02:27:21,453 1 INFO odoo-boats-db odoo.addons.base.models.ir_attachment: _read_file reading /var/lib/odoo/.local/share/Odoo/filestore/odoo-boats-db/53/53964a6dfcda7f834bfb8bd8789bca6c93447782 
Traceback (most recent call last):
  File "/usr/lib/python3/dist-packages/odoo/addons/base/models/ir_attachment.py", line 128, in _file_read
    with open(full_path, 'rb') as f:
FileNotFoundError: [Errno 2] No such file or directory: '/var/lib/odoo/.local/share/Odoo/filestore/odoo-boats-db/53/53964a6dfcda7f834bfb8bd8789bca6c93447782'
2025-11-09 02:27:21,457 1 INFO odoo-boats-db odoo.addons.base.models.ir_attachment: _read_file reading /var/lib/odoo/.local/share/Odoo/filestore/odoo-boats-db/50/5073704a9e38e6f8ca2252d2fd2c7acda1755d55 
Traceback (most recent call last):
  File "/usr/lib/python3/dist-packages/odoo/addons/base/models/ir_attachment.py", line 128, in _file_read
    with open(full_path, 'rb') as f:
FileNotFoundError: [Errno 2] No such file or directory: '/var/lib/odoo/.local/share/Odoo/filestore/odoo-boats-db/50/5073704a9e38e6f8ca2252d2fd2c7acda1755d55'
2025-11-09 02:27:21,507 1 INFO odoo-boats-db werkzeug: 172.19.0.1 - - [09/Nov/2025 02:27:21] "POST /web/dataset/call_kw/res.config.settings/onchange HTTP/1.1" 200 - 390 0.156 0.217
2025-11-09 02:27:21,666 1 INFO odoo-boats-db odoo.addons.base.models.ir_attachment: _read_file reading /var/lib/odoo/.local/share/Odoo/filestore/odoo-boats-db/53/53964a6dfcda7f834bfb8bd8789bca6c93447782 
Traceback (most recent call last):
  File "/usr/lib/python3/dist-packages/odoo/addons/base/models/ir_attachment.py", line 128, in _file_read
    with open(full_path, 'rb') as f:
FileNotFoundError: [Errno 2] No such file or directory: '/var/lib/odoo/.local/share/Odoo/filestore/odoo-boats-db/53/53964a6dfcda7f834bfb8bd8789bca6c93447782'
2025-11-09 02:27:21,667 1 INFO odoo-boats-db odoo.addons.base.models.ir_attachment: _read_file reading /var/lib/odoo/.local/share/Odoo/filestore/odoo-boats-db/50/5073704a9e38e6f8ca2252d2fd2c7acda1755d55 
Traceback (most recent call last):
  File "/usr/lib/python3/dist-packages/odoo/addons/base/models/ir_attachment.py", line 128, in _file_read
    with open(full_path, 'rb') as f:
FileNotFoundError: [Errno 2] No such file or directory: '/var/lib/odoo/.local/share/Odoo/filestore/odoo-boats-db/50/5073704a9e38e6f8ca2252d2fd2c7acda1755d55'
2025-11-09 02:27:21,683 1 INFO odoo-boats-db werkzeug: 172.19.0.1 - - [09/Nov/2025 02:27:21] "POST /web/dataset/call_kw/res.config.settings/onchange HTTP/1.1" 200 - 286 0.077 0.119
2025-11-09 02:27:21,754 1 INFO odoo-boats-db werkzeug: 172.19.0.1 - - [09/Nov/2025 02:27:21] "POST /base_setup/demo_active HTTP/1.1" 200 - 2 0.001 0.003
2025-11-09 02:27:21,772 1 INFO odoo-boats-db werkzeug: 172.19.0.1 - - [09/Nov/2025 02:27:21] "POST /base_setup/data HTTP/1.1" 200 - 6 0.003 0.003
2025-11-09 02:27:21,998 1 INFO odoo-boats-db odoo.addons.base.models.ir_cron: Starting job `Mail: Fetchmail Service`. 
2025-11-09 02:27:22,011 1 INFO odoo-boats-db odoo.addons.mail.models.fetchmail: start checking for new emails on imap server mail.yayboat.com 
2025-11-09 02:27:22,361 1 INFO odoo-boats-db odoo.addons.mail.models.fetchmail: Fetched 0 email(s) on imap server mail.yayboat.com; 0 succeeded, 0 failed. 
2025-11-09 02:27:22,414 1 INFO odoo-boats-db odoo.addons.base.models.ir_cron: Job done: `Mail: Fetchmail Service` (0.415s). 
2025-11-09 02:27:29,877 1 INFO odoo-boats-db werkzeug: 127.0.0.1 - - [09/Nov/2025 02:27:29] "GET /web HTTP/1.1" 303 - 1 0.001 0.004
2025-11-09 02:27:39,958 1 INFO odoo-boats-db werkzeug: 127.0.0.1 - - [09/Nov/2025 02:27:39] "GET /web HTTP/1.1" 303 - 1 0.001 0.003
2025-11-09 02:27:50,028 1 INFO odoo-boats-db werkzeug: 127.0.0.1 - - [09/Nov/2025 02:27:50] "GET /web HTTP/1.1" 303 - 1 0.001 0.002
2025-11-09 02:28:00,132 1 INFO odoo-boats-db werkzeug: 127.0.0.1 - - [09/Nov/2025 02:28:00] "GET /web HTTP/1.1" 303 - 1 0.001 0.004
2025-11-09 02:28:10,205 1 INFO odoo-boats-db werkzeug: 127.0.0.1 - - [09/Nov/2025 02:28:10] "GET /web HTTP/1.1" 303 - 1 0.000 0.004
2025-11-09 02:28:20,287 1 INFO odoo-boats-db werkzeug: 127.0.0.1 - - [09/Nov/2025 02:28:20] "GET /web HTTP/1.1" 303 - 1 0.000 0.002
2025-11-09 02:28:22,508 1 INFO odoo-boats-db odoo.addons.base.models.ir_cron: Starting job `Base: Auto-vacuum internal data`. 
2025-11-09 02:28:22,603 1 INFO odoo-boats-db odoo.addons.base.models.res_users: GC'd 0 user log entries 
2025-11-09 02:28:22,642 1 INFO odoo-boats-db odoo.addons.auth_totp.models.auth_totp: GC'd 0 totp devices entries 
2025-11-09 02:28:22,656 1 INFO odoo-boats-db odoo.models.unlink: User #1 deleted bus.bus records with IDs: [1115, 1116, 1117, 1118, 1119, 1120, 1121, 1122, 1123, 1124, 1125] 
2025-11-09 02:28:22,735 1 INFO odoo-boats-db odoo.addons.sms.models.sms_sms: GC'd 0 sms marked for deletion 
2025-11-09 02:28:22,825 1 INFO odoo-boats-db odoo.addons.base.models.ir_cron: Job done: `Base: Auto-vacuum internal data` (0.316s). 
2025-11-09 02:28:30,370 1 INFO odoo-boats-db werkzeug: 127.0.0.1 - - [09/Nov/2025 02:28:30] "GET /web HTTP/1.1" 303 - 1 0.000 0.002
2025-11-09 02:28:35,208 1 INFO odoo-boats-db werkzeug: 172.19.0.1 - - [09/Nov/2025 02:28:35] "POST /web/dataset/call_kw/res.config.settings/onchange HTTP/1.1" 200 - 3 0.004 0.008
2025-11-09 02:28:40,428 1 INFO odoo-boats-db werkzeug: 127.0.0.1 - - [09/Nov/2025 02:28:40] "GET /web HTTP/1.1" 303 - 1 0.000 0.002
2025-11-09 02:28:47,482 1 INFO odoo-boats-db odoo.addons.base.models.ir_attachment: _read_file reading /var/lib/odoo/.local/share/Odoo/filestore/odoo-boats-db/53/53964a6dfcda7f834bfb8bd8789bca6c93447782 
Traceback (most recent call last):
  File "/usr/lib/python3/dist-packages/odoo/addons/base/models/ir_attachment.py", line 128, in _file_read
    with open(full_path, 'rb') as f:
FileNotFoundError: [Errno 2] No such file or directory: '/var/lib/odoo/.local/share/Odoo/filestore/odoo-boats-db/53/53964a6dfcda7f834bfb8bd8789bca6c93447782'
2025-11-09 02:28:47,485 1 INFO odoo-boats-db odoo.addons.base.models.ir_attachment: _read_file reading /var/lib/odoo/.local/share/Odoo/filestore/odoo-boats-db/50/5073704a9e38e6f8ca2252d2fd2c7acda1755d55 
Traceback (most recent call last):
  File "/usr/lib/python3/dist-packages/odoo/addons/base/models/ir_attachment.py", line 128, in _file_read
    with open(full_path, 'rb') as f:
FileNotFoundError: [Errno 2] No such file or directory: '/var/lib/odoo/.local/share/Odoo/filestore/odoo-boats-db/50/5073704a9e38e6f8ca2252d2fd2c7acda1755d55'
2025-11-09 02:28:47,753 1 INFO odoo-boats-db odoo.modules.registry: Caches invalidated, signaling through the database: ['default'] 
2025-11-09 02:28:47,755 1 INFO odoo-boats-db werkzeug: 172.19.0.1 - - [09/Nov/2025 02:28:47] "POST /web/dataset/call_kw/res.config.settings/web_save HTTP/1.1" 200 - 355 0.135 0.163
2025-11-09 02:28:48,070 1 INFO odoo-boats-db odoo.addons.base.models.ir_module: ALLOW access to module.button_immediate_install on ['OAuth2 Authentication'] to user admin #2 via 172.19.0.1 
2025-11-09 02:28:48,070 1 INFO odoo-boats-db odoo.addons.base.models.ir_module: User #2 triggered module installation 
2025-11-09 02:28:48,071 1 INFO odoo-boats-db odoo.addons.base.models.ir_module: ALLOW access to module.button_install on ['OAuth2 Authentication'] to user admin #2 via 172.19.0.1 
2025-11-09 02:28:48,101 1 INFO odoo-boats-db odoo.modules.loading: loading 1 modules... 
2025-11-09 02:28:48,105 1 INFO odoo-boats-db odoo.modules.loading: 1 modules loaded in 0.00s, 0 queries (+0 extra) 
2025-11-09 02:28:48,118 1 INFO odoo-boats-db odoo.modules.loading: updating modules list 
2025-11-09 02:28:48,119 1 INFO odoo-boats-db odoo.addons.base.models.ir_module: ALLOW access to module.update_list on [] to user __system__ #1 via 172.19.0.1 
2025-11-09 02:28:48,679 1 INFO odoo-boats-db odoo.modules.loading: loading 65 modules... 
2025-11-09 02:28:48,707 1 INFO odoo-boats-db odoo.modules.loading: 65 modules loaded in 0.03s, 0 queries (+0 extra) 
2025-11-09 02:28:48,709 1 INFO odoo-boats-db odoo.modules.loading: loading 66 modules... 
2025-11-09 02:28:48,709 1 INFO odoo-boats-db odoo.modules.loading: Loading module auth_oauth (33/66) 
2025-11-09 02:28:48,801 1 INFO odoo-boats-db odoo.modules.registry: module auth_oauth: creating or updating database tables 
2025-11-09 02:28:49,008 1 INFO odoo-boats-db odoo.modules.loading: loading auth_oauth/data/auth_oauth_data.xml 
2025-11-09 02:28:49,018 1 INFO odoo-boats-db odoo.modules.loading: loading auth_oauth/views/auth_oauth_views.xml 
2025-11-09 02:28:49,048 1 INFO odoo-boats-db odoo.modules.loading: loading auth_oauth/views/res_users_views.xml 
2025-11-09 02:28:49,075 1 INFO odoo-boats-db odoo.modules.loading: loading auth_oauth/views/res_config_settings_views.xml 
2025-11-09 02:28:49,111 1 INFO odoo-boats-db odoo.modules.loading: loading auth_oauth/views/auth_oauth_templates.xml 
2025-11-09 02:28:49,134 1 INFO odoo-boats-db odoo.modules.loading: loading auth_oauth/security/ir.model.access.csv 
2025-11-09 02:28:49,164 1 INFO odoo-boats-db odoo.modules.loading: Module auth_oauth loaded in 0.45s, 276 queries (+276 other) 
2025-11-09 02:28:49,164 1 INFO odoo-boats-db odoo.modules.loading: 66 modules loaded in 0.46s, 276 queries (+276 extra) 
2025-11-09 02:28:49,683 1 WARNING odoo-boats-db odoo.modules.loading: invalid custom view(s) for model boat.boat: Error while validating view near:

                <filter string="Rejected" name="rejected" domain="[('state', '=', 'rejected')]"/>
                <separator/>
                <filter string="Published on Website" name="website_published" domain="[('website_published', '=', True)]"/>
                <separator/>
                <filter string="Archived" name="inactive" domain="[('active', '=', False)]"/>

Unknown field "boat.boat.website_published" in domain of <filter name="website_published"> ([('website_published', '=', True)])) 
2025-11-09 02:28:49,974 1 INFO odoo-boats-db odoo.modules.loading: Modules loaded. 
2025-11-09 02:28:49,978 1 INFO odoo-boats-db odoo.modules.registry: Registry loaded in 1.881s 
2025-11-09 02:28:49,978 1 INFO odoo-boats-db odoo.addons.base.models.ir_module: getting next ir.actions.todo() 
2025-11-09 02:28:49,982 1 INFO odoo-boats-db odoo.modules.registry: Registry changed, signaling through the database 
2025-11-09 02:28:49,985 1 INFO odoo-boats-db werkzeug: 172.19.0.1 - - [09/Nov/2025 02:28:49] "POST /web/dataset/call_button HTTP/1.1" 200 - 3440 1.242 0.969
2025-11-09 02:28:50,010 1 INFO odoo-boats-db odoo.addons.base.models.ir_http: Generating routing map for key 1 
2025-11-09 02:28:50,037 1 INFO odoo-boats-db werkzeug: 172.19.0.1 - - [09/Nov/2025 02:28:50] "GET /web?reload=true HTTP/1.1" 303 - 8 0.005 0.028
2025-11-09 02:28:50,145 1 WARNING odoo-boats-db odoo.addons.base.models.ir_qweb: Found deprecated directive @t-raw='boat.description_html' in template 1918. Replace by @t-out, and explicitely wrap content in `Markup` if necessary (which likely is not the case) 
2025-11-09 02:28:50,537 1 INFO odoo-boats-db werkzeug: 127.0.0.1 - - [09/Nov/2025 02:28:50] "GET /web HTTP/1.1" 303 - 3 0.004 0.006
2025-11-09 02:28:50,649 1 ERROR odoo-boats-db odoo.http: Exception during request handling. 
Traceback (most recent call last):
  File "<1918>", line 1750, in template_1918
  File "<1918>", line 1573, in template_1918_content
KeyError: 'boat'

The above exception was the direct cause of the following exception:

Traceback (most recent call last):
  File "/usr/lib/python3/dist-packages/odoo/http.py", line 2396, in __call__
    response = request._serve_db()
  File "/usr/lib/python3/dist-packages/odoo/http.py", line 1971, in _serve_db
    return service_model.retrying(self._serve_ir_http, self.env)
  File "/usr/lib/python3/dist-packages/odoo/service/model.py", line 152, in retrying
    result = func()
  File "/usr/lib/python3/dist-packages/odoo/http.py", line 1999, in _serve_ir_http
    response = self.dispatcher.dispatch(rule.endpoint, args)
  File "/usr/lib/python3/dist-packages/odoo/http.py", line 2116, in dispatch
    return self.request.registry['ir.http']._dispatch(endpoint)
  File "/usr/lib/python3/dist-packages/odoo/addons/website/models/ir_http.py", line 235, in _dispatch
    response = super()._dispatch(endpoint)
  File "/usr/lib/python3/dist-packages/odoo/addons/base/models/ir_http.py", line 223, in _dispatch
    result.flatten()
  File "/usr/lib/python3/dist-packages/odoo/tools/facade.py", line 83, in wrap_func
    func(self._wrapped__, *args, **kwargs)
  File "/usr/lib/python3/dist-packages/odoo/http.py", line 1360, in flatten
    self.response.append(self.render())
  File "/usr/lib/python3/dist-packages/odoo/http.py", line 1352, in render
    return request.env["ir.ui.view"]._render_template(self.template, self.qcontext)
  File "/usr/lib/python3/dist-packages/odoo/addons/website/models/ir_ui_view.py", line 446, in _render_template
    return super()._render_template(template, values=values)
  File "/usr/lib/python3/dist-packages/odoo/addons/base/models/ir_ui_view.py", line 2072, in _render_template
    return self.env['ir.qweb']._render(template, values)
  File "/usr/lib/python3/dist-packages/odoo/tools/profiler.py", line 301, in _tracked_method_render
    return method_render(self, template, values, **options)
  File "/usr/lib/python3/dist-packages/odoo/addons/base/models/ir_qweb.py", line 606, in _render
    result = ''.join(rendering)
  File "<185>", line 264, in template_185
  File "<185>", line 253, in template_185_content
  File "<184>", line 51, in template_184
  File "<184>", line 40, in template_184_content
  File "<1918>", line 1756, in template_1918
odoo.addons.base.models.ir_qweb.QWebException: Error while render the template
KeyError: 'boat'
Template: website.layout
Path: /t/html/body/div[2]/main/section[2]/h1/t
Node: <t t-esc="boat.name"/>
2025-11-09 02:28:50,650 1 INFO odoo-boats-db werkzeug: 172.19.0.1 - - [09/Nov/2025 02:28:50] "GET /web/login?reload=true HTTP/1.1" 500 - 368 0.186 0.416
2025-11-09 02:28:50,688 1 INFO ? werkzeug: 172.19.0.1 - - [09/Nov/2025 02:28:50] "GET /web/static/lib/bootstrap/dist/css/bootstrap.css HTTP/1.1" 200 - 0 0.000 0.007
2025-11-09 02:28:50,703 1 INFO ? werkzeug: 172.19.0.1 - - [09/Nov/2025 02:28:50] "GET /web/static/lib/bootstrap/js/dist/dom/data.js HTTP/1.1" 200 - 0 0.000 0.014
2025-11-09 02:28:50,707 1 INFO ? werkzeug: 172.19.0.1 - - [09/Nov/2025 02:28:50] "GET /web/static/lib/bootstrap/js/dist/dom/event-handler.js HTTP/1.1" 200 - 0 0.000 0.013
2025-11-09 02:28:50,707 1 INFO ? werkzeug: 172.19.0.1 - - [09/Nov/2025 02:28:50] "GET /web/static/lib/bootstrap/js/dist/dom/selector-engine.js HTTP/1.1" 200 - 0 0.000 0.006
2025-11-09 02:28:50,708 1 INFO ? werkzeug: 172.19.0.1 - - [09/Nov/2025 02:28:50] "GET /web/static/lib/jquery/jquery.js HTTP/1.1" 200 - 0 0.000 0.018
2025-11-09 02:28:50,710 1 INFO ? werkzeug: 172.19.0.1 - - [09/Nov/2025 02:28:50] "GET /web/static/lib/bootstrap/js/dist/dom/manipulator.js HTTP/1.1" 200 - 0 0.000 0.013
2025-11-09 02:28:50,724 1 INFO ? werkzeug: 172.19.0.1 - - [09/Nov/2025 02:28:50] "GET /web/static/lib/bootstrap/js/dist/base-component.js HTTP/1.1" 200 - 0 0.000 0.009
2025-11-09 02:28:50,729 1 INFO ? werkzeug: 172.19.0.1 - - [09/Nov/2025 02:28:50] "GET /web/static/lib/bootstrap/js/dist/collapse.js HTTP/1.1" 200 - 0 0.000 0.004
2025-11-09 02:28:50,730 1 INFO ? werkzeug: 172.19.0.1 - - [09/Nov/2025 02:28:50] "GET /web/static/lib/bootstrap/js/dist/modal.js HTTP/1.1" 200 - 0 0.000 0.009
2025-11-09 02:28:50,899 1 INFO odoo-boats-db werkzeug: 172.19.0.1 - - [09/Nov/2025 02:28:50] "GET /favicon.ico HTTP/1.1" 301 - 2 0.002 0.007
2025-11-09 02:28:50,919 1 INFO odoo-boats-db werkzeug: 172.19.0.1 - - [09/Nov/2025 02:28:50] "GET /web/image/website/1/favicon?unique=df2bf4f HTTP/1.1" 200 - 7 0.005 0.007
2025-11-09 02:28:52,425 1 INFO odoo-boats-db werkzeug: 172.19.0.1 - - [09/Nov/2025 02:28:52] "GET /web/service-worker.js HTTP/1.1" 200 - 1 0.001 0.005
2025-11-09 02:28:52,479 1 INFO odoo-boats-db werkzeug: 172.19.0.1 - - [09/Nov/2025 02:28:52] "GET /web/offline HTTP/1.1" 200 - 9 0.003 0.012
2025-11-09 02:28:59,845 1 INFO odoo-boats-db odoo.http: Session expired 
2025-11-09 02:28:59,846 1 INFO odoo-boats-db werkzeug: 172.19.0.1 - - [09/Nov/2025 02:28:59] "POST /web/action/load HTTP/1.1" 200 - 2 0.009 0.012
2025-11-09 02:28:59,852 1 INFO odoo-boats-db odoo.addons.base.models.ir_model: Access Denied by ACLs for operation: read, uid: 4, model: ir.module.module 
2025-11-09 02:28:59,856 1 INFO odoo-boats-db werkzeug: 172.19.0.1 - - [09/Nov/2025 02:28:59] "GET /web/manifest.webmanifest HTTP/1.1" 200 - 5 0.009 0.018
2025-11-09 02:28:59,864 1 INFO odoo-boats-db werkzeug: 172.19.0.1 - - [09/Nov/2025 02:28:59] "POST /mail/init_messaging HTTP/1.1" 200 - 1 0.002 0.023
2025-11-09 02:28:59,869 1 INFO odoo-boats-db odoo.http: Session expired 
2025-11-09 02:28:59,870 1 INFO odoo-boats-db werkzeug: 172.19.0.1 - - [09/Nov/2025 02:28:59] "GET /bus/websocket_worker_bundle?v=17.0-1 HTTP/1.1" 304 - 5 0.008 0.026
2025-11-09 02:28:59,871 1 INFO odoo-boats-db werkzeug: 172.19.0.1 - - [09/Nov/2025 02:28:59] "POST /web/dataset/call_kw/res.users/systray_get_activities HTTP/1.1" 200 - 1 0.002 0.009
2025-11-09 02:28:59,906 1 INFO odoo-boats-db werkzeug: 172.19.0.1 - - [09/Nov/2025 02:28:59] "GET /websocket?version=17.0-1 HTTP/1.1" 101 - 1 0.001 0.010
2025-11-09 02:28:59,909 1 INFO odoo-boats-db odoo.addons.base.models.ir_rule: Access Denied by record rules for operation: read on record ids: [2], uid: 4, model: res.users 
2025-11-09 02:28:59,922 1 INFO odoo-boats-db werkzeug: 172.19.0.1 - - [09/Nov/2025 02:28:59] "GET /web/image?model=res.users&field=avatar_128&id=2 HTTP/1.1" 304 - 25 0.023 0.026
2025-11-09 02:29:00,621 1 INFO odoo-boats-db werkzeug: 127.0.0.1 - - [09/Nov/2025 02:29:00] "GET /web HTTP/1.1" 303 - 1 0.000 0.002
2025-11-09 02:29:01,406 1 INFO odoo-boats-db werkzeug: 172.19.0.1 - - [09/Nov/2025 02:29:01] "GET /web HTTP/1.1" 303 - 1 0.001 0.004
2025-11-09 02:29:01,458 1 INFO odoo-boats-db werkzeug: 172.19.0.1 - - [09/Nov/2025 02:29:01] "GET /web/service-worker.js HTTP/1.1" 200 - 1 0.002 0.007
2025-11-09 02:29:01,705 1 ERROR odoo-boats-db odoo.http: Exception during request handling. 
Traceback (most recent call last):
  File "<1918>", line 1750, in template_1918
  File "<1918>", line 1573, in template_1918_content
KeyError: 'boat'

The above exception was the direct cause of the following exception:

Traceback (most recent call last):
  File "/usr/lib/python3/dist-packages/odoo/http.py", line 2396, in __call__
    response = request._serve_db()
  File "/usr/lib/python3/dist-packages/odoo/http.py", line 1971, in _serve_db
    return service_model.retrying(self._serve_ir_http, self.env)
  File "/usr/lib/python3/dist-packages/odoo/service/model.py", line 152, in retrying
    result = func()
  File "/usr/lib/python3/dist-packages/odoo/http.py", line 1999, in _serve_ir_http
    response = self.dispatcher.dispatch(rule.endpoint, args)
  File "/usr/lib/python3/dist-packages/odoo/http.py", line 2116, in dispatch
    return self.request.registry['ir.http']._dispatch(endpoint)
  File "/usr/lib/python3/dist-packages/odoo/addons/website/models/ir_http.py", line 235, in _dispatch
    response = super()._dispatch(endpoint)
  File "/usr/lib/python3/dist-packages/odoo/addons/base/models/ir_http.py", line 223, in _dispatch
    result.flatten()
  File "/usr/lib/python3/dist-packages/odoo/tools/facade.py", line 83, in wrap_func
    func(self._wrapped__, *args, **kwargs)
  File "/usr/lib/python3/dist-packages/odoo/http.py", line 1360, in flatten
    self.response.append(self.render())
  File "/usr/lib/python3/dist-packages/odoo/http.py", line 1352, in render
    return request.env["ir.ui.view"]._render_template(self.template, self.qcontext)
  File "/usr/lib/python3/dist-packages/odoo/addons/website/models/ir_ui_view.py", line 446, in _render_template
    return super()._render_template(template, values=values)
  File "/usr/lib/python3/dist-packages/odoo/addons/base/models/ir_ui_view.py", line 2072, in _render_template
    return self.env['ir.qweb']._render(template, values)
  File "/usr/lib/python3/dist-packages/odoo/tools/profiler.py", line 301, in _tracked_method_render
    return method_render(self, template, values, **options)
  File "/usr/lib/python3/dist-packages/odoo/addons/base/models/ir_qweb.py", line 606, in _render
    result = ''.join(rendering)
  File "<185>", line 264, in template_185
  File "<185>", line 253, in template_185_content
  File "<184>", line 51, in template_184
  File "<184>", line 40, in template_184_content
  File "<1918>", line 1756, in template_1918
odoo.addons.base.models.ir_qweb.QWebException: Error while render the template
KeyError: 'boat'
Template: website.layout
Path: /t/html/body/div[2]/main/section[2]/h1/t
Node: <t t-esc="boat.name"/>
2025-11-09 02:29:01,706 1 INFO odoo-boats-db werkzeug: 172.19.0.1 - - [09/Nov/2025 02:29:01] "GET /web/login HTTP/1.1" 500 - 224 0.118 0.169
2025-11-09 02:29:01,734 1 INFO ? werkzeug: 172.19.0.1 - - [09/Nov/2025 02:29:01] "GET /web/static/lib/bootstrap/dist/css/bootstrap.css HTTP/1.1" 304 - 0 0.000 0.002
2025-11-09 02:29:01,741 1 INFO ? werkzeug: 172.19.0.1 - - [09/Nov/2025 02:29:01] "GET /web/static/lib/jquery/jquery.js HTTP/1.1" 304 - 0 0.000 0.002
2025-11-09 02:29:01,742 1 INFO ? werkzeug: 172.19.0.1 - - [09/Nov/2025 02:29:01] "GET /web/static/lib/bootstrap/js/dist/dom/data.js HTTP/1.1" 304 - 0 0.000 0.003
2025-11-09 02:29:01,754 1 INFO ? werkzeug: 172.19.0.1 - - [09/Nov/2025 02:29:01] "GET /web/static/lib/bootstrap/js/dist/dom/selector-engine.js HTTP/1.1" 304 - 0 0.000 0.006
2025-11-09 02:29:01,758 1 INFO ? werkzeug: 172.19.0.1 - - [09/Nov/2025 02:29:01] "GET /web/static/lib/bootstrap/js/dist/dom/manipulator.js HTTP/1.1" 304 - 0 0.000 0.012
2025-11-09 02:29:01,760 1 INFO ? werkzeug: 172.19.0.1 - - [09/Nov/2025 02:29:01] "GET /web/static/lib/bootstrap/js/dist/base-component.js HTTP/1.1" 304 - 0 0.000 0.010
2025-11-09 02:29:01,762 1 INFO ? werkzeug: 172.19.0.1 - - [09/Nov/2025 02:29:01] "GET /web/static/lib/bootstrap/js/dist/dom/event-handler.js HTTP/1.1" 304 - 0 0.000 0.019
2025-11-09 02:29:01,763 1 INFO ? werkzeug: 172.19.0.1 - - [09/Nov/2025 02:29:01] "GET /web/static/lib/bootstrap/js/dist/collapse.js HTTP/1.1" 304 - 0 0.000 0.005
2025-11-09 02:29:01,765 1 INFO ? werkzeug: 172.19.0.1 - - [09/Nov/2025 02:29:01] "GET /web/static/lib/bootstrap/js/dist/modal.js HTTP/1.1" 304 - 0 0.000 0.011
2025-11-09 02:29:03,292 1 INFO odoo-boats-db werkzeug: 172.19.0.1 - - [09/Nov/2025 02:29:03] "GET /web/service-worker.js HTTP/1.1" 200 - 1 0.001 0.003
2025-11-09 02:29:05,915 1 INFO odoo-boats-db werkzeug: 172.19.0.1 - - [09/Nov/2025 02:29:05] "GET /web/service-worker.js HTTP/1.1" 200 - 1 0.001 0.003
2025-11-09 02:29:08,141 1 INFO odoo-boats-db werkzeug: 172.19.0.1 - - [09/Nov/2025 02:29:08] "GET /web/service-worker.js HTTP/1.1" 200 - 1 0.001 0.004
2025-11-09 02:29:10,694 1 INFO odoo-boats-db werkzeug: 127.0.0.1 - - [09/Nov/2025 02:29:10] "GET /web HTTP/1.1" 303 - 1 0.000 0.003
2025-11-09 02:29:11,238 1 INFO odoo-boats-db werkzeug: 172.19.0.1 - - [09/Nov/2025 02:29:11] "GET /web HTTP/1.1" 303 - 1 0.001 0.007
2025-11-09 02:29:11,457 1 ERROR odoo-boats-db odoo.http: Exception during request handling. 
Traceback (most recent call last):
  File "<1918>", line 1750, in template_1918
  File "<1918>", line 1573, in template_1918_content
KeyError: 'boat'

The above exception was the direct cause of the following exception:

Traceback (most recent call last):
  File "/usr/lib/python3/dist-packages/odoo/http.py", line 2396, in __call__
    response = request._serve_db()
  File "/usr/lib/python3/dist-packages/odoo/http.py", line 1971, in _serve_db
    return service_model.retrying(self._serve_ir_http, self.env)
  File "/usr/lib/python3/dist-packages/odoo/service/model.py", line 152, in retrying
    result = func()
  File "/usr/lib/python3/dist-packages/odoo/http.py", line 1999, in _serve_ir_http
    response = self.dispatcher.dispatch(rule.endpoint, args)
  File "/usr/lib/python3/dist-packages/odoo/http.py", line 2116, in dispatch
    return self.request.registry['ir.http']._dispatch(endpoint)
  File "/usr/lib/python3/dist-packages/odoo/addons/website/models/ir_http.py", line 235, in _dispatch
    response = super()._dispatch(endpoint)
  File "/usr/lib/python3/dist-packages/odoo/addons/base/models/ir_http.py", line 223, in _dispatch
    result.flatten()
  File "/usr/lib/python3/dist-packages/odoo/tools/facade.py", line 83, in wrap_func
    func(self._wrapped__, *args, **kwargs)
  File "/usr/lib/python3/dist-packages/odoo/http.py", line 1360, in flatten
    self.response.append(self.render())
  File "/usr/lib/python3/dist-packages/odoo/http.py", line 1352, in render
    return request.env["ir.ui.view"]._render_template(self.template, self.qcontext)
  File "/usr/lib/python3/dist-packages/odoo/addons/website/models/ir_ui_view.py", line 446, in _render_template
    return super()._render_template(template, values=values)
  File "/usr/lib/python3/dist-packages/odoo/addons/base/models/ir_ui_view.py", line 2072, in _render_template
    return self.env['ir.qweb']._render(template, values)
  File "/usr/lib/python3/dist-packages/odoo/tools/profiler.py", line 301, in _tracked_method_render
    return method_render(self, template, values, **options)
  File "/usr/lib/python3/dist-packages/odoo/addons/base/models/ir_qweb.py", line 606, in _render
    result = ''.join(rendering)
  File "<185>", line 264, in template_185
  File "<185>", line 253, in template_185_content
  File "<184>", line 51, in template_184
  File "<184>", line 40, in template_184_content
  File "<1918>", line 1756, in template_1918
odoo.addons.base.models.ir_qweb.QWebException: Error while render the template
KeyError: 'boat'
Template: website.layout
Path: /t/html/body/div[2]/main/section[2]/h1/t
Node: <t t-esc="boat.name"/>
2025-11-09 02:29:11,457 1 INFO odoo-boats-db werkzeug: 172.19.0.1 - - [09/Nov/2025 02:29:11] "GET /web/login HTTP/1.1" 500 - 222 0.081 0.124
2025-11-09 02:29:11,486 1 INFO ? werkzeug: 172.19.0.1 - - [09/Nov/2025 02:29:11] "GET /web/static/lib/bootstrap/dist/css/bootstrap.css HTTP/1.1" 304 - 0 0.000 0.002
2025-11-09 02:29:11,494 1 INFO ? werkzeug: 172.19.0.1 - - [09/Nov/2025 02:29:11] "GET /web/static/lib/jquery/jquery.js HTTP/1.1" 304 - 0 0.000 0.007
2025-11-09 02:29:11,496 1 INFO ? werkzeug: 172.19.0.1 - - [09/Nov/2025 02:29:11] "GET /web/static/lib/bootstrap/js/dist/dom/data.js HTTP/1.1" 304 - 0 0.000 0.006
2025-11-09 02:29:11,502 1 INFO ? werkzeug: 172.19.0.1 - - [09/Nov/2025 02:29:11] "GET /web/static/lib/bootstrap/js/dist/dom/event-handler.js HTTP/1.1" 304 - 0 0.000 0.010
2025-11-09 02:29:11,504 1 INFO ? werkzeug: 172.19.0.1 - - [09/Nov/2025 02:29:11] "GET /web/static/lib/bootstrap/js/dist/dom/manipulator.js HTTP/1.1" 304 - 0 0.000 0.006
2025-11-09 02:29:11,508 1 INFO ? werkzeug: 172.19.0.1 - - [09/Nov/2025 02:29:11] "GET /web/static/lib/bootstrap/js/dist/dom/selector-engine.js HTTP/1.1" 304 - 0 0.000 0.008
2025-11-09 02:29:11,515 1 INFO ? werkzeug: 172.19.0.1 - - [09/Nov/2025 02:29:11] "GET /web/static/lib/bootstrap/js/dist/base-component.js HTTP/1.1" 304 - 0 0.000 0.008
2025-11-09 02:29:11,515 1 INFO ? werkzeug: 172.19.0.1 - - [09/Nov/2025 02:29:11] "GET /web/static/lib/bootstrap/js/dist/modal.js HTTP/1.1" 304 - 0 0.000 0.007
2025-11-09 02:29:11,516 1 INFO ? werkzeug: 172.19.0.1 - - [09/Nov/2025 02:29:11] "GET /web/static/lib/bootstrap/js/dist/collapse.js HTTP/1.1" 304 - 0 0.000 0.005
2025-11-09 02:29:13,493 1 INFO odoo-boats-db werkzeug: 172.19.0.1 - - [09/Nov/2025 02:29:13] "GET /web/service-worker.js HTTP/1.1" 200 - 1 0.001 0.003
2025-11-09 02:29:15,618 1 ERROR odoo-boats-db odoo.http: Exception during request handling. 
Traceback (most recent call last):
  File "<1918>", line 1750, in template_1918
  File "<1918>", line 1573, in template_1918_content
KeyError: 'boat'

The above exception was the direct cause of the following exception:

Traceback (most recent call last):
  File "/usr/lib/python3/dist-packages/odoo/http.py", line 2396, in __call__
    response = request._serve_db()
  File "/usr/lib/python3/dist-packages/odoo/http.py", line 1971, in _serve_db
    return service_model.retrying(self._serve_ir_http, self.env)
  File "/usr/lib/python3/dist-packages/odoo/service/model.py", line 152, in retrying
    result = func()
  File "/usr/lib/python3/dist-packages/odoo/http.py", line 1999, in _serve_ir_http
    response = self.dispatcher.dispatch(rule.endpoint, args)
  File "/usr/lib/python3/dist-packages/odoo/http.py", line 2116, in dispatch
    return self.request.registry['ir.http']._dispatch(endpoint)
  File "/usr/lib/python3/dist-packages/odoo/addons/website/models/ir_http.py", line 235, in _dispatch
    response = super()._dispatch(endpoint)
  File "/usr/lib/python3/dist-packages/odoo/addons/base/models/ir_http.py", line 223, in _dispatch
    result.flatten()
  File "/usr/lib/python3/dist-packages/odoo/tools/facade.py", line 83, in wrap_func
    func(self._wrapped__, *args, **kwargs)
  File "/usr/lib/python3/dist-packages/odoo/http.py", line 1360, in flatten
    self.response.append(self.render())
  File "/usr/lib/python3/dist-packages/odoo/http.py", line 1352, in render
    return request.env["ir.ui.view"]._render_template(self.template, self.qcontext)
  File "/usr/lib/python3/dist-packages/odoo/addons/website/models/ir_ui_view.py", line 446, in _render_template
    return super()._render_template(template, values=values)
  File "/usr/lib/python3/dist-packages/odoo/addons/base/models/ir_ui_view.py", line 2072, in _render_template
    return self.env['ir.qweb']._render(template, values)
  File "/usr/lib/python3/dist-packages/odoo/tools/profiler.py", line 301, in _tracked_method_render
    return method_render(self, template, values, **options)
  File "/usr/lib/python3/dist-packages/odoo/addons/base/models/ir_qweb.py", line 606, in _render
    result = ''.join(rendering)
  File "<1916>", line 39, in template_1916
  File "<1916>", line 28, in template_1916_content
  File "<1918>", line 1756, in template_1918
odoo.addons.base.models.ir_qweb.QWebException: Error while render the template
KeyError: 'boat'
Template: website.layout
Path: /t/html/body/div[2]/main/section[2]/h1/t
Node: <t t-esc="boat.name"/>
2025-11-09 02:29:15,619 1 INFO odoo-boats-db werkzeug: 172.19.0.1 - - [09/Nov/2025 02:29:15] "GET / HTTP/1.1" 500 - 224 0.104 0.155
2025-11-09 02:29:15,646 1 INFO ? werkzeug: 172.19.0.1 - - [09/Nov/2025 02:29:15] "GET /web/static/lib/bootstrap/dist/css/bootstrap.css HTTP/1.1" 304 - 0 0.000 0.001
2025-11-09 02:29:15,651 1 INFO ? werkzeug: 172.19.0.1 - - [09/Nov/2025 02:29:15] "GET /web/static/lib/jquery/jquery.js HTTP/1.1" 304 - 0 0.000 0.002
2025-11-09 02:29:15,660 1 INFO ? werkzeug: 172.19.0.1 - - [09/Nov/2025 02:29:15] "GET /web/static/lib/bootstrap/js/dist/dom/event-handler.js HTTP/1.1" 304 - 0 0.000 0.004
2025-11-09 02:29:15,664 1 INFO ? werkzeug: 172.19.0.1 - - [09/Nov/2025 02:29:15] "GET /web/static/lib/bootstrap/js/dist/dom/manipulator.js HTTP/1.1" 304 - 0 0.000 0.002
2025-11-09 02:29:15,667 1 INFO ? werkzeug: 172.19.0.1 - - [09/Nov/2025 02:29:15] "GET /web/static/lib/bootstrap/js/dist/dom/data.js HTTP/1.1" 304 - 0 0.000 0.014
2025-11-09 02:29:15,672 1 INFO ? werkzeug: 172.19.0.1 - - [09/Nov/2025 02:29:15] "GET /web/static/lib/bootstrap/js/dist/dom/selector-engine.js HTTP/1.1" 304 - 0 0.000 0.006
2025-11-09 02:29:15,676 1 INFO ? werkzeug: 172.19.0.1 - - [09/Nov/2025 02:29:15] "GET /web/static/lib/bootstrap/js/dist/base-component.js HTTP/1.1" 304 - 0 0.000 0.006
2025-11-09 02:29:15,678 1 INFO ? werkzeug: 172.19.0.1 - - [09/Nov/2025 02:29:15] "GET /web/static/lib/bootstrap/js/dist/modal.js HTTP/1.1" 304 - 0 0.000 0.006
2025-11-09 02:29:15,681 1 INFO ? werkzeug: 172.19.0.1 - - [09/Nov/2025 02:29:15] "GET /web/static/lib/bootstrap/js/dist/collapse.js HTTP/1.1" 304 - 0 0.000 0.005
2025-11-09 02:29:20,783 1 INFO odoo-boats-db werkzeug: 127.0.0.1 - - [09/Nov/2025 02:29:20] "GET /web HTTP/1.1" 303 - 1 0.001 0.003
2025-11-09 02:29:30,874 1 INFO odoo-boats-db werkzeug: 127.0.0.1 - - [09/Nov/2025 02:29:30] "GET /web HTTP/1.1" 303 - 1 0.000 0.003
2025-11-09 02:29:34,239 1 INFO odoo-boats-db odoo.service.server: Initiating shutdown 
2025-11-09 02:29:34,239 1 INFO odoo-boats-db odoo.service.server: Hit CTRL-C again or send a second signal to force the shutdown. 
2025-11-09 02:29:34,382 1 INFO odoo-boats-db odoo.sql_db: ConnectionPool(used=0/count=0/max=64): Closed 8 connections  
