2025-11-08 18:12:31,227 1 INFO ? odoo: Odoo version 17.0-20251008 
2025-11-08 18:12:31,227 1 INFO ? odoo: Using configuration file at /etc/odoo/odoo.conf 
2025-11-08 18:12:31,227 1 INFO ? odoo: addons paths: ['/usr/lib/python3/dist-packages/odoo/addons', '/var/lib/odoo/.local/share/Odoo/addons/17.0', '/mnt/extra-addons/custom', '/mnt/extra-addons/third-party'] 
2025-11-08 18:12:31,227 1 INFO ? odoo: database: odoo@odoo-boats-db:5432 
2025-11-08 18:12:31,352 1 INFO ? odoo.addons.base.models.ir_actions_report: Will use the Wkhtmltopdf binary at /usr/local/bin/wkhtmltopdf 
2025-11-08 18:12:31,615 1 INFO ? odoo.service.server: HTTP service (werkzeug) running on 88c421bfdfed:8069 
2025-11-08 18:12:31,629 1 INFO odoo-boats-db odoo.modules.loading: loading 1 modules... 
2025-11-08 18:12:31,633 1 INFO odoo-boats-db odoo.modules.loading: 1 modules loaded in 0.00s, 0 queries (+0 extra) 
2025-11-08 18:12:31,694 1 INFO odoo-boats-db odoo.modules.loading: loading 62 modules... 
2025-11-08 18:12:32,532 1 INFO odoo-boats-db odoo.modules.loading: 62 modules loaded in 0.84s, 0 queries (+0 extra) 
2025-11-08 18:12:32,613 1 INFO odoo-boats-db odoo.modules.loading: Modules loaded. 
2025-11-08 18:12:32,619 1 INFO odoo-boats-db odoo.modules.registry: Registry loaded in 1.005s 
2025-11-08 18:12:35,095 1 INFO odoo-boats-db odoo.addons.base.models.ir_http: Generating routing map for key 1 
2025-11-08 18:12:35,144 1 INFO odoo-boats-db werkzeug: 172.19.0.1 - - [08/Nov/2025 18:12:35] "GET /websocket?version=17.0-1 HTTP/1.1" 101 - 11 0.011 0.048
2025-11-08 18:12:35,501 1 INFO ? odoo.addons.bus.models.bus: Bus.loop listen imbus on db postgres 
2025-11-08 18:12:38,578 1 ERROR odoo-boats-db odoo.addons.base.models.ir_model: Missing model boat.taxonomy.category 
2025-11-08 18:12:38,578 1 ERROR odoo-boats-db odoo.addons.base.models.ir_model: Missing model boat.boat 
2025-11-08 18:12:38,578 1 ERROR odoo-boats-db odoo.addons.base.models.ir_model: Missing model boat.location 
2025-11-08 18:12:38,578 1 ERROR odoo-boats-db odoo.addons.base.models.ir_model: Missing model boat.boat 
2025-11-08 18:12:38,578 1 ERROR odoo-boats-db odoo.addons.base.models.ir_model: Missing model boat.taxonomy 
2025-11-08 18:12:38,578 1 ERROR odoo-boats-db odoo.addons.base.models.ir_model: Missing model boat.amenity 
2025-11-08 18:12:38,895 1 INFO odoo-boats-db werkzeug: 172.19.0.1 - - [08/Nov/2025 18:12:38] "GET /web HTTP/1.1" 200 - 72 0.040 0.305
2025-11-08 18:12:39,886 1 INFO odoo-boats-db werkzeug: 172.19.0.1 - - [08/Nov/2025 18:12:39] "GET /web/assets/debug/web.assets_web.css HTTP/1.1" 304 - 20 0.024 0.945
2025-11-08 18:12:39,952 1 INFO odoo-boats-db werkzeug: 172.19.0.1 - - [08/Nov/2025 18:12:39] "GET /web/assets/debug/web.assets_web.js HTTP/1.1" 200 - 20 0.079 0.950
2025-11-08 18:12:40,127 1 INFO odoo-boats-db werkzeug: 172.19.0.1 - - [08/Nov/2025 18:12:40] "GET /bus/websocket_worker_bundle?v=17.0-1 HTTP/1.1" 304 - 5 0.008 0.015
2025-11-08 18:12:40,139 1 INFO odoo-boats-db werkzeug: 172.19.0.1 - - [08/Nov/2025 18:12:40] "POST /web/action/load HTTP/1.1" 200 - 12 0.022 0.017
2025-11-08 18:12:40,198 1 INFO odoo-boats-db werkzeug: 172.19.0.1 - - [08/Nov/2025 18:12:40] "GET /web/image?model=res.users&field=avatar_128&id=2 HTTP/1.1" 304 - 8 0.022 0.022
2025-11-08 18:12:40,206 1 INFO odoo-boats-db werkzeug: 172.19.0.1 - - [08/Nov/2025 18:12:40] "GET /websocket?version=17.0-1 HTTP/1.1" 101 - 1 0.004 0.027
2025-11-08 18:12:40,213 1 INFO odoo-boats-db werkzeug: 172.19.0.1 - - [08/Nov/2025 18:12:40] "POST /web/dataset/call_kw/res.users/systray_get_activities HTTP/1.1" 200 - 20 0.043 0.029
2025-11-08 18:12:40,252 1 INFO odoo-boats-db werkzeug: 172.19.0.1 - - [08/Nov/2025 18:12:40] "POST /mail/init_messaging HTTP/1.1" 200 - 56 0.094 0.045
2025-11-08 18:12:40,282 1 INFO odoo-boats-db werkzeug: 172.19.0.1 - - [08/Nov/2025 18:12:40] "POST /mail/load_message_failures HTTP/1.1" 200 - 10 0.010 0.013
2025-11-08 18:12:40,288 1 INFO odoo-boats-db werkzeug: 172.19.0.1 - - [08/Nov/2025 18:12:40] "POST /web/dataset/call_kw/ir.module.module/get_views HTTP/1.1" 200 - 47 0.056 0.062
2025-11-08 18:12:40,308 1 INFO odoo-boats-db werkzeug: 172.19.0.1 - - [08/Nov/2025 18:12:40] "POST /web/dataset/call_kw/ir.module.module/search_panel_select_range HTTP/1.1" 200 - 1 0.001 0.006
2025-11-08 18:12:40,348 1 INFO odoo-boats-db werkzeug: 172.19.0.1 - - [08/Nov/2025 18:12:40] "POST /web/dataset/call_kw/ir.module.module/search_panel_select_range HTTP/1.1" 200 - 40 0.025 0.019
2025-11-08 18:12:40,364 1 INFO odoo-boats-db werkzeug: 172.19.0.1 - - [08/Nov/2025 18:12:40] "POST /web/dataset/call_kw/ir.module.module/web_search_read HTTP/1.1" 200 - 4 0.004 0.054
2025-11-08 18:12:40,403 1 INFO odoo-boats-db werkzeug: 127.0.0.1 - - [08/Nov/2025 18:12:40] "GET /web HTTP/1.1" 303 - 3 0.001 0.004
2025-11-08 18:12:41,995 1 INFO odoo-boats-db werkzeug: 172.19.0.1 - - [08/Nov/2025 18:12:41] "GET /web/service-worker.js HTTP/1.1" 200 - 1 0.001 0.005
2025-11-08 18:12:42,575 1 INFO odoo-boats-db werkzeug: 172.19.0.1 - - [08/Nov/2025 18:12:42] "POST /web/action/load HTTP/1.1" 200 - 8 0.004 0.006
2025-11-08 18:12:42,602 1 INFO odoo-boats-db werkzeug: 172.19.0.1 - - [08/Nov/2025 18:12:42] "POST /web/dataset/call_kw/base.module.update/get_views HTTP/1.1" 200 - 9 0.004 0.008
2025-11-08 18:12:42,614 1 INFO odoo-boats-db werkzeug: 172.19.0.1 - - [08/Nov/2025 18:12:42] "POST /web/dataset/call_kw/base.module.update/onchange HTTP/1.1" 200 - 2 0.001 0.003
2025-11-08 18:12:43,763 1 INFO odoo-boats-db werkzeug: 172.19.0.1 - - [08/Nov/2025 18:12:43] "POST /web/dataset/call_kw/base.module.update/web_save HTTP/1.1" 200 - 5 0.004 0.007
2025-11-08 18:12:43,781 1 INFO odoo-boats-db odoo.addons.base.models.ir_module: ALLOW access to module.update_list on [] to user admin #2 via 172.19.0.1 
2025-11-08 18:12:44,551 1 INFO odoo-boats-db odoo.modules.registry: Caches invalidated, signaling through the database: ['templates'] 
2025-11-08 18:12:44,553 1 INFO odoo-boats-db werkzeug: 172.19.0.1 - - [08/Nov/2025 18:12:44] "POST /web/dataset/call_button HTTP/1.1" 200 - 1711 0.461 0.316
2025-11-08 18:12:46,332 1 INFO odoo-boats-db werkzeug: 172.19.0.1 - - [08/Nov/2025 18:12:46] "POST /web/dataset/call_kw/ir.module.module/search_panel_select_range HTTP/1.1" 200 - 38 0.014 0.013
2025-11-08 18:12:46,361 1 INFO odoo-boats-db werkzeug: 172.19.0.1 - - [08/Nov/2025 18:12:46] "POST /web/dataset/call_kw/ir.module.module/web_search_read HTTP/1.1" 200 - 4 0.003 0.018
2025-11-08 18:12:46,432 1 INFO ? werkzeug: 172.19.0.1 - - [08/Nov/2025 18:12:46] "GET /base/static/description/icon.png HTTP/1.1" 304 - 0 0.000 0.001
2025-11-08 18:12:47,853 1 INFO odoo-boats-db werkzeug: 172.19.0.1 - - [08/Nov/2025 18:12:47] "POST /web/dataset/call_kw/ir.module.module/search_panel_select_range HTTP/1.1" 200 - 38 0.030 0.023
2025-11-08 18:12:47,873 1 INFO odoo-boats-db werkzeug: 172.19.0.1 - - [08/Nov/2025 18:12:47] "POST /web/dataset/call_kw/ir.module.module/web_search_read HTTP/1.1" 200 - 3 0.004 0.007
2025-11-08 18:12:49,676 1 INFO odoo-boats-db odoo.addons.base.models.ir_module: ALLOW access to module.button_immediate_install on ['Boat Core'] to user admin #2 via 172.19.0.1 
2025-11-08 18:12:49,676 1 INFO odoo-boats-db odoo.addons.base.models.ir_module: User #2 triggered module installation 
2025-11-08 18:12:49,677 1 INFO odoo-boats-db odoo.addons.base.models.ir_module: ALLOW access to module.button_install on ['Boat Core'] to user admin #2 via 172.19.0.1 
2025-11-08 18:12:49,726 1 INFO odoo-boats-db odoo.modules.loading: loading 1 modules... 
2025-11-08 18:12:49,730 1 INFO odoo-boats-db odoo.modules.loading: 1 modules loaded in 0.00s, 0 queries (+0 extra) 
2025-11-08 18:12:49,745 1 INFO odoo-boats-db odoo.modules.loading: updating modules list 
2025-11-08 18:12:49,746 1 INFO odoo-boats-db odoo.addons.base.models.ir_module: ALLOW access to module.update_list on [] to user __system__ #1 via 172.19.0.1 
2025-11-08 18:12:50,223 1 INFO odoo-boats-db odoo.modules.loading: loading 62 modules... 
2025-11-08 18:12:50,254 1 INFO odoo-boats-db odoo.modules.loading: 62 modules loaded in 0.03s, 0 queries (+0 extra) 
2025-11-08 18:12:50,256 1 INFO odoo-boats-db odoo.modules.loading: loading 63 modules... 
2025-11-08 18:12:50,257 1 INFO odoo-boats-db odoo.modules.loading: Loading module boat_core (10/63) 
2025-11-08 18:12:50,347 1 INFO odoo-boats-db odoo.modules.registry: module boat_core: creating or updating database tables 
2025-11-08 18:12:50,710 1 INFO odoo-boats-db odoo.modules.loading: loading boat_core/security/ir.model.access.csv 
2025-11-08 18:12:50,718 1 WARNING odoo-boats-db odoo.addons.base.models.ir_model: Rule Boat admin has no group, this is a deprecated feature. Every access-granting rule should specify a group. 
2025-11-08 18:12:50,722 1 INFO odoo-boats-db odoo.modules.loading: loading boat_core/views/boat_boat_views.xml 
2025-11-08 18:12:50,752 1 WARNING odoo-boats-db odoo.modules.loading: Transient module states were reset 
2025-11-08 18:12:50,754 1 ERROR odoo-boats-db odoo.modules.registry: Failed to load registry 
Traceback (most recent call last):
  File "/usr/lib/python3/dist-packages/odoo/tools/cache.py", line 99, in lookup
    r = d[key]
  File "<decorator-gen-5>", line 2, in __getitem__
  File "/usr/lib/python3/dist-packages/odoo/tools/func.py", line 87, in locked
    return func(inst, *args, **kwargs)
  File "/usr/lib/python3/dist-packages/odoo/tools/lru.py", line 34, in __getitem__
    a = self.d[obj]
KeyError: ('ir.model.data', <function IrModelData._xmlid_lookup at 0x7b388a89d090>, 'boat_core.action_boat_items')

During handling of the above exception, another exception occurred:

Traceback (most recent call last):
  File "/usr/lib/python3/dist-packages/odoo/tools/convert.py", line 564, in _tag_root
    f(rec)
  File "/usr/lib/python3/dist-packages/odoo/tools/convert.py", line 312, in _tag_menuitem
    act = self.env.ref(a_action).sudo()
  File "/usr/lib/python3/dist-packages/odoo/api.py", line 596, in ref
    res_model, res_id = self['ir.model.data']._xmlid_to_res_model_res_id(
  File "/usr/lib/python3/dist-packages/odoo/addons/base/models/ir_model.py", line 2205, in _xmlid_to_res_model_res_id
    return self._xmlid_lookup(xmlid)
  File "<decorator-gen-43>", line 2, in _xmlid_lookup
  File "/usr/lib/python3/dist-packages/odoo/tools/cache.py", line 104, in lookup
    value = d[key] = self.method(*args, **kwargs)
  File "/usr/lib/python3/dist-packages/odoo/addons/base/models/ir_model.py", line 2198, in _xmlid_lookup
    raise ValueError('External ID not found in the system: %s' % xmlid)
ValueError: External ID not found in the system: boat_core.action_boat_items

The above exception was the direct cause of the following exception:

Traceback (most recent call last):
  File "/usr/lib/python3/dist-packages/odoo/modules/registry.py", line 110, in new
    odoo.modules.load_modules(registry, force_demo, status, update_module)
  File "/usr/lib/python3/dist-packages/odoo/modules/loading.py", line 485, in load_modules
    processed_modules += load_marked_modules(env, graph,
  File "/usr/lib/python3/dist-packages/odoo/modules/loading.py", line 366, in load_marked_modules
    loaded, processed = load_module_graph(
  File "/usr/lib/python3/dist-packages/odoo/modules/loading.py", line 229, in load_module_graph
    load_data(env, idref, mode, kind='data', package=package)
  File "/usr/lib/python3/dist-packages/odoo/modules/loading.py", line 73, in load_data
    tools.convert_file(env, package.name, filename, idref, mode, noupdate, kind)
  File "/usr/lib/python3/dist-packages/odoo/tools/convert.py", line 635, in convert_file
    convert_xml_import(env, module, fp, idref, mode, noupdate)
  File "/usr/lib/python3/dist-packages/odoo/tools/convert.py", line 701, in convert_xml_import
    obj.parse(doc.getroot())
  File "/usr/lib/python3/dist-packages/odoo/tools/convert.py", line 621, in parse
    self._tag_root(de)
  File "/usr/lib/python3/dist-packages/odoo/tools/convert.py", line 577, in _tag_root
    raise ParseError('while parsing %s:%s, somewhere inside\n%s' % (
odoo.tools.convert.ParseError: while parsing /mnt/extra-addons/custom/boat_core/views/boat_boat_views.xml:52, somewhere inside
<menuitem id="menu_boat_items" name="Boats" parent="menu_boat_backend_root" action="action_boat_items"/>
2025-11-08 18:12:50,765 1 INFO odoo-boats-db odoo.modules.loading: loading 1 modules... 
2025-11-08 18:12:50,770 1 INFO odoo-boats-db odoo.modules.loading: 1 modules loaded in 0.01s, 0 queries (+0 extra) 
2025-11-08 18:12:50,774 1 INFO odoo-boats-db odoo.modules.loading: loading 62 modules... 
2025-11-08 18:12:50,801 1 INFO odoo-boats-db odoo.modules.loading: 62 modules loaded in 0.03s, 0 queries (+0 extra) 
2025-11-08 18:12:50,890 1 INFO odoo-boats-db odoo.modules.loading: Modules loaded. 
2025-11-08 18:12:50,893 1 INFO odoo-boats-db odoo.modules.registry: Registry loaded in 0.131s 
2025-11-08 18:12:50,898 1 INFO odoo-boats-db odoo.addons.base.models.ir_http: Generating routing map for key 1 
2025-11-08 18:12:50,916 1 ERROR odoo-boats-db odoo.http: Exception during request handling. 
Traceback (most recent call last):
  File "/usr/lib/python3/dist-packages/odoo/tools/cache.py", line 99, in lookup
    r = d[key]
  File "<decorator-gen-5>", line 2, in __getitem__
  File "/usr/lib/python3/dist-packages/odoo/tools/func.py", line 87, in locked
    return func(inst, *args, **kwargs)
  File "/usr/lib/python3/dist-packages/odoo/tools/lru.py", line 34, in __getitem__
    a = self.d[obj]
KeyError: ('ir.model.data', <function IrModelData._xmlid_lookup at 0x7b388a89d090>, 'boat_core.action_boat_items')

During handling of the above exception, another exception occurred:

Traceback (most recent call last):
  File "/usr/lib/python3/dist-packages/odoo/tools/convert.py", line 564, in _tag_root
    f(rec)
  File "/usr/lib/python3/dist-packages/odoo/tools/convert.py", line 312, in _tag_menuitem
    act = self.env.ref(a_action).sudo()
  File "/usr/lib/python3/dist-packages/odoo/api.py", line 596, in ref
    res_model, res_id = self['ir.model.data']._xmlid_to_res_model_res_id(
  File "/usr/lib/python3/dist-packages/odoo/addons/base/models/ir_model.py", line 2205, in _xmlid_to_res_model_res_id
    return self._xmlid_lookup(xmlid)
  File "<decorator-gen-43>", line 2, in _xmlid_lookup
  File "/usr/lib/python3/dist-packages/odoo/tools/cache.py", line 104, in lookup
    value = d[key] = self.method(*args, **kwargs)
  File "/usr/lib/python3/dist-packages/odoo/addons/base/models/ir_model.py", line 2198, in _xmlid_lookup
    raise ValueError('External ID not found in the system: %s' % xmlid)
ValueError: External ID not found in the system: boat_core.action_boat_items

The above exception was the direct cause of the following exception:

Traceback (most recent call last):
  File "/usr/lib/python3/dist-packages/odoo/http.py", line 2396, in __call__
    response = request._serve_db()
  File "/usr/lib/python3/dist-packages/odoo/http.py", line 1971, in _serve_db
    return service_model.retrying(self._serve_ir_http, self.env)
  File "/usr/lib/python3/dist-packages/odoo/service/model.py", line 152, in retrying
    result = func()
  File "/usr/lib/python3/dist-packages/odoo/http.py", line 1999, in _serve_ir_http
    response = self.dispatcher.dispatch(rule.endpoint, args)
  File "/usr/lib/python3/dist-packages/odoo/http.py", line 2203, in dispatch
    result = self.request.registry['ir.http']._dispatch(endpoint)
  File "/usr/lib/python3/dist-packages/odoo/addons/website/models/ir_http.py", line 235, in _dispatch
    response = super()._dispatch(endpoint)
  File "/usr/lib/python3/dist-packages/odoo/addons/base/models/ir_http.py", line 221, in _dispatch
    result = endpoint(**request.params)
  File "/usr/lib/python3/dist-packages/odoo/http.py", line 786, in route_wrapper
    result = endpoint(self, *args, **params_ok)
  File "/usr/lib/python3/dist-packages/odoo/addons/web/controllers/dataset.py", line 29, in call_button
    action = self._call_kw(model, method, args, kwargs)
  File "/usr/lib/python3/dist-packages/odoo/addons/web/controllers/dataset.py", line 21, in _call_kw
    return call_kw(Model, method, args, kwargs)
  File "/usr/lib/python3/dist-packages/odoo/api.py", line 484, in call_kw
    result = _call_kw_multi(method, model, args, kwargs)
  File "/usr/lib/python3/dist-packages/odoo/api.py", line 469, in _call_kw_multi
    result = method(recs, *args, **kwargs)
  File "<decorator-gen-77>", line 2, in button_immediate_install
  File "/usr/lib/python3/dist-packages/odoo/addons/base/models/ir_module.py", line 75, in check_and_log
    return method(self, *args, **kwargs)
  File "/usr/lib/python3/dist-packages/odoo/addons/base/models/ir_module.py", line 476, in button_immediate_install
    return self._button_immediate_function(self.env.registry[self._name].button_install)
  File "/usr/lib/python3/dist-packages/odoo/addons/base/models/ir_module.py", line 600, in _button_immediate_function
    registry = modules.registry.Registry.new(self._cr.dbname, update_module=True)
  File "<decorator-gen-16>", line 2, in new
  File "/usr/lib/python3/dist-packages/odoo/tools/func.py", line 87, in locked
    return func(inst, *args, **kwargs)
  File "/usr/lib/python3/dist-packages/odoo/modules/registry.py", line 110, in new
    odoo.modules.load_modules(registry, force_demo, status, update_module)
  File "/usr/lib/python3/dist-packages/odoo/modules/loading.py", line 485, in load_modules
    processed_modules += load_marked_modules(env, graph,
  File "/usr/lib/python3/dist-packages/odoo/modules/loading.py", line 366, in load_marked_modules
    loaded, processed = load_module_graph(
  File "/usr/lib/python3/dist-packages/odoo/modules/loading.py", line 229, in load_module_graph
    load_data(env, idref, mode, kind='data', package=package)
  File "/usr/lib/python3/dist-packages/odoo/modules/loading.py", line 73, in load_data
    tools.convert_file(env, package.name, filename, idref, mode, noupdate, kind)
  File "/usr/lib/python3/dist-packages/odoo/tools/convert.py", line 635, in convert_file
    convert_xml_import(env, module, fp, idref, mode, noupdate)
  File "/usr/lib/python3/dist-packages/odoo/tools/convert.py", line 701, in convert_xml_import
    obj.parse(doc.getroot())
  File "/usr/lib/python3/dist-packages/odoo/tools/convert.py", line 621, in parse
    self._tag_root(de)
  File "/usr/lib/python3/dist-packages/odoo/tools/convert.py", line 577, in _tag_root
    raise ParseError('while parsing %s:%s, somewhere inside\n%s' % (
odoo.tools.convert.ParseError: while parsing /mnt/extra-addons/custom/boat_core/views/boat_boat_views.xml:52, somewhere inside
<menuitem id="menu_boat_items" name="Boats" parent="menu_boat_backend_root" action="action_boat_items"/>
2025-11-08 18:12:50,917 1 INFO odoo-boats-db werkzeug: 172.19.0.1 - - [08/Nov/2025 18:12:50] "POST /web/dataset/call_button HTTP/1.1" 200 - 1717 0.589 0.659
2025-11-08 18:12:50,918 1 INFO odoo-boats-db werkzeug: 127.0.0.1 - - [08/Nov/2025 18:12:50] "GET /web HTTP/1.1" 303 - 8 0.005 0.433
2025-11-08 18:13:01,007 1 INFO odoo-boats-db werkzeug: 127.0.0.1 - - [08/Nov/2025 18:13:01] "GET /web HTTP/1.1" 303 - 1 0.001 0.003
2025-11-08 18:13:11,079 1 INFO odoo-boats-db werkzeug: 127.0.0.1 - - [08/Nov/2025 18:13:11] "GET /web HTTP/1.1" 303 - 1 0.001 0.003
2025-11-08 18:13:21,145 1 INFO odoo-boats-db werkzeug: 127.0.0.1 - - [08/Nov/2025 18:13:21] "GET /web HTTP/1.1" 303 - 1 0.001 0.004
2025-11-08 18:13:31,222 1 INFO odoo-boats-db werkzeug: 127.0.0.1 - - [08/Nov/2025 18:13:31] "GET /web HTTP/1.1" 303 - 1 0.001 0.003
2025-11-08 18:13:41,319 1 INFO odoo-boats-db werkzeug: 127.0.0.1 - - [08/Nov/2025 18:13:41] "GET /web HTTP/1.1" 303 - 1 0.002 0.004
2025-11-08 18:13:51,406 1 INFO odoo-boats-db werkzeug: 127.0.0.1 - - [08/Nov/2025 18:13:51] "GET /web HTTP/1.1" 303 - 1 0.000 0.003
2025-11-08 18:14:01,475 1 INFO odoo-boats-db werkzeug: 127.0.0.1 - - [08/Nov/2025 18:14:01] "GET /web HTTP/1.1" 303 - 1 0.000 0.003
2025-11-08 18:14:11,560 1 INFO odoo-boats-db werkzeug: 127.0.0.1 - - [08/Nov/2025 18:14:11] "GET /web HTTP/1.1" 303 - 1 0.000 0.003
2025-11-08 18:14:21,644 1 INFO odoo-boats-db werkzeug: 127.0.0.1 - - [08/Nov/2025 18:14:21] "GET /web HTTP/1.1" 303 - 1 0.001 0.003
2025-11-08 18:14:31,733 1 INFO odoo-boats-db werkzeug: 127.0.0.1 - - [08/Nov/2025 18:14:31] "GET /web HTTP/1.1" 303 - 1 0.000 0.003
2025-11-08 18:14:41,822 1 INFO odoo-boats-db werkzeug: 127.0.0.1 - - [08/Nov/2025 18:14:41] "GET /web HTTP/1.1" 303 - 1 0.000 0.003
2025-11-08 18:14:51,902 1 INFO odoo-boats-db werkzeug: 127.0.0.1 - - [08/Nov/2025 18:14:51] "GET /web HTTP/1.1" 303 - 1 0.000 0.002
2025-11-08 18:15:01,979 1 INFO odoo-boats-db werkzeug: 127.0.0.1 - - [08/Nov/2025 18:15:01] "GET /web HTTP/1.1" 303 - 1 0.000 0.003
2025-11-08 18:15:12,051 1 INFO odoo-boats-db werkzeug: 127.0.0.1 - - [08/Nov/2025 18:15:12] "GET /web HTTP/1.1" 303 - 1 0.001 0.004
2025-11-08 18:15:22,153 1 INFO odoo-boats-db werkzeug: 127.0.0.1 - - [08/Nov/2025 18:15:22] "GET /web HTTP/1.1" 303 - 1 0.000 0.003
2025-11-08 18:15:32,237 1 INFO odoo-boats-db werkzeug: 127.0.0.1 - - [08/Nov/2025 18:15:32] "GET /web HTTP/1.1" 303 - 1 0.001 0.002
2025-11-08 18:15:42,306 1 INFO odoo-boats-db werkzeug: 127.0.0.1 - - [08/Nov/2025 18:15:42] "GET /web HTTP/1.1" 303 - 1 0.001 0.003
2025-11-08 18:15:52,371 1 INFO odoo-boats-db werkzeug: 127.0.0.1 - - [08/Nov/2025 18:15:52] "GET /web HTTP/1.1" 303 - 1 0.001 0.004
2025-11-08 18:16:02,477 1 INFO odoo-boats-db werkzeug: 127.0.0.1 - - [08/Nov/2025 18:16:02] "GET /web HTTP/1.1" 303 - 1 0.001 0.003
2025-11-08 18:16:12,565 1 INFO odoo-boats-db werkzeug: 127.0.0.1 - - [08/Nov/2025 18:16:12] "GET /web HTTP/1.1" 303 - 1 0.000 0.002
2025-11-08 18:16:21,112 1 INFO odoo-boats-db werkzeug: 172.19.0.1 - - [08/Nov/2025 18:16:21] "GET /websocket?version=17.0-1 HTTP/1.1" 101 - 4 0.002 0.011
2025-11-08 18:16:22,670 1 INFO odoo-boats-db werkzeug: 127.0.0.1 - - [08/Nov/2025 18:16:22] "GET /web HTTP/1.1" 303 - 1 0.001 0.003
2025-11-08 18:16:32,776 1 INFO odoo-boats-db werkzeug: 127.0.0.1 - - [08/Nov/2025 18:16:32] "GET /web HTTP/1.1" 303 - 1 0.001 0.004
2025-11-08 18:16:32,883 1 INFO odoo-boats-db odoo.addons.base.models.ir_cron: Starting job `Mail: Fetchmail Service`. 
2025-11-08 18:16:32,898 1 INFO odoo-boats-db odoo.addons.mail.models.fetchmail: start checking for new emails on imap server mail.yayboat.com 
2025-11-08 18:16:33,373 1 INFO odoo-boats-db odoo.addons.mail.models.fetchmail: Fetched 0 email(s) on imap server mail.yayboat.com; 0 succeeded, 0 failed. 
2025-11-08 18:16:33,425 1 INFO odoo-boats-db odoo.addons.base.models.ir_cron: Job done: `Mail: Fetchmail Service` (0.542s). 
2025-11-08 18:16:42,840 1 INFO odoo-boats-db werkzeug: 127.0.0.1 - - [08/Nov/2025 18:16:42] "GET /web HTTP/1.1" 303 - 1 0.000 0.003
2025-11-08 18:16:52,919 1 INFO odoo-boats-db werkzeug: 127.0.0.1 - - [08/Nov/2025 18:16:52] "GET /web HTTP/1.1" 303 - 1 0.001 0.005
2025-11-08 18:17:03,014 1 INFO odoo-boats-db werkzeug: 127.0.0.1 - - [08/Nov/2025 18:17:03] "GET /web HTTP/1.1" 303 - 1 0.000 0.003
2025-11-08 18:17:13,096 1 INFO odoo-boats-db werkzeug: 127.0.0.1 - - [08/Nov/2025 18:17:13] "GET /web HTTP/1.1" 303 - 1 0.000 0.003
2025-11-08 18:17:20,674 1 INFO odoo-boats-db odoo.service.server: Initiating shutdown 
2025-11-08 18:17:20,675 1 INFO odoo-boats-db odoo.service.server: Hit CTRL-C again or send a second signal to force the shutdown. 
2025-11-08 18:17:21,191 1 INFO odoo-boats-db odoo.sql_db: ConnectionPool(used=0/count=0/max=64): Closed 7 connections  
