2025-11-06 03:03:51,240 1 INFO ? odoo: Odoo version 17.0-20251008 
2025-11-06 03:03:51,240 1 INFO ? odoo: Using configuration file at /etc/odoo/odoo.conf 
2025-11-06 03:03:51,240 1 INFO ? odoo: addons paths: ['/usr/lib/python3/dist-packages/odoo/addons', '/var/lib/odoo/.local/share/Odoo/addons/17.0', '/mnt/extra-addons/custom', '/mnt/extra-addons/third-party'] 
2025-11-06 03:03:51,240 1 INFO ? odoo: database: odoo@odoo-boats-db:5432 
2025-11-06 03:03:51,376 1 INFO ? odoo.addons.base.models.ir_actions_report: Will use the Wkhtmltopdf binary at /usr/local/bin/wkhtmltopdf 
2025-11-06 03:03:51,671 1 INFO ? odoo.service.server: HTTP service (werkzeug) running on 92fe60fa8407:8069 
2025-11-06 03:03:51,738 1 INFO odoo-boats-db odoo.modules.loading: loading 1 modules... 
2025-11-06 03:03:51,742 1 INFO odoo-boats-db odoo.modules.loading: 1 modules loaded in 0.00s, 0 queries (+0 extra) 
2025-11-06 03:03:51,797 1 INFO odoo-boats-db odoo.modules.loading: loading 62 modules... 
2025-11-06 03:03:52,646 1 INFO odoo-boats-db odoo.modules.loading: 62 modules loaded in 0.85s, 0 queries (+0 extra) 
2025-11-06 03:03:52,749 1 INFO odoo-boats-db odoo.modules.loading: Modules loaded. 
2025-11-06 03:03:52,759 1 INFO odoo-boats-db odoo.modules.registry: Registry loaded in 1.088s 
2025-11-06 03:04:00,490 1 INFO odoo-boats-db odoo.addons.base.models.ir_http: Generating routing map for key 1 
2025-11-06 03:04:00,537 1 INFO odoo-boats-db werkzeug: 127.0.0.1 - - [06/Nov/2025 03:04:00] "GET /web HTTP/1.1" 303 - 8 0.023 0.039
2025-11-06 03:04:05,213 1 ERROR odoo-boats-db odoo.addons.base.models.ir_model: Missing model boat.taxonomy.category 
2025-11-06 03:04:05,214 1 ERROR odoo-boats-db odoo.addons.base.models.ir_model: Missing model boat.taxonomy 
2025-11-06 03:04:05,214 1 ERROR odoo-boats-db odoo.addons.base.models.ir_model: Missing model boat.amenity 
2025-11-06 03:04:05,391 1 ERROR odoo-boats-db odoo.sql_db: bad query: SELECT "res_partner"."id", "res_partner"."website_meta_og_img", "res_partner"."seo_name"->>'en_US', "res_partner"."website_id", "res_partner"."is_published", "res_partner"."email_normalized", "res_partner"."message_bounce", "res_partner"."name", "res_partner"."complete_name", "res_partner"."date", "res_partner"."title", "res_partner"."parent_id", "res_partner"."ref", "res_partner"."lang", "res_partner"."tz", "res_partner"."user_id", "res_partner"."vat", "res_partner"."company_registry", "res_partner"."website", "res_partner"."comment", "res_partner"."active", "res_partner"."employee", "res_partner"."function", "res_partner"."type", "res_partner"."street", "res_partner"."street2", "res_partner"."zip", "res_partner"."city", "res_partner"."state_id", "res_partner"."country_id", "res_partner"."partner_latitude", "res_partner"."partner_longitude", "res_partner"."email", "res_partner"."phone", "res_partner"."mobile", "res_partner"."is_company", "res_partner"."industry_id", "res_partner"."company_id", "res_partner"."color", "res_partner"."partner_share", "res_partner"."commercial_partner_id", "res_partner"."commercial_company_name", "res_partner"."company_name", "res_partner"."create_uid", "res_partner"."create_date", "res_partner"."write_uid", "res_partner"."write_date", "res_partner"."signup_type", "res_partner"."signup_expiration", "res_partner"."is_boat_owner", "res_partner"."is_boat_guest", "res_partner"."boat_count", "res_partner"."owner_commission_rate", "res_partner"."total_bookings", "res_partner"."total_revenue", "res_partner"."team_id", "res_partner"."partner_gid", "res_partner"."additional_info", "res_partner"."phone_sanitized", "res_partner"."debit_limit", "res_partner"."last_time_entries_checked", "res_partner"."invoice_warn", "res_partner"."invoice_warn_msg", "res_partner"."supplier_rank", "res_partner"."customer_rank", "res_partner"."ubl_cii_format", "res_partner"."peppol_endpoint", "res_partner"."peppol_eas", "res_partner"."website_description"->>'en_US', "res_partner"."website_short_description"->>'en_US', "res_partner"."sale_warn", "res_partner"."sale_warn_msg" FROM "res_partner" WHERE ("res_partner"."id" IN (3))
ERROR: column res_partner.is_boat_owner does not exist
LINE 1: ..."signup_type", "res_partner"."signup_expiration", "res_partn...
                                                             ^
 
2025-11-06 03:04:05,431 1 ERROR odoo-boats-db odoo.http: Exception during request handling. 
Traceback (most recent call last):
  File "<432>", line 120, in template_432_t_nocache_0
  File "/usr/lib/python3/dist-packages/odoo/fields.py", line 1219, in __get__
    self.compute_value(recs)
  File "/usr/lib/python3/dist-packages/odoo/fields.py", line 1401, in compute_value
    records._compute_field_value(self)
  File "/usr/lib/python3/dist-packages/odoo/models.py", line 4923, in _compute_field_value
    fields.determine(field.compute, self)
  File "/usr/lib/python3/dist-packages/odoo/fields.py", line 105, in determine
    return needle(records, *args)
  File "/usr/lib/python3/dist-packages/odoo/fields.py", line 707, in _compute_related
    record[self.name] = self._process_related(value[self.related_field.name], record.env)
  File "/usr/lib/python3/dist-packages/odoo/models.py", line 6695, in __getitem__
    return self._fields[key].__get__(self, self.env.registry[self._name])
  File "/usr/lib/python3/dist-packages/odoo/fields.py", line 1182, in __get__
    recs._fetch_field(self)
  File "/usr/lib/python3/dist-packages/odoo/models.py", line 3824, in _fetch_field
    self.fetch(fnames)
  File "/usr/lib/python3/dist-packages/odoo/models.py", line 3874, in fetch
    fetched = self._fetch_query(query, fields_to_fetch)
  File "/usr/lib/python3/dist-packages/odoo/models.py", line 3966, in _fetch_query
    self.env.cr.execute(query.select(*sql_terms))
  File "/usr/lib/python3/dist-packages/odoo/sql_db.py", line 335, in execute
    res = self._obj.execute(query, params)
psycopg2.errors.UndefinedColumn: column res_partner.is_boat_owner does not exist
LINE 1: ..."signup_type", "res_partner"."signup_expiration", "res_partn...
                                                             ^


The above exception was the direct cause of the following exception:

Traceback (most recent call last):
  File "/usr/lib/python3/dist-packages/odoo/http.py", line 2396, in __call__
    response = request._serve_db()
  File "/usr/lib/python3/dist-packages/odoo/http.py", line 1971, in _serve_db
    return service_model.retrying(self._serve_ir_http, self.env)
  File "/usr/lib/python3/dist-packages/odoo/service/model.py", line 152, in retrying
    result = func()
  File "/usr/lib/python3/dist-packages/odoo/http.py", line 1999, in _serve_ir_http
    response = self.dispatcher.dispatch(rule.endpoint, args)
  File "/usr/lib/python3/dist-packages/odoo/http.py", line 2116, in dispatch
    return self.request.registry['ir.http']._dispatch(endpoint)
  File "/usr/lib/python3/dist-packages/odoo/addons/website/models/ir_http.py", line 235, in _dispatch
    response = super()._dispatch(endpoint)
  File "/usr/lib/python3/dist-packages/odoo/addons/base/models/ir_http.py", line 223, in _dispatch
    result.flatten()
  File "/usr/lib/python3/dist-packages/odoo/tools/facade.py", line 83, in wrap_func
    func(self._wrapped__, *args, **kwargs)
  File "/usr/lib/python3/dist-packages/odoo/http.py", line 1360, in flatten
    self.response.append(self.render())
  File "/usr/lib/python3/dist-packages/odoo/http.py", line 1352, in render
    return request.env["ir.ui.view"]._render_template(self.template, self.qcontext)
  File "/usr/lib/python3/dist-packages/odoo/addons/website/models/ir_ui_view.py", line 446, in _render_template
    return super()._render_template(template, values=values)
  File "/usr/lib/python3/dist-packages/odoo/addons/base/models/ir_ui_view.py", line 2072, in _render_template
    return self.env['ir.qweb']._render(template, values)
  File "/usr/lib/python3/dist-packages/odoo/tools/profiler.py", line 301, in _tracked_method_render
    return method_render(self, template, values, **options)
  File "/usr/lib/python3/dist-packages/odoo/addons/base/models/ir_qweb.py", line 606, in _render
    result = ''.join(rendering)
  File "<1916>", line 39, in template_1916
  File "<1916>", line 28, in template_1916_content
  File "<1918>", line 1654, in template_1918
  File "<1918>", line 1492, in template_1918_content
  File "<432>", line 189, in template_432_t_nocache_0
odoo.addons.base.models.ir_qweb.QWebException: Error while render the template
UndefinedColumn: column res_partner.is_boat_owner does not exist
LINE 1: ..."signup_type", "res_partner"."signup_expiration", "res_partn...
                                                             ^

Template: portal.user_dropdown
Path: /t/t/li/a/span
Node: <span t-if="_user_name" t-attf-class="#{_user_name_class}" t-esc="user_id.name[:23] + \'...\' if user_id.name and len(user_id.name) &gt; 25 else user_id.name"/>
2025-11-06 03:04:05,432 1 INFO odoo-boats-db werkzeug: 172.19.0.1 - - [06/Nov/2025 03:04:05] "GET / HTTP/1.1" 500 - 195 0.275 0.471
2025-11-06 03:04:07,952 1 INFO ? werkzeug: 172.19.0.1 - - [06/Nov/2025 03:04:07] "GET /web/static/lib/bootstrap/js/dist/dom/selector-engine.js HTTP/1.1" 304 - 0 0.000 2.482
2025-11-06 03:04:07,953 1 INFO ? werkzeug: 172.19.0.1 - - [06/Nov/2025 03:04:07] "GET /web/static/lib/bootstrap/js/dist/dom/event-handler.js HTTP/1.1" 304 - 0 0.000 2.489
2025-11-06 03:04:07,960 1 INFO ? werkzeug: 172.19.0.1 - - [06/Nov/2025 03:04:07] "GET /web/static/lib/bootstrap/js/dist/dom/manipulator.js HTTP/1.1" 304 - 0 0.000 2.494
2025-11-06 03:04:07,965 1 INFO ? werkzeug: 172.19.0.1 - - [06/Nov/2025 03:04:07] "GET /web/static/lib/bootstrap/dist/css/bootstrap.css HTTP/1.1" 304 - 0 0.000 2.510
2025-11-06 03:04:07,969 1 INFO ? werkzeug: 172.19.0.1 - - [06/Nov/2025 03:04:07] "GET /web/static/lib/bootstrap/js/dist/modal.js HTTP/1.1" 304 - 0 0.000 0.003
2025-11-06 03:04:07,973 1 INFO ? werkzeug: 172.19.0.1 - - [06/Nov/2025 03:04:07] "GET /web/static/lib/jquery/jquery.js HTTP/1.1" 304 - 0 0.000 2.513
2025-11-06 03:04:07,975 1 INFO ? werkzeug: 172.19.0.1 - - [06/Nov/2025 03:04:07] "GET /web/static/lib/bootstrap/js/dist/dom/data.js HTTP/1.1" 304 - 0 0.000 2.512
2025-11-06 03:04:07,975 1 INFO ? werkzeug: 172.19.0.1 - - [06/Nov/2025 03:04:07] "GET /web/static/lib/bootstrap/js/dist/collapse.js HTTP/1.1" 304 - 0 0.000 0.004
2025-11-06 03:04:07,976 1 INFO ? werkzeug: 172.19.0.1 - - [06/Nov/2025 03:04:07] "GET /web/static/lib/bootstrap/js/dist/base-component.js HTTP/1.1" 304 - 0 0.000 0.013
2025-11-06 03:04:10,103 1 ERROR odoo-boats-db odoo.sql_db: bad query: SELECT "res_partner"."id", "res_partner"."website_meta_og_img", "res_partner"."seo_name"->>'en_US', "res_partner"."website_id", "res_partner"."is_published", "res_partner"."email_normalized", "res_partner"."message_bounce", "res_partner"."name", "res_partner"."complete_name", "res_partner"."date", "res_partner"."title", "res_partner"."parent_id", "res_partner"."ref", "res_partner"."lang", "res_partner"."tz", "res_partner"."user_id", "res_partner"."vat", "res_partner"."company_registry", "res_partner"."website", "res_partner"."comment", "res_partner"."active", "res_partner"."employee", "res_partner"."function", "res_partner"."type", "res_partner"."street", "res_partner"."street2", "res_partner"."zip", "res_partner"."city", "res_partner"."state_id", "res_partner"."country_id", "res_partner"."partner_latitude", "res_partner"."partner_longitude", "res_partner"."email", "res_partner"."phone", "res_partner"."mobile", "res_partner"."is_company", "res_partner"."industry_id", "res_partner"."company_id", "res_partner"."color", "res_partner"."partner_share", "res_partner"."commercial_partner_id", "res_partner"."commercial_company_name", "res_partner"."company_name", "res_partner"."create_uid", "res_partner"."create_date", "res_partner"."write_uid", "res_partner"."write_date", "res_partner"."signup_type", "res_partner"."signup_expiration", "res_partner"."is_boat_owner", "res_partner"."is_boat_guest", "res_partner"."boat_count", "res_partner"."owner_commission_rate", "res_partner"."total_bookings", "res_partner"."total_revenue", "res_partner"."team_id", "res_partner"."partner_gid", "res_partner"."additional_info", "res_partner"."phone_sanitized", "res_partner"."debit_limit", "res_partner"."last_time_entries_checked", "res_partner"."invoice_warn", "res_partner"."invoice_warn_msg", "res_partner"."supplier_rank", "res_partner"."customer_rank", "res_partner"."ubl_cii_format", "res_partner"."peppol_endpoint", "res_partner"."peppol_eas", "res_partner"."website_description"->>'en_US', "res_partner"."website_short_description"->>'en_US', "res_partner"."sale_warn", "res_partner"."sale_warn_msg" FROM "res_partner" WHERE ("res_partner"."id" IN (3))
ERROR: column res_partner.is_boat_owner does not exist
LINE 1: ..."signup_type", "res_partner"."signup_expiration", "res_partn...
                                                             ^
 
2025-11-06 03:04:10,114 1 ERROR odoo-boats-db odoo.http: Exception during request handling. 
Traceback (most recent call last):
  File "<432>", line 120, in template_432_t_nocache_0
  File "/usr/lib/python3/dist-packages/odoo/fields.py", line 1219, in __get__
    self.compute_value(recs)
  File "/usr/lib/python3/dist-packages/odoo/fields.py", line 1401, in compute_value
    records._compute_field_value(self)
  File "/usr/lib/python3/dist-packages/odoo/models.py", line 4923, in _compute_field_value
    fields.determine(field.compute, self)
  File "/usr/lib/python3/dist-packages/odoo/fields.py", line 105, in determine
    return needle(records, *args)
  File "/usr/lib/python3/dist-packages/odoo/fields.py", line 707, in _compute_related
    record[self.name] = self._process_related(value[self.related_field.name], record.env)
  File "/usr/lib/python3/dist-packages/odoo/models.py", line 6695, in __getitem__
    return self._fields[key].__get__(self, self.env.registry[self._name])
  File "/usr/lib/python3/dist-packages/odoo/fields.py", line 1182, in __get__
    recs._fetch_field(self)
  File "/usr/lib/python3/dist-packages/odoo/models.py", line 3824, in _fetch_field
    self.fetch(fnames)
  File "/usr/lib/python3/dist-packages/odoo/models.py", line 3874, in fetch
    fetched = self._fetch_query(query, fields_to_fetch)
  File "/usr/lib/python3/dist-packages/odoo/models.py", line 3966, in _fetch_query
    self.env.cr.execute(query.select(*sql_terms))
  File "/usr/lib/python3/dist-packages/odoo/sql_db.py", line 335, in execute
    res = self._obj.execute(query, params)
psycopg2.errors.UndefinedColumn: column res_partner.is_boat_owner does not exist
LINE 1: ..."signup_type", "res_partner"."signup_expiration", "res_partn...
                                                             ^


The above exception was the direct cause of the following exception:

Traceback (most recent call last):
  File "/usr/lib/python3/dist-packages/odoo/http.py", line 2396, in __call__
    response = request._serve_db()
  File "/usr/lib/python3/dist-packages/odoo/http.py", line 1971, in _serve_db
    return service_model.retrying(self._serve_ir_http, self.env)
  File "/usr/lib/python3/dist-packages/odoo/service/model.py", line 152, in retrying
    result = func()
  File "/usr/lib/python3/dist-packages/odoo/http.py", line 1999, in _serve_ir_http
    response = self.dispatcher.dispatch(rule.endpoint, args)
  File "/usr/lib/python3/dist-packages/odoo/http.py", line 2116, in dispatch
    return self.request.registry['ir.http']._dispatch(endpoint)
  File "/usr/lib/python3/dist-packages/odoo/addons/website/models/ir_http.py", line 235, in _dispatch
    response = super()._dispatch(endpoint)
  File "/usr/lib/python3/dist-packages/odoo/addons/base/models/ir_http.py", line 223, in _dispatch
    result.flatten()
  File "/usr/lib/python3/dist-packages/odoo/tools/facade.py", line 83, in wrap_func
    func(self._wrapped__, *args, **kwargs)
  File "/usr/lib/python3/dist-packages/odoo/http.py", line 1360, in flatten
    self.response.append(self.render())
  File "/usr/lib/python3/dist-packages/odoo/http.py", line 1352, in render
    return request.env["ir.ui.view"]._render_template(self.template, self.qcontext)
  File "/usr/lib/python3/dist-packages/odoo/addons/website/models/ir_ui_view.py", line 446, in _render_template
    return super()._render_template(template, values=values)
  File "/usr/lib/python3/dist-packages/odoo/addons/base/models/ir_ui_view.py", line 2072, in _render_template
    return self.env['ir.qweb']._render(template, values)
  File "/usr/lib/python3/dist-packages/odoo/tools/profiler.py", line 301, in _tracked_method_render
    return method_render(self, template, values, **options)
  File "/usr/lib/python3/dist-packages/odoo/addons/base/models/ir_qweb.py", line 606, in _render
    result = ''.join(rendering)
  File "<1916>", line 39, in template_1916
  File "<1916>", line 28, in template_1916_content
  File "<1918>", line 1654, in template_1918
  File "<1918>", line 1492, in template_1918_content
  File "<432>", line 189, in template_432_t_nocache_0
odoo.addons.base.models.ir_qweb.QWebException: Error while render the template
UndefinedColumn: column res_partner.is_boat_owner does not exist
LINE 1: ..."signup_type", "res_partner"."signup_expiration", "res_partn...
                                                             ^

Template: portal.user_dropdown
Path: /t/t/li/a/span
Node: <span t-if="_user_name" t-attf-class="#{_user_name_class}" t-esc="user_id.name[:23] + \'...\' if user_id.name and len(user_id.name) &gt; 25 else user_id.name"/>
2025-11-06 03:04:10,114 1 INFO odoo-boats-db werkzeug: 172.19.0.1 - - [06/Nov/2025 03:04:10] "GET / HTTP/1.1" 500 - 19 0.010 0.024
2025-11-06 03:04:10,137 1 INFO ? werkzeug: 172.19.0.1 - - [06/Nov/2025 03:04:10] "GET /web/static/lib/bootstrap/dist/css/bootstrap.css HTTP/1.1" 304 - 0 0.000 0.002
2025-11-06 03:04:10,144 1 INFO ? werkzeug: 172.19.0.1 - - [06/Nov/2025 03:04:10] "GET /web/static/lib/jquery/jquery.js HTTP/1.1" 304 - 0 0.000 0.002
2025-11-06 03:04:10,151 1 INFO ? werkzeug: 172.19.0.1 - - [06/Nov/2025 03:04:10] "GET /web/static/lib/bootstrap/js/dist/dom/event-handler.js HTTP/1.1" 304 - 0 0.000 0.004
2025-11-06 03:04:10,158 1 INFO ? werkzeug: 172.19.0.1 - - [06/Nov/2025 03:04:10] "GET /web/static/lib/bootstrap/js/dist/dom/data.js HTTP/1.1" 304 - 0 0.000 0.012
2025-11-06 03:04:10,163 1 INFO ? werkzeug: 172.19.0.1 - - [06/Nov/2025 03:04:10] "GET /web/static/lib/bootstrap/js/dist/dom/selector-engine.js HTTP/1.1" 304 - 0 0.000 0.003
2025-11-06 03:04:10,164 1 INFO ? werkzeug: 172.19.0.1 - - [06/Nov/2025 03:04:10] "GET /web/static/lib/bootstrap/js/dist/dom/manipulator.js HTTP/1.1" 304 - 0 0.000 0.009
2025-11-06 03:04:10,167 1 INFO ? werkzeug: 172.19.0.1 - - [06/Nov/2025 03:04:10] "GET /web/static/lib/bootstrap/js/dist/modal.js HTTP/1.1" 304 - 0 0.000 0.005
2025-11-06 03:04:10,174 1 INFO ? werkzeug: 172.19.0.1 - - [06/Nov/2025 03:04:10] "GET /web/static/lib/bootstrap/js/dist/base-component.js HTTP/1.1" 304 - 0 0.000 0.007
2025-11-06 03:04:10,175 1 INFO ? werkzeug: 172.19.0.1 - - [06/Nov/2025 03:04:10] "GET /web/static/lib/bootstrap/js/dist/collapse.js HTTP/1.1" 304 - 0 0.000 0.004
2025-11-06 03:04:10,636 1 INFO odoo-boats-db werkzeug: 127.0.0.1 - - [06/Nov/2025 03:04:10] "GET /web HTTP/1.1" 303 - 1 0.000 0.002
2025-11-06 03:04:20,727 1 INFO odoo-boats-db werkzeug: 127.0.0.1 - - [06/Nov/2025 03:04:20] "GET /web HTTP/1.1" 303 - 1 0.000 0.002
2025-11-06 03:04:30,790 1 INFO odoo-boats-db werkzeug: 127.0.0.1 - - [06/Nov/2025 03:04:30] "GET /web HTTP/1.1" 303 - 1 0.000 0.002
2025-11-06 03:04:40,883 1 INFO odoo-boats-db werkzeug: 127.0.0.1 - - [06/Nov/2025 03:04:40] "GET /web HTTP/1.1" 303 - 1 0.000 0.003
2025-11-06 03:04:50,987 1 INFO odoo-boats-db werkzeug: 127.0.0.1 - - [06/Nov/2025 03:04:50] "GET /web HTTP/1.1" 303 - 1 0.001 0.003
2025-11-06 03:04:52,873 1 ERROR odoo-boats-db odoo.sql_db: bad query: SELECT "res_partner"."id", "res_partner"."website_meta_og_img", "res_partner"."seo_name"->>'en_US', "res_partner"."website_id", "res_partner"."is_published", "res_partner"."email_normalized", "res_partner"."message_bounce", "res_partner"."name", "res_partner"."complete_name", "res_partner"."date", "res_partner"."title", "res_partner"."parent_id", "res_partner"."ref", "res_partner"."lang", "res_partner"."tz", "res_partner"."user_id", "res_partner"."vat", "res_partner"."company_registry", "res_partner"."website", "res_partner"."comment", "res_partner"."active", "res_partner"."employee", "res_partner"."function", "res_partner"."type", "res_partner"."street", "res_partner"."street2", "res_partner"."zip", "res_partner"."city", "res_partner"."state_id", "res_partner"."country_id", "res_partner"."partner_latitude", "res_partner"."partner_longitude", "res_partner"."email", "res_partner"."phone", "res_partner"."mobile", "res_partner"."is_company", "res_partner"."industry_id", "res_partner"."company_id", "res_partner"."color", "res_partner"."partner_share", "res_partner"."commercial_partner_id", "res_partner"."commercial_company_name", "res_partner"."company_name", "res_partner"."create_uid", "res_partner"."create_date", "res_partner"."write_uid", "res_partner"."write_date", "res_partner"."signup_type", "res_partner"."signup_expiration", "res_partner"."is_boat_owner", "res_partner"."is_boat_guest", "res_partner"."boat_count", "res_partner"."owner_commission_rate", "res_partner"."total_bookings", "res_partner"."total_revenue", "res_partner"."team_id", "res_partner"."partner_gid", "res_partner"."additional_info", "res_partner"."phone_sanitized", "res_partner"."debit_limit", "res_partner"."last_time_entries_checked", "res_partner"."invoice_warn", "res_partner"."invoice_warn_msg", "res_partner"."supplier_rank", "res_partner"."customer_rank", "res_partner"."ubl_cii_format", "res_partner"."peppol_endpoint", "res_partner"."peppol_eas", "res_partner"."website_description"->>'en_US', "res_partner"."website_short_description"->>'en_US', "res_partner"."sale_warn", "res_partner"."sale_warn_msg" FROM "res_partner" WHERE ("res_partner"."id" IN (2))
ERROR: column res_partner.is_boat_owner does not exist
LINE 1: ..."signup_type", "res_partner"."signup_expiration", "res_partn...
                                                             ^
 
2025-11-06 03:04:52,874 1 WARNING ? odoo.service.server: cron0 encountered an Exception: 
Traceback (most recent call last):
  File "/usr/lib/python3/dist-packages/odoo/service/server.py", line 528, in _run_cron
    ir_cron._process_jobs(db_name)
  File "/usr/lib/python3/dist-packages/odoo/addons/base/models/ir_cron.py", line 139, in _process_jobs
    registry[cls._name]._process_job(db, cron_cr, job)
  File "/usr/lib/python3/dist-packages/odoo/addons/base/models/ir_cron.py", line 331, in _process_job
    now = fields.Datetime.context_timestamp(ir_cron, datetime.utcnow())
  File "/usr/lib/python3/dist-packages/odoo/fields.py", line 2270, in context_timestamp
    tz_name = record._context.get('tz') or record.env.user.tz
  File "/usr/lib/python3/dist-packages/odoo/fields.py", line 1219, in __get__
    self.compute_value(recs)
  File "/usr/lib/python3/dist-packages/odoo/fields.py", line 1401, in compute_value
    records._compute_field_value(self)
  File "/usr/lib/python3/dist-packages/odoo/models.py", line 4923, in _compute_field_value
    fields.determine(field.compute, self)
  File "/usr/lib/python3/dist-packages/odoo/fields.py", line 105, in determine
    return needle(records, *args)
  File "/usr/lib/python3/dist-packages/odoo/fields.py", line 707, in _compute_related
    record[self.name] = self._process_related(value[self.related_field.name], record.env)
  File "/usr/lib/python3/dist-packages/odoo/models.py", line 6695, in __getitem__
    return self._fields[key].__get__(self, self.env.registry[self._name])
  File "/usr/lib/python3/dist-packages/odoo/fields.py", line 1182, in __get__
    recs._fetch_field(self)
  File "/usr/lib/python3/dist-packages/odoo/models.py", line 3824, in _fetch_field
    self.fetch(fnames)
  File "/usr/lib/python3/dist-packages/odoo/models.py", line 3874, in fetch
    fetched = self._fetch_query(query, fields_to_fetch)
  File "/usr/lib/python3/dist-packages/odoo/models.py", line 3966, in _fetch_query
    self.env.cr.execute(query.select(*sql_terms))
  File "/usr/lib/python3/dist-packages/odoo/sql_db.py", line 335, in execute
    res = self._obj.execute(query, params)
psycopg2.errors.UndefinedColumn: column res_partner.is_boat_owner does not exist
LINE 1: ..."signup_type", "res_partner"."signup_expiration", "res_partn...
                                                             ^

2025-11-06 03:04:53,856 1 ERROR odoo-boats-db odoo.sql_db: bad query: SELECT "res_partner"."id", "res_partner"."website_meta_og_img", "res_partner"."seo_name"->>'en_US', "res_partner"."website_id", "res_partner"."is_published", "res_partner"."email_normalized", "res_partner"."message_bounce", "res_partner"."name", "res_partner"."complete_name", "res_partner"."date", "res_partner"."title", "res_partner"."parent_id", "res_partner"."ref", "res_partner"."lang", "res_partner"."tz", "res_partner"."user_id", "res_partner"."vat", "res_partner"."company_registry", "res_partner"."website", "res_partner"."comment", "res_partner"."active", "res_partner"."employee", "res_partner"."function", "res_partner"."type", "res_partner"."street", "res_partner"."street2", "res_partner"."zip", "res_partner"."city", "res_partner"."state_id", "res_partner"."country_id", "res_partner"."partner_latitude", "res_partner"."partner_longitude", "res_partner"."email", "res_partner"."phone", "res_partner"."mobile", "res_partner"."is_company", "res_partner"."industry_id", "res_partner"."company_id", "res_partner"."color", "res_partner"."partner_share", "res_partner"."commercial_partner_id", "res_partner"."commercial_company_name", "res_partner"."company_name", "res_partner"."create_uid", "res_partner"."create_date", "res_partner"."write_uid", "res_partner"."write_date", "res_partner"."signup_type", "res_partner"."signup_expiration", "res_partner"."is_boat_owner", "res_partner"."is_boat_guest", "res_partner"."boat_count", "res_partner"."owner_commission_rate", "res_partner"."total_bookings", "res_partner"."total_revenue", "res_partner"."team_id", "res_partner"."partner_gid", "res_partner"."additional_info", "res_partner"."phone_sanitized", "res_partner"."debit_limit", "res_partner"."last_time_entries_checked", "res_partner"."invoice_warn", "res_partner"."invoice_warn_msg", "res_partner"."supplier_rank", "res_partner"."customer_rank", "res_partner"."ubl_cii_format", "res_partner"."peppol_endpoint", "res_partner"."peppol_eas", "res_partner"."website_description"->>'en_US', "res_partner"."website_short_description"->>'en_US', "res_partner"."sale_warn", "res_partner"."sale_warn_msg" FROM "res_partner" WHERE ("res_partner"."id" IN (2))
ERROR: column res_partner.is_boat_owner does not exist
LINE 1: ..."signup_type", "res_partner"."signup_expiration", "res_partn...
                                                             ^
 
2025-11-06 03:04:53,858 1 WARNING ? odoo.service.server: cron1 encountered an Exception: 
Traceback (most recent call last):
  File "/usr/lib/python3/dist-packages/odoo/service/server.py", line 528, in _run_cron
    ir_cron._process_jobs(db_name)
  File "/usr/lib/python3/dist-packages/odoo/addons/base/models/ir_cron.py", line 139, in _process_jobs
    registry[cls._name]._process_job(db, cron_cr, job)
  File "/usr/lib/python3/dist-packages/odoo/addons/base/models/ir_cron.py", line 331, in _process_job
    now = fields.Datetime.context_timestamp(ir_cron, datetime.utcnow())
  File "/usr/lib/python3/dist-packages/odoo/fields.py", line 2270, in context_timestamp
    tz_name = record._context.get('tz') or record.env.user.tz
  File "/usr/lib/python3/dist-packages/odoo/fields.py", line 1219, in __get__
    self.compute_value(recs)
  File "/usr/lib/python3/dist-packages/odoo/fields.py", line 1401, in compute_value
    records._compute_field_value(self)
  File "/usr/lib/python3/dist-packages/odoo/models.py", line 4923, in _compute_field_value
    fields.determine(field.compute, self)
  File "/usr/lib/python3/dist-packages/odoo/fields.py", line 105, in determine
    return needle(records, *args)
  File "/usr/lib/python3/dist-packages/odoo/fields.py", line 707, in _compute_related
    record[self.name] = self._process_related(value[self.related_field.name], record.env)
  File "/usr/lib/python3/dist-packages/odoo/models.py", line 6695, in __getitem__
    return self._fields[key].__get__(self, self.env.registry[self._name])
  File "/usr/lib/python3/dist-packages/odoo/fields.py", line 1182, in __get__
    recs._fetch_field(self)
  File "/usr/lib/python3/dist-packages/odoo/models.py", line 3824, in _fetch_field
    self.fetch(fnames)
  File "/usr/lib/python3/dist-packages/odoo/models.py", line 3874, in fetch
    fetched = self._fetch_query(query, fields_to_fetch)
  File "/usr/lib/python3/dist-packages/odoo/models.py", line 3966, in _fetch_query
    self.env.cr.execute(query.select(*sql_terms))
  File "/usr/lib/python3/dist-packages/odoo/sql_db.py", line 335, in execute
    res = self._obj.execute(query, params)
psycopg2.errors.UndefinedColumn: column res_partner.is_boat_owner does not exist
LINE 1: ..."signup_type", "res_partner"."signup_expiration", "res_partn...
                                                             ^

2025-11-06 03:05:01,059 1 INFO odoo-boats-db werkzeug: 127.0.0.1 - - [06/Nov/2025 03:05:01] "GET /web HTTP/1.1" 303 - 1 0.000 0.002
2025-11-06 03:05:11,156 1 INFO odoo-boats-db werkzeug: 127.0.0.1 - - [06/Nov/2025 03:05:11] "GET /web HTTP/1.1" 303 - 1 0.001 0.005
2025-11-06 03:05:21,242 1 INFO odoo-boats-db werkzeug: 127.0.0.1 - - [06/Nov/2025 03:05:21] "GET /web HTTP/1.1" 303 - 1 0.000 0.002
2025-11-06 03:05:31,295 1 INFO odoo-boats-db werkzeug: 127.0.0.1 - - [06/Nov/2025 03:05:31] "GET /web HTTP/1.1" 303 - 1 0.000 0.002
2025-11-06 03:05:41,387 1 INFO odoo-boats-db werkzeug: 127.0.0.1 - - [06/Nov/2025 03:05:41] "GET /web HTTP/1.1" 303 - 1 0.001 0.005
2025-11-06 03:05:51,477 1 INFO odoo-boats-db werkzeug: 127.0.0.1 - - [06/Nov/2025 03:05:51] "GET /web HTTP/1.1" 303 - 1 0.000 0.002
2025-11-06 03:05:52,936 1 ERROR odoo-boats-db odoo.sql_db: bad query: SELECT "res_partner"."id", "res_partner"."website_meta_og_img", "res_partner"."seo_name"->>'en_US', "res_partner"."website_id", "res_partner"."is_published", "res_partner"."email_normalized", "res_partner"."message_bounce", "res_partner"."name", "res_partner"."complete_name", "res_partner"."date", "res_partner"."title", "res_partner"."parent_id", "res_partner"."ref", "res_partner"."lang", "res_partner"."tz", "res_partner"."user_id", "res_partner"."vat", "res_partner"."company_registry", "res_partner"."website", "res_partner"."comment", "res_partner"."active", "res_partner"."employee", "res_partner"."function", "res_partner"."type", "res_partner"."street", "res_partner"."street2", "res_partner"."zip", "res_partner"."city", "res_partner"."state_id", "res_partner"."country_id", "res_partner"."partner_latitude", "res_partner"."partner_longitude", "res_partner"."email", "res_partner"."phone", "res_partner"."mobile", "res_partner"."is_company", "res_partner"."industry_id", "res_partner"."company_id", "res_partner"."color", "res_partner"."partner_share", "res_partner"."commercial_partner_id", "res_partner"."commercial_company_name", "res_partner"."company_name", "res_partner"."create_uid", "res_partner"."create_date", "res_partner"."write_uid", "res_partner"."write_date", "res_partner"."signup_type", "res_partner"."signup_expiration", "res_partner"."is_boat_owner", "res_partner"."is_boat_guest", "res_partner"."boat_count", "res_partner"."owner_commission_rate", "res_partner"."total_bookings", "res_partner"."total_revenue", "res_partner"."team_id", "res_partner"."partner_gid", "res_partner"."additional_info", "res_partner"."phone_sanitized", "res_partner"."debit_limit", "res_partner"."last_time_entries_checked", "res_partner"."invoice_warn", "res_partner"."invoice_warn_msg", "res_partner"."supplier_rank", "res_partner"."customer_rank", "res_partner"."ubl_cii_format", "res_partner"."peppol_endpoint", "res_partner"."peppol_eas", "res_partner"."website_description"->>'en_US', "res_partner"."website_short_description"->>'en_US', "res_partner"."sale_warn", "res_partner"."sale_warn_msg" FROM "res_partner" WHERE ("res_partner"."id" IN (2))
ERROR: column res_partner.is_boat_owner does not exist
LINE 1: ..."signup_type", "res_partner"."signup_expiration", "res_partn...
                                                             ^
 
2025-11-06 03:05:52,938 1 WARNING ? odoo.service.server: cron0 encountered an Exception: 
Traceback (most recent call last):
  File "/usr/lib/python3/dist-packages/odoo/service/server.py", line 528, in _run_cron
    ir_cron._process_jobs(db_name)
  File "/usr/lib/python3/dist-packages/odoo/addons/base/models/ir_cron.py", line 139, in _process_jobs
    registry[cls._name]._process_job(db, cron_cr, job)
  File "/usr/lib/python3/dist-packages/odoo/addons/base/models/ir_cron.py", line 331, in _process_job
    now = fields.Datetime.context_timestamp(ir_cron, datetime.utcnow())
  File "/usr/lib/python3/dist-packages/odoo/fields.py", line 2270, in context_timestamp
    tz_name = record._context.get('tz') or record.env.user.tz
  File "/usr/lib/python3/dist-packages/odoo/fields.py", line 1219, in __get__
    self.compute_value(recs)
  File "/usr/lib/python3/dist-packages/odoo/fields.py", line 1401, in compute_value
    records._compute_field_value(self)
  File "/usr/lib/python3/dist-packages/odoo/models.py", line 4923, in _compute_field_value
    fields.determine(field.compute, self)
  File "/usr/lib/python3/dist-packages/odoo/fields.py", line 105, in determine
    return needle(records, *args)
  File "/usr/lib/python3/dist-packages/odoo/fields.py", line 707, in _compute_related
    record[self.name] = self._process_related(value[self.related_field.name], record.env)
  File "/usr/lib/python3/dist-packages/odoo/models.py", line 6695, in __getitem__
    return self._fields[key].__get__(self, self.env.registry[self._name])
  File "/usr/lib/python3/dist-packages/odoo/fields.py", line 1182, in __get__
    recs._fetch_field(self)
  File "/usr/lib/python3/dist-packages/odoo/models.py", line 3824, in _fetch_field
    self.fetch(fnames)
  File "/usr/lib/python3/dist-packages/odoo/models.py", line 3874, in fetch
    fetched = self._fetch_query(query, fields_to_fetch)
  File "/usr/lib/python3/dist-packages/odoo/models.py", line 3966, in _fetch_query
    self.env.cr.execute(query.select(*sql_terms))
  File "/usr/lib/python3/dist-packages/odoo/sql_db.py", line 335, in execute
    res = self._obj.execute(query, params)
psycopg2.errors.UndefinedColumn: column res_partner.is_boat_owner does not exist
LINE 1: ..."signup_type", "res_partner"."signup_expiration", "res_partn...
                                                             ^

2025-11-06 03:05:54,943 1 ERROR odoo-boats-db odoo.sql_db: bad query: SELECT "res_partner"."id", "res_partner"."website_meta_og_img", "res_partner"."seo_name"->>'en_US', "res_partner"."website_id", "res_partner"."is_published", "res_partner"."email_normalized", "res_partner"."message_bounce", "res_partner"."name", "res_partner"."complete_name", "res_partner"."date", "res_partner"."title", "res_partner"."parent_id", "res_partner"."ref", "res_partner"."lang", "res_partner"."tz", "res_partner"."user_id", "res_partner"."vat", "res_partner"."company_registry", "res_partner"."website", "res_partner"."comment", "res_partner"."active", "res_partner"."employee", "res_partner"."function", "res_partner"."type", "res_partner"."street", "res_partner"."street2", "res_partner"."zip", "res_partner"."city", "res_partner"."state_id", "res_partner"."country_id", "res_partner"."partner_latitude", "res_partner"."partner_longitude", "res_partner"."email", "res_partner"."phone", "res_partner"."mobile", "res_partner"."is_company", "res_partner"."industry_id", "res_partner"."company_id", "res_partner"."color", "res_partner"."partner_share", "res_partner"."commercial_partner_id", "res_partner"."commercial_company_name", "res_partner"."company_name", "res_partner"."create_uid", "res_partner"."create_date", "res_partner"."write_uid", "res_partner"."write_date", "res_partner"."signup_type", "res_partner"."signup_expiration", "res_partner"."is_boat_owner", "res_partner"."is_boat_guest", "res_partner"."boat_count", "res_partner"."owner_commission_rate", "res_partner"."total_bookings", "res_partner"."total_revenue", "res_partner"."team_id", "res_partner"."partner_gid", "res_partner"."additional_info", "res_partner"."phone_sanitized", "res_partner"."debit_limit", "res_partner"."last_time_entries_checked", "res_partner"."invoice_warn", "res_partner"."invoice_warn_msg", "res_partner"."supplier_rank", "res_partner"."customer_rank", "res_partner"."ubl_cii_format", "res_partner"."peppol_endpoint", "res_partner"."peppol_eas", "res_partner"."website_description"->>'en_US', "res_partner"."website_short_description"->>'en_US', "res_partner"."sale_warn", "res_partner"."sale_warn_msg" FROM "res_partner" WHERE ("res_partner"."id" IN (2))
ERROR: column res_partner.is_boat_owner does not exist
LINE 1: ..."signup_type", "res_partner"."signup_expiration", "res_partn...
                                                             ^
 
2025-11-06 03:05:54,945 1 WARNING ? odoo.service.server: cron1 encountered an Exception: 
Traceback (most recent call last):
  File "/usr/lib/python3/dist-packages/odoo/service/server.py", line 528, in _run_cron
    ir_cron._process_jobs(db_name)
  File "/usr/lib/python3/dist-packages/odoo/addons/base/models/ir_cron.py", line 139, in _process_jobs
    registry[cls._name]._process_job(db, cron_cr, job)
  File "/usr/lib/python3/dist-packages/odoo/addons/base/models/ir_cron.py", line 331, in _process_job
    now = fields.Datetime.context_timestamp(ir_cron, datetime.utcnow())
  File "/usr/lib/python3/dist-packages/odoo/fields.py", line 2270, in context_timestamp
    tz_name = record._context.get('tz') or record.env.user.tz
  File "/usr/lib/python3/dist-packages/odoo/fields.py", line 1219, in __get__
    self.compute_value(recs)
  File "/usr/lib/python3/dist-packages/odoo/fields.py", line 1401, in compute_value
    records._compute_field_value(self)
  File "/usr/lib/python3/dist-packages/odoo/models.py", line 4923, in _compute_field_value
    fields.determine(field.compute, self)
  File "/usr/lib/python3/dist-packages/odoo/fields.py", line 105, in determine
    return needle(records, *args)
  File "/usr/lib/python3/dist-packages/odoo/fields.py", line 707, in _compute_related
    record[self.name] = self._process_related(value[self.related_field.name], record.env)
  File "/usr/lib/python3/dist-packages/odoo/models.py", line 6695, in __getitem__
    return self._fields[key].__get__(self, self.env.registry[self._name])
  File "/usr/lib/python3/dist-packages/odoo/fields.py", line 1182, in __get__
    recs._fetch_field(self)
  File "/usr/lib/python3/dist-packages/odoo/models.py", line 3824, in _fetch_field
    self.fetch(fnames)
  File "/usr/lib/python3/dist-packages/odoo/models.py", line 3874, in fetch
    fetched = self._fetch_query(query, fields_to_fetch)
  File "/usr/lib/python3/dist-packages/odoo/models.py", line 3966, in _fetch_query
    self.env.cr.execute(query.select(*sql_terms))
  File "/usr/lib/python3/dist-packages/odoo/sql_db.py", line 335, in execute
    res = self._obj.execute(query, params)
psycopg2.errors.UndefinedColumn: column res_partner.is_boat_owner does not exist
LINE 1: ..."signup_type", "res_partner"."signup_expiration", "res_partn...
                                                             ^

2025-11-06 03:06:01,568 1 INFO odoo-boats-db werkzeug: 127.0.0.1 - - [06/Nov/2025 03:06:01] "GET /web HTTP/1.1" 303 - 1 0.001 0.002
2025-11-06 03:06:11,639 1 INFO odoo-boats-db werkzeug: 127.0.0.1 - - [06/Nov/2025 03:06:11] "GET /web HTTP/1.1" 303 - 1 0.001 0.004
2025-11-06 03:06:21,723 1 INFO odoo-boats-db werkzeug: 127.0.0.1 - - [06/Nov/2025 03:06:21] "GET /web HTTP/1.1" 303 - 1 0.000 0.003
2025-11-06 03:06:31,810 1 INFO odoo-boats-db werkzeug: 127.0.0.1 - - [06/Nov/2025 03:06:31] "GET /web HTTP/1.1" 303 - 1 0.001 0.005
2025-11-06 03:06:41,876 1 INFO odoo-boats-db werkzeug: 127.0.0.1 - - [06/Nov/2025 03:06:41] "GET /web HTTP/1.1" 303 - 1 0.001 0.003
2025-11-06 03:06:51,949 1 INFO odoo-boats-db werkzeug: 127.0.0.1 - - [06/Nov/2025 03:06:51] "GET /web HTTP/1.1" 303 - 1 0.000 0.002
2025-11-06 03:06:53,020 1 ERROR odoo-boats-db odoo.sql_db: bad query: SELECT "res_partner"."id", "res_partner"."website_meta_og_img", "res_partner"."seo_name"->>'en_US', "res_partner"."website_id", "res_partner"."is_published", "res_partner"."email_normalized", "res_partner"."message_bounce", "res_partner"."name", "res_partner"."complete_name", "res_partner"."date", "res_partner"."title", "res_partner"."parent_id", "res_partner"."ref", "res_partner"."lang", "res_partner"."tz", "res_partner"."user_id", "res_partner"."vat", "res_partner"."company_registry", "res_partner"."website", "res_partner"."comment", "res_partner"."active", "res_partner"."employee", "res_partner"."function", "res_partner"."type", "res_partner"."street", "res_partner"."street2", "res_partner"."zip", "res_partner"."city", "res_partner"."state_id", "res_partner"."country_id", "res_partner"."partner_latitude", "res_partner"."partner_longitude", "res_partner"."email", "res_partner"."phone", "res_partner"."mobile", "res_partner"."is_company", "res_partner"."industry_id", "res_partner"."company_id", "res_partner"."color", "res_partner"."partner_share", "res_partner"."commercial_partner_id", "res_partner"."commercial_company_name", "res_partner"."company_name", "res_partner"."create_uid", "res_partner"."create_date", "res_partner"."write_uid", "res_partner"."write_date", "res_partner"."signup_type", "res_partner"."signup_expiration", "res_partner"."is_boat_owner", "res_partner"."is_boat_guest", "res_partner"."boat_count", "res_partner"."owner_commission_rate", "res_partner"."total_bookings", "res_partner"."total_revenue", "res_partner"."team_id", "res_partner"."partner_gid", "res_partner"."additional_info", "res_partner"."phone_sanitized", "res_partner"."debit_limit", "res_partner"."last_time_entries_checked", "res_partner"."invoice_warn", "res_partner"."invoice_warn_msg", "res_partner"."supplier_rank", "res_partner"."customer_rank", "res_partner"."ubl_cii_format", "res_partner"."peppol_endpoint", "res_partner"."peppol_eas", "res_partner"."website_description"->>'en_US', "res_partner"."website_short_description"->>'en_US', "res_partner"."sale_warn", "res_partner"."sale_warn_msg" FROM "res_partner" WHERE ("res_partner"."id" IN (2))
ERROR: column res_partner.is_boat_owner does not exist
LINE 1: ..."signup_type", "res_partner"."signup_expiration", "res_partn...
                                                             ^
 
2025-11-06 03:06:53,022 1 WARNING ? odoo.service.server: cron0 encountered an Exception: 
Traceback (most recent call last):
  File "/usr/lib/python3/dist-packages/odoo/service/server.py", line 528, in _run_cron
    ir_cron._process_jobs(db_name)
  File "/usr/lib/python3/dist-packages/odoo/addons/base/models/ir_cron.py", line 139, in _process_jobs
    registry[cls._name]._process_job(db, cron_cr, job)
  File "/usr/lib/python3/dist-packages/odoo/addons/base/models/ir_cron.py", line 331, in _process_job
    now = fields.Datetime.context_timestamp(ir_cron, datetime.utcnow())
  File "/usr/lib/python3/dist-packages/odoo/fields.py", line 2270, in context_timestamp
    tz_name = record._context.get('tz') or record.env.user.tz
  File "/usr/lib/python3/dist-packages/odoo/fields.py", line 1219, in __get__
    self.compute_value(recs)
  File "/usr/lib/python3/dist-packages/odoo/fields.py", line 1401, in compute_value
    records._compute_field_value(self)
  File "/usr/lib/python3/dist-packages/odoo/models.py", line 4923, in _compute_field_value
    fields.determine(field.compute, self)
  File "/usr/lib/python3/dist-packages/odoo/fields.py", line 105, in determine
    return needle(records, *args)
  File "/usr/lib/python3/dist-packages/odoo/fields.py", line 707, in _compute_related
    record[self.name] = self._process_related(value[self.related_field.name], record.env)
  File "/usr/lib/python3/dist-packages/odoo/models.py", line 6695, in __getitem__
    return self._fields[key].__get__(self, self.env.registry[self._name])
  File "/usr/lib/python3/dist-packages/odoo/fields.py", line 1182, in __get__
    recs._fetch_field(self)
  File "/usr/lib/python3/dist-packages/odoo/models.py", line 3824, in _fetch_field
    self.fetch(fnames)
  File "/usr/lib/python3/dist-packages/odoo/models.py", line 3874, in fetch
    fetched = self._fetch_query(query, fields_to_fetch)
  File "/usr/lib/python3/dist-packages/odoo/models.py", line 3966, in _fetch_query
    self.env.cr.execute(query.select(*sql_terms))
  File "/usr/lib/python3/dist-packages/odoo/sql_db.py", line 335, in execute
    res = self._obj.execute(query, params)
psycopg2.errors.UndefinedColumn: column res_partner.is_boat_owner does not exist
LINE 1: ..."signup_type", "res_partner"."signup_expiration", "res_partn...
                                                             ^

2025-11-06 03:06:56,032 1 ERROR odoo-boats-db odoo.sql_db: bad query: SELECT "res_partner"."id", "res_partner"."website_meta_og_img", "res_partner"."seo_name"->>'en_US', "res_partner"."website_id", "res_partner"."is_published", "res_partner"."email_normalized", "res_partner"."message_bounce", "res_partner"."name", "res_partner"."complete_name", "res_partner"."date", "res_partner"."title", "res_partner"."parent_id", "res_partner"."ref", "res_partner"."lang", "res_partner"."tz", "res_partner"."user_id", "res_partner"."vat", "res_partner"."company_registry", "res_partner"."website", "res_partner"."comment", "res_partner"."active", "res_partner"."employee", "res_partner"."function", "res_partner"."type", "res_partner"."street", "res_partner"."street2", "res_partner"."zip", "res_partner"."city", "res_partner"."state_id", "res_partner"."country_id", "res_partner"."partner_latitude", "res_partner"."partner_longitude", "res_partner"."email", "res_partner"."phone", "res_partner"."mobile", "res_partner"."is_company", "res_partner"."industry_id", "res_partner"."company_id", "res_partner"."color", "res_partner"."partner_share", "res_partner"."commercial_partner_id", "res_partner"."commercial_company_name", "res_partner"."company_name", "res_partner"."create_uid", "res_partner"."create_date", "res_partner"."write_uid", "res_partner"."write_date", "res_partner"."signup_type", "res_partner"."signup_expiration", "res_partner"."is_boat_owner", "res_partner"."is_boat_guest", "res_partner"."boat_count", "res_partner"."owner_commission_rate", "res_partner"."total_bookings", "res_partner"."total_revenue", "res_partner"."team_id", "res_partner"."partner_gid", "res_partner"."additional_info", "res_partner"."phone_sanitized", "res_partner"."debit_limit", "res_partner"."last_time_entries_checked", "res_partner"."invoice_warn", "res_partner"."invoice_warn_msg", "res_partner"."supplier_rank", "res_partner"."customer_rank", "res_partner"."ubl_cii_format", "res_partner"."peppol_endpoint", "res_partner"."peppol_eas", "res_partner"."website_description"->>'en_US', "res_partner"."website_short_description"->>'en_US', "res_partner"."sale_warn", "res_partner"."sale_warn_msg" FROM "res_partner" WHERE ("res_partner"."id" IN (2))
ERROR: column res_partner.is_boat_owner does not exist
LINE 1: ..."signup_type", "res_partner"."signup_expiration", "res_partn...
                                                             ^
 
2025-11-06 03:06:56,033 1 WARNING ? odoo.service.server: cron1 encountered an Exception: 
Traceback (most recent call last):
  File "/usr/lib/python3/dist-packages/odoo/service/server.py", line 528, in _run_cron
    ir_cron._process_jobs(db_name)
  File "/usr/lib/python3/dist-packages/odoo/addons/base/models/ir_cron.py", line 139, in _process_jobs
    registry[cls._name]._process_job(db, cron_cr, job)
  File "/usr/lib/python3/dist-packages/odoo/addons/base/models/ir_cron.py", line 331, in _process_job
    now = fields.Datetime.context_timestamp(ir_cron, datetime.utcnow())
  File "/usr/lib/python3/dist-packages/odoo/fields.py", line 2270, in context_timestamp
    tz_name = record._context.get('tz') or record.env.user.tz
  File "/usr/lib/python3/dist-packages/odoo/fields.py", line 1219, in __get__
    self.compute_value(recs)
  File "/usr/lib/python3/dist-packages/odoo/fields.py", line 1401, in compute_value
    records._compute_field_value(self)
  File "/usr/lib/python3/dist-packages/odoo/models.py", line 4923, in _compute_field_value
    fields.determine(field.compute, self)
  File "/usr/lib/python3/dist-packages/odoo/fields.py", line 105, in determine
    return needle(records, *args)
  File "/usr/lib/python3/dist-packages/odoo/fields.py", line 707, in _compute_related
    record[self.name] = self._process_related(value[self.related_field.name], record.env)
  File "/usr/lib/python3/dist-packages/odoo/models.py", line 6695, in __getitem__
    return self._fields[key].__get__(self, self.env.registry[self._name])
  File "/usr/lib/python3/dist-packages/odoo/fields.py", line 1182, in __get__
    recs._fetch_field(self)
  File "/usr/lib/python3/dist-packages/odoo/models.py", line 3824, in _fetch_field
    self.fetch(fnames)
  File "/usr/lib/python3/dist-packages/odoo/models.py", line 3874, in fetch
    fetched = self._fetch_query(query, fields_to_fetch)
  File "/usr/lib/python3/dist-packages/odoo/models.py", line 3966, in _fetch_query
    self.env.cr.execute(query.select(*sql_terms))
  File "/usr/lib/python3/dist-packages/odoo/sql_db.py", line 335, in execute
    res = self._obj.execute(query, params)
psycopg2.errors.UndefinedColumn: column res_partner.is_boat_owner does not exist
LINE 1: ..."signup_type", "res_partner"."signup_expiration", "res_partn...
                                                             ^

2025-11-06 03:07:02,034 1 INFO odoo-boats-db werkzeug: 127.0.0.1 - - [06/Nov/2025 03:07:02] "GET /web HTTP/1.1" 303 - 1 0.000 0.003
2025-11-06 03:07:12,127 1 INFO odoo-boats-db werkzeug: 127.0.0.1 - - [06/Nov/2025 03:07:12] "GET /web HTTP/1.1" 303 - 1 0.000 0.003
2025-11-06 03:07:22,216 1 INFO odoo-boats-db werkzeug: 127.0.0.1 - - [06/Nov/2025 03:07:22] "GET /web HTTP/1.1" 303 - 1 0.000 0.002
2025-11-06 03:07:32,322 1 INFO odoo-boats-db werkzeug: 127.0.0.1 - - [06/Nov/2025 03:07:32] "GET /web HTTP/1.1" 303 - 1 0.001 0.004
2025-11-06 03:07:42,396 1 INFO odoo-boats-db werkzeug: 127.0.0.1 - - [06/Nov/2025 03:07:42] "GET /web HTTP/1.1" 303 - 1 0.000 0.002
2025-11-06 03:07:52,464 1 INFO odoo-boats-db werkzeug: 127.0.0.1 - - [06/Nov/2025 03:07:52] "GET /web HTTP/1.1" 303 - 1 0.000 0.002
2025-11-06 03:07:53,098 1 ERROR odoo-boats-db odoo.sql_db: bad query: SELECT "res_partner"."id", "res_partner"."website_meta_og_img", "res_partner"."seo_name"->>'en_US', "res_partner"."website_id", "res_partner"."is_published", "res_partner"."email_normalized", "res_partner"."message_bounce", "res_partner"."name", "res_partner"."complete_name", "res_partner"."date", "res_partner"."title", "res_partner"."parent_id", "res_partner"."ref", "res_partner"."lang", "res_partner"."tz", "res_partner"."user_id", "res_partner"."vat", "res_partner"."company_registry", "res_partner"."website", "res_partner"."comment", "res_partner"."active", "res_partner"."employee", "res_partner"."function", "res_partner"."type", "res_partner"."street", "res_partner"."street2", "res_partner"."zip", "res_partner"."city", "res_partner"."state_id", "res_partner"."country_id", "res_partner"."partner_latitude", "res_partner"."partner_longitude", "res_partner"."email", "res_partner"."phone", "res_partner"."mobile", "res_partner"."is_company", "res_partner"."industry_id", "res_partner"."company_id", "res_partner"."color", "res_partner"."partner_share", "res_partner"."commercial_partner_id", "res_partner"."commercial_company_name", "res_partner"."company_name", "res_partner"."create_uid", "res_partner"."create_date", "res_partner"."write_uid", "res_partner"."write_date", "res_partner"."signup_type", "res_partner"."signup_expiration", "res_partner"."is_boat_owner", "res_partner"."is_boat_guest", "res_partner"."boat_count", "res_partner"."owner_commission_rate", "res_partner"."total_bookings", "res_partner"."total_revenue", "res_partner"."team_id", "res_partner"."partner_gid", "res_partner"."additional_info", "res_partner"."phone_sanitized", "res_partner"."debit_limit", "res_partner"."last_time_entries_checked", "res_partner"."invoice_warn", "res_partner"."invoice_warn_msg", "res_partner"."supplier_rank", "res_partner"."customer_rank", "res_partner"."ubl_cii_format", "res_partner"."peppol_endpoint", "res_partner"."peppol_eas", "res_partner"."website_description"->>'en_US', "res_partner"."website_short_description"->>'en_US', "res_partner"."sale_warn", "res_partner"."sale_warn_msg" FROM "res_partner" WHERE ("res_partner"."id" IN (2))
ERROR: column res_partner.is_boat_owner does not exist
LINE 1: ..."signup_type", "res_partner"."signup_expiration", "res_partn...
                                                             ^
 
2025-11-06 03:07:53,099 1 WARNING ? odoo.service.server: cron0 encountered an Exception: 
Traceback (most recent call last):
  File "/usr/lib/python3/dist-packages/odoo/service/server.py", line 528, in _run_cron
    ir_cron._process_jobs(db_name)
  File "/usr/lib/python3/dist-packages/odoo/addons/base/models/ir_cron.py", line 139, in _process_jobs
    registry[cls._name]._process_job(db, cron_cr, job)
  File "/usr/lib/python3/dist-packages/odoo/addons/base/models/ir_cron.py", line 331, in _process_job
    now = fields.Datetime.context_timestamp(ir_cron, datetime.utcnow())
  File "/usr/lib/python3/dist-packages/odoo/fields.py", line 2270, in context_timestamp
    tz_name = record._context.get('tz') or record.env.user.tz
  File "/usr/lib/python3/dist-packages/odoo/fields.py", line 1219, in __get__
    self.compute_value(recs)
  File "/usr/lib/python3/dist-packages/odoo/fields.py", line 1401, in compute_value
    records._compute_field_value(self)
  File "/usr/lib/python3/dist-packages/odoo/models.py", line 4923, in _compute_field_value
    fields.determine(field.compute, self)
  File "/usr/lib/python3/dist-packages/odoo/fields.py", line 105, in determine
    return needle(records, *args)
  File "/usr/lib/python3/dist-packages/odoo/fields.py", line 707, in _compute_related
    record[self.name] = self._process_related(value[self.related_field.name], record.env)
  File "/usr/lib/python3/dist-packages/odoo/models.py", line 6695, in __getitem__
    return self._fields[key].__get__(self, self.env.registry[self._name])
  File "/usr/lib/python3/dist-packages/odoo/fields.py", line 1182, in __get__
    recs._fetch_field(self)
  File "/usr/lib/python3/dist-packages/odoo/models.py", line 3824, in _fetch_field
    self.fetch(fnames)
  File "/usr/lib/python3/dist-packages/odoo/models.py", line 3874, in fetch
    fetched = self._fetch_query(query, fields_to_fetch)
  File "/usr/lib/python3/dist-packages/odoo/models.py", line 3966, in _fetch_query
    self.env.cr.execute(query.select(*sql_terms))
  File "/usr/lib/python3/dist-packages/odoo/sql_db.py", line 335, in execute
    res = self._obj.execute(query, params)
psycopg2.errors.UndefinedColumn: column res_partner.is_boat_owner does not exist
LINE 1: ..."signup_type", "res_partner"."signup_expiration", "res_partn...
                                                             ^

2025-11-06 03:07:57,118 1 ERROR odoo-boats-db odoo.sql_db: bad query: SELECT "res_partner"."id", "res_partner"."website_meta_og_img", "res_partner"."seo_name"->>'en_US', "res_partner"."website_id", "res_partner"."is_published", "res_partner"."email_normalized", "res_partner"."message_bounce", "res_partner"."name", "res_partner"."complete_name", "res_partner"."date", "res_partner"."title", "res_partner"."parent_id", "res_partner"."ref", "res_partner"."lang", "res_partner"."tz", "res_partner"."user_id", "res_partner"."vat", "res_partner"."company_registry", "res_partner"."website", "res_partner"."comment", "res_partner"."active", "res_partner"."employee", "res_partner"."function", "res_partner"."type", "res_partner"."street", "res_partner"."street2", "res_partner"."zip", "res_partner"."city", "res_partner"."state_id", "res_partner"."country_id", "res_partner"."partner_latitude", "res_partner"."partner_longitude", "res_partner"."email", "res_partner"."phone", "res_partner"."mobile", "res_partner"."is_company", "res_partner"."industry_id", "res_partner"."company_id", "res_partner"."color", "res_partner"."partner_share", "res_partner"."commercial_partner_id", "res_partner"."commercial_company_name", "res_partner"."company_name", "res_partner"."create_uid", "res_partner"."create_date", "res_partner"."write_uid", "res_partner"."write_date", "res_partner"."signup_type", "res_partner"."signup_expiration", "res_partner"."is_boat_owner", "res_partner"."is_boat_guest", "res_partner"."boat_count", "res_partner"."owner_commission_rate", "res_partner"."total_bookings", "res_partner"."total_revenue", "res_partner"."team_id", "res_partner"."partner_gid", "res_partner"."additional_info", "res_partner"."phone_sanitized", "res_partner"."debit_limit", "res_partner"."last_time_entries_checked", "res_partner"."invoice_warn", "res_partner"."invoice_warn_msg", "res_partner"."supplier_rank", "res_partner"."customer_rank", "res_partner"."ubl_cii_format", "res_partner"."peppol_endpoint", "res_partner"."peppol_eas", "res_partner"."website_description"->>'en_US', "res_partner"."website_short_description"->>'en_US', "res_partner"."sale_warn", "res_partner"."sale_warn_msg" FROM "res_partner" WHERE ("res_partner"."id" IN (2))
ERROR: column res_partner.is_boat_owner does not exist
LINE 1: ..."signup_type", "res_partner"."signup_expiration", "res_partn...
                                                             ^
 
2025-11-06 03:07:57,119 1 WARNING ? odoo.service.server: cron1 encountered an Exception: 
Traceback (most recent call last):
  File "/usr/lib/python3/dist-packages/odoo/service/server.py", line 528, in _run_cron
    ir_cron._process_jobs(db_name)
  File "/usr/lib/python3/dist-packages/odoo/addons/base/models/ir_cron.py", line 139, in _process_jobs
    registry[cls._name]._process_job(db, cron_cr, job)
  File "/usr/lib/python3/dist-packages/odoo/addons/base/models/ir_cron.py", line 331, in _process_job
    now = fields.Datetime.context_timestamp(ir_cron, datetime.utcnow())
  File "/usr/lib/python3/dist-packages/odoo/fields.py", line 2270, in context_timestamp
    tz_name = record._context.get('tz') or record.env.user.tz
  File "/usr/lib/python3/dist-packages/odoo/fields.py", line 1219, in __get__
    self.compute_value(recs)
  File "/usr/lib/python3/dist-packages/odoo/fields.py", line 1401, in compute_value
    records._compute_field_value(self)
  File "/usr/lib/python3/dist-packages/odoo/models.py", line 4923, in _compute_field_value
    fields.determine(field.compute, self)
  File "/usr/lib/python3/dist-packages/odoo/fields.py", line 105, in determine
    return needle(records, *args)
  File "/usr/lib/python3/dist-packages/odoo/fields.py", line 707, in _compute_related
    record[self.name] = self._process_related(value[self.related_field.name], record.env)
  File "/usr/lib/python3/dist-packages/odoo/models.py", line 6695, in __getitem__
    return self._fields[key].__get__(self, self.env.registry[self._name])
  File "/usr/lib/python3/dist-packages/odoo/fields.py", line 1182, in __get__
    recs._fetch_field(self)
  File "/usr/lib/python3/dist-packages/odoo/models.py", line 3824, in _fetch_field
    self.fetch(fnames)
  File "/usr/lib/python3/dist-packages/odoo/models.py", line 3874, in fetch
    fetched = self._fetch_query(query, fields_to_fetch)
  File "/usr/lib/python3/dist-packages/odoo/models.py", line 3966, in _fetch_query
    self.env.cr.execute(query.select(*sql_terms))
  File "/usr/lib/python3/dist-packages/odoo/sql_db.py", line 335, in execute
    res = self._obj.execute(query, params)
psycopg2.errors.UndefinedColumn: column res_partner.is_boat_owner does not exist
LINE 1: ..."signup_type", "res_partner"."signup_expiration", "res_partn...
                                                             ^

2025-11-06 03:08:02,533 1 INFO odoo-boats-db werkzeug: 127.0.0.1 - - [06/Nov/2025 03:08:02] "GET /web HTTP/1.1" 303 - 1 0.000 0.002
2025-11-06 03:08:12,620 1 INFO odoo-boats-db werkzeug: 127.0.0.1 - - [06/Nov/2025 03:08:12] "GET /web HTTP/1.1" 303 - 1 0.000 0.004
2025-11-06 03:08:22,706 1 INFO odoo-boats-db werkzeug: 127.0.0.1 - - [06/Nov/2025 03:08:22] "GET /web HTTP/1.1" 303 - 1 0.001 0.003
2025-11-06 03:08:32,766 1 INFO odoo-boats-db werkzeug: 127.0.0.1 - - [06/Nov/2025 03:08:32] "GET /web HTTP/1.1" 303 - 1 0.000 0.002
2025-11-06 03:08:42,830 1 INFO odoo-boats-db werkzeug: 127.0.0.1 - - [06/Nov/2025 03:08:42] "GET /web HTTP/1.1" 303 - 1 0.000 0.002
2025-11-06 03:08:52,919 1 INFO odoo-boats-db werkzeug: 127.0.0.1 - - [06/Nov/2025 03:08:52] "GET /web HTTP/1.1" 303 - 1 0.000 0.003
2025-11-06 03:08:53,168 1 ERROR odoo-boats-db odoo.sql_db: bad query: SELECT "res_partner"."id", "res_partner"."website_meta_og_img", "res_partner"."seo_name"->>'en_US', "res_partner"."website_id", "res_partner"."is_published", "res_partner"."email_normalized", "res_partner"."message_bounce", "res_partner"."name", "res_partner"."complete_name", "res_partner"."date", "res_partner"."title", "res_partner"."parent_id", "res_partner"."ref", "res_partner"."lang", "res_partner"."tz", "res_partner"."user_id", "res_partner"."vat", "res_partner"."company_registry", "res_partner"."website", "res_partner"."comment", "res_partner"."active", "res_partner"."employee", "res_partner"."function", "res_partner"."type", "res_partner"."street", "res_partner"."street2", "res_partner"."zip", "res_partner"."city", "res_partner"."state_id", "res_partner"."country_id", "res_partner"."partner_latitude", "res_partner"."partner_longitude", "res_partner"."email", "res_partner"."phone", "res_partner"."mobile", "res_partner"."is_company", "res_partner"."industry_id", "res_partner"."company_id", "res_partner"."color", "res_partner"."partner_share", "res_partner"."commercial_partner_id", "res_partner"."commercial_company_name", "res_partner"."company_name", "res_partner"."create_uid", "res_partner"."create_date", "res_partner"."write_uid", "res_partner"."write_date", "res_partner"."signup_type", "res_partner"."signup_expiration", "res_partner"."is_boat_owner", "res_partner"."is_boat_guest", "res_partner"."boat_count", "res_partner"."owner_commission_rate", "res_partner"."total_bookings", "res_partner"."total_revenue", "res_partner"."team_id", "res_partner"."partner_gid", "res_partner"."additional_info", "res_partner"."phone_sanitized", "res_partner"."debit_limit", "res_partner"."last_time_entries_checked", "res_partner"."invoice_warn", "res_partner"."invoice_warn_msg", "res_partner"."supplier_rank", "res_partner"."customer_rank", "res_partner"."ubl_cii_format", "res_partner"."peppol_endpoint", "res_partner"."peppol_eas", "res_partner"."website_description"->>'en_US', "res_partner"."website_short_description"->>'en_US', "res_partner"."sale_warn", "res_partner"."sale_warn_msg" FROM "res_partner" WHERE ("res_partner"."id" IN (2))
ERROR: column res_partner.is_boat_owner does not exist
LINE 1: ..."signup_type", "res_partner"."signup_expiration", "res_partn...
                                                             ^
 
2025-11-06 03:08:53,169 1 WARNING ? odoo.service.server: cron0 encountered an Exception: 
Traceback (most recent call last):
  File "/usr/lib/python3/dist-packages/odoo/service/server.py", line 528, in _run_cron
    ir_cron._process_jobs(db_name)
  File "/usr/lib/python3/dist-packages/odoo/addons/base/models/ir_cron.py", line 139, in _process_jobs
    registry[cls._name]._process_job(db, cron_cr, job)
  File "/usr/lib/python3/dist-packages/odoo/addons/base/models/ir_cron.py", line 331, in _process_job
    now = fields.Datetime.context_timestamp(ir_cron, datetime.utcnow())
  File "/usr/lib/python3/dist-packages/odoo/fields.py", line 2270, in context_timestamp
    tz_name = record._context.get('tz') or record.env.user.tz
  File "/usr/lib/python3/dist-packages/odoo/fields.py", line 1219, in __get__
    self.compute_value(recs)
  File "/usr/lib/python3/dist-packages/odoo/fields.py", line 1401, in compute_value
    records._compute_field_value(self)
  File "/usr/lib/python3/dist-packages/odoo/models.py", line 4923, in _compute_field_value
    fields.determine(field.compute, self)
  File "/usr/lib/python3/dist-packages/odoo/fields.py", line 105, in determine
    return needle(records, *args)
  File "/usr/lib/python3/dist-packages/odoo/fields.py", line 707, in _compute_related
    record[self.name] = self._process_related(value[self.related_field.name], record.env)
  File "/usr/lib/python3/dist-packages/odoo/models.py", line 6695, in __getitem__
    return self._fields[key].__get__(self, self.env.registry[self._name])
  File "/usr/lib/python3/dist-packages/odoo/fields.py", line 1182, in __get__
    recs._fetch_field(self)
  File "/usr/lib/python3/dist-packages/odoo/models.py", line 3824, in _fetch_field
    self.fetch(fnames)
  File "/usr/lib/python3/dist-packages/odoo/models.py", line 3874, in fetch
    fetched = self._fetch_query(query, fields_to_fetch)
  File "/usr/lib/python3/dist-packages/odoo/models.py", line 3966, in _fetch_query
    self.env.cr.execute(query.select(*sql_terms))
  File "/usr/lib/python3/dist-packages/odoo/sql_db.py", line 335, in execute
    res = self._obj.execute(query, params)
psycopg2.errors.UndefinedColumn: column res_partner.is_boat_owner does not exist
LINE 1: ..."signup_type", "res_partner"."signup_expiration", "res_partn...
                                                             ^

2025-11-06 03:08:58,202 1 ERROR odoo-boats-db odoo.sql_db: bad query: SELECT "res_partner"."id", "res_partner"."website_meta_og_img", "res_partner"."seo_name"->>'en_US', "res_partner"."website_id", "res_partner"."is_published", "res_partner"."email_normalized", "res_partner"."message_bounce", "res_partner"."name", "res_partner"."complete_name", "res_partner"."date", "res_partner"."title", "res_partner"."parent_id", "res_partner"."ref", "res_partner"."lang", "res_partner"."tz", "res_partner"."user_id", "res_partner"."vat", "res_partner"."company_registry", "res_partner"."website", "res_partner"."comment", "res_partner"."active", "res_partner"."employee", "res_partner"."function", "res_partner"."type", "res_partner"."street", "res_partner"."street2", "res_partner"."zip", "res_partner"."city", "res_partner"."state_id", "res_partner"."country_id", "res_partner"."partner_latitude", "res_partner"."partner_longitude", "res_partner"."email", "res_partner"."phone", "res_partner"."mobile", "res_partner"."is_company", "res_partner"."industry_id", "res_partner"."company_id", "res_partner"."color", "res_partner"."partner_share", "res_partner"."commercial_partner_id", "res_partner"."commercial_company_name", "res_partner"."company_name", "res_partner"."create_uid", "res_partner"."create_date", "res_partner"."write_uid", "res_partner"."write_date", "res_partner"."signup_type", "res_partner"."signup_expiration", "res_partner"."is_boat_owner", "res_partner"."is_boat_guest", "res_partner"."boat_count", "res_partner"."owner_commission_rate", "res_partner"."total_bookings", "res_partner"."total_revenue", "res_partner"."team_id", "res_partner"."partner_gid", "res_partner"."additional_info", "res_partner"."phone_sanitized", "res_partner"."debit_limit", "res_partner"."last_time_entries_checked", "res_partner"."invoice_warn", "res_partner"."invoice_warn_msg", "res_partner"."supplier_rank", "res_partner"."customer_rank", "res_partner"."ubl_cii_format", "res_partner"."peppol_endpoint", "res_partner"."peppol_eas", "res_partner"."website_description"->>'en_US', "res_partner"."website_short_description"->>'en_US', "res_partner"."sale_warn", "res_partner"."sale_warn_msg" FROM "res_partner" WHERE ("res_partner"."id" IN (2))
ERROR: column res_partner.is_boat_owner does not exist
LINE 1: ..."signup_type", "res_partner"."signup_expiration", "res_partn...
                                                             ^
 
2025-11-06 03:08:58,203 1 WARNING ? odoo.service.server: cron1 encountered an Exception: 
Traceback (most recent call last):
  File "/usr/lib/python3/dist-packages/odoo/service/server.py", line 528, in _run_cron
    ir_cron._process_jobs(db_name)
  File "/usr/lib/python3/dist-packages/odoo/addons/base/models/ir_cron.py", line 139, in _process_jobs
    registry[cls._name]._process_job(db, cron_cr, job)
  File "/usr/lib/python3/dist-packages/odoo/addons/base/models/ir_cron.py", line 331, in _process_job
    now = fields.Datetime.context_timestamp(ir_cron, datetime.utcnow())
  File "/usr/lib/python3/dist-packages/odoo/fields.py", line 2270, in context_timestamp
    tz_name = record._context.get('tz') or record.env.user.tz
  File "/usr/lib/python3/dist-packages/odoo/fields.py", line 1219, in __get__
    self.compute_value(recs)
  File "/usr/lib/python3/dist-packages/odoo/fields.py", line 1401, in compute_value
    records._compute_field_value(self)
  File "/usr/lib/python3/dist-packages/odoo/models.py", line 4923, in _compute_field_value
    fields.determine(field.compute, self)
  File "/usr/lib/python3/dist-packages/odoo/fields.py", line 105, in determine
    return needle(records, *args)
  File "/usr/lib/python3/dist-packages/odoo/fields.py", line 707, in _compute_related
    record[self.name] = self._process_related(value[self.related_field.name], record.env)
  File "/usr/lib/python3/dist-packages/odoo/models.py", line 6695, in __getitem__
    return self._fields[key].__get__(self, self.env.registry[self._name])
  File "/usr/lib/python3/dist-packages/odoo/fields.py", line 1182, in __get__
    recs._fetch_field(self)
  File "/usr/lib/python3/dist-packages/odoo/models.py", line 3824, in _fetch_field
    self.fetch(fnames)
  File "/usr/lib/python3/dist-packages/odoo/models.py", line 3874, in fetch
    fetched = self._fetch_query(query, fields_to_fetch)
  File "/usr/lib/python3/dist-packages/odoo/models.py", line 3966, in _fetch_query
    self.env.cr.execute(query.select(*sql_terms))
  File "/usr/lib/python3/dist-packages/odoo/sql_db.py", line 335, in execute
    res = self._obj.execute(query, params)
psycopg2.errors.UndefinedColumn: column res_partner.is_boat_owner does not exist
LINE 1: ..."signup_type", "res_partner"."signup_expiration", "res_partn...
                                                             ^

2025-11-06 03:09:02,987 1 INFO odoo-boats-db werkzeug: 127.0.0.1 - - [06/Nov/2025 03:09:02] "GET /web HTTP/1.1" 303 - 1 0.000 0.002
2025-11-06 03:09:13,074 1 INFO odoo-boats-db werkzeug: 127.0.0.1 - - [06/Nov/2025 03:09:13] "GET /web HTTP/1.1" 303 - 1 0.000 0.002
2025-11-06 03:09:23,157 1 INFO odoo-boats-db werkzeug: 127.0.0.1 - - [06/Nov/2025 03:09:23] "GET /web HTTP/1.1" 303 - 1 0.000 0.002
2025-11-06 03:09:33,247 1 INFO odoo-boats-db werkzeug: 127.0.0.1 - - [06/Nov/2025 03:09:33] "GET /web HTTP/1.1" 303 - 1 0.001 0.003
2025-11-06 03:09:43,364 1 INFO odoo-boats-db werkzeug: 127.0.0.1 - - [06/Nov/2025 03:09:43] "GET /web HTTP/1.1" 303 - 1 0.001 0.004
2025-11-06 03:09:53,244 1 ERROR odoo-boats-db odoo.sql_db: bad query: SELECT "res_partner"."id", "res_partner"."website_meta_og_img", "res_partner"."seo_name"->>'en_US', "res_partner"."website_id", "res_partner"."is_published", "res_partner"."email_normalized", "res_partner"."message_bounce", "res_partner"."name", "res_partner"."complete_name", "res_partner"."date", "res_partner"."title", "res_partner"."parent_id", "res_partner"."ref", "res_partner"."lang", "res_partner"."tz", "res_partner"."user_id", "res_partner"."vat", "res_partner"."company_registry", "res_partner"."website", "res_partner"."comment", "res_partner"."active", "res_partner"."employee", "res_partner"."function", "res_partner"."type", "res_partner"."street", "res_partner"."street2", "res_partner"."zip", "res_partner"."city", "res_partner"."state_id", "res_partner"."country_id", "res_partner"."partner_latitude", "res_partner"."partner_longitude", "res_partner"."email", "res_partner"."phone", "res_partner"."mobile", "res_partner"."is_company", "res_partner"."industry_id", "res_partner"."company_id", "res_partner"."color", "res_partner"."partner_share", "res_partner"."commercial_partner_id", "res_partner"."commercial_company_name", "res_partner"."company_name", "res_partner"."create_uid", "res_partner"."create_date", "res_partner"."write_uid", "res_partner"."write_date", "res_partner"."signup_type", "res_partner"."signup_expiration", "res_partner"."is_boat_owner", "res_partner"."is_boat_guest", "res_partner"."boat_count", "res_partner"."owner_commission_rate", "res_partner"."total_bookings", "res_partner"."total_revenue", "res_partner"."team_id", "res_partner"."partner_gid", "res_partner"."additional_info", "res_partner"."phone_sanitized", "res_partner"."debit_limit", "res_partner"."last_time_entries_checked", "res_partner"."invoice_warn", "res_partner"."invoice_warn_msg", "res_partner"."supplier_rank", "res_partner"."customer_rank", "res_partner"."ubl_cii_format", "res_partner"."peppol_endpoint", "res_partner"."peppol_eas", "res_partner"."website_description"->>'en_US', "res_partner"."website_short_description"->>'en_US', "res_partner"."sale_warn", "res_partner"."sale_warn_msg" FROM "res_partner" WHERE ("res_partner"."id" IN (2))
ERROR: column res_partner.is_boat_owner does not exist
LINE 1: ..."signup_type", "res_partner"."signup_expiration", "res_partn...
                                                             ^
 
2025-11-06 03:09:53,246 1 WARNING ? odoo.service.server: cron0 encountered an Exception: 
Traceback (most recent call last):
  File "/usr/lib/python3/dist-packages/odoo/service/server.py", line 528, in _run_cron
    ir_cron._process_jobs(db_name)
  File "/usr/lib/python3/dist-packages/odoo/addons/base/models/ir_cron.py", line 139, in _process_jobs
    registry[cls._name]._process_job(db, cron_cr, job)
  File "/usr/lib/python3/dist-packages/odoo/addons/base/models/ir_cron.py", line 331, in _process_job
    now = fields.Datetime.context_timestamp(ir_cron, datetime.utcnow())
  File "/usr/lib/python3/dist-packages/odoo/fields.py", line 2270, in context_timestamp
    tz_name = record._context.get('tz') or record.env.user.tz
  File "/usr/lib/python3/dist-packages/odoo/fields.py", line 1219, in __get__
    self.compute_value(recs)
  File "/usr/lib/python3/dist-packages/odoo/fields.py", line 1401, in compute_value
    records._compute_field_value(self)
  File "/usr/lib/python3/dist-packages/odoo/models.py", line 4923, in _compute_field_value
    fields.determine(field.compute, self)
  File "/usr/lib/python3/dist-packages/odoo/fields.py", line 105, in determine
    return needle(records, *args)
  File "/usr/lib/python3/dist-packages/odoo/fields.py", line 707, in _compute_related
    record[self.name] = self._process_related(value[self.related_field.name], record.env)
  File "/usr/lib/python3/dist-packages/odoo/models.py", line 6695, in __getitem__
    return self._fields[key].__get__(self, self.env.registry[self._name])
  File "/usr/lib/python3/dist-packages/odoo/fields.py", line 1182, in __get__
    recs._fetch_field(self)
  File "/usr/lib/python3/dist-packages/odoo/models.py", line 3824, in _fetch_field
    self.fetch(fnames)
  File "/usr/lib/python3/dist-packages/odoo/models.py", line 3874, in fetch
    fetched = self._fetch_query(query, fields_to_fetch)
  File "/usr/lib/python3/dist-packages/odoo/models.py", line 3966, in _fetch_query
    self.env.cr.execute(query.select(*sql_terms))
  File "/usr/lib/python3/dist-packages/odoo/sql_db.py", line 335, in execute
    res = self._obj.execute(query, params)
psycopg2.errors.UndefinedColumn: column res_partner.is_boat_owner does not exist
LINE 1: ..."signup_type", "res_partner"."signup_expiration", "res_partn...
                                                             ^

2025-11-06 03:09:53,490 1 INFO odoo-boats-db werkzeug: 127.0.0.1 - - [06/Nov/2025 03:09:53] "GET /web HTTP/1.1" 303 - 1 0.001 0.004
2025-11-06 03:09:59,288 1 ERROR odoo-boats-db odoo.sql_db: bad query: SELECT "res_partner"."id", "res_partner"."website_meta_og_img", "res_partner"."seo_name"->>'en_US', "res_partner"."website_id", "res_partner"."is_published", "res_partner"."email_normalized", "res_partner"."message_bounce", "res_partner"."name", "res_partner"."complete_name", "res_partner"."date", "res_partner"."title", "res_partner"."parent_id", "res_partner"."ref", "res_partner"."lang", "res_partner"."tz", "res_partner"."user_id", "res_partner"."vat", "res_partner"."company_registry", "res_partner"."website", "res_partner"."comment", "res_partner"."active", "res_partner"."employee", "res_partner"."function", "res_partner"."type", "res_partner"."street", "res_partner"."street2", "res_partner"."zip", "res_partner"."city", "res_partner"."state_id", "res_partner"."country_id", "res_partner"."partner_latitude", "res_partner"."partner_longitude", "res_partner"."email", "res_partner"."phone", "res_partner"."mobile", "res_partner"."is_company", "res_partner"."industry_id", "res_partner"."company_id", "res_partner"."color", "res_partner"."partner_share", "res_partner"."commercial_partner_id", "res_partner"."commercial_company_name", "res_partner"."company_name", "res_partner"."create_uid", "res_partner"."create_date", "res_partner"."write_uid", "res_partner"."write_date", "res_partner"."signup_type", "res_partner"."signup_expiration", "res_partner"."is_boat_owner", "res_partner"."is_boat_guest", "res_partner"."boat_count", "res_partner"."owner_commission_rate", "res_partner"."total_bookings", "res_partner"."total_revenue", "res_partner"."team_id", "res_partner"."partner_gid", "res_partner"."additional_info", "res_partner"."phone_sanitized", "res_partner"."debit_limit", "res_partner"."last_time_entries_checked", "res_partner"."invoice_warn", "res_partner"."invoice_warn_msg", "res_partner"."supplier_rank", "res_partner"."customer_rank", "res_partner"."ubl_cii_format", "res_partner"."peppol_endpoint", "res_partner"."peppol_eas", "res_partner"."website_description"->>'en_US', "res_partner"."website_short_description"->>'en_US', "res_partner"."sale_warn", "res_partner"."sale_warn_msg" FROM "res_partner" WHERE ("res_partner"."id" IN (2))
ERROR: column res_partner.is_boat_owner does not exist
LINE 1: ..."signup_type", "res_partner"."signup_expiration", "res_partn...
                                                             ^
 
2025-11-06 03:09:59,290 1 WARNING ? odoo.service.server: cron1 encountered an Exception: 
Traceback (most recent call last):
  File "/usr/lib/python3/dist-packages/odoo/service/server.py", line 528, in _run_cron
    ir_cron._process_jobs(db_name)
  File "/usr/lib/python3/dist-packages/odoo/addons/base/models/ir_cron.py", line 139, in _process_jobs
    registry[cls._name]._process_job(db, cron_cr, job)
  File "/usr/lib/python3/dist-packages/odoo/addons/base/models/ir_cron.py", line 331, in _process_job
    now = fields.Datetime.context_timestamp(ir_cron, datetime.utcnow())
  File "/usr/lib/python3/dist-packages/odoo/fields.py", line 2270, in context_timestamp
    tz_name = record._context.get('tz') or record.env.user.tz
  File "/usr/lib/python3/dist-packages/odoo/fields.py", line 1219, in __get__
    self.compute_value(recs)
  File "/usr/lib/python3/dist-packages/odoo/fields.py", line 1401, in compute_value
    records._compute_field_value(self)
  File "/usr/lib/python3/dist-packages/odoo/models.py", line 4923, in _compute_field_value
    fields.determine(field.compute, self)
  File "/usr/lib/python3/dist-packages/odoo/fields.py", line 105, in determine
    return needle(records, *args)
  File "/usr/lib/python3/dist-packages/odoo/fields.py", line 707, in _compute_related
    record[self.name] = self._process_related(value[self.related_field.name], record.env)
  File "/usr/lib/python3/dist-packages/odoo/models.py", line 6695, in __getitem__
    return self._fields[key].__get__(self, self.env.registry[self._name])
  File "/usr/lib/python3/dist-packages/odoo/fields.py", line 1182, in __get__
    recs._fetch_field(self)
  File "/usr/lib/python3/dist-packages/odoo/models.py", line 3824, in _fetch_field
    self.fetch(fnames)
  File "/usr/lib/python3/dist-packages/odoo/models.py", line 3874, in fetch
    fetched = self._fetch_query(query, fields_to_fetch)
  File "/usr/lib/python3/dist-packages/odoo/models.py", line 3966, in _fetch_query
    self.env.cr.execute(query.select(*sql_terms))
  File "/usr/lib/python3/dist-packages/odoo/sql_db.py", line 335, in execute
    res = self._obj.execute(query, params)
psycopg2.errors.UndefinedColumn: column res_partner.is_boat_owner does not exist
LINE 1: ..."signup_type", "res_partner"."signup_expiration", "res_partn...
                                                             ^

2025-11-06 03:10:03,573 1 INFO odoo-boats-db werkzeug: 127.0.0.1 - - [06/Nov/2025 03:10:03] "GET /web HTTP/1.1" 303 - 1 0.001 0.003
2025-11-06 03:10:13,700 1 INFO odoo-boats-db werkzeug: 127.0.0.1 - - [06/Nov/2025 03:10:13] "GET /web HTTP/1.1" 303 - 1 0.001 0.004
2025-11-06 03:10:23,779 1 INFO odoo-boats-db werkzeug: 127.0.0.1 - - [06/Nov/2025 03:10:23] "GET /web HTTP/1.1" 303 - 1 0.001 0.005
2025-11-06 03:10:33,878 1 INFO odoo-boats-db werkzeug: 127.0.0.1 - - [06/Nov/2025 03:10:33] "GET /web HTTP/1.1" 303 - 1 0.001 0.004
2025-11-06 03:10:43,952 1 INFO odoo-boats-db werkzeug: 127.0.0.1 - - [06/Nov/2025 03:10:43] "GET /web HTTP/1.1" 303 - 1 0.001 0.003
2025-11-06 03:10:53,324 1 ERROR odoo-boats-db odoo.sql_db: bad query: SELECT "res_partner"."id", "res_partner"."website_meta_og_img", "res_partner"."seo_name"->>'en_US', "res_partner"."website_id", "res_partner"."is_published", "res_partner"."email_normalized", "res_partner"."message_bounce", "res_partner"."name", "res_partner"."complete_name", "res_partner"."date", "res_partner"."title", "res_partner"."parent_id", "res_partner"."ref", "res_partner"."lang", "res_partner"."tz", "res_partner"."user_id", "res_partner"."vat", "res_partner"."company_registry", "res_partner"."website", "res_partner"."comment", "res_partner"."active", "res_partner"."employee", "res_partner"."function", "res_partner"."type", "res_partner"."street", "res_partner"."street2", "res_partner"."zip", "res_partner"."city", "res_partner"."state_id", "res_partner"."country_id", "res_partner"."partner_latitude", "res_partner"."partner_longitude", "res_partner"."email", "res_partner"."phone", "res_partner"."mobile", "res_partner"."is_company", "res_partner"."industry_id", "res_partner"."company_id", "res_partner"."color", "res_partner"."partner_share", "res_partner"."commercial_partner_id", "res_partner"."commercial_company_name", "res_partner"."company_name", "res_partner"."create_uid", "res_partner"."create_date", "res_partner"."write_uid", "res_partner"."write_date", "res_partner"."signup_type", "res_partner"."signup_expiration", "res_partner"."is_boat_owner", "res_partner"."is_boat_guest", "res_partner"."boat_count", "res_partner"."owner_commission_rate", "res_partner"."total_bookings", "res_partner"."total_revenue", "res_partner"."team_id", "res_partner"."partner_gid", "res_partner"."additional_info", "res_partner"."phone_sanitized", "res_partner"."debit_limit", "res_partner"."last_time_entries_checked", "res_partner"."invoice_warn", "res_partner"."invoice_warn_msg", "res_partner"."supplier_rank", "res_partner"."customer_rank", "res_partner"."ubl_cii_format", "res_partner"."peppol_endpoint", "res_partner"."peppol_eas", "res_partner"."website_description"->>'en_US', "res_partner"."website_short_description"->>'en_US', "res_partner"."sale_warn", "res_partner"."sale_warn_msg" FROM "res_partner" WHERE ("res_partner"."id" IN (2))
ERROR: column res_partner.is_boat_owner does not exist
LINE 1: ..."signup_type", "res_partner"."signup_expiration", "res_partn...
                                                             ^
 
2025-11-06 03:10:53,326 1 WARNING ? odoo.service.server: cron0 encountered an Exception: 
Traceback (most recent call last):
  File "/usr/lib/python3/dist-packages/odoo/service/server.py", line 528, in _run_cron
    ir_cron._process_jobs(db_name)
  File "/usr/lib/python3/dist-packages/odoo/addons/base/models/ir_cron.py", line 139, in _process_jobs
    registry[cls._name]._process_job(db, cron_cr, job)
  File "/usr/lib/python3/dist-packages/odoo/addons/base/models/ir_cron.py", line 331, in _process_job
    now = fields.Datetime.context_timestamp(ir_cron, datetime.utcnow())
  File "/usr/lib/python3/dist-packages/odoo/fields.py", line 2270, in context_timestamp
    tz_name = record._context.get('tz') or record.env.user.tz
  File "/usr/lib/python3/dist-packages/odoo/fields.py", line 1219, in __get__
    self.compute_value(recs)
  File "/usr/lib/python3/dist-packages/odoo/fields.py", line 1401, in compute_value
    records._compute_field_value(self)
  File "/usr/lib/python3/dist-packages/odoo/models.py", line 4923, in _compute_field_value
    fields.determine(field.compute, self)
  File "/usr/lib/python3/dist-packages/odoo/fields.py", line 105, in determine
    return needle(records, *args)
  File "/usr/lib/python3/dist-packages/odoo/fields.py", line 707, in _compute_related
    record[self.name] = self._process_related(value[self.related_field.name], record.env)
  File "/usr/lib/python3/dist-packages/odoo/models.py", line 6695, in __getitem__
    return self._fields[key].__get__(self, self.env.registry[self._name])
  File "/usr/lib/python3/dist-packages/odoo/fields.py", line 1182, in __get__
    recs._fetch_field(self)
  File "/usr/lib/python3/dist-packages/odoo/models.py", line 3824, in _fetch_field
    self.fetch(fnames)
  File "/usr/lib/python3/dist-packages/odoo/models.py", line 3874, in fetch
    fetched = self._fetch_query(query, fields_to_fetch)
  File "/usr/lib/python3/dist-packages/odoo/models.py", line 3966, in _fetch_query
    self.env.cr.execute(query.select(*sql_terms))
  File "/usr/lib/python3/dist-packages/odoo/sql_db.py", line 335, in execute
    res = self._obj.execute(query, params)
psycopg2.errors.UndefinedColumn: column res_partner.is_boat_owner does not exist
LINE 1: ..."signup_type", "res_partner"."signup_expiration", "res_partn...
                                                             ^

2025-11-06 03:10:54,058 1 INFO odoo-boats-db werkzeug: 127.0.0.1 - - [06/Nov/2025 03:10:54] "GET /web HTTP/1.1" 303 - 1 0.001 0.004
2025-11-06 03:11:00,377 1 ERROR odoo-boats-db odoo.sql_db: bad query: SELECT "res_partner"."id", "res_partner"."website_meta_og_img", "res_partner"."seo_name"->>'en_US', "res_partner"."website_id", "res_partner"."is_published", "res_partner"."email_normalized", "res_partner"."message_bounce", "res_partner"."name", "res_partner"."complete_name", "res_partner"."date", "res_partner"."title", "res_partner"."parent_id", "res_partner"."ref", "res_partner"."lang", "res_partner"."tz", "res_partner"."user_id", "res_partner"."vat", "res_partner"."company_registry", "res_partner"."website", "res_partner"."comment", "res_partner"."active", "res_partner"."employee", "res_partner"."function", "res_partner"."type", "res_partner"."street", "res_partner"."street2", "res_partner"."zip", "res_partner"."city", "res_partner"."state_id", "res_partner"."country_id", "res_partner"."partner_latitude", "res_partner"."partner_longitude", "res_partner"."email", "res_partner"."phone", "res_partner"."mobile", "res_partner"."is_company", "res_partner"."industry_id", "res_partner"."company_id", "res_partner"."color", "res_partner"."partner_share", "res_partner"."commercial_partner_id", "res_partner"."commercial_company_name", "res_partner"."company_name", "res_partner"."create_uid", "res_partner"."create_date", "res_partner"."write_uid", "res_partner"."write_date", "res_partner"."signup_type", "res_partner"."signup_expiration", "res_partner"."is_boat_owner", "res_partner"."is_boat_guest", "res_partner"."boat_count", "res_partner"."owner_commission_rate", "res_partner"."total_bookings", "res_partner"."total_revenue", "res_partner"."team_id", "res_partner"."partner_gid", "res_partner"."additional_info", "res_partner"."phone_sanitized", "res_partner"."debit_limit", "res_partner"."last_time_entries_checked", "res_partner"."invoice_warn", "res_partner"."invoice_warn_msg", "res_partner"."supplier_rank", "res_partner"."customer_rank", "res_partner"."ubl_cii_format", "res_partner"."peppol_endpoint", "res_partner"."peppol_eas", "res_partner"."website_description"->>'en_US', "res_partner"."website_short_description"->>'en_US', "res_partner"."sale_warn", "res_partner"."sale_warn_msg" FROM "res_partner" WHERE ("res_partner"."id" IN (2))
ERROR: column res_partner.is_boat_owner does not exist
LINE 1: ..."signup_type", "res_partner"."signup_expiration", "res_partn...
                                                             ^
 
2025-11-06 03:11:00,378 1 WARNING ? odoo.service.server: cron1 encountered an Exception: 
Traceback (most recent call last):
  File "/usr/lib/python3/dist-packages/odoo/service/server.py", line 528, in _run_cron
    ir_cron._process_jobs(db_name)
  File "/usr/lib/python3/dist-packages/odoo/addons/base/models/ir_cron.py", line 139, in _process_jobs
    registry[cls._name]._process_job(db, cron_cr, job)
  File "/usr/lib/python3/dist-packages/odoo/addons/base/models/ir_cron.py", line 331, in _process_job
    now = fields.Datetime.context_timestamp(ir_cron, datetime.utcnow())
  File "/usr/lib/python3/dist-packages/odoo/fields.py", line 2270, in context_timestamp
    tz_name = record._context.get('tz') or record.env.user.tz
  File "/usr/lib/python3/dist-packages/odoo/fields.py", line 1219, in __get__
    self.compute_value(recs)
  File "/usr/lib/python3/dist-packages/odoo/fields.py", line 1401, in compute_value
    records._compute_field_value(self)
  File "/usr/lib/python3/dist-packages/odoo/models.py", line 4923, in _compute_field_value
    fields.determine(field.compute, self)
  File "/usr/lib/python3/dist-packages/odoo/fields.py", line 105, in determine
    return needle(records, *args)
  File "/usr/lib/python3/dist-packages/odoo/fields.py", line 707, in _compute_related
    record[self.name] = self._process_related(value[self.related_field.name], record.env)
  File "/usr/lib/python3/dist-packages/odoo/models.py", line 6695, in __getitem__
    return self._fields[key].__get__(self, self.env.registry[self._name])
  File "/usr/lib/python3/dist-packages/odoo/fields.py", line 1182, in __get__
    recs._fetch_field(self)
  File "/usr/lib/python3/dist-packages/odoo/models.py", line 3824, in _fetch_field
    self.fetch(fnames)
  File "/usr/lib/python3/dist-packages/odoo/models.py", line 3874, in fetch
    fetched = self._fetch_query(query, fields_to_fetch)
  File "/usr/lib/python3/dist-packages/odoo/models.py", line 3966, in _fetch_query
    self.env.cr.execute(query.select(*sql_terms))
  File "/usr/lib/python3/dist-packages/odoo/sql_db.py", line 335, in execute
    res = self._obj.execute(query, params)
psycopg2.errors.UndefinedColumn: column res_partner.is_boat_owner does not exist
LINE 1: ..."signup_type", "res_partner"."signup_expiration", "res_partn...
                                                             ^

2025-11-06 03:11:04,154 1 INFO odoo-boats-db werkzeug: 127.0.0.1 - - [06/Nov/2025 03:11:04] "GET /web HTTP/1.1" 303 - 1 0.001 0.003
2025-11-06 03:11:14,262 1 INFO odoo-boats-db werkzeug: 127.0.0.1 - - [06/Nov/2025 03:11:14] "GET /web HTTP/1.1" 303 - 1 0.001 0.003
2025-11-06 03:11:24,339 1 INFO odoo-boats-db werkzeug: 127.0.0.1 - - [06/Nov/2025 03:11:24] "GET /web HTTP/1.1" 303 - 1 0.001 0.005
2025-11-06 03:11:34,419 1 INFO odoo-boats-db werkzeug: 127.0.0.1 - - [06/Nov/2025 03:11:34] "GET /web HTTP/1.1" 303 - 1 0.000 0.002
2025-11-06 03:11:44,499 1 INFO odoo-boats-db werkzeug: 127.0.0.1 - - [06/Nov/2025 03:11:44] "GET /web HTTP/1.1" 303 - 1 0.000 0.002
2025-11-06 03:23:06,470 1 ERROR odoo-boats-db odoo.sql_db: bad query: SELECT "res_partner"."id", "res_partner"."website_meta_og_img", "res_partner"."seo_name"->>'en_US', "res_partner"."website_id", "res_partner"."is_published", "res_partner"."email_normalized", "res_partner"."message_bounce", "res_partner"."name", "res_partner"."complete_name", "res_partner"."date", "res_partner"."title", "res_partner"."parent_id", "res_partner"."ref", "res_partner"."lang", "res_partner"."tz", "res_partner"."user_id", "res_partner"."vat", "res_partner"."company_registry", "res_partner"."website", "res_partner"."comment", "res_partner"."active", "res_partner"."employee", "res_partner"."function", "res_partner"."type", "res_partner"."street", "res_partner"."street2", "res_partner"."zip", "res_partner"."city", "res_partner"."state_id", "res_partner"."country_id", "res_partner"."partner_latitude", "res_partner"."partner_longitude", "res_partner"."email", "res_partner"."phone", "res_partner"."mobile", "res_partner"."is_company", "res_partner"."industry_id", "res_partner"."company_id", "res_partner"."color", "res_partner"."partner_share", "res_partner"."commercial_partner_id", "res_partner"."commercial_company_name", "res_partner"."company_name", "res_partner"."create_uid", "res_partner"."create_date", "res_partner"."write_uid", "res_partner"."write_date", "res_partner"."signup_type", "res_partner"."signup_expiration", "res_partner"."is_boat_owner", "res_partner"."is_boat_guest", "res_partner"."boat_count", "res_partner"."owner_commission_rate", "res_partner"."total_bookings", "res_partner"."total_revenue", "res_partner"."team_id", "res_partner"."partner_gid", "res_partner"."additional_info", "res_partner"."phone_sanitized", "res_partner"."debit_limit", "res_partner"."last_time_entries_checked", "res_partner"."invoice_warn", "res_partner"."invoice_warn_msg", "res_partner"."supplier_rank", "res_partner"."customer_rank", "res_partner"."ubl_cii_format", "res_partner"."peppol_endpoint", "res_partner"."peppol_eas", "res_partner"."website_description"->>'en_US', "res_partner"."website_short_description"->>'en_US', "res_partner"."sale_warn", "res_partner"."sale_warn_msg" FROM "res_partner" WHERE ("res_partner"."id" IN (2))
ERROR: column res_partner.is_boat_owner does not exist
LINE 1: ..."signup_type", "res_partner"."signup_expiration", "res_partn...
                                                             ^
 
2025-11-06 03:23:06,471 1 WARNING ? odoo.service.server: cron0 encountered an Exception: 
Traceback (most recent call last):
  File "/usr/lib/python3/dist-packages/odoo/service/server.py", line 528, in _run_cron
    ir_cron._process_jobs(db_name)
  File "/usr/lib/python3/dist-packages/odoo/addons/base/models/ir_cron.py", line 139, in _process_jobs
    registry[cls._name]._process_job(db, cron_cr, job)
  File "/usr/lib/python3/dist-packages/odoo/addons/base/models/ir_cron.py", line 331, in _process_job
    now = fields.Datetime.context_timestamp(ir_cron, datetime.utcnow())
  File "/usr/lib/python3/dist-packages/odoo/fields.py", line 2270, in context_timestamp
    tz_name = record._context.get('tz') or record.env.user.tz
  File "/usr/lib/python3/dist-packages/odoo/fields.py", line 1219, in __get__
    self.compute_value(recs)
  File "/usr/lib/python3/dist-packages/odoo/fields.py", line 1401, in compute_value
    records._compute_field_value(self)
  File "/usr/lib/python3/dist-packages/odoo/models.py", line 4923, in _compute_field_value
    fields.determine(field.compute, self)
  File "/usr/lib/python3/dist-packages/odoo/fields.py", line 105, in determine
    return needle(records, *args)
  File "/usr/lib/python3/dist-packages/odoo/fields.py", line 707, in _compute_related
    record[self.name] = self._process_related(value[self.related_field.name], record.env)
  File "/usr/lib/python3/dist-packages/odoo/models.py", line 6695, in __getitem__
    return self._fields[key].__get__(self, self.env.registry[self._name])
  File "/usr/lib/python3/dist-packages/odoo/fields.py", line 1182, in __get__
    recs._fetch_field(self)
  File "/usr/lib/python3/dist-packages/odoo/models.py", line 3824, in _fetch_field
    self.fetch(fnames)
  File "/usr/lib/python3/dist-packages/odoo/models.py", line 3874, in fetch
    fetched = self._fetch_query(query, fields_to_fetch)
  File "/usr/lib/python3/dist-packages/odoo/models.py", line 3966, in _fetch_query
    self.env.cr.execute(query.select(*sql_terms))
  File "/usr/lib/python3/dist-packages/odoo/sql_db.py", line 335, in execute
    res = self._obj.execute(query, params)
psycopg2.errors.UndefinedColumn: column res_partner.is_boat_owner does not exist
LINE 1: ..."signup_type", "res_partner"."signup_expiration", "res_partn...
                                                             ^

2025-11-06 03:23:07,600 1 INFO odoo-boats-db werkzeug: 127.0.0.1 - - [06/Nov/2025 03:23:07] "GET /web HTTP/1.1" 303 - 1 0.001 0.005
2025-11-06 03:23:14,504 1 ERROR odoo-boats-db odoo.sql_db: bad query: SELECT "res_partner"."id", "res_partner"."website_meta_og_img", "res_partner"."seo_name"->>'en_US', "res_partner"."website_id", "res_partner"."is_published", "res_partner"."email_normalized", "res_partner"."message_bounce", "res_partner"."name", "res_partner"."complete_name", "res_partner"."date", "res_partner"."title", "res_partner"."parent_id", "res_partner"."ref", "res_partner"."lang", "res_partner"."tz", "res_partner"."user_id", "res_partner"."vat", "res_partner"."company_registry", "res_partner"."website", "res_partner"."comment", "res_partner"."active", "res_partner"."employee", "res_partner"."function", "res_partner"."type", "res_partner"."street", "res_partner"."street2", "res_partner"."zip", "res_partner"."city", "res_partner"."state_id", "res_partner"."country_id", "res_partner"."partner_latitude", "res_partner"."partner_longitude", "res_partner"."email", "res_partner"."phone", "res_partner"."mobile", "res_partner"."is_company", "res_partner"."industry_id", "res_partner"."company_id", "res_partner"."color", "res_partner"."partner_share", "res_partner"."commercial_partner_id", "res_partner"."commercial_company_name", "res_partner"."company_name", "res_partner"."create_uid", "res_partner"."create_date", "res_partner"."write_uid", "res_partner"."write_date", "res_partner"."signup_type", "res_partner"."signup_expiration", "res_partner"."is_boat_owner", "res_partner"."is_boat_guest", "res_partner"."boat_count", "res_partner"."owner_commission_rate", "res_partner"."total_bookings", "res_partner"."total_revenue", "res_partner"."team_id", "res_partner"."partner_gid", "res_partner"."additional_info", "res_partner"."phone_sanitized", "res_partner"."debit_limit", "res_partner"."last_time_entries_checked", "res_partner"."invoice_warn", "res_partner"."invoice_warn_msg", "res_partner"."supplier_rank", "res_partner"."customer_rank", "res_partner"."ubl_cii_format", "res_partner"."peppol_endpoint", "res_partner"."peppol_eas", "res_partner"."website_description"->>'en_US', "res_partner"."website_short_description"->>'en_US', "res_partner"."sale_warn", "res_partner"."sale_warn_msg" FROM "res_partner" WHERE ("res_partner"."id" IN (2))
ERROR: column res_partner.is_boat_owner does not exist
LINE 1: ..."signup_type", "res_partner"."signup_expiration", "res_partn...
                                                             ^
 
2025-11-06 03:23:14,506 1 WARNING ? odoo.service.server: cron1 encountered an Exception: 
Traceback (most recent call last):
  File "/usr/lib/python3/dist-packages/odoo/service/server.py", line 528, in _run_cron
    ir_cron._process_jobs(db_name)
  File "/usr/lib/python3/dist-packages/odoo/addons/base/models/ir_cron.py", line 139, in _process_jobs
    registry[cls._name]._process_job(db, cron_cr, job)
  File "/usr/lib/python3/dist-packages/odoo/addons/base/models/ir_cron.py", line 331, in _process_job
    now = fields.Datetime.context_timestamp(ir_cron, datetime.utcnow())
  File "/usr/lib/python3/dist-packages/odoo/fields.py", line 2270, in context_timestamp
    tz_name = record._context.get('tz') or record.env.user.tz
  File "/usr/lib/python3/dist-packages/odoo/fields.py", line 1219, in __get__
    self.compute_value(recs)
  File "/usr/lib/python3/dist-packages/odoo/fields.py", line 1401, in compute_value
    records._compute_field_value(self)
  File "/usr/lib/python3/dist-packages/odoo/models.py", line 4923, in _compute_field_value
    fields.determine(field.compute, self)
  File "/usr/lib/python3/dist-packages/odoo/fields.py", line 105, in determine
    return needle(records, *args)
  File "/usr/lib/python3/dist-packages/odoo/fields.py", line 707, in _compute_related
    record[self.name] = self._process_related(value[self.related_field.name], record.env)
  File "/usr/lib/python3/dist-packages/odoo/models.py", line 6695, in __getitem__
    return self._fields[key].__get__(self, self.env.registry[self._name])
  File "/usr/lib/python3/dist-packages/odoo/fields.py", line 1182, in __get__
    recs._fetch_field(self)
  File "/usr/lib/python3/dist-packages/odoo/models.py", line 3824, in _fetch_field
    self.fetch(fnames)
  File "/usr/lib/python3/dist-packages/odoo/models.py", line 3874, in fetch
    fetched = self._fetch_query(query, fields_to_fetch)
  File "/usr/lib/python3/dist-packages/odoo/models.py", line 3966, in _fetch_query
    self.env.cr.execute(query.select(*sql_terms))
  File "/usr/lib/python3/dist-packages/odoo/sql_db.py", line 335, in execute
    res = self._obj.execute(query, params)
psycopg2.errors.UndefinedColumn: column res_partner.is_boat_owner does not exist
LINE 1: ..."signup_type", "res_partner"."signup_expiration", "res_partn...
                                                             ^

2025-11-06 03:23:17,665 1 INFO odoo-boats-db werkzeug: 127.0.0.1 - - [06/Nov/2025 03:23:17] "GET /web HTTP/1.1" 303 - 1 0.001 0.005
2025-11-06 03:23:27,736 1 INFO odoo-boats-db werkzeug: 127.0.0.1 - - [06/Nov/2025 03:23:27] "GET /web HTTP/1.1" 303 - 1 0.000 0.002
2025-11-06 03:23:37,816 1 INFO odoo-boats-db werkzeug: 127.0.0.1 - - [06/Nov/2025 03:23:37] "GET /web HTTP/1.1" 303 - 1 0.000 0.003
2025-11-06 03:23:47,883 1 INFO odoo-boats-db werkzeug: 127.0.0.1 - - [06/Nov/2025 03:23:47] "GET /web HTTP/1.1" 303 - 1 0.000 0.003
2025-11-06 03:23:49,689 1 ERROR odoo-boats-db odoo.sql_db: bad query: SELECT "res_partner"."id", "res_partner"."website_meta_og_img", "res_partner"."seo_name"->>'en_US', "res_partner"."website_id", "res_partner"."is_published", "res_partner"."email_normalized", "res_partner"."message_bounce", "res_partner"."name", "res_partner"."complete_name", "res_partner"."date", "res_partner"."title", "res_partner"."parent_id", "res_partner"."ref", "res_partner"."lang", "res_partner"."tz", "res_partner"."user_id", "res_partner"."vat", "res_partner"."company_registry", "res_partner"."website", "res_partner"."comment", "res_partner"."active", "res_partner"."employee", "res_partner"."function", "res_partner"."type", "res_partner"."street", "res_partner"."street2", "res_partner"."zip", "res_partner"."city", "res_partner"."state_id", "res_partner"."country_id", "res_partner"."partner_latitude", "res_partner"."partner_longitude", "res_partner"."email", "res_partner"."phone", "res_partner"."mobile", "res_partner"."is_company", "res_partner"."industry_id", "res_partner"."company_id", "res_partner"."color", "res_partner"."partner_share", "res_partner"."commercial_partner_id", "res_partner"."commercial_company_name", "res_partner"."company_name", "res_partner"."create_uid", "res_partner"."create_date", "res_partner"."write_uid", "res_partner"."write_date", "res_partner"."signup_type", "res_partner"."signup_expiration", "res_partner"."is_boat_owner", "res_partner"."is_boat_guest", "res_partner"."boat_count", "res_partner"."owner_commission_rate", "res_partner"."total_bookings", "res_partner"."total_revenue", "res_partner"."team_id", "res_partner"."partner_gid", "res_partner"."additional_info", "res_partner"."phone_sanitized", "res_partner"."debit_limit", "res_partner"."last_time_entries_checked", "res_partner"."invoice_warn", "res_partner"."invoice_warn_msg", "res_partner"."supplier_rank", "res_partner"."customer_rank", "res_partner"."ubl_cii_format", "res_partner"."peppol_endpoint", "res_partner"."peppol_eas", "res_partner"."website_description"->>'en_US', "res_partner"."website_short_description"->>'en_US', "res_partner"."sale_warn", "res_partner"."sale_warn_msg" FROM "res_partner" WHERE ("res_partner"."id" IN (3))
ERROR: column res_partner.is_boat_owner does not exist
LINE 1: ..."signup_type", "res_partner"."signup_expiration", "res_partn...
                                                             ^
 
2025-11-06 03:23:49,708 1 ERROR odoo-boats-db odoo.http: Exception during request handling. 
Traceback (most recent call last):
  File "<432>", line 120, in template_432_t_nocache_0
  File "/usr/lib/python3/dist-packages/odoo/fields.py", line 1219, in __get__
    self.compute_value(recs)
  File "/usr/lib/python3/dist-packages/odoo/fields.py", line 1401, in compute_value
    records._compute_field_value(self)
  File "/usr/lib/python3/dist-packages/odoo/models.py", line 4923, in _compute_field_value
    fields.determine(field.compute, self)
  File "/usr/lib/python3/dist-packages/odoo/fields.py", line 105, in determine
    return needle(records, *args)
  File "/usr/lib/python3/dist-packages/odoo/fields.py", line 707, in _compute_related
    record[self.name] = self._process_related(value[self.related_field.name], record.env)
  File "/usr/lib/python3/dist-packages/odoo/models.py", line 6695, in __getitem__
    return self._fields[key].__get__(self, self.env.registry[self._name])
  File "/usr/lib/python3/dist-packages/odoo/fields.py", line 1182, in __get__
    recs._fetch_field(self)
  File "/usr/lib/python3/dist-packages/odoo/models.py", line 3824, in _fetch_field
    self.fetch(fnames)
  File "/usr/lib/python3/dist-packages/odoo/models.py", line 3874, in fetch
    fetched = self._fetch_query(query, fields_to_fetch)
  File "/usr/lib/python3/dist-packages/odoo/models.py", line 3966, in _fetch_query
    self.env.cr.execute(query.select(*sql_terms))
  File "/usr/lib/python3/dist-packages/odoo/sql_db.py", line 335, in execute
    res = self._obj.execute(query, params)
psycopg2.errors.UndefinedColumn: column res_partner.is_boat_owner does not exist
LINE 1: ..."signup_type", "res_partner"."signup_expiration", "res_partn...
                                                             ^


The above exception was the direct cause of the following exception:

Traceback (most recent call last):
  File "/usr/lib/python3/dist-packages/odoo/http.py", line 2396, in __call__
    response = request._serve_db()
  File "/usr/lib/python3/dist-packages/odoo/http.py", line 1971, in _serve_db
    return service_model.retrying(self._serve_ir_http, self.env)
  File "/usr/lib/python3/dist-packages/odoo/service/model.py", line 152, in retrying
    result = func()
  File "/usr/lib/python3/dist-packages/odoo/http.py", line 1999, in _serve_ir_http
    response = self.dispatcher.dispatch(rule.endpoint, args)
  File "/usr/lib/python3/dist-packages/odoo/http.py", line 2116, in dispatch
    return self.request.registry['ir.http']._dispatch(endpoint)
  File "/usr/lib/python3/dist-packages/odoo/addons/website/models/ir_http.py", line 235, in _dispatch
    response = super()._dispatch(endpoint)
  File "/usr/lib/python3/dist-packages/odoo/addons/base/models/ir_http.py", line 223, in _dispatch
    result.flatten()
  File "/usr/lib/python3/dist-packages/odoo/tools/facade.py", line 83, in wrap_func
    func(self._wrapped__, *args, **kwargs)
  File "/usr/lib/python3/dist-packages/odoo/http.py", line 1360, in flatten
    self.response.append(self.render())
  File "/usr/lib/python3/dist-packages/odoo/http.py", line 1352, in render
    return request.env["ir.ui.view"]._render_template(self.template, self.qcontext)
  File "/usr/lib/python3/dist-packages/odoo/addons/website/models/ir_ui_view.py", line 446, in _render_template
    return super()._render_template(template, values=values)
  File "/usr/lib/python3/dist-packages/odoo/addons/base/models/ir_ui_view.py", line 2072, in _render_template
    return self.env['ir.qweb']._render(template, values)
  File "/usr/lib/python3/dist-packages/odoo/tools/profiler.py", line 301, in _tracked_method_render
    return method_render(self, template, values, **options)
  File "/usr/lib/python3/dist-packages/odoo/addons/base/models/ir_qweb.py", line 606, in _render
    result = ''.join(rendering)
  File "<1916>", line 39, in template_1916
  File "<1916>", line 28, in template_1916_content
  File "<1918>", line 1654, in template_1918
  File "<1918>", line 1492, in template_1918_content
  File "<432>", line 189, in template_432_t_nocache_0
odoo.addons.base.models.ir_qweb.QWebException: Error while render the template
UndefinedColumn: column res_partner.is_boat_owner does not exist
LINE 1: ..."signup_type", "res_partner"."signup_expiration", "res_partn...
                                                             ^

Template: portal.user_dropdown
Path: /t/t/li/a/span
Node: <span t-if="_user_name" t-attf-class="#{_user_name_class}" t-esc="user_id.name[:23] + \'...\' if user_id.name and len(user_id.name) &gt; 25 else user_id.name"/>
2025-11-06 03:23:49,708 1 INFO odoo-boats-db werkzeug: 172.19.0.1 - - [06/Nov/2025 03:23:49] "GET /?debug=1 HTTP/1.1" 500 - 22 0.023 0.044
2025-11-06 03:23:49,731 1 INFO ? werkzeug: 172.19.0.1 - - [06/Nov/2025 03:23:49] "GET /web/static/lib/bootstrap/dist/css/bootstrap.css HTTP/1.1" 304 - 0 0.000 0.003
2025-11-06 03:23:49,737 1 INFO ? werkzeug: 172.19.0.1 - - [06/Nov/2025 03:23:49] "GET /web/static/lib/jquery/jquery.js HTTP/1.1" 304 - 0 0.000 0.005
2025-11-06 03:23:49,742 1 INFO ? werkzeug: 172.19.0.1 - - [06/Nov/2025 03:23:49] "GET /web/static/lib/bootstrap/js/dist/dom/data.js HTTP/1.1" 304 - 0 0.000 0.008
2025-11-06 03:23:49,747 1 INFO ? werkzeug: 172.19.0.1 - - [06/Nov/2025 03:23:49] "GET /web/static/lib/bootstrap/js/dist/dom/event-handler.js HTTP/1.1" 304 - 0 0.000 0.009
2025-11-06 03:23:49,753 1 INFO ? werkzeug: 172.19.0.1 - - [06/Nov/2025 03:23:49] "GET /web/static/lib/bootstrap/js/dist/base-component.js HTTP/1.1" 304 - 0 0.000 0.002
2025-11-06 03:23:49,754 1 INFO ? werkzeug: 172.19.0.1 - - [06/Nov/2025 03:23:49] "GET /web/static/lib/bootstrap/js/dist/dom/selector-engine.js HTTP/1.1" 304 - 0 0.000 0.006
2025-11-06 03:23:49,758 1 INFO ? werkzeug: 172.19.0.1 - - [06/Nov/2025 03:23:49] "GET /web/static/lib/bootstrap/js/dist/dom/manipulator.js HTTP/1.1" 304 - 0 0.000 0.017
2025-11-06 03:23:49,763 1 INFO ? werkzeug: 172.19.0.1 - - [06/Nov/2025 03:23:49] "GET /web/static/lib/bootstrap/js/dist/modal.js HTTP/1.1" 304 - 0 0.000 0.008
2025-11-06 03:23:49,764 1 INFO ? werkzeug: 172.19.0.1 - - [06/Nov/2025 03:23:49] "GET /web/static/lib/bootstrap/js/dist/collapse.js HTTP/1.1" 304 - 0 0.000 0.004
2025-11-06 03:23:57,870 1 ERROR odoo-boats-db odoo.sql_db: bad query: SELECT "res_partner"."id", "res_partner"."website_meta_og_img", "res_partner"."seo_name"->>'en_US', "res_partner"."website_id", "res_partner"."is_published", "res_partner"."email_normalized", "res_partner"."message_bounce", "res_partner"."name", "res_partner"."complete_name", "res_partner"."date", "res_partner"."title", "res_partner"."parent_id", "res_partner"."ref", "res_partner"."lang", "res_partner"."tz", "res_partner"."user_id", "res_partner"."vat", "res_partner"."company_registry", "res_partner"."website", "res_partner"."comment", "res_partner"."active", "res_partner"."employee", "res_partner"."function", "res_partner"."type", "res_partner"."street", "res_partner"."street2", "res_partner"."zip", "res_partner"."city", "res_partner"."state_id", "res_partner"."country_id", "res_partner"."partner_latitude", "res_partner"."partner_longitude", "res_partner"."email", "res_partner"."phone", "res_partner"."mobile", "res_partner"."is_company", "res_partner"."industry_id", "res_partner"."company_id", "res_partner"."color", "res_partner"."partner_share", "res_partner"."commercial_partner_id", "res_partner"."commercial_company_name", "res_partner"."company_name", "res_partner"."create_uid", "res_partner"."create_date", "res_partner"."write_uid", "res_partner"."write_date", "res_partner"."signup_type", "res_partner"."signup_expiration", "res_partner"."is_boat_owner", "res_partner"."is_boat_guest", "res_partner"."boat_count", "res_partner"."owner_commission_rate", "res_partner"."total_bookings", "res_partner"."total_revenue", "res_partner"."team_id", "res_partner"."partner_gid", "res_partner"."additional_info", "res_partner"."phone_sanitized", "res_partner"."debit_limit", "res_partner"."last_time_entries_checked", "res_partner"."invoice_warn", "res_partner"."invoice_warn_msg", "res_partner"."supplier_rank", "res_partner"."customer_rank", "res_partner"."ubl_cii_format", "res_partner"."peppol_endpoint", "res_partner"."peppol_eas", "res_partner"."website_description"->>'en_US', "res_partner"."website_short_description"->>'en_US', "res_partner"."sale_warn", "res_partner"."sale_warn_msg" FROM "res_partner" WHERE ("res_partner"."id" IN (3))
ERROR: column res_partner.is_boat_owner does not exist
LINE 1: ..."signup_type", "res_partner"."signup_expiration", "res_partn...
                                                             ^
 
2025-11-06 03:23:57,878 1 ERROR odoo-boats-db odoo.http: Exception during request handling. 
Traceback (most recent call last):
  File "<432>", line 120, in template_432_t_nocache_0
  File "/usr/lib/python3/dist-packages/odoo/fields.py", line 1219, in __get__
    self.compute_value(recs)
  File "/usr/lib/python3/dist-packages/odoo/fields.py", line 1401, in compute_value
    records._compute_field_value(self)
  File "/usr/lib/python3/dist-packages/odoo/models.py", line 4923, in _compute_field_value
    fields.determine(field.compute, self)
  File "/usr/lib/python3/dist-packages/odoo/fields.py", line 105, in determine
    return needle(records, *args)
  File "/usr/lib/python3/dist-packages/odoo/fields.py", line 707, in _compute_related
    record[self.name] = self._process_related(value[self.related_field.name], record.env)
  File "/usr/lib/python3/dist-packages/odoo/models.py", line 6695, in __getitem__
    return self._fields[key].__get__(self, self.env.registry[self._name])
  File "/usr/lib/python3/dist-packages/odoo/fields.py", line 1182, in __get__
    recs._fetch_field(self)
  File "/usr/lib/python3/dist-packages/odoo/models.py", line 3824, in _fetch_field
    self.fetch(fnames)
  File "/usr/lib/python3/dist-packages/odoo/models.py", line 3874, in fetch
    fetched = self._fetch_query(query, fields_to_fetch)
  File "/usr/lib/python3/dist-packages/odoo/models.py", line 3966, in _fetch_query
    self.env.cr.execute(query.select(*sql_terms))
  File "/usr/lib/python3/dist-packages/odoo/sql_db.py", line 335, in execute
    res = self._obj.execute(query, params)
psycopg2.errors.UndefinedColumn: column res_partner.is_boat_owner does not exist
LINE 1: ..."signup_type", "res_partner"."signup_expiration", "res_partn...
                                                             ^


The above exception was the direct cause of the following exception:

Traceback (most recent call last):
  File "/usr/lib/python3/dist-packages/odoo/http.py", line 2396, in __call__
    response = request._serve_db()
  File "/usr/lib/python3/dist-packages/odoo/http.py", line 1971, in _serve_db
    return service_model.retrying(self._serve_ir_http, self.env)
  File "/usr/lib/python3/dist-packages/odoo/service/model.py", line 152, in retrying
    result = func()
  File "/usr/lib/python3/dist-packages/odoo/http.py", line 1999, in _serve_ir_http
    response = self.dispatcher.dispatch(rule.endpoint, args)
  File "/usr/lib/python3/dist-packages/odoo/http.py", line 2116, in dispatch
    return self.request.registry['ir.http']._dispatch(endpoint)
  File "/usr/lib/python3/dist-packages/odoo/addons/website/models/ir_http.py", line 235, in _dispatch
    response = super()._dispatch(endpoint)
  File "/usr/lib/python3/dist-packages/odoo/addons/base/models/ir_http.py", line 223, in _dispatch
    result.flatten()
  File "/usr/lib/python3/dist-packages/odoo/tools/facade.py", line 83, in wrap_func
    func(self._wrapped__, *args, **kwargs)
  File "/usr/lib/python3/dist-packages/odoo/http.py", line 1360, in flatten
    self.response.append(self.render())
  File "/usr/lib/python3/dist-packages/odoo/http.py", line 1352, in render
    return request.env["ir.ui.view"]._render_template(self.template, self.qcontext)
  File "/usr/lib/python3/dist-packages/odoo/addons/website/models/ir_ui_view.py", line 446, in _render_template
    return super()._render_template(template, values=values)
  File "/usr/lib/python3/dist-packages/odoo/addons/base/models/ir_ui_view.py", line 2072, in _render_template
    return self.env['ir.qweb']._render(template, values)
  File "/usr/lib/python3/dist-packages/odoo/tools/profiler.py", line 301, in _tracked_method_render
    return method_render(self, template, values, **options)
  File "/usr/lib/python3/dist-packages/odoo/addons/base/models/ir_qweb.py", line 606, in _render
    result = ''.join(rendering)
  File "<1916>", line 39, in template_1916
  File "<1916>", line 28, in template_1916_content
  File "<1918>", line 1654, in template_1918
  File "<1918>", line 1492, in template_1918_content
  File "<432>", line 189, in template_432_t_nocache_0
odoo.addons.base.models.ir_qweb.QWebException: Error while render the template
UndefinedColumn: column res_partner.is_boat_owner does not exist
LINE 1: ..."signup_type", "res_partner"."signup_expiration", "res_partn...
                                                             ^

Template: portal.user_dropdown
Path: /t/t/li/a/span
Node: <span t-if="_user_name" t-attf-class="#{_user_name_class}" t-esc="user_id.name[:23] + \'...\' if user_id.name and len(user_id.name) &gt; 25 else user_id.name"/>
2025-11-06 03:23:57,879 1 INFO odoo-boats-db werkzeug: 172.19.0.1 - - [06/Nov/2025 03:23:57] "GET /?debug=1 HTTP/1.1" 500 - 18 0.008 0.024
2025-11-06 03:23:57,984 1 INFO odoo-boats-db werkzeug: 127.0.0.1 - - [06/Nov/2025 03:23:57] "GET /web HTTP/1.1" 303 - 1 0.001 0.002
2025-11-06 03:24:06,543 1 ERROR odoo-boats-db odoo.sql_db: bad query: SELECT "res_partner"."id", "res_partner"."website_meta_og_img", "res_partner"."seo_name"->>'en_US', "res_partner"."website_id", "res_partner"."is_published", "res_partner"."email_normalized", "res_partner"."message_bounce", "res_partner"."name", "res_partner"."complete_name", "res_partner"."date", "res_partner"."title", "res_partner"."parent_id", "res_partner"."ref", "res_partner"."lang", "res_partner"."tz", "res_partner"."user_id", "res_partner"."vat", "res_partner"."company_registry", "res_partner"."website", "res_partner"."comment", "res_partner"."active", "res_partner"."employee", "res_partner"."function", "res_partner"."type", "res_partner"."street", "res_partner"."street2", "res_partner"."zip", "res_partner"."city", "res_partner"."state_id", "res_partner"."country_id", "res_partner"."partner_latitude", "res_partner"."partner_longitude", "res_partner"."email", "res_partner"."phone", "res_partner"."mobile", "res_partner"."is_company", "res_partner"."industry_id", "res_partner"."company_id", "res_partner"."color", "res_partner"."partner_share", "res_partner"."commercial_partner_id", "res_partner"."commercial_company_name", "res_partner"."company_name", "res_partner"."create_uid", "res_partner"."create_date", "res_partner"."write_uid", "res_partner"."write_date", "res_partner"."signup_type", "res_partner"."signup_expiration", "res_partner"."is_boat_owner", "res_partner"."is_boat_guest", "res_partner"."boat_count", "res_partner"."owner_commission_rate", "res_partner"."total_bookings", "res_partner"."total_revenue", "res_partner"."team_id", "res_partner"."partner_gid", "res_partner"."additional_info", "res_partner"."phone_sanitized", "res_partner"."debit_limit", "res_partner"."last_time_entries_checked", "res_partner"."invoice_warn", "res_partner"."invoice_warn_msg", "res_partner"."supplier_rank", "res_partner"."customer_rank", "res_partner"."ubl_cii_format", "res_partner"."peppol_endpoint", "res_partner"."peppol_eas", "res_partner"."website_description"->>'en_US', "res_partner"."website_short_description"->>'en_US', "res_partner"."sale_warn", "res_partner"."sale_warn_msg" FROM "res_partner" WHERE ("res_partner"."id" IN (2))
ERROR: column res_partner.is_boat_owner does not exist
LINE 1: ..."signup_type", "res_partner"."signup_expiration", "res_partn...
                                                             ^
 
2025-11-06 03:24:06,544 1 WARNING ? odoo.service.server: cron0 encountered an Exception: 
Traceback (most recent call last):
  File "/usr/lib/python3/dist-packages/odoo/service/server.py", line 528, in _run_cron
    ir_cron._process_jobs(db_name)
  File "/usr/lib/python3/dist-packages/odoo/addons/base/models/ir_cron.py", line 139, in _process_jobs
    registry[cls._name]._process_job(db, cron_cr, job)
  File "/usr/lib/python3/dist-packages/odoo/addons/base/models/ir_cron.py", line 331, in _process_job
    now = fields.Datetime.context_timestamp(ir_cron, datetime.utcnow())
  File "/usr/lib/python3/dist-packages/odoo/fields.py", line 2270, in context_timestamp
    tz_name = record._context.get('tz') or record.env.user.tz
  File "/usr/lib/python3/dist-packages/odoo/fields.py", line 1219, in __get__
    self.compute_value(recs)
  File "/usr/lib/python3/dist-packages/odoo/fields.py", line 1401, in compute_value
    records._compute_field_value(self)
  File "/usr/lib/python3/dist-packages/odoo/models.py", line 4923, in _compute_field_value
    fields.determine(field.compute, self)
  File "/usr/lib/python3/dist-packages/odoo/fields.py", line 105, in determine
    return needle(records, *args)
  File "/usr/lib/python3/dist-packages/odoo/fields.py", line 707, in _compute_related
    record[self.name] = self._process_related(value[self.related_field.name], record.env)
  File "/usr/lib/python3/dist-packages/odoo/models.py", line 6695, in __getitem__
    return self._fields[key].__get__(self, self.env.registry[self._name])
  File "/usr/lib/python3/dist-packages/odoo/fields.py", line 1182, in __get__
    recs._fetch_field(self)
  File "/usr/lib/python3/dist-packages/odoo/models.py", line 3824, in _fetch_field
    self.fetch(fnames)
  File "/usr/lib/python3/dist-packages/odoo/models.py", line 3874, in fetch
    fetched = self._fetch_query(query, fields_to_fetch)
  File "/usr/lib/python3/dist-packages/odoo/models.py", line 3966, in _fetch_query
    self.env.cr.execute(query.select(*sql_terms))
  File "/usr/lib/python3/dist-packages/odoo/sql_db.py", line 335, in execute
    res = self._obj.execute(query, params)
psycopg2.errors.UndefinedColumn: column res_partner.is_boat_owner does not exist
LINE 1: ..."signup_type", "res_partner"."signup_expiration", "res_partn...
                                                             ^

2025-11-06 03:24:08,083 1 INFO odoo-boats-db werkzeug: 127.0.0.1 - - [06/Nov/2025 03:24:08] "GET /web HTTP/1.1" 303 - 1 0.001 0.004
2025-11-06 03:24:15,591 1 ERROR odoo-boats-db odoo.sql_db: bad query: SELECT "res_partner"."id", "res_partner"."website_meta_og_img", "res_partner"."seo_name"->>'en_US', "res_partner"."website_id", "res_partner"."is_published", "res_partner"."email_normalized", "res_partner"."message_bounce", "res_partner"."name", "res_partner"."complete_name", "res_partner"."date", "res_partner"."title", "res_partner"."parent_id", "res_partner"."ref", "res_partner"."lang", "res_partner"."tz", "res_partner"."user_id", "res_partner"."vat", "res_partner"."company_registry", "res_partner"."website", "res_partner"."comment", "res_partner"."active", "res_partner"."employee", "res_partner"."function", "res_partner"."type", "res_partner"."street", "res_partner"."street2", "res_partner"."zip", "res_partner"."city", "res_partner"."state_id", "res_partner"."country_id", "res_partner"."partner_latitude", "res_partner"."partner_longitude", "res_partner"."email", "res_partner"."phone", "res_partner"."mobile", "res_partner"."is_company", "res_partner"."industry_id", "res_partner"."company_id", "res_partner"."color", "res_partner"."partner_share", "res_partner"."commercial_partner_id", "res_partner"."commercial_company_name", "res_partner"."company_name", "res_partner"."create_uid", "res_partner"."create_date", "res_partner"."write_uid", "res_partner"."write_date", "res_partner"."signup_type", "res_partner"."signup_expiration", "res_partner"."is_boat_owner", "res_partner"."is_boat_guest", "res_partner"."boat_count", "res_partner"."owner_commission_rate", "res_partner"."total_bookings", "res_partner"."total_revenue", "res_partner"."team_id", "res_partner"."partner_gid", "res_partner"."additional_info", "res_partner"."phone_sanitized", "res_partner"."debit_limit", "res_partner"."last_time_entries_checked", "res_partner"."invoice_warn", "res_partner"."invoice_warn_msg", "res_partner"."supplier_rank", "res_partner"."customer_rank", "res_partner"."ubl_cii_format", "res_partner"."peppol_endpoint", "res_partner"."peppol_eas", "res_partner"."website_description"->>'en_US', "res_partner"."website_short_description"->>'en_US', "res_partner"."sale_warn", "res_partner"."sale_warn_msg" FROM "res_partner" WHERE ("res_partner"."id" IN (2))
ERROR: column res_partner.is_boat_owner does not exist
LINE 1: ..."signup_type", "res_partner"."signup_expiration", "res_partn...
                                                             ^
 
2025-11-06 03:24:15,592 1 WARNING ? odoo.service.server: cron1 encountered an Exception: 
Traceback (most recent call last):
  File "/usr/lib/python3/dist-packages/odoo/service/server.py", line 528, in _run_cron
    ir_cron._process_jobs(db_name)
  File "/usr/lib/python3/dist-packages/odoo/addons/base/models/ir_cron.py", line 139, in _process_jobs
    registry[cls._name]._process_job(db, cron_cr, job)
  File "/usr/lib/python3/dist-packages/odoo/addons/base/models/ir_cron.py", line 331, in _process_job
    now = fields.Datetime.context_timestamp(ir_cron, datetime.utcnow())
  File "/usr/lib/python3/dist-packages/odoo/fields.py", line 2270, in context_timestamp
    tz_name = record._context.get('tz') or record.env.user.tz
  File "/usr/lib/python3/dist-packages/odoo/fields.py", line 1219, in __get__
    self.compute_value(recs)
  File "/usr/lib/python3/dist-packages/odoo/fields.py", line 1401, in compute_value
    records._compute_field_value(self)
  File "/usr/lib/python3/dist-packages/odoo/models.py", line 4923, in _compute_field_value
    fields.determine(field.compute, self)
  File "/usr/lib/python3/dist-packages/odoo/fields.py", line 105, in determine
    return needle(records, *args)
  File "/usr/lib/python3/dist-packages/odoo/fields.py", line 707, in _compute_related
    record[self.name] = self._process_related(value[self.related_field.name], record.env)
  File "/usr/lib/python3/dist-packages/odoo/models.py", line 6695, in __getitem__
    return self._fields[key].__get__(self, self.env.registry[self._name])
  File "/usr/lib/python3/dist-packages/odoo/fields.py", line 1182, in __get__
    recs._fetch_field(self)
  File "/usr/lib/python3/dist-packages/odoo/models.py", line 3824, in _fetch_field
    self.fetch(fnames)
  File "/usr/lib/python3/dist-packages/odoo/models.py", line 3874, in fetch
    fetched = self._fetch_query(query, fields_to_fetch)
  File "/usr/lib/python3/dist-packages/odoo/models.py", line 3966, in _fetch_query
    self.env.cr.execute(query.select(*sql_terms))
  File "/usr/lib/python3/dist-packages/odoo/sql_db.py", line 335, in execute
    res = self._obj.execute(query, params)
psycopg2.errors.UndefinedColumn: column res_partner.is_boat_owner does not exist
LINE 1: ..."signup_type", "res_partner"."signup_expiration", "res_partn...
                                                             ^

2025-11-06 03:24:18,154 1 INFO odoo-boats-db werkzeug: 127.0.0.1 - - [06/Nov/2025 03:24:18] "GET /web HTTP/1.1" 303 - 1 0.000 0.002
2025-11-06 03:24:28,224 1 INFO odoo-boats-db werkzeug: 127.0.0.1 - - [06/Nov/2025 03:24:28] "GET /web HTTP/1.1" 303 - 1 0.000 0.003
2025-11-06 03:24:38,321 1 INFO odoo-boats-db werkzeug: 127.0.0.1 - - [06/Nov/2025 03:24:38] "GET /web HTTP/1.1" 303 - 1 0.000 0.003
2025-11-06 03:24:39,719 1 ERROR odoo-boats-db odoo.addons.base.models.ir_model: Missing model boat.taxonomy.category 
2025-11-06 03:24:39,720 1 ERROR odoo-boats-db odoo.addons.base.models.ir_model: Missing model boat.taxonomy 
2025-11-06 03:24:39,720 1 ERROR odoo-boats-db odoo.addons.base.models.ir_model: Missing model boat.amenity 
2025-11-06 03:24:39,743 1 ERROR odoo-boats-db odoo.sql_db: bad query: SELECT "res_partner"."id", "res_partner"."website_meta_og_img", "res_partner"."seo_name"->>'en_US', "res_partner"."website_id", "res_partner"."is_published", "res_partner"."email_normalized", "res_partner"."message_bounce", "res_partner"."name", "res_partner"."complete_name", "res_partner"."date", "res_partner"."title", "res_partner"."parent_id", "res_partner"."ref", "res_partner"."lang", "res_partner"."tz", "res_partner"."user_id", "res_partner"."vat", "res_partner"."company_registry", "res_partner"."website", "res_partner"."comment", "res_partner"."active", "res_partner"."employee", "res_partner"."function", "res_partner"."type", "res_partner"."street", "res_partner"."street2", "res_partner"."zip", "res_partner"."city", "res_partner"."state_id", "res_partner"."country_id", "res_partner"."partner_latitude", "res_partner"."partner_longitude", "res_partner"."email", "res_partner"."phone", "res_partner"."mobile", "res_partner"."is_company", "res_partner"."industry_id", "res_partner"."company_id", "res_partner"."color", "res_partner"."partner_share", "res_partner"."commercial_partner_id", "res_partner"."commercial_company_name", "res_partner"."company_name", "res_partner"."create_uid", "res_partner"."create_date", "res_partner"."write_uid", "res_partner"."write_date", "res_partner"."signup_type", "res_partner"."signup_expiration", "res_partner"."is_boat_owner", "res_partner"."is_boat_guest", "res_partner"."boat_count", "res_partner"."owner_commission_rate", "res_partner"."total_bookings", "res_partner"."total_revenue", "res_partner"."team_id", "res_partner"."partner_gid", "res_partner"."additional_info", "res_partner"."phone_sanitized", "res_partner"."debit_limit", "res_partner"."last_time_entries_checked", "res_partner"."invoice_warn", "res_partner"."invoice_warn_msg", "res_partner"."supplier_rank", "res_partner"."customer_rank", "res_partner"."ubl_cii_format", "res_partner"."peppol_endpoint", "res_partner"."peppol_eas", "res_partner"."website_description"->>'en_US', "res_partner"."website_short_description"->>'en_US', "res_partner"."sale_warn", "res_partner"."sale_warn_msg" FROM "res_partner" WHERE ("res_partner"."id" IN (3))
ERROR: column res_partner.is_boat_owner does not exist
LINE 1: ..."signup_type", "res_partner"."signup_expiration", "res_partn...
                                                             ^
 
2025-11-06 03:24:39,744 1 ERROR odoo-boats-db odoo.http: Exception during request handling. 
Traceback (most recent call last):
  File "/usr/lib/python3/dist-packages/odoo/tools/cache.py", line 99, in lookup
    r = d[key]
  File "<decorator-gen-5>", line 2, in __getitem__
  File "/usr/lib/python3/dist-packages/odoo/tools/func.py", line 87, in locked
    return func(inst, *args, **kwargs)
  File "/usr/lib/python3/dist-packages/odoo/tools/lru.py", line 34, in __getitem__
    a = self.d[obj]
KeyError: ('res.users', <function Users.context_get at 0x7e879cee6170>, 2)

During handling of the above exception, another exception occurred:

Traceback (most recent call last):
  File "/usr/lib/python3/dist-packages/odoo/http.py", line 2396, in __call__
    response = request._serve_db()
  File "/usr/lib/python3/dist-packages/odoo/http.py", line 1971, in _serve_db
    return service_model.retrying(self._serve_ir_http, self.env)
  File "/usr/lib/python3/dist-packages/odoo/service/model.py", line 152, in retrying
    result = func()
  File "/usr/lib/python3/dist-packages/odoo/http.py", line 1999, in _serve_ir_http
    response = self.dispatcher.dispatch(rule.endpoint, args)
  File "/usr/lib/python3/dist-packages/odoo/http.py", line 2116, in dispatch
    return self.request.registry['ir.http']._dispatch(endpoint)
  File "/usr/lib/python3/dist-packages/odoo/addons/website/models/ir_http.py", line 235, in _dispatch
    response = super()._dispatch(endpoint)
  File "/usr/lib/python3/dist-packages/odoo/addons/base/models/ir_http.py", line 221, in _dispatch
    result = endpoint(**request.params)
  File "/usr/lib/python3/dist-packages/odoo/http.py", line 786, in route_wrapper
    result = endpoint(self, *args, **params_ok)
  File "/usr/lib/python3/dist-packages/odoo/addons/portal/controllers/web.py", line 27, in web_client
    return super().web_client(s_action, **kw)
  File "/usr/lib/python3/dist-packages/odoo/http.py", line 786, in route_wrapper
    result = endpoint(self, *args, **params_ok)
  File "/usr/lib/python3/dist-packages/odoo/addons/web/controllers/home.py", line 58, in web_client
    context = request.env['ir.http'].webclient_rendering_context()
  File "/usr/lib/python3/dist-packages/odoo/addons/web/models/ir_http.py", line 66, in webclient_rendering_context
    'session_info': self.session_info(),
  File "/usr/lib/python3/dist-packages/odoo/addons/account/models/ir_http.py", line 9, in session_info
    result = super(IrHttp, self).session_info()
  File "/usr/lib/python3/dist-packages/odoo/addons/partner_autocomplete/models/ir_http.py", line 12, in session_info
    session_info = super(Http, self).session_info()
  File "/usr/lib/python3/dist-packages/odoo/addons/mail_bot/models/ir_http.py", line 11, in session_info
    res = super(Http, self).session_info()
  File "/usr/lib/python3/dist-packages/odoo/addons/mail/models/ir_http.py", line 13, in session_info
    result = super(IrHttp, self).session_info()
  File "/usr/lib/python3/dist-packages/odoo/addons/google_recaptcha/models/ir_http.py", line 17, in session_info
    session_info = super().session_info()
  File "/usr/lib/python3/dist-packages/odoo/addons/web_tour/models/ir_http.py", line 11, in session_info
    result = super().session_info()
  File "/usr/lib/python3/dist-packages/odoo/addons/bus/models/ir_http.py", line 17, in session_info
    session_info = super().session_info()
  File "/usr/lib/python3/dist-packages/odoo/addons/base_setup/models/ir_http.py", line 10, in session_info
    result = super(IrHttp, self).session_info()
  File "/usr/lib/python3/dist-packages/odoo/addons/auth_totp/models/ir_http.py", line 9, in session_info
    info = super().session_info()
  File "/usr/lib/python3/dist-packages/odoo/addons/web/models/ir_http.py", line 75, in session_info
    user_context = dict(self.env['res.users'].context_get())
  File "<decorator-gen-110>", line 2, in context_get
  File "/usr/lib/python3/dist-packages/odoo/tools/cache.py", line 104, in lookup
    value = d[key] = self.method(*args, **kwargs)
  File "/usr/lib/python3/dist-packages/odoo/addons/base/models/res_users.py", line 810, in context_get
    values = user.read(list(name_to_key), load=False)[0]
  File "/usr/lib/python3/dist-packages/odoo/addons/base/models/res_users.py", line 1910, in read
    res = super(UsersView, self).read(other_fields, load=load)
  File "/usr/lib/python3/dist-packages/odoo/addons/base/models/res_users.py", line 645, in read
    return super(Users, self).read(fields=fields, load=load)
  File "/usr/lib/python3/dist-packages/odoo/models.py", line 3584, in read
    return self._read_format(fnames=fields, load=load)
  File "/usr/lib/python3/dist-packages/odoo/addons/base/models/res_users.py", line 1869, in _read_format
    return super()._read_format(valid_fields, load)
  File "/usr/lib/python3/dist-packages/odoo/models.py", line 3798, in _read_format
    vals[name] = convert(record[name], record, use_display_name)
  File "/usr/lib/python3/dist-packages/odoo/models.py", line 6695, in __getitem__
    return self._fields[key].__get__(self, self.env.registry[self._name])
  File "/usr/lib/python3/dist-packages/odoo/fields.py", line 1219, in __get__
    self.compute_value(recs)
  File "/usr/lib/python3/dist-packages/odoo/fields.py", line 1401, in compute_value
    records._compute_field_value(self)
  File "/usr/lib/python3/dist-packages/odoo/models.py", line 4923, in _compute_field_value
    fields.determine(field.compute, self)
  File "/usr/lib/python3/dist-packages/odoo/fields.py", line 105, in determine
    return needle(records, *args)
  File "/usr/lib/python3/dist-packages/odoo/fields.py", line 707, in _compute_related
    record[self.name] = self._process_related(value[self.related_field.name], record.env)
  File "/usr/lib/python3/dist-packages/odoo/models.py", line 6695, in __getitem__
    return self._fields[key].__get__(self, self.env.registry[self._name])
  File "/usr/lib/python3/dist-packages/odoo/fields.py", line 1182, in __get__
    recs._fetch_field(self)
  File "/usr/lib/python3/dist-packages/odoo/models.py", line 3824, in _fetch_field
    self.fetch(fnames)
  File "/usr/lib/python3/dist-packages/odoo/models.py", line 3874, in fetch
    fetched = self._fetch_query(query, fields_to_fetch)
  File "/usr/lib/python3/dist-packages/odoo/models.py", line 3966, in _fetch_query
    self.env.cr.execute(query.select(*sql_terms))
  File "/usr/lib/python3/dist-packages/odoo/sql_db.py", line 335, in execute
    res = self._obj.execute(query, params)
psycopg2.errors.UndefinedColumn: column res_partner.is_boat_owner does not exist
LINE 1: ..."signup_type", "res_partner"."signup_expiration", "res_partn...
                                                             ^

2025-11-06 03:24:39,755 1 INFO odoo-boats-db werkzeug: 172.19.0.1 - - [06/Nov/2025 03:24:39] "GET /web HTTP/1.1" 500 - 21 0.019 0.041
2025-11-06 03:24:41,787 1 INFO odoo-boats-db werkzeug: 172.19.0.1 - - [06/Nov/2025 03:24:41] "GET /web/service-worker.js HTTP/1.1" 200 - 1 0.001 0.007
2025-11-06 03:24:48,384 1 INFO odoo-boats-db werkzeug: 127.0.0.1 - - [06/Nov/2025 03:24:48] "GET /web HTTP/1.1" 303 - 1 0.000 0.002
2025-11-06 03:24:53,004 1 INFO odoo-boats-db odoo.service.server: Initiating shutdown 
2025-11-06 03:24:53,005 1 INFO odoo-boats-db odoo.service.server: Hit CTRL-C again or send a second signal to force the shutdown. 
2025-11-06 03:24:53,013 1 INFO odoo-boats-db odoo.sql_db: Connection to the database failed 
2025-11-06 03:24:53,013 1 WARNING odoo-boats-db odoo.addons.base.models.ir_cron: Exception in cron: 
Traceback (most recent call last):
  File "/usr/lib/python3/dist-packages/odoo/addons/base/models/ir_cron.py", line 119, in _process_jobs
    with db.cursor() as cron_cr:
  File "/usr/lib/python3/dist-packages/odoo/sql_db.py", line 767, in cursor
    return Cursor(self.__pool, self.__dbname, self.__dsn)
  File "/usr/lib/python3/dist-packages/odoo/sql_db.py", line 267, in __init__
    self._cnx = pool.borrow(dsn)
  File "<decorator-gen-13>", line 2, in borrow
  File "/usr/lib/python3/dist-packages/odoo/tools/func.py", line 87, in locked
    return func(inst, *args, **kwargs)
  File "/usr/lib/python3/dist-packages/odoo/sql_db.py", line 695, in borrow
    result = psycopg2.connect(
  File "/usr/lib/python3/dist-packages/psycopg2/__init__.py", line 122, in connect
    conn = _connect(dsn, connection_factory=connection_factory, **kwasync)
psycopg2.OperationalError: connection to server at "odoo-boats-db" (172.19.0.2), port 5432 failed: FATAL:  the database system is shutting down

2025-11-06 03:24:53,019 1 INFO odoo-boats-db odoo.sql_db: Connection to the database failed 
2025-11-06 03:24:53,271 1 WARNING odoo-boats-db odoo.addons.base.models.ir_cron: Exception in cron: 
Traceback (most recent call last):
  File "/usr/lib/python3/dist-packages/odoo/addons/base/models/ir_cron.py", line 119, in _process_jobs
    with db.cursor() as cron_cr:
  File "/usr/lib/python3/dist-packages/odoo/sql_db.py", line 767, in cursor
    return Cursor(self.__pool, self.__dbname, self.__dsn)
  File "/usr/lib/python3/dist-packages/odoo/sql_db.py", line 267, in __init__
    self._cnx = pool.borrow(dsn)
  File "<decorator-gen-13>", line 2, in borrow
  File "/usr/lib/python3/dist-packages/odoo/tools/func.py", line 87, in locked
    return func(inst, *args, **kwargs)
  File "/usr/lib/python3/dist-packages/odoo/sql_db.py", line 695, in borrow
    result = psycopg2.connect(
  File "/usr/lib/python3/dist-packages/psycopg2/__init__.py", line 122, in connect
    conn = _connect(dsn, connection_factory=connection_factory, **kwasync)
psycopg2.OperationalError: connection to server at "odoo-boats-db" (172.19.0.2), port 5432 failed: FATAL:  the database system is shutting down

2025-11-06 03:24:53,391 1 INFO odoo-boats-db odoo.sql_db: ConnectionPool(used=0/count=0/max=64): Closed 2 connections  
