2025-11-06 03:24:57,705 1 INFO ? odoo: Odoo version 17.0-20251008 
2025-11-06 03:24:57,706 1 INFO ? odoo: Using configuration file at /etc/odoo/odoo.conf 
2025-11-06 03:24:57,706 1 INFO ? odoo: addons paths: ['/usr/lib/python3/dist-packages/odoo/addons', '/var/lib/odoo/.local/share/Odoo/addons/17.0', '/mnt/extra-addons/custom', '/mnt/extra-addons/third-party'] 
2025-11-06 03:24:57,706 1 INFO ? odoo: database: odoo@odoo-boats-db:5432 
2025-11-06 03:24:57,821 1 INFO ? odoo.addons.base.models.ir_actions_report: Will use the Wkhtmltopdf binary at /usr/local/bin/wkhtmltopdf 
2025-11-06 03:24:58,048 1 INFO ? odoo.service.server: HTTP service (werkzeug) running on 92fe60fa8407:8069 
2025-11-06 03:24:58,103 1 INFO odoo-boats-db odoo.modules.loading: loading 1 modules... 
2025-11-06 03:24:58,107 1 INFO odoo-boats-db odoo.modules.loading: 1 modules loaded in 0.00s, 0 queries (+0 extra) 
2025-11-06 03:24:58,151 1 INFO odoo-boats-db odoo.modules.loading: loading 62 modules... 
2025-11-06 03:24:58,955 1 INFO odoo-boats-db odoo.modules.loading: 62 modules loaded in 0.80s, 0 queries (+0 extra) 
2025-11-06 03:24:59,055 1 INFO odoo-boats-db odoo.modules.loading: Modules loaded. 
2025-11-06 03:24:59,066 1 INFO odoo-boats-db odoo.modules.registry: Registry loaded in 1.018s 
2025-11-06 03:25:06,787 1 INFO odoo-boats-db odoo.addons.base.models.ir_http: Generating routing map for key 1 
2025-11-06 03:25:06,837 1 INFO odoo-boats-db werkzeug: 127.0.0.1 - - [06/Nov/2025 03:25:06] "GET /web HTTP/1.1" 303 - 8 0.022 0.041
2025-11-06 03:25:16,926 1 INFO odoo-boats-db werkzeug: 127.0.0.1 - - [06/Nov/2025 03:25:16] "GET /web HTTP/1.1" 303 - 1 0.001 0.003
2025-11-06 03:25:23,241 1 ERROR odoo-boats-db odoo.addons.base.models.ir_model: Missing model boat.taxonomy.category 
2025-11-06 03:25:23,242 1 ERROR odoo-boats-db odoo.addons.base.models.ir_model: Missing model boat.taxonomy 
2025-11-06 03:25:23,242 1 ERROR odoo-boats-db odoo.addons.base.models.ir_model: Missing model boat.amenity 
2025-11-06 03:25:23,362 1 ERROR odoo-boats-db odoo.sql_db: bad query: SELECT "res_partner"."id", "res_partner"."website_meta_og_img", "res_partner"."seo_name"->>'en_US', "res_partner"."website_id", "res_partner"."is_published", "res_partner"."email_normalized", "res_partner"."message_bounce", "res_partner"."name", "res_partner"."complete_name", "res_partner"."date", "res_partner"."title", "res_partner"."parent_id", "res_partner"."ref", "res_partner"."lang", "res_partner"."tz", "res_partner"."user_id", "res_partner"."vat", "res_partner"."company_registry", "res_partner"."website", "res_partner"."comment", "res_partner"."active", "res_partner"."employee", "res_partner"."function", "res_partner"."type", "res_partner"."street", "res_partner"."street2", "res_partner"."zip", "res_partner"."city", "res_partner"."state_id", "res_partner"."country_id", "res_partner"."partner_latitude", "res_partner"."partner_longitude", "res_partner"."email", "res_partner"."phone", "res_partner"."mobile", "res_partner"."is_company", "res_partner"."industry_id", "res_partner"."company_id", "res_partner"."color", "res_partner"."partner_share", "res_partner"."commercial_partner_id", "res_partner"."commercial_company_name", "res_partner"."company_name", "res_partner"."create_uid", "res_partner"."create_date", "res_partner"."write_uid", "res_partner"."write_date", "res_partner"."signup_type", "res_partner"."signup_expiration", "res_partner"."is_boat_owner", "res_partner"."is_boat_guest", "res_partner"."boat_count", "res_partner"."owner_commission_rate", "res_partner"."total_bookings", "res_partner"."total_revenue", "res_partner"."team_id", "res_partner"."partner_gid", "res_partner"."additional_info", "res_partner"."phone_sanitized", "res_partner"."debit_limit", "res_partner"."last_time_entries_checked", "res_partner"."invoice_warn", "res_partner"."invoice_warn_msg", "res_partner"."supplier_rank", "res_partner"."customer_rank", "res_partner"."ubl_cii_format", "res_partner"."peppol_endpoint", "res_partner"."peppol_eas", "res_partner"."website_description"->>'en_US', "res_partner"."website_short_description"->>'en_US', "res_partner"."sale_warn", "res_partner"."sale_warn_msg" FROM "res_partner" WHERE ("res_partner"."id" IN (3))
ERROR: column res_partner.is_boat_owner does not exist
LINE 1: ..."signup_type", "res_partner"."signup_expiration", "res_partn...
                                                             ^
 
2025-11-06 03:25:23,362 1 ERROR odoo-boats-db odoo.http: Exception during request handling. 
Traceback (most recent call last):
  File "/usr/lib/python3/dist-packages/odoo/tools/cache.py", line 99, in lookup
    r = d[key]
  File "<decorator-gen-5>", line 2, in __getitem__
  File "/usr/lib/python3/dist-packages/odoo/tools/func.py", line 87, in locked
    return func(inst, *args, **kwargs)
  File "/usr/lib/python3/dist-packages/odoo/tools/lru.py", line 34, in __getitem__
    a = self.d[obj]
KeyError: ('res.users', <function Users.context_get at 0x777f1623e170>, 2)

During handling of the above exception, another exception occurred:

Traceback (most recent call last):
  File "/usr/lib/python3/dist-packages/odoo/http.py", line 2396, in __call__
    response = request._serve_db()
  File "/usr/lib/python3/dist-packages/odoo/http.py", line 1971, in _serve_db
    return service_model.retrying(self._serve_ir_http, self.env)
  File "/usr/lib/python3/dist-packages/odoo/service/model.py", line 152, in retrying
    result = func()
  File "/usr/lib/python3/dist-packages/odoo/http.py", line 1999, in _serve_ir_http
    response = self.dispatcher.dispatch(rule.endpoint, args)
  File "/usr/lib/python3/dist-packages/odoo/http.py", line 2116, in dispatch
    return self.request.registry['ir.http']._dispatch(endpoint)
  File "/usr/lib/python3/dist-packages/odoo/addons/website/models/ir_http.py", line 235, in _dispatch
    response = super()._dispatch(endpoint)
  File "/usr/lib/python3/dist-packages/odoo/addons/base/models/ir_http.py", line 221, in _dispatch
    result = endpoint(**request.params)
  File "/usr/lib/python3/dist-packages/odoo/http.py", line 786, in route_wrapper
    result = endpoint(self, *args, **params_ok)
  File "/usr/lib/python3/dist-packages/odoo/addons/portal/controllers/web.py", line 27, in web_client
    return super().web_client(s_action, **kw)
  File "/usr/lib/python3/dist-packages/odoo/http.py", line 786, in route_wrapper
    result = endpoint(self, *args, **params_ok)
  File "/usr/lib/python3/dist-packages/odoo/addons/web/controllers/home.py", line 58, in web_client
    context = request.env['ir.http'].webclient_rendering_context()
  File "/usr/lib/python3/dist-packages/odoo/addons/web/models/ir_http.py", line 66, in webclient_rendering_context
    'session_info': self.session_info(),
  File "/usr/lib/python3/dist-packages/odoo/addons/account/models/ir_http.py", line 9, in session_info
    result = super(IrHttp, self).session_info()
  File "/usr/lib/python3/dist-packages/odoo/addons/partner_autocomplete/models/ir_http.py", line 12, in session_info
    session_info = super(Http, self).session_info()
  File "/usr/lib/python3/dist-packages/odoo/addons/mail_bot/models/ir_http.py", line 11, in session_info
    res = super(Http, self).session_info()
  File "/usr/lib/python3/dist-packages/odoo/addons/mail/models/ir_http.py", line 13, in session_info
    result = super(IrHttp, self).session_info()
  File "/usr/lib/python3/dist-packages/odoo/addons/google_recaptcha/models/ir_http.py", line 17, in session_info
    session_info = super().session_info()
  File "/usr/lib/python3/dist-packages/odoo/addons/web_tour/models/ir_http.py", line 11, in session_info
    result = super().session_info()
  File "/usr/lib/python3/dist-packages/odoo/addons/bus/models/ir_http.py", line 17, in session_info
    session_info = super().session_info()
  File "/usr/lib/python3/dist-packages/odoo/addons/base_setup/models/ir_http.py", line 10, in session_info
    result = super(IrHttp, self).session_info()
  File "/usr/lib/python3/dist-packages/odoo/addons/auth_totp/models/ir_http.py", line 9, in session_info
    info = super().session_info()
  File "/usr/lib/python3/dist-packages/odoo/addons/web/models/ir_http.py", line 75, in session_info
    user_context = dict(self.env['res.users'].context_get())
  File "<decorator-gen-110>", line 2, in context_get
  File "/usr/lib/python3/dist-packages/odoo/tools/cache.py", line 104, in lookup
    value = d[key] = self.method(*args, **kwargs)
  File "/usr/lib/python3/dist-packages/odoo/addons/base/models/res_users.py", line 810, in context_get
    values = user.read(list(name_to_key), load=False)[0]
  File "/usr/lib/python3/dist-packages/odoo/addons/base/models/res_users.py", line 1910, in read
    res = super(UsersView, self).read(other_fields, load=load)
  File "/usr/lib/python3/dist-packages/odoo/addons/base/models/res_users.py", line 645, in read
    return super(Users, self).read(fields=fields, load=load)
  File "/usr/lib/python3/dist-packages/odoo/models.py", line 3584, in read
    return self._read_format(fnames=fields, load=load)
  File "/usr/lib/python3/dist-packages/odoo/addons/base/models/res_users.py", line 1869, in _read_format
    return super()._read_format(valid_fields, load)
  File "/usr/lib/python3/dist-packages/odoo/models.py", line 3798, in _read_format
    vals[name] = convert(record[name], record, use_display_name)
  File "/usr/lib/python3/dist-packages/odoo/models.py", line 6695, in __getitem__
    return self._fields[key].__get__(self, self.env.registry[self._name])
  File "/usr/lib/python3/dist-packages/odoo/fields.py", line 1219, in __get__
    self.compute_value(recs)
  File "/usr/lib/python3/dist-packages/odoo/fields.py", line 1401, in compute_value
    records._compute_field_value(self)
  File "/usr/lib/python3/dist-packages/odoo/models.py", line 4923, in _compute_field_value
    fields.determine(field.compute, self)
  File "/usr/lib/python3/dist-packages/odoo/fields.py", line 105, in determine
    return needle(records, *args)
  File "/usr/lib/python3/dist-packages/odoo/fields.py", line 707, in _compute_related
    record[self.name] = self._process_related(value[self.related_field.name], record.env)
  File "/usr/lib/python3/dist-packages/odoo/models.py", line 6695, in __getitem__
    return self._fields[key].__get__(self, self.env.registry[self._name])
  File "/usr/lib/python3/dist-packages/odoo/fields.py", line 1182, in __get__
    recs._fetch_field(self)
  File "/usr/lib/python3/dist-packages/odoo/models.py", line 3824, in _fetch_field
    self.fetch(fnames)
  File "/usr/lib/python3/dist-packages/odoo/models.py", line 3874, in fetch
    fetched = self._fetch_query(query, fields_to_fetch)
  File "/usr/lib/python3/dist-packages/odoo/models.py", line 3966, in _fetch_query
    self.env.cr.execute(query.select(*sql_terms))
  File "/usr/lib/python3/dist-packages/odoo/sql_db.py", line 335, in execute
    res = self._obj.execute(query, params)
psycopg2.errors.UndefinedColumn: column res_partner.is_boat_owner does not exist
LINE 1: ..."signup_type", "res_partner"."signup_expiration", "res_partn...
                                                             ^

2025-11-06 03:25:23,373 1 INFO odoo-boats-db werkzeug: 172.19.0.1 - - [06/Nov/2025 03:25:23] "GET /web HTTP/1.1" 500 - 28 0.130 0.098
2025-11-06 03:25:25,404 1 INFO odoo-boats-db werkzeug: 172.19.0.1 - - [06/Nov/2025 03:25:25] "GET /web/service-worker.js HTTP/1.1" 200 - 2 0.003 0.004
2025-11-06 03:25:27,026 1 INFO odoo-boats-db werkzeug: 127.0.0.1 - - [06/Nov/2025 03:25:27] "GET /web HTTP/1.1" 303 - 1 0.000 0.003
2025-11-06 03:25:28,006 1 ERROR odoo-boats-db odoo.sql_db: bad query: SELECT "res_partner"."id", "res_partner"."website_meta_og_img", "res_partner"."seo_name"->>'en_US', "res_partner"."website_id", "res_partner"."is_published", "res_partner"."email_normalized", "res_partner"."message_bounce", "res_partner"."name", "res_partner"."complete_name", "res_partner"."date", "res_partner"."title", "res_partner"."parent_id", "res_partner"."ref", "res_partner"."lang", "res_partner"."tz", "res_partner"."user_id", "res_partner"."vat", "res_partner"."company_registry", "res_partner"."website", "res_partner"."comment", "res_partner"."active", "res_partner"."employee", "res_partner"."function", "res_partner"."type", "res_partner"."street", "res_partner"."street2", "res_partner"."zip", "res_partner"."city", "res_partner"."state_id", "res_partner"."country_id", "res_partner"."partner_latitude", "res_partner"."partner_longitude", "res_partner"."email", "res_partner"."phone", "res_partner"."mobile", "res_partner"."is_company", "res_partner"."industry_id", "res_partner"."company_id", "res_partner"."color", "res_partner"."partner_share", "res_partner"."commercial_partner_id", "res_partner"."commercial_company_name", "res_partner"."company_name", "res_partner"."create_uid", "res_partner"."create_date", "res_partner"."write_uid", "res_partner"."write_date", "res_partner"."signup_type", "res_partner"."signup_expiration", "res_partner"."is_boat_owner", "res_partner"."is_boat_guest", "res_partner"."boat_count", "res_partner"."owner_commission_rate", "res_partner"."total_bookings", "res_partner"."total_revenue", "res_partner"."team_id", "res_partner"."partner_gid", "res_partner"."additional_info", "res_partner"."phone_sanitized", "res_partner"."debit_limit", "res_partner"."last_time_entries_checked", "res_partner"."invoice_warn", "res_partner"."invoice_warn_msg", "res_partner"."supplier_rank", "res_partner"."customer_rank", "res_partner"."ubl_cii_format", "res_partner"."peppol_endpoint", "res_partner"."peppol_eas", "res_partner"."website_description"->>'en_US', "res_partner"."website_short_description"->>'en_US', "res_partner"."sale_warn", "res_partner"."sale_warn_msg" FROM "res_partner" WHERE ("res_partner"."id" IN (3))
ERROR: column res_partner.is_boat_owner does not exist
LINE 1: ..."signup_type", "res_partner"."signup_expiration", "res_partn...
                                                             ^
 
2025-11-06 03:25:28,008 1 ERROR odoo-boats-db odoo.http: Exception during request handling. 
Traceback (most recent call last):
  File "/usr/lib/python3/dist-packages/odoo/tools/cache.py", line 99, in lookup
    r = d[key]
  File "<decorator-gen-5>", line 2, in __getitem__
  File "/usr/lib/python3/dist-packages/odoo/tools/func.py", line 87, in locked
    return func(inst, *args, **kwargs)
  File "/usr/lib/python3/dist-packages/odoo/tools/lru.py", line 34, in __getitem__
    a = self.d[obj]
KeyError: ('res.users', <function Users.context_get at 0x777f1623e170>, 2)

During handling of the above exception, another exception occurred:

Traceback (most recent call last):
  File "/usr/lib/python3/dist-packages/odoo/http.py", line 2396, in __call__
    response = request._serve_db()
  File "/usr/lib/python3/dist-packages/odoo/http.py", line 1971, in _serve_db
    return service_model.retrying(self._serve_ir_http, self.env)
  File "/usr/lib/python3/dist-packages/odoo/service/model.py", line 152, in retrying
    result = func()
  File "/usr/lib/python3/dist-packages/odoo/http.py", line 1999, in _serve_ir_http
    response = self.dispatcher.dispatch(rule.endpoint, args)
  File "/usr/lib/python3/dist-packages/odoo/http.py", line 2116, in dispatch
    return self.request.registry['ir.http']._dispatch(endpoint)
  File "/usr/lib/python3/dist-packages/odoo/addons/website/models/ir_http.py", line 235, in _dispatch
    response = super()._dispatch(endpoint)
  File "/usr/lib/python3/dist-packages/odoo/addons/base/models/ir_http.py", line 221, in _dispatch
    result = endpoint(**request.params)
  File "/usr/lib/python3/dist-packages/odoo/http.py", line 786, in route_wrapper
    result = endpoint(self, *args, **params_ok)
  File "/usr/lib/python3/dist-packages/odoo/addons/portal/controllers/web.py", line 27, in web_client
    return super().web_client(s_action, **kw)
  File "/usr/lib/python3/dist-packages/odoo/http.py", line 786, in route_wrapper
    result = endpoint(self, *args, **params_ok)
  File "/usr/lib/python3/dist-packages/odoo/addons/web/controllers/home.py", line 58, in web_client
    context = request.env['ir.http'].webclient_rendering_context()
  File "/usr/lib/python3/dist-packages/odoo/addons/web/models/ir_http.py", line 66, in webclient_rendering_context
    'session_info': self.session_info(),
  File "/usr/lib/python3/dist-packages/odoo/addons/account/models/ir_http.py", line 9, in session_info
    result = super(IrHttp, self).session_info()
  File "/usr/lib/python3/dist-packages/odoo/addons/partner_autocomplete/models/ir_http.py", line 12, in session_info
    session_info = super(Http, self).session_info()
  File "/usr/lib/python3/dist-packages/odoo/addons/mail_bot/models/ir_http.py", line 11, in session_info
    res = super(Http, self).session_info()
  File "/usr/lib/python3/dist-packages/odoo/addons/mail/models/ir_http.py", line 13, in session_info
    result = super(IrHttp, self).session_info()
  File "/usr/lib/python3/dist-packages/odoo/addons/google_recaptcha/models/ir_http.py", line 17, in session_info
    session_info = super().session_info()
  File "/usr/lib/python3/dist-packages/odoo/addons/web_tour/models/ir_http.py", line 11, in session_info
    result = super().session_info()
  File "/usr/lib/python3/dist-packages/odoo/addons/bus/models/ir_http.py", line 17, in session_info
    session_info = super().session_info()
  File "/usr/lib/python3/dist-packages/odoo/addons/base_setup/models/ir_http.py", line 10, in session_info
    result = super(IrHttp, self).session_info()
  File "/usr/lib/python3/dist-packages/odoo/addons/auth_totp/models/ir_http.py", line 9, in session_info
    info = super().session_info()
  File "/usr/lib/python3/dist-packages/odoo/addons/web/models/ir_http.py", line 75, in session_info
    user_context = dict(self.env['res.users'].context_get())
  File "<decorator-gen-110>", line 2, in context_get
  File "/usr/lib/python3/dist-packages/odoo/tools/cache.py", line 104, in lookup
    value = d[key] = self.method(*args, **kwargs)
  File "/usr/lib/python3/dist-packages/odoo/addons/base/models/res_users.py", line 810, in context_get
    values = user.read(list(name_to_key), load=False)[0]
  File "/usr/lib/python3/dist-packages/odoo/addons/base/models/res_users.py", line 1910, in read
    res = super(UsersView, self).read(other_fields, load=load)
  File "/usr/lib/python3/dist-packages/odoo/addons/base/models/res_users.py", line 645, in read
    return super(Users, self).read(fields=fields, load=load)
  File "/usr/lib/python3/dist-packages/odoo/models.py", line 3584, in read
    return self._read_format(fnames=fields, load=load)
  File "/usr/lib/python3/dist-packages/odoo/addons/base/models/res_users.py", line 1869, in _read_format
    return super()._read_format(valid_fields, load)
  File "/usr/lib/python3/dist-packages/odoo/models.py", line 3798, in _read_format
    vals[name] = convert(record[name], record, use_display_name)
  File "/usr/lib/python3/dist-packages/odoo/models.py", line 6695, in __getitem__
    return self._fields[key].__get__(self, self.env.registry[self._name])
  File "/usr/lib/python3/dist-packages/odoo/fields.py", line 1219, in __get__
    self.compute_value(recs)
  File "/usr/lib/python3/dist-packages/odoo/fields.py", line 1401, in compute_value
    records._compute_field_value(self)
  File "/usr/lib/python3/dist-packages/odoo/models.py", line 4923, in _compute_field_value
    fields.determine(field.compute, self)
  File "/usr/lib/python3/dist-packages/odoo/fields.py", line 105, in determine
    return needle(records, *args)
  File "/usr/lib/python3/dist-packages/odoo/fields.py", line 707, in _compute_related
    record[self.name] = self._process_related(value[self.related_field.name], record.env)
  File "/usr/lib/python3/dist-packages/odoo/models.py", line 6695, in __getitem__
    return self._fields[key].__get__(self, self.env.registry[self._name])
  File "/usr/lib/python3/dist-packages/odoo/fields.py", line 1182, in __get__
    recs._fetch_field(self)
  File "/usr/lib/python3/dist-packages/odoo/models.py", line 3824, in _fetch_field
    self.fetch(fnames)
  File "/usr/lib/python3/dist-packages/odoo/models.py", line 3874, in fetch
    fetched = self._fetch_query(query, fields_to_fetch)
  File "/usr/lib/python3/dist-packages/odoo/models.py", line 3966, in _fetch_query
    self.env.cr.execute(query.select(*sql_terms))
  File "/usr/lib/python3/dist-packages/odoo/sql_db.py", line 335, in execute
    res = self._obj.execute(query, params)
psycopg2.errors.UndefinedColumn: column res_partner.is_boat_owner does not exist
LINE 1: ..."signup_type", "res_partner"."signup_expiration", "res_partn...
                                                             ^

2025-11-06 03:25:28,009 1 INFO odoo-boats-db werkzeug: 172.19.0.1 - - [06/Nov/2025 03:25:28] "GET /web HTTP/1.1" 500 - 2 0.003 0.011
2025-11-06 03:25:28,708 1 ERROR odoo-boats-db odoo.sql_db: bad query: SELECT "res_partner"."id", "res_partner"."website_meta_og_img", "res_partner"."seo_name"->>'en_US', "res_partner"."website_id", "res_partner"."is_published", "res_partner"."email_normalized", "res_partner"."message_bounce", "res_partner"."name", "res_partner"."complete_name", "res_partner"."date", "res_partner"."title", "res_partner"."parent_id", "res_partner"."ref", "res_partner"."lang", "res_partner"."tz", "res_partner"."user_id", "res_partner"."vat", "res_partner"."company_registry", "res_partner"."website", "res_partner"."comment", "res_partner"."active", "res_partner"."employee", "res_partner"."function", "res_partner"."type", "res_partner"."street", "res_partner"."street2", "res_partner"."zip", "res_partner"."city", "res_partner"."state_id", "res_partner"."country_id", "res_partner"."partner_latitude", "res_partner"."partner_longitude", "res_partner"."email", "res_partner"."phone", "res_partner"."mobile", "res_partner"."is_company", "res_partner"."industry_id", "res_partner"."company_id", "res_partner"."color", "res_partner"."partner_share", "res_partner"."commercial_partner_id", "res_partner"."commercial_company_name", "res_partner"."company_name", "res_partner"."create_uid", "res_partner"."create_date", "res_partner"."write_uid", "res_partner"."write_date", "res_partner"."signup_type", "res_partner"."signup_expiration", "res_partner"."is_boat_owner", "res_partner"."is_boat_guest", "res_partner"."boat_count", "res_partner"."owner_commission_rate", "res_partner"."total_bookings", "res_partner"."total_revenue", "res_partner"."team_id", "res_partner"."partner_gid", "res_partner"."additional_info", "res_partner"."phone_sanitized", "res_partner"."debit_limit", "res_partner"."last_time_entries_checked", "res_partner"."invoice_warn", "res_partner"."invoice_warn_msg", "res_partner"."supplier_rank", "res_partner"."customer_rank", "res_partner"."ubl_cii_format", "res_partner"."peppol_endpoint", "res_partner"."peppol_eas", "res_partner"."website_description"->>'en_US', "res_partner"."website_short_description"->>'en_US', "res_partner"."sale_warn", "res_partner"."sale_warn_msg" FROM "res_partner" WHERE ("res_partner"."id" IN (3))
ERROR: column res_partner.is_boat_owner does not exist
LINE 1: ..."signup_type", "res_partner"."signup_expiration", "res_partn...
                                                             ^
 
2025-11-06 03:25:28,708 1 ERROR odoo-boats-db odoo.http: Exception during request handling. 
Traceback (most recent call last):
  File "/usr/lib/python3/dist-packages/odoo/tools/cache.py", line 99, in lookup
    r = d[key]
  File "<decorator-gen-5>", line 2, in __getitem__
  File "/usr/lib/python3/dist-packages/odoo/tools/func.py", line 87, in locked
    return func(inst, *args, **kwargs)
  File "/usr/lib/python3/dist-packages/odoo/tools/lru.py", line 34, in __getitem__
    a = self.d[obj]
KeyError: ('res.users', <function Users.context_get at 0x777f1623e170>, 2)

During handling of the above exception, another exception occurred:

Traceback (most recent call last):
  File "/usr/lib/python3/dist-packages/odoo/http.py", line 2396, in __call__
    response = request._serve_db()
  File "/usr/lib/python3/dist-packages/odoo/http.py", line 1971, in _serve_db
    return service_model.retrying(self._serve_ir_http, self.env)
  File "/usr/lib/python3/dist-packages/odoo/service/model.py", line 152, in retrying
    result = func()
  File "/usr/lib/python3/dist-packages/odoo/http.py", line 1999, in _serve_ir_http
    response = self.dispatcher.dispatch(rule.endpoint, args)
  File "/usr/lib/python3/dist-packages/odoo/http.py", line 2116, in dispatch
    return self.request.registry['ir.http']._dispatch(endpoint)
  File "/usr/lib/python3/dist-packages/odoo/addons/website/models/ir_http.py", line 235, in _dispatch
    response = super()._dispatch(endpoint)
  File "/usr/lib/python3/dist-packages/odoo/addons/base/models/ir_http.py", line 221, in _dispatch
    result = endpoint(**request.params)
  File "/usr/lib/python3/dist-packages/odoo/http.py", line 786, in route_wrapper
    result = endpoint(self, *args, **params_ok)
  File "/usr/lib/python3/dist-packages/odoo/addons/portal/controllers/web.py", line 27, in web_client
    return super().web_client(s_action, **kw)
  File "/usr/lib/python3/dist-packages/odoo/http.py", line 786, in route_wrapper
    result = endpoint(self, *args, **params_ok)
  File "/usr/lib/python3/dist-packages/odoo/addons/web/controllers/home.py", line 58, in web_client
    context = request.env['ir.http'].webclient_rendering_context()
  File "/usr/lib/python3/dist-packages/odoo/addons/web/models/ir_http.py", line 66, in webclient_rendering_context
    'session_info': self.session_info(),
  File "/usr/lib/python3/dist-packages/odoo/addons/account/models/ir_http.py", line 9, in session_info
    result = super(IrHttp, self).session_info()
  File "/usr/lib/python3/dist-packages/odoo/addons/partner_autocomplete/models/ir_http.py", line 12, in session_info
    session_info = super(Http, self).session_info()
  File "/usr/lib/python3/dist-packages/odoo/addons/mail_bot/models/ir_http.py", line 11, in session_info
    res = super(Http, self).session_info()
  File "/usr/lib/python3/dist-packages/odoo/addons/mail/models/ir_http.py", line 13, in session_info
    result = super(IrHttp, self).session_info()
  File "/usr/lib/python3/dist-packages/odoo/addons/google_recaptcha/models/ir_http.py", line 17, in session_info
    session_info = super().session_info()
  File "/usr/lib/python3/dist-packages/odoo/addons/web_tour/models/ir_http.py", line 11, in session_info
    result = super().session_info()
  File "/usr/lib/python3/dist-packages/odoo/addons/bus/models/ir_http.py", line 17, in session_info
    session_info = super().session_info()
  File "/usr/lib/python3/dist-packages/odoo/addons/base_setup/models/ir_http.py", line 10, in session_info
    result = super(IrHttp, self).session_info()
  File "/usr/lib/python3/dist-packages/odoo/addons/auth_totp/models/ir_http.py", line 9, in session_info
    info = super().session_info()
  File "/usr/lib/python3/dist-packages/odoo/addons/web/models/ir_http.py", line 75, in session_info
    user_context = dict(self.env['res.users'].context_get())
  File "<decorator-gen-110>", line 2, in context_get
  File "/usr/lib/python3/dist-packages/odoo/tools/cache.py", line 104, in lookup
    value = d[key] = self.method(*args, **kwargs)
  File "/usr/lib/python3/dist-packages/odoo/addons/base/models/res_users.py", line 810, in context_get
    values = user.read(list(name_to_key), load=False)[0]
  File "/usr/lib/python3/dist-packages/odoo/addons/base/models/res_users.py", line 1910, in read
    res = super(UsersView, self).read(other_fields, load=load)
  File "/usr/lib/python3/dist-packages/odoo/addons/base/models/res_users.py", line 645, in read
    return super(Users, self).read(fields=fields, load=load)
  File "/usr/lib/python3/dist-packages/odoo/models.py", line 3584, in read
    return self._read_format(fnames=fields, load=load)
  File "/usr/lib/python3/dist-packages/odoo/addons/base/models/res_users.py", line 1869, in _read_format
    return super()._read_format(valid_fields, load)
  File "/usr/lib/python3/dist-packages/odoo/models.py", line 3798, in _read_format
    vals[name] = convert(record[name], record, use_display_name)
  File "/usr/lib/python3/dist-packages/odoo/models.py", line 6695, in __getitem__
    return self._fields[key].__get__(self, self.env.registry[self._name])
  File "/usr/lib/python3/dist-packages/odoo/fields.py", line 1219, in __get__
    self.compute_value(recs)
  File "/usr/lib/python3/dist-packages/odoo/fields.py", line 1401, in compute_value
    records._compute_field_value(self)
  File "/usr/lib/python3/dist-packages/odoo/models.py", line 4923, in _compute_field_value
    fields.determine(field.compute, self)
  File "/usr/lib/python3/dist-packages/odoo/fields.py", line 105, in determine
    return needle(records, *args)
  File "/usr/lib/python3/dist-packages/odoo/fields.py", line 707, in _compute_related
    record[self.name] = self._process_related(value[self.related_field.name], record.env)
  File "/usr/lib/python3/dist-packages/odoo/models.py", line 6695, in __getitem__
    return self._fields[key].__get__(self, self.env.registry[self._name])
  File "/usr/lib/python3/dist-packages/odoo/fields.py", line 1182, in __get__
    recs._fetch_field(self)
  File "/usr/lib/python3/dist-packages/odoo/models.py", line 3824, in _fetch_field
    self.fetch(fnames)
  File "/usr/lib/python3/dist-packages/odoo/models.py", line 3874, in fetch
    fetched = self._fetch_query(query, fields_to_fetch)
  File "/usr/lib/python3/dist-packages/odoo/models.py", line 3966, in _fetch_query
    self.env.cr.execute(query.select(*sql_terms))
  File "/usr/lib/python3/dist-packages/odoo/sql_db.py", line 335, in execute
    res = self._obj.execute(query, params)
psycopg2.errors.UndefinedColumn: column res_partner.is_boat_owner does not exist
LINE 1: ..."signup_type", "res_partner"."signup_expiration", "res_partn...
                                                             ^

2025-11-06 03:25:28,709 1 INFO odoo-boats-db werkzeug: 172.19.0.1 - - [06/Nov/2025 03:25:28] "GET /web HTTP/1.1" 500 - 2 0.001 0.005
2025-11-06 03:25:28,942 1 ERROR odoo-boats-db odoo.sql_db: bad query: SELECT "res_partner"."id", "res_partner"."website_meta_og_img", "res_partner"."seo_name"->>'en_US', "res_partner"."website_id", "res_partner"."is_published", "res_partner"."email_normalized", "res_partner"."message_bounce", "res_partner"."name", "res_partner"."complete_name", "res_partner"."date", "res_partner"."title", "res_partner"."parent_id", "res_partner"."ref", "res_partner"."lang", "res_partner"."tz", "res_partner"."user_id", "res_partner"."vat", "res_partner"."company_registry", "res_partner"."website", "res_partner"."comment", "res_partner"."active", "res_partner"."employee", "res_partner"."function", "res_partner"."type", "res_partner"."street", "res_partner"."street2", "res_partner"."zip", "res_partner"."city", "res_partner"."state_id", "res_partner"."country_id", "res_partner"."partner_latitude", "res_partner"."partner_longitude", "res_partner"."email", "res_partner"."phone", "res_partner"."mobile", "res_partner"."is_company", "res_partner"."industry_id", "res_partner"."company_id", "res_partner"."color", "res_partner"."partner_share", "res_partner"."commercial_partner_id", "res_partner"."commercial_company_name", "res_partner"."company_name", "res_partner"."create_uid", "res_partner"."create_date", "res_partner"."write_uid", "res_partner"."write_date", "res_partner"."signup_type", "res_partner"."signup_expiration", "res_partner"."is_boat_owner", "res_partner"."is_boat_guest", "res_partner"."boat_count", "res_partner"."owner_commission_rate", "res_partner"."total_bookings", "res_partner"."total_revenue", "res_partner"."team_id", "res_partner"."partner_gid", "res_partner"."additional_info", "res_partner"."phone_sanitized", "res_partner"."debit_limit", "res_partner"."last_time_entries_checked", "res_partner"."invoice_warn", "res_partner"."invoice_warn_msg", "res_partner"."supplier_rank", "res_partner"."customer_rank", "res_partner"."ubl_cii_format", "res_partner"."peppol_endpoint", "res_partner"."peppol_eas", "res_partner"."website_description"->>'en_US', "res_partner"."website_short_description"->>'en_US', "res_partner"."sale_warn", "res_partner"."sale_warn_msg" FROM "res_partner" WHERE ("res_partner"."id" IN (3))
ERROR: column res_partner.is_boat_owner does not exist
LINE 1: ..."signup_type", "res_partner"."signup_expiration", "res_partn...
                                                             ^
 
2025-11-06 03:25:28,943 1 ERROR odoo-boats-db odoo.http: Exception during request handling. 
Traceback (most recent call last):
  File "/usr/lib/python3/dist-packages/odoo/tools/cache.py", line 99, in lookup
    r = d[key]
  File "<decorator-gen-5>", line 2, in __getitem__
  File "/usr/lib/python3/dist-packages/odoo/tools/func.py", line 87, in locked
    return func(inst, *args, **kwargs)
  File "/usr/lib/python3/dist-packages/odoo/tools/lru.py", line 34, in __getitem__
    a = self.d[obj]
KeyError: ('res.users', <function Users.context_get at 0x777f1623e170>, 2)

During handling of the above exception, another exception occurred:

Traceback (most recent call last):
  File "/usr/lib/python3/dist-packages/odoo/http.py", line 2396, in __call__
    response = request._serve_db()
  File "/usr/lib/python3/dist-packages/odoo/http.py", line 1971, in _serve_db
    return service_model.retrying(self._serve_ir_http, self.env)
  File "/usr/lib/python3/dist-packages/odoo/service/model.py", line 152, in retrying
    result = func()
  File "/usr/lib/python3/dist-packages/odoo/http.py", line 1999, in _serve_ir_http
    response = self.dispatcher.dispatch(rule.endpoint, args)
  File "/usr/lib/python3/dist-packages/odoo/http.py", line 2116, in dispatch
    return self.request.registry['ir.http']._dispatch(endpoint)
  File "/usr/lib/python3/dist-packages/odoo/addons/website/models/ir_http.py", line 235, in _dispatch
    response = super()._dispatch(endpoint)
  File "/usr/lib/python3/dist-packages/odoo/addons/base/models/ir_http.py", line 221, in _dispatch
    result = endpoint(**request.params)
  File "/usr/lib/python3/dist-packages/odoo/http.py", line 786, in route_wrapper
    result = endpoint(self, *args, **params_ok)
  File "/usr/lib/python3/dist-packages/odoo/addons/portal/controllers/web.py", line 27, in web_client
    return super().web_client(s_action, **kw)
  File "/usr/lib/python3/dist-packages/odoo/http.py", line 786, in route_wrapper
    result = endpoint(self, *args, **params_ok)
  File "/usr/lib/python3/dist-packages/odoo/addons/web/controllers/home.py", line 58, in web_client
    context = request.env['ir.http'].webclient_rendering_context()
  File "/usr/lib/python3/dist-packages/odoo/addons/web/models/ir_http.py", line 66, in webclient_rendering_context
    'session_info': self.session_info(),
  File "/usr/lib/python3/dist-packages/odoo/addons/account/models/ir_http.py", line 9, in session_info
    result = super(IrHttp, self).session_info()
  File "/usr/lib/python3/dist-packages/odoo/addons/partner_autocomplete/models/ir_http.py", line 12, in session_info
    session_info = super(Http, self).session_info()
  File "/usr/lib/python3/dist-packages/odoo/addons/mail_bot/models/ir_http.py", line 11, in session_info
    res = super(Http, self).session_info()
  File "/usr/lib/python3/dist-packages/odoo/addons/mail/models/ir_http.py", line 13, in session_info
    result = super(IrHttp, self).session_info()
  File "/usr/lib/python3/dist-packages/odoo/addons/google_recaptcha/models/ir_http.py", line 17, in session_info
    session_info = super().session_info()
  File "/usr/lib/python3/dist-packages/odoo/addons/web_tour/models/ir_http.py", line 11, in session_info
    result = super().session_info()
  File "/usr/lib/python3/dist-packages/odoo/addons/bus/models/ir_http.py", line 17, in session_info
    session_info = super().session_info()
  File "/usr/lib/python3/dist-packages/odoo/addons/base_setup/models/ir_http.py", line 10, in session_info
    result = super(IrHttp, self).session_info()
  File "/usr/lib/python3/dist-packages/odoo/addons/auth_totp/models/ir_http.py", line 9, in session_info
    info = super().session_info()
  File "/usr/lib/python3/dist-packages/odoo/addons/web/models/ir_http.py", line 75, in session_info
    user_context = dict(self.env['res.users'].context_get())
  File "<decorator-gen-110>", line 2, in context_get
  File "/usr/lib/python3/dist-packages/odoo/tools/cache.py", line 104, in lookup
    value = d[key] = self.method(*args, **kwargs)
  File "/usr/lib/python3/dist-packages/odoo/addons/base/models/res_users.py", line 810, in context_get
    values = user.read(list(name_to_key), load=False)[0]
  File "/usr/lib/python3/dist-packages/odoo/addons/base/models/res_users.py", line 1910, in read
    res = super(UsersView, self).read(other_fields, load=load)
  File "/usr/lib/python3/dist-packages/odoo/addons/base/models/res_users.py", line 645, in read
    return super(Users, self).read(fields=fields, load=load)
  File "/usr/lib/python3/dist-packages/odoo/models.py", line 3584, in read
    return self._read_format(fnames=fields, load=load)
  File "/usr/lib/python3/dist-packages/odoo/addons/base/models/res_users.py", line 1869, in _read_format
    return super()._read_format(valid_fields, load)
  File "/usr/lib/python3/dist-packages/odoo/models.py", line 3798, in _read_format
    vals[name] = convert(record[name], record, use_display_name)
  File "/usr/lib/python3/dist-packages/odoo/models.py", line 6695, in __getitem__
    return self._fields[key].__get__(self, self.env.registry[self._name])
  File "/usr/lib/python3/dist-packages/odoo/fields.py", line 1219, in __get__
    self.compute_value(recs)
  File "/usr/lib/python3/dist-packages/odoo/fields.py", line 1401, in compute_value
    records._compute_field_value(self)
  File "/usr/lib/python3/dist-packages/odoo/models.py", line 4923, in _compute_field_value
    fields.determine(field.compute, self)
  File "/usr/lib/python3/dist-packages/odoo/fields.py", line 105, in determine
    return needle(records, *args)
  File "/usr/lib/python3/dist-packages/odoo/fields.py", line 707, in _compute_related
    record[self.name] = self._process_related(value[self.related_field.name], record.env)
  File "/usr/lib/python3/dist-packages/odoo/models.py", line 6695, in __getitem__
    return self._fields[key].__get__(self, self.env.registry[self._name])
  File "/usr/lib/python3/dist-packages/odoo/fields.py", line 1182, in __get__
    recs._fetch_field(self)
  File "/usr/lib/python3/dist-packages/odoo/models.py", line 3824, in _fetch_field
    self.fetch(fnames)
  File "/usr/lib/python3/dist-packages/odoo/models.py", line 3874, in fetch
    fetched = self._fetch_query(query, fields_to_fetch)
  File "/usr/lib/python3/dist-packages/odoo/models.py", line 3966, in _fetch_query
    self.env.cr.execute(query.select(*sql_terms))
  File "/usr/lib/python3/dist-packages/odoo/sql_db.py", line 335, in execute
    res = self._obj.execute(query, params)
psycopg2.errors.UndefinedColumn: column res_partner.is_boat_owner does not exist
LINE 1: ..."signup_type", "res_partner"."signup_expiration", "res_partn...
                                                             ^

2025-11-06 03:25:28,943 1 INFO odoo-boats-db werkzeug: 172.19.0.1 - - [06/Nov/2025 03:25:28] "GET /web HTTP/1.1" 500 - 2 0.002 0.007
2025-11-06 03:25:29,197 1 ERROR odoo-boats-db odoo.sql_db: bad query: SELECT "res_partner"."id", "res_partner"."website_meta_og_img", "res_partner"."seo_name"->>'en_US', "res_partner"."website_id", "res_partner"."is_published", "res_partner"."email_normalized", "res_partner"."message_bounce", "res_partner"."name", "res_partner"."complete_name", "res_partner"."date", "res_partner"."title", "res_partner"."parent_id", "res_partner"."ref", "res_partner"."lang", "res_partner"."tz", "res_partner"."user_id", "res_partner"."vat", "res_partner"."company_registry", "res_partner"."website", "res_partner"."comment", "res_partner"."active", "res_partner"."employee", "res_partner"."function", "res_partner"."type", "res_partner"."street", "res_partner"."street2", "res_partner"."zip", "res_partner"."city", "res_partner"."state_id", "res_partner"."country_id", "res_partner"."partner_latitude", "res_partner"."partner_longitude", "res_partner"."email", "res_partner"."phone", "res_partner"."mobile", "res_partner"."is_company", "res_partner"."industry_id", "res_partner"."company_id", "res_partner"."color", "res_partner"."partner_share", "res_partner"."commercial_partner_id", "res_partner"."commercial_company_name", "res_partner"."company_name", "res_partner"."create_uid", "res_partner"."create_date", "res_partner"."write_uid", "res_partner"."write_date", "res_partner"."signup_type", "res_partner"."signup_expiration", "res_partner"."is_boat_owner", "res_partner"."is_boat_guest", "res_partner"."boat_count", "res_partner"."owner_commission_rate", "res_partner"."total_bookings", "res_partner"."total_revenue", "res_partner"."team_id", "res_partner"."partner_gid", "res_partner"."additional_info", "res_partner"."phone_sanitized", "res_partner"."debit_limit", "res_partner"."last_time_entries_checked", "res_partner"."invoice_warn", "res_partner"."invoice_warn_msg", "res_partner"."supplier_rank", "res_partner"."customer_rank", "res_partner"."ubl_cii_format", "res_partner"."peppol_endpoint", "res_partner"."peppol_eas", "res_partner"."website_description"->>'en_US', "res_partner"."website_short_description"->>'en_US', "res_partner"."sale_warn", "res_partner"."sale_warn_msg" FROM "res_partner" WHERE ("res_partner"."id" IN (3))
ERROR: column res_partner.is_boat_owner does not exist
LINE 1: ..."signup_type", "res_partner"."signup_expiration", "res_partn...
                                                             ^
 
2025-11-06 03:25:29,199 1 ERROR odoo-boats-db odoo.http: Exception during request handling. 
Traceback (most recent call last):
  File "/usr/lib/python3/dist-packages/odoo/tools/cache.py", line 99, in lookup
    r = d[key]
  File "<decorator-gen-5>", line 2, in __getitem__
  File "/usr/lib/python3/dist-packages/odoo/tools/func.py", line 87, in locked
    return func(inst, *args, **kwargs)
  File "/usr/lib/python3/dist-packages/odoo/tools/lru.py", line 34, in __getitem__
    a = self.d[obj]
KeyError: ('res.users', <function Users.context_get at 0x777f1623e170>, 2)

During handling of the above exception, another exception occurred:

Traceback (most recent call last):
  File "/usr/lib/python3/dist-packages/odoo/http.py", line 2396, in __call__
    response = request._serve_db()
  File "/usr/lib/python3/dist-packages/odoo/http.py", line 1971, in _serve_db
    return service_model.retrying(self._serve_ir_http, self.env)
  File "/usr/lib/python3/dist-packages/odoo/service/model.py", line 152, in retrying
    result = func()
  File "/usr/lib/python3/dist-packages/odoo/http.py", line 1999, in _serve_ir_http
    response = self.dispatcher.dispatch(rule.endpoint, args)
  File "/usr/lib/python3/dist-packages/odoo/http.py", line 2116, in dispatch
    return self.request.registry['ir.http']._dispatch(endpoint)
  File "/usr/lib/python3/dist-packages/odoo/addons/website/models/ir_http.py", line 235, in _dispatch
    response = super()._dispatch(endpoint)
  File "/usr/lib/python3/dist-packages/odoo/addons/base/models/ir_http.py", line 221, in _dispatch
    result = endpoint(**request.params)
  File "/usr/lib/python3/dist-packages/odoo/http.py", line 786, in route_wrapper
    result = endpoint(self, *args, **params_ok)
  File "/usr/lib/python3/dist-packages/odoo/addons/portal/controllers/web.py", line 27, in web_client
    return super().web_client(s_action, **kw)
  File "/usr/lib/python3/dist-packages/odoo/http.py", line 786, in route_wrapper
    result = endpoint(self, *args, **params_ok)
  File "/usr/lib/python3/dist-packages/odoo/addons/web/controllers/home.py", line 58, in web_client
    context = request.env['ir.http'].webclient_rendering_context()
  File "/usr/lib/python3/dist-packages/odoo/addons/web/models/ir_http.py", line 66, in webclient_rendering_context
    'session_info': self.session_info(),
  File "/usr/lib/python3/dist-packages/odoo/addons/account/models/ir_http.py", line 9, in session_info
    result = super(IrHttp, self).session_info()
  File "/usr/lib/python3/dist-packages/odoo/addons/partner_autocomplete/models/ir_http.py", line 12, in session_info
    session_info = super(Http, self).session_info()
  File "/usr/lib/python3/dist-packages/odoo/addons/mail_bot/models/ir_http.py", line 11, in session_info
    res = super(Http, self).session_info()
  File "/usr/lib/python3/dist-packages/odoo/addons/mail/models/ir_http.py", line 13, in session_info
    result = super(IrHttp, self).session_info()
  File "/usr/lib/python3/dist-packages/odoo/addons/google_recaptcha/models/ir_http.py", line 17, in session_info
    session_info = super().session_info()
  File "/usr/lib/python3/dist-packages/odoo/addons/web_tour/models/ir_http.py", line 11, in session_info
    result = super().session_info()
  File "/usr/lib/python3/dist-packages/odoo/addons/bus/models/ir_http.py", line 17, in session_info
    session_info = super().session_info()
  File "/usr/lib/python3/dist-packages/odoo/addons/base_setup/models/ir_http.py", line 10, in session_info
    result = super(IrHttp, self).session_info()
  File "/usr/lib/python3/dist-packages/odoo/addons/auth_totp/models/ir_http.py", line 9, in session_info
    info = super().session_info()
  File "/usr/lib/python3/dist-packages/odoo/addons/web/models/ir_http.py", line 75, in session_info
    user_context = dict(self.env['res.users'].context_get())
  File "<decorator-gen-110>", line 2, in context_get
  File "/usr/lib/python3/dist-packages/odoo/tools/cache.py", line 104, in lookup
    value = d[key] = self.method(*args, **kwargs)
  File "/usr/lib/python3/dist-packages/odoo/addons/base/models/res_users.py", line 810, in context_get
    values = user.read(list(name_to_key), load=False)[0]
  File "/usr/lib/python3/dist-packages/odoo/addons/base/models/res_users.py", line 1910, in read
    res = super(UsersView, self).read(other_fields, load=load)
  File "/usr/lib/python3/dist-packages/odoo/addons/base/models/res_users.py", line 645, in read
    return super(Users, self).read(fields=fields, load=load)
  File "/usr/lib/python3/dist-packages/odoo/models.py", line 3584, in read
    return self._read_format(fnames=fields, load=load)
  File "/usr/lib/python3/dist-packages/odoo/addons/base/models/res_users.py", line 1869, in _read_format
    return super()._read_format(valid_fields, load)
  File "/usr/lib/python3/dist-packages/odoo/models.py", line 3798, in _read_format
    vals[name] = convert(record[name], record, use_display_name)
  File "/usr/lib/python3/dist-packages/odoo/models.py", line 6695, in __getitem__
    return self._fields[key].__get__(self, self.env.registry[self._name])
  File "/usr/lib/python3/dist-packages/odoo/fields.py", line 1219, in __get__
    self.compute_value(recs)
  File "/usr/lib/python3/dist-packages/odoo/fields.py", line 1401, in compute_value
    records._compute_field_value(self)
  File "/usr/lib/python3/dist-packages/odoo/models.py", line 4923, in _compute_field_value
    fields.determine(field.compute, self)
  File "/usr/lib/python3/dist-packages/odoo/fields.py", line 105, in determine
    return needle(records, *args)
  File "/usr/lib/python3/dist-packages/odoo/fields.py", line 707, in _compute_related
    record[self.name] = self._process_related(value[self.related_field.name], record.env)
  File "/usr/lib/python3/dist-packages/odoo/models.py", line 6695, in __getitem__
    return self._fields[key].__get__(self, self.env.registry[self._name])
  File "/usr/lib/python3/dist-packages/odoo/fields.py", line 1182, in __get__
    recs._fetch_field(self)
  File "/usr/lib/python3/dist-packages/odoo/models.py", line 3824, in _fetch_field
    self.fetch(fnames)
  File "/usr/lib/python3/dist-packages/odoo/models.py", line 3874, in fetch
    fetched = self._fetch_query(query, fields_to_fetch)
  File "/usr/lib/python3/dist-packages/odoo/models.py", line 3966, in _fetch_query
    self.env.cr.execute(query.select(*sql_terms))
  File "/usr/lib/python3/dist-packages/odoo/sql_db.py", line 335, in execute
    res = self._obj.execute(query, params)
psycopg2.errors.UndefinedColumn: column res_partner.is_boat_owner does not exist
LINE 1: ..."signup_type", "res_partner"."signup_expiration", "res_partn...
                                                             ^

2025-11-06 03:25:29,201 1 INFO odoo-boats-db werkzeug: 172.19.0.1 - - [06/Nov/2025 03:25:29] "GET /web HTTP/1.1" 500 - 2 0.003 0.011
2025-11-06 03:25:30,737 1 INFO odoo-boats-db werkzeug: 172.19.0.1 - - [06/Nov/2025 03:25:30] "GET /web/service-worker.js HTTP/1.1" 200 - 1 0.001 0.003
2025-11-06 03:25:37,108 1 INFO odoo-boats-db werkzeug: 127.0.0.1 - - [06/Nov/2025 03:25:37] "GET /web HTTP/1.1" 303 - 1 0.000 0.002
2025-11-06 03:25:47,183 1 INFO odoo-boats-db werkzeug: 127.0.0.1 - - [06/Nov/2025 03:25:47] "GET /web HTTP/1.1" 303 - 1 0.001 0.003
2025-11-06 03:25:57,319 1 INFO odoo-boats-db werkzeug: 127.0.0.1 - - [06/Nov/2025 03:25:57] "GET /web HTTP/1.1" 303 - 1 0.000 0.003
2025-11-06 03:25:59,188 1 ERROR odoo-boats-db odoo.sql_db: bad query: SELECT "res_partner"."id", "res_partner"."website_meta_og_img", "res_partner"."seo_name"->>'en_US', "res_partner"."website_id", "res_partner"."is_published", "res_partner"."email_normalized", "res_partner"."message_bounce", "res_partner"."name", "res_partner"."complete_name", "res_partner"."date", "res_partner"."title", "res_partner"."parent_id", "res_partner"."ref", "res_partner"."lang", "res_partner"."tz", "res_partner"."user_id", "res_partner"."vat", "res_partner"."company_registry", "res_partner"."website", "res_partner"."comment", "res_partner"."active", "res_partner"."employee", "res_partner"."function", "res_partner"."type", "res_partner"."street", "res_partner"."street2", "res_partner"."zip", "res_partner"."city", "res_partner"."state_id", "res_partner"."country_id", "res_partner"."partner_latitude", "res_partner"."partner_longitude", "res_partner"."email", "res_partner"."phone", "res_partner"."mobile", "res_partner"."is_company", "res_partner"."industry_id", "res_partner"."company_id", "res_partner"."color", "res_partner"."partner_share", "res_partner"."commercial_partner_id", "res_partner"."commercial_company_name", "res_partner"."company_name", "res_partner"."create_uid", "res_partner"."create_date", "res_partner"."write_uid", "res_partner"."write_date", "res_partner"."signup_type", "res_partner"."signup_expiration", "res_partner"."is_boat_owner", "res_partner"."is_boat_guest", "res_partner"."boat_count", "res_partner"."owner_commission_rate", "res_partner"."total_bookings", "res_partner"."total_revenue", "res_partner"."team_id", "res_partner"."partner_gid", "res_partner"."additional_info", "res_partner"."phone_sanitized", "res_partner"."debit_limit", "res_partner"."last_time_entries_checked", "res_partner"."invoice_warn", "res_partner"."invoice_warn_msg", "res_partner"."supplier_rank", "res_partner"."customer_rank", "res_partner"."ubl_cii_format", "res_partner"."peppol_endpoint", "res_partner"."peppol_eas", "res_partner"."website_description"->>'en_US', "res_partner"."website_short_description"->>'en_US', "res_partner"."sale_warn", "res_partner"."sale_warn_msg" FROM "res_partner" WHERE ("res_partner"."id" IN (2))
ERROR: column res_partner.is_boat_owner does not exist
LINE 1: ..."signup_type", "res_partner"."signup_expiration", "res_partn...
                                                             ^
 
2025-11-06 03:25:59,189 1 WARNING ? odoo.service.server: cron0 encountered an Exception: 
Traceback (most recent call last):
  File "/usr/lib/python3/dist-packages/odoo/service/server.py", line 528, in _run_cron
    ir_cron._process_jobs(db_name)
  File "/usr/lib/python3/dist-packages/odoo/addons/base/models/ir_cron.py", line 139, in _process_jobs
    registry[cls._name]._process_job(db, cron_cr, job)
  File "/usr/lib/python3/dist-packages/odoo/addons/base/models/ir_cron.py", line 331, in _process_job
    now = fields.Datetime.context_timestamp(ir_cron, datetime.utcnow())
  File "/usr/lib/python3/dist-packages/odoo/fields.py", line 2270, in context_timestamp
    tz_name = record._context.get('tz') or record.env.user.tz
  File "/usr/lib/python3/dist-packages/odoo/fields.py", line 1219, in __get__
    self.compute_value(recs)
  File "/usr/lib/python3/dist-packages/odoo/fields.py", line 1401, in compute_value
    records._compute_field_value(self)
  File "/usr/lib/python3/dist-packages/odoo/models.py", line 4923, in _compute_field_value
    fields.determine(field.compute, self)
  File "/usr/lib/python3/dist-packages/odoo/fields.py", line 105, in determine
    return needle(records, *args)
  File "/usr/lib/python3/dist-packages/odoo/fields.py", line 707, in _compute_related
    record[self.name] = self._process_related(value[self.related_field.name], record.env)
  File "/usr/lib/python3/dist-packages/odoo/models.py", line 6695, in __getitem__
    return self._fields[key].__get__(self, self.env.registry[self._name])
  File "/usr/lib/python3/dist-packages/odoo/fields.py", line 1182, in __get__
    recs._fetch_field(self)
  File "/usr/lib/python3/dist-packages/odoo/models.py", line 3824, in _fetch_field
    self.fetch(fnames)
  File "/usr/lib/python3/dist-packages/odoo/models.py", line 3874, in fetch
    fetched = self._fetch_query(query, fields_to_fetch)
  File "/usr/lib/python3/dist-packages/odoo/models.py", line 3966, in _fetch_query
    self.env.cr.execute(query.select(*sql_terms))
  File "/usr/lib/python3/dist-packages/odoo/sql_db.py", line 335, in execute
    res = self._obj.execute(query, params)
psycopg2.errors.UndefinedColumn: column res_partner.is_boat_owner does not exist
LINE 1: ..."signup_type", "res_partner"."signup_expiration", "res_partn...
                                                             ^

2025-11-06 03:26:00,164 1 ERROR odoo-boats-db odoo.sql_db: bad query: SELECT "res_partner"."id", "res_partner"."website_meta_og_img", "res_partner"."seo_name"->>'en_US', "res_partner"."website_id", "res_partner"."is_published", "res_partner"."email_normalized", "res_partner"."message_bounce", "res_partner"."name", "res_partner"."complete_name", "res_partner"."date", "res_partner"."title", "res_partner"."parent_id", "res_partner"."ref", "res_partner"."lang", "res_partner"."tz", "res_partner"."user_id", "res_partner"."vat", "res_partner"."company_registry", "res_partner"."website", "res_partner"."comment", "res_partner"."active", "res_partner"."employee", "res_partner"."function", "res_partner"."type", "res_partner"."street", "res_partner"."street2", "res_partner"."zip", "res_partner"."city", "res_partner"."state_id", "res_partner"."country_id", "res_partner"."partner_latitude", "res_partner"."partner_longitude", "res_partner"."email", "res_partner"."phone", "res_partner"."mobile", "res_partner"."is_company", "res_partner"."industry_id", "res_partner"."company_id", "res_partner"."color", "res_partner"."partner_share", "res_partner"."commercial_partner_id", "res_partner"."commercial_company_name", "res_partner"."company_name", "res_partner"."create_uid", "res_partner"."create_date", "res_partner"."write_uid", "res_partner"."write_date", "res_partner"."signup_type", "res_partner"."signup_expiration", "res_partner"."is_boat_owner", "res_partner"."is_boat_guest", "res_partner"."boat_count", "res_partner"."owner_commission_rate", "res_partner"."total_bookings", "res_partner"."total_revenue", "res_partner"."team_id", "res_partner"."partner_gid", "res_partner"."additional_info", "res_partner"."phone_sanitized", "res_partner"."debit_limit", "res_partner"."last_time_entries_checked", "res_partner"."invoice_warn", "res_partner"."invoice_warn_msg", "res_partner"."supplier_rank", "res_partner"."customer_rank", "res_partner"."ubl_cii_format", "res_partner"."peppol_endpoint", "res_partner"."peppol_eas", "res_partner"."website_description"->>'en_US', "res_partner"."website_short_description"->>'en_US', "res_partner"."sale_warn", "res_partner"."sale_warn_msg" FROM "res_partner" WHERE ("res_partner"."id" IN (2))
ERROR: column res_partner.is_boat_owner does not exist
LINE 1: ..."signup_type", "res_partner"."signup_expiration", "res_partn...
                                                             ^
 
2025-11-06 03:26:00,166 1 WARNING ? odoo.service.server: cron1 encountered an Exception: 
Traceback (most recent call last):
  File "/usr/lib/python3/dist-packages/odoo/service/server.py", line 528, in _run_cron
    ir_cron._process_jobs(db_name)
  File "/usr/lib/python3/dist-packages/odoo/addons/base/models/ir_cron.py", line 139, in _process_jobs
    registry[cls._name]._process_job(db, cron_cr, job)
  File "/usr/lib/python3/dist-packages/odoo/addons/base/models/ir_cron.py", line 331, in _process_job
    now = fields.Datetime.context_timestamp(ir_cron, datetime.utcnow())
  File "/usr/lib/python3/dist-packages/odoo/fields.py", line 2270, in context_timestamp
    tz_name = record._context.get('tz') or record.env.user.tz
  File "/usr/lib/python3/dist-packages/odoo/fields.py", line 1219, in __get__
    self.compute_value(recs)
  File "/usr/lib/python3/dist-packages/odoo/fields.py", line 1401, in compute_value
    records._compute_field_value(self)
  File "/usr/lib/python3/dist-packages/odoo/models.py", line 4923, in _compute_field_value
    fields.determine(field.compute, self)
  File "/usr/lib/python3/dist-packages/odoo/fields.py", line 105, in determine
    return needle(records, *args)
  File "/usr/lib/python3/dist-packages/odoo/fields.py", line 707, in _compute_related
    record[self.name] = self._process_related(value[self.related_field.name], record.env)
  File "/usr/lib/python3/dist-packages/odoo/models.py", line 6695, in __getitem__
    return self._fields[key].__get__(self, self.env.registry[self._name])
  File "/usr/lib/python3/dist-packages/odoo/fields.py", line 1182, in __get__
    recs._fetch_field(self)
  File "/usr/lib/python3/dist-packages/odoo/models.py", line 3824, in _fetch_field
    self.fetch(fnames)
  File "/usr/lib/python3/dist-packages/odoo/models.py", line 3874, in fetch
    fetched = self._fetch_query(query, fields_to_fetch)
  File "/usr/lib/python3/dist-packages/odoo/models.py", line 3966, in _fetch_query
    self.env.cr.execute(query.select(*sql_terms))
  File "/usr/lib/python3/dist-packages/odoo/sql_db.py", line 335, in execute
    res = self._obj.execute(query, params)
psycopg2.errors.UndefinedColumn: column res_partner.is_boat_owner does not exist
LINE 1: ..."signup_type", "res_partner"."signup_expiration", "res_partn...
                                                             ^

2025-11-06 03:26:07,406 1 INFO odoo-boats-db werkzeug: 127.0.0.1 - - [06/Nov/2025 03:26:07] "GET /web HTTP/1.1" 303 - 1 0.001 0.002
2025-11-06 03:26:17,490 1 INFO odoo-boats-db werkzeug: 127.0.0.1 - - [06/Nov/2025 03:26:17] "GET /web HTTP/1.1" 303 - 1 0.000 0.002
2025-11-06 03:26:27,577 1 INFO odoo-boats-db werkzeug: 127.0.0.1 - - [06/Nov/2025 03:26:27] "GET /web HTTP/1.1" 303 - 1 0.000 0.002
2025-11-06 03:26:37,696 1 INFO odoo-boats-db werkzeug: 127.0.0.1 - - [06/Nov/2025 03:26:37] "GET /web HTTP/1.1" 303 - 1 0.001 0.003
2025-11-06 03:26:47,773 1 INFO odoo-boats-db werkzeug: 127.0.0.1 - - [06/Nov/2025 03:26:47] "GET /web HTTP/1.1" 303 - 1 0.001 0.003
2025-11-06 03:26:57,827 1 INFO odoo-boats-db werkzeug: 127.0.0.1 - - [06/Nov/2025 03:26:57] "GET /web HTTP/1.1" 303 - 1 0.000 0.002
2025-11-06 03:26:59,249 1 ERROR odoo-boats-db odoo.sql_db: bad query: SELECT "res_partner"."id", "res_partner"."website_meta_og_img", "res_partner"."seo_name"->>'en_US', "res_partner"."website_id", "res_partner"."is_published", "res_partner"."email_normalized", "res_partner"."message_bounce", "res_partner"."name", "res_partner"."complete_name", "res_partner"."date", "res_partner"."title", "res_partner"."parent_id", "res_partner"."ref", "res_partner"."lang", "res_partner"."tz", "res_partner"."user_id", "res_partner"."vat", "res_partner"."company_registry", "res_partner"."website", "res_partner"."comment", "res_partner"."active", "res_partner"."employee", "res_partner"."function", "res_partner"."type", "res_partner"."street", "res_partner"."street2", "res_partner"."zip", "res_partner"."city", "res_partner"."state_id", "res_partner"."country_id", "res_partner"."partner_latitude", "res_partner"."partner_longitude", "res_partner"."email", "res_partner"."phone", "res_partner"."mobile", "res_partner"."is_company", "res_partner"."industry_id", "res_partner"."company_id", "res_partner"."color", "res_partner"."partner_share", "res_partner"."commercial_partner_id", "res_partner"."commercial_company_name", "res_partner"."company_name", "res_partner"."create_uid", "res_partner"."create_date", "res_partner"."write_uid", "res_partner"."write_date", "res_partner"."signup_type", "res_partner"."signup_expiration", "res_partner"."is_boat_owner", "res_partner"."is_boat_guest", "res_partner"."boat_count", "res_partner"."owner_commission_rate", "res_partner"."total_bookings", "res_partner"."total_revenue", "res_partner"."team_id", "res_partner"."partner_gid", "res_partner"."additional_info", "res_partner"."phone_sanitized", "res_partner"."debit_limit", "res_partner"."last_time_entries_checked", "res_partner"."invoice_warn", "res_partner"."invoice_warn_msg", "res_partner"."supplier_rank", "res_partner"."customer_rank", "res_partner"."ubl_cii_format", "res_partner"."peppol_endpoint", "res_partner"."peppol_eas", "res_partner"."website_description"->>'en_US', "res_partner"."website_short_description"->>'en_US', "res_partner"."sale_warn", "res_partner"."sale_warn_msg" FROM "res_partner" WHERE ("res_partner"."id" IN (2))
ERROR: column res_partner.is_boat_owner does not exist
LINE 1: ..."signup_type", "res_partner"."signup_expiration", "res_partn...
                                                             ^
 
2025-11-06 03:26:59,250 1 WARNING ? odoo.service.server: cron0 encountered an Exception: 
Traceback (most recent call last):
  File "/usr/lib/python3/dist-packages/odoo/service/server.py", line 528, in _run_cron
    ir_cron._process_jobs(db_name)
  File "/usr/lib/python3/dist-packages/odoo/addons/base/models/ir_cron.py", line 139, in _process_jobs
    registry[cls._name]._process_job(db, cron_cr, job)
  File "/usr/lib/python3/dist-packages/odoo/addons/base/models/ir_cron.py", line 331, in _process_job
    now = fields.Datetime.context_timestamp(ir_cron, datetime.utcnow())
  File "/usr/lib/python3/dist-packages/odoo/fields.py", line 2270, in context_timestamp
    tz_name = record._context.get('tz') or record.env.user.tz
  File "/usr/lib/python3/dist-packages/odoo/fields.py", line 1219, in __get__
    self.compute_value(recs)
  File "/usr/lib/python3/dist-packages/odoo/fields.py", line 1401, in compute_value
    records._compute_field_value(self)
  File "/usr/lib/python3/dist-packages/odoo/models.py", line 4923, in _compute_field_value
    fields.determine(field.compute, self)
  File "/usr/lib/python3/dist-packages/odoo/fields.py", line 105, in determine
    return needle(records, *args)
  File "/usr/lib/python3/dist-packages/odoo/fields.py", line 707, in _compute_related
    record[self.name] = self._process_related(value[self.related_field.name], record.env)
  File "/usr/lib/python3/dist-packages/odoo/models.py", line 6695, in __getitem__
    return self._fields[key].__get__(self, self.env.registry[self._name])
  File "/usr/lib/python3/dist-packages/odoo/fields.py", line 1182, in __get__
    recs._fetch_field(self)
  File "/usr/lib/python3/dist-packages/odoo/models.py", line 3824, in _fetch_field
    self.fetch(fnames)
  File "/usr/lib/python3/dist-packages/odoo/models.py", line 3874, in fetch
    fetched = self._fetch_query(query, fields_to_fetch)
  File "/usr/lib/python3/dist-packages/odoo/models.py", line 3966, in _fetch_query
    self.env.cr.execute(query.select(*sql_terms))
  File "/usr/lib/python3/dist-packages/odoo/sql_db.py", line 335, in execute
    res = self._obj.execute(query, params)
psycopg2.errors.UndefinedColumn: column res_partner.is_boat_owner does not exist
LINE 1: ..."signup_type", "res_partner"."signup_expiration", "res_partn...
                                                             ^

2025-11-06 03:27:01,250 1 ERROR odoo-boats-db odoo.sql_db: bad query: SELECT "res_partner"."id", "res_partner"."website_meta_og_img", "res_partner"."seo_name"->>'en_US', "res_partner"."website_id", "res_partner"."is_published", "res_partner"."email_normalized", "res_partner"."message_bounce", "res_partner"."name", "res_partner"."complete_name", "res_partner"."date", "res_partner"."title", "res_partner"."parent_id", "res_partner"."ref", "res_partner"."lang", "res_partner"."tz", "res_partner"."user_id", "res_partner"."vat", "res_partner"."company_registry", "res_partner"."website", "res_partner"."comment", "res_partner"."active", "res_partner"."employee", "res_partner"."function", "res_partner"."type", "res_partner"."street", "res_partner"."street2", "res_partner"."zip", "res_partner"."city", "res_partner"."state_id", "res_partner"."country_id", "res_partner"."partner_latitude", "res_partner"."partner_longitude", "res_partner"."email", "res_partner"."phone", "res_partner"."mobile", "res_partner"."is_company", "res_partner"."industry_id", "res_partner"."company_id", "res_partner"."color", "res_partner"."partner_share", "res_partner"."commercial_partner_id", "res_partner"."commercial_company_name", "res_partner"."company_name", "res_partner"."create_uid", "res_partner"."create_date", "res_partner"."write_uid", "res_partner"."write_date", "res_partner"."signup_type", "res_partner"."signup_expiration", "res_partner"."is_boat_owner", "res_partner"."is_boat_guest", "res_partner"."boat_count", "res_partner"."owner_commission_rate", "res_partner"."total_bookings", "res_partner"."total_revenue", "res_partner"."team_id", "res_partner"."partner_gid", "res_partner"."additional_info", "res_partner"."phone_sanitized", "res_partner"."debit_limit", "res_partner"."last_time_entries_checked", "res_partner"."invoice_warn", "res_partner"."invoice_warn_msg", "res_partner"."supplier_rank", "res_partner"."customer_rank", "res_partner"."ubl_cii_format", "res_partner"."peppol_endpoint", "res_partner"."peppol_eas", "res_partner"."website_description"->>'en_US', "res_partner"."website_short_description"->>'en_US', "res_partner"."sale_warn", "res_partner"."sale_warn_msg" FROM "res_partner" WHERE ("res_partner"."id" IN (2))
ERROR: column res_partner.is_boat_owner does not exist
LINE 1: ..."signup_type", "res_partner"."signup_expiration", "res_partn...
                                                             ^
 
2025-11-06 03:27:01,252 1 WARNING ? odoo.service.server: cron1 encountered an Exception: 
Traceback (most recent call last):
  File "/usr/lib/python3/dist-packages/odoo/service/server.py", line 528, in _run_cron
    ir_cron._process_jobs(db_name)
  File "/usr/lib/python3/dist-packages/odoo/addons/base/models/ir_cron.py", line 139, in _process_jobs
    registry[cls._name]._process_job(db, cron_cr, job)
  File "/usr/lib/python3/dist-packages/odoo/addons/base/models/ir_cron.py", line 331, in _process_job
    now = fields.Datetime.context_timestamp(ir_cron, datetime.utcnow())
  File "/usr/lib/python3/dist-packages/odoo/fields.py", line 2270, in context_timestamp
    tz_name = record._context.get('tz') or record.env.user.tz
  File "/usr/lib/python3/dist-packages/odoo/fields.py", line 1219, in __get__
    self.compute_value(recs)
  File "/usr/lib/python3/dist-packages/odoo/fields.py", line 1401, in compute_value
    records._compute_field_value(self)
  File "/usr/lib/python3/dist-packages/odoo/models.py", line 4923, in _compute_field_value
    fields.determine(field.compute, self)
  File "/usr/lib/python3/dist-packages/odoo/fields.py", line 105, in determine
    return needle(records, *args)
  File "/usr/lib/python3/dist-packages/odoo/fields.py", line 707, in _compute_related
    record[self.name] = self._process_related(value[self.related_field.name], record.env)
  File "/usr/lib/python3/dist-packages/odoo/models.py", line 6695, in __getitem__
    return self._fields[key].__get__(self, self.env.registry[self._name])
  File "/usr/lib/python3/dist-packages/odoo/fields.py", line 1182, in __get__
    recs._fetch_field(self)
  File "/usr/lib/python3/dist-packages/odoo/models.py", line 3824, in _fetch_field
    self.fetch(fnames)
  File "/usr/lib/python3/dist-packages/odoo/models.py", line 3874, in fetch
    fetched = self._fetch_query(query, fields_to_fetch)
  File "/usr/lib/python3/dist-packages/odoo/models.py", line 3966, in _fetch_query
    self.env.cr.execute(query.select(*sql_terms))
  File "/usr/lib/python3/dist-packages/odoo/sql_db.py", line 335, in execute
    res = self._obj.execute(query, params)
psycopg2.errors.UndefinedColumn: column res_partner.is_boat_owner does not exist
LINE 1: ..."signup_type", "res_partner"."signup_expiration", "res_partn...
                                                             ^

2025-11-06 03:27:07,923 1 INFO odoo-boats-db werkzeug: 127.0.0.1 - - [06/Nov/2025 03:27:07] "GET /web HTTP/1.1" 303 - 1 0.000 0.004
2025-11-06 03:27:13,502 1 INFO odoo-boats-db odoo.service.server: Initiating shutdown 
2025-11-06 03:27:13,502 1 INFO odoo-boats-db odoo.service.server: Hit CTRL-C again or send a second signal to force the shutdown. 
2025-11-06 03:27:13,515 1 INFO odoo-boats-db odoo.sql_db: Connection to the database failed 
2025-11-06 03:27:13,515 1 WARNING odoo-boats-db odoo.addons.base.models.ir_cron: Exception in cron: 
Traceback (most recent call last):
  File "/usr/lib/python3/dist-packages/odoo/addons/base/models/ir_cron.py", line 119, in _process_jobs
    with db.cursor() as cron_cr:
  File "/usr/lib/python3/dist-packages/odoo/sql_db.py", line 767, in cursor
    return Cursor(self.__pool, self.__dbname, self.__dsn)
  File "/usr/lib/python3/dist-packages/odoo/sql_db.py", line 267, in __init__
    self._cnx = pool.borrow(dsn)
  File "<decorator-gen-13>", line 2, in borrow
  File "/usr/lib/python3/dist-packages/odoo/tools/func.py", line 87, in locked
    return func(inst, *args, **kwargs)
  File "/usr/lib/python3/dist-packages/odoo/sql_db.py", line 695, in borrow
    result = psycopg2.connect(
  File "/usr/lib/python3/dist-packages/psycopg2/__init__.py", line 122, in connect
    conn = _connect(dsn, connection_factory=connection_factory, **kwasync)
psycopg2.OperationalError: connection to server at "odoo-boats-db" (172.19.0.3), port 5432 failed: FATAL:  the database system is shutting down

2025-11-06 03:27:13,523 1 INFO odoo-boats-db odoo.sql_db: Connection to the database failed 
2025-11-06 03:27:13,523 1 WARNING odoo-boats-db odoo.addons.base.models.ir_cron: Exception in cron: 
Traceback (most recent call last):
  File "/usr/lib/python3/dist-packages/odoo/addons/base/models/ir_cron.py", line 119, in _process_jobs
    with db.cursor() as cron_cr:
  File "/usr/lib/python3/dist-packages/odoo/sql_db.py", line 767, in cursor
    return Cursor(self.__pool, self.__dbname, self.__dsn)
  File "/usr/lib/python3/dist-packages/odoo/sql_db.py", line 267, in __init__
    self._cnx = pool.borrow(dsn)
  File "<decorator-gen-13>", line 2, in borrow
  File "/usr/lib/python3/dist-packages/odoo/tools/func.py", line 87, in locked
    return func(inst, *args, **kwargs)
  File "/usr/lib/python3/dist-packages/odoo/sql_db.py", line 695, in borrow
    result = psycopg2.connect(
  File "/usr/lib/python3/dist-packages/psycopg2/__init__.py", line 122, in connect
    conn = _connect(dsn, connection_factory=connection_factory, **kwasync)
psycopg2.OperationalError: connection to server at "odoo-boats-db" (172.19.0.3), port 5432 failed: FATAL:  the database system is shutting down

2025-11-06 03:27:13,929 1 INFO odoo-boats-db odoo.sql_db: ConnectionPool(used=0/count=0/max=64): Closed 1 connections  
