2025-11-06 02:59:32,510 1 INFO ? odoo: Odoo version 17.0-20251008 
2025-11-06 02:59:32,510 1 INFO ? odoo: Using configuration file at /etc/odoo/odoo.conf 
2025-11-06 02:59:32,510 1 INFO ? odoo: addons paths: ['/usr/lib/python3/dist-packages/odoo/addons', '/var/lib/odoo/.local/share/Odoo/addons/17.0', '/mnt/extra-addons/custom', '/mnt/extra-addons/third-party'] 
2025-11-06 02:59:32,510 1 INFO ? odoo: database: odoo@odoo-boats-db:5432 
2025-11-06 02:59:32,638 1 INFO ? odoo.addons.base.models.ir_actions_report: Will use the Wkhtmltopdf binary at /usr/local/bin/wkhtmltopdf 
2025-11-06 02:59:32,867 1 INFO ? odoo.service.server: HTTP service (werkzeug) running on bcf7ab46d862:8069 
2025-11-06 02:59:32,915 1 INFO odoo-boats-db odoo.modules.loading: loading 1 modules... 
2025-11-06 02:59:32,919 1 INFO odoo-boats-db odoo.modules.loading: 1 modules loaded in 0.00s, 0 queries (+0 extra) 
2025-11-06 02:59:32,967 1 INFO odoo-boats-db odoo.modules.loading: loading 62 modules... 
2025-11-06 02:59:33,805 1 INFO odoo-boats-db odoo.modules.loading: 62 modules loaded in 0.84s, 0 queries (+0 extra) 
2025-11-06 02:59:33,913 1 INFO odoo-boats-db odoo.modules.loading: Modules loaded. 
2025-11-06 02:59:33,925 1 INFO odoo-boats-db odoo.modules.registry: Registry loaded in 1.058s 
2025-11-06 02:59:41,703 1 INFO odoo-boats-db odoo.addons.base.models.ir_http: Generating routing map for key 1 
2025-11-06 02:59:41,757 1 INFO odoo-boats-db werkzeug: 127.0.0.1 - - [06/Nov/2025 02:59:41] "GET /web HTTP/1.1" 303 - 8 0.025 0.044
2025-11-06 02:59:51,827 1 INFO odoo-boats-db werkzeug: 127.0.0.1 - - [06/Nov/2025 02:59:51] "GET /web HTTP/1.1" 303 - 1 0.001 0.004
2025-11-06 02:59:53,944 1 INFO odoo-boats-db werkzeug: 172.19.0.1 - - [06/Nov/2025 02:59:53] "GET /websocket?version=17.0-1 HTTP/1.1" 101 - 4 0.021 0.009
2025-11-06 02:59:54,343 1 INFO ? odoo.addons.bus.models.bus: Bus.loop listen imbus on db postgres 
2025-11-06 02:59:54,800 1 ERROR odoo-boats-db odoo.addons.bus.websocket: Exception occurred during websocket request handling 
Traceback (most recent call last):
  File "/usr/lib/python3/dist-packages/odoo/addons/bus/websocket.py", line 1015, in _serve_forever
    req.serve_websocket_message(message)
  File "/usr/lib/python3/dist-packages/odoo/addons/bus/websocket.py", line 832, in serve_websocket_message
    service_model.retrying(
  File "/usr/lib/python3/dist-packages/odoo/service/model.py", line 152, in retrying
    result = func()
  File "/usr/lib/python3/dist-packages/odoo/addons/bus/websocket.py", line 848, in _serve_ir_websocket
    self.env['ir.websocket']._update_bus_presence(**data)
  File "/usr/lib/python3/dist-packages/odoo/addons/mail/models/discuss/mail_guest.py", line 39, in wrapper
    return func(self, *args, **kwargs)
  File "/usr/lib/python3/dist-packages/odoo/addons/mail/models/discuss/ir_websocket.py", line 98, in _update_bus_presence
    super()._update_bus_presence(inactivity_period, im_status_ids_by_model)
  File "/usr/lib/python3/dist-packages/odoo/addons/bus/models/ir_websocket.py", line 128, in _update_bus_presence
    self.env['bus.presence'].update_presence(
  File "/usr/lib/python3/dist-packages/odoo/addons/bus/models/bus_presence.py", line 66, in update_presence
    self._update_presence(inactivity_period=inactivity_period, identity_field=identity_field, identity_value=identity_value)
  File "/usr/lib/python3/dist-packages/odoo/addons/bus/models/bus_presence.py", line 99, in _update_presence
    presence.write(values)
  File "/usr/lib/python3/dist-packages/odoo/addons/bus/models/bus_presence.py", line 48, in write
    updated._send_presence()
  File "/usr/lib/python3/dist-packages/odoo/addons/bus/models/bus_presence.py", line 122, in _send_presence
    "im_status": presence._get_bus_target().im_status,
  File "/usr/lib/python3/dist-packages/odoo/fields.py", line 1219, in __get__
    self.compute_value(recs)
  File "/usr/lib/python3/dist-packages/odoo/fields.py", line 1401, in compute_value
    records._compute_field_value(self)
  File "/usr/lib/python3/dist-packages/odoo/addons/mail/models/mail_thread.py", line 424, in _compute_field_value
    return super()._compute_field_value(field)
  File "/usr/lib/python3/dist-packages/odoo/models.py", line 4923, in _compute_field_value
    fields.determine(field.compute, self)
  File "/usr/lib/python3/dist-packages/odoo/fields.py", line 102, in determine
    return needle(*args)
  File "/usr/lib/python3/dist-packages/odoo/addons/mail/models/res_partner.py", line 37, in _compute_im_status
    super()._compute_im_status()
  File "/usr/lib/python3/dist-packages/odoo/addons/bus/models/res_partner.py", line 13, in _compute_im_status
    for presence in self.env["bus.presence"].search([("user_id", "in", self.user_ids.ids)]):
  File "/usr/lib/python3/dist-packages/odoo/fields.py", line 4471, in __get__
    return super().__get__(records, owner)
  File "/usr/lib/python3/dist-packages/odoo/fields.py", line 2933, in __get__
    return super().__get__(records, owner)
  File "/usr/lib/python3/dist-packages/odoo/fields.py", line 1182, in __get__
    recs._fetch_field(self)
  File "/usr/lib/python3/dist-packages/odoo/models.py", line 3824, in _fetch_field
    self.fetch(fnames)
  File "/usr/lib/python3/dist-packages/odoo/models.py", line 3863, in fetch
    self.check_access_rule('read')
  File "/usr/lib/python3/dist-packages/odoo/models.py", line 4162, in check_access_rule
    invalid = self - self._filter_access_rules_python(operation)
  File "/usr/lib/python3/dist-packages/odoo/models.py", line 4214, in _filter_access_rules_python
    return self.sudo().filtered_domain(dom or [])
  File "/usr/lib/python3/dist-packages/odoo/models.py", line 6257, in filtered_domain
    data = record.mapped(key)
  File "/usr/lib/python3/dist-packages/odoo/models.py", line 6142, in mapped
    recs = recs._fields[name].mapped(recs)
  File "/usr/lib/python3/dist-packages/odoo/fields.py", line 1293, in mapped
    self.__get__(first(remaining), type(remaining))
  File "/usr/lib/python3/dist-packages/odoo/fields.py", line 2933, in __get__
    return super().__get__(records, owner)
  File "/usr/lib/python3/dist-packages/odoo/fields.py", line 1182, in __get__
    recs._fetch_field(self)
  File "/usr/lib/python3/dist-packages/odoo/models.py", line 3824, in _fetch_field
    self.fetch(fnames)
  File "/usr/lib/python3/dist-packages/odoo/models.py", line 3874, in fetch
    fetched = self._fetch_query(query, fields_to_fetch)
  File "/usr/lib/python3/dist-packages/odoo/models.py", line 3966, in _fetch_query
    self.env.cr.execute(query.select(*sql_terms))
  File "/usr/lib/python3/dist-packages/odoo/sql_db.py", line 335, in execute
    res = self._obj.execute(query, params)
psycopg2.errors.UndefinedColumn: column res_partner.is_boat_owner does not exist
LINE 1: ..."signup_type", "res_partner"."signup_expiration", "res_partn...
                                                             ^

2025-11-06 03:00:01,909 1 INFO odoo-boats-db werkzeug: 127.0.0.1 - - [06/Nov/2025 03:00:01] "GET /web HTTP/1.1" 303 - 1 0.000 0.003
2025-11-06 03:00:11,999 1 INFO odoo-boats-db werkzeug: 127.0.0.1 - - [06/Nov/2025 03:00:11] "GET /web HTTP/1.1" 303 - 1 0.001 0.003
2025-11-06 03:00:22,075 1 INFO odoo-boats-db werkzeug: 127.0.0.1 - - [06/Nov/2025 03:00:22] "GET /web HTTP/1.1" 303 - 1 0.000 0.002
2025-11-06 03:00:32,143 1 INFO odoo-boats-db werkzeug: 127.0.0.1 - - [06/Nov/2025 03:00:32] "GET /web HTTP/1.1" 303 - 1 0.000 0.003
2025-11-06 03:00:42,263 1 INFO odoo-boats-db werkzeug: 127.0.0.1 - - [06/Nov/2025 03:00:42] "GET /web HTTP/1.1" 303 - 1 0.001 0.005
2025-11-06 03:00:52,348 1 INFO odoo-boats-db werkzeug: 127.0.0.1 - - [06/Nov/2025 03:00:52] "GET /web HTTP/1.1" 303 - 1 0.000 0.003
2025-11-06 03:01:02,426 1 INFO odoo-boats-db werkzeug: 127.0.0.1 - - [06/Nov/2025 03:01:02] "GET /web HTTP/1.1" 303 - 1 0.000 0.003
2025-11-06 03:01:12,537 1 INFO odoo-boats-db werkzeug: 127.0.0.1 - - [06/Nov/2025 03:01:12] "GET /web HTTP/1.1" 303 - 1 0.000 0.006
2025-11-06 03:01:22,636 1 INFO odoo-boats-db werkzeug: 127.0.0.1 - - [06/Nov/2025 03:01:22] "GET /web HTTP/1.1" 303 - 1 0.000 0.003
2025-11-06 03:01:32,703 1 INFO odoo-boats-db werkzeug: 127.0.0.1 - - [06/Nov/2025 03:01:32] "GET /web HTTP/1.1" 303 - 1 0.000 0.003
2025-11-06 03:01:34,053 1 ERROR odoo-boats-db odoo.sql_db: bad query: SELECT "res_partner"."id", "res_partner"."website_meta_og_img", "res_partner"."seo_name"->>'en_US', "res_partner"."website_id", "res_partner"."is_published", "res_partner"."email_normalized", "res_partner"."message_bounce", "res_partner"."name", "res_partner"."complete_name", "res_partner"."date", "res_partner"."title", "res_partner"."parent_id", "res_partner"."ref", "res_partner"."lang", "res_partner"."tz", "res_partner"."user_id", "res_partner"."vat", "res_partner"."company_registry", "res_partner"."website", "res_partner"."comment", "res_partner"."active", "res_partner"."employee", "res_partner"."function", "res_partner"."type", "res_partner"."street", "res_partner"."street2", "res_partner"."zip", "res_partner"."city", "res_partner"."state_id", "res_partner"."country_id", "res_partner"."partner_latitude", "res_partner"."partner_longitude", "res_partner"."email", "res_partner"."phone", "res_partner"."mobile", "res_partner"."is_company", "res_partner"."industry_id", "res_partner"."company_id", "res_partner"."color", "res_partner"."partner_share", "res_partner"."commercial_partner_id", "res_partner"."commercial_company_name", "res_partner"."company_name", "res_partner"."create_uid", "res_partner"."create_date", "res_partner"."write_uid", "res_partner"."write_date", "res_partner"."signup_type", "res_partner"."signup_expiration", "res_partner"."is_boat_owner", "res_partner"."is_boat_guest", "res_partner"."boat_count", "res_partner"."owner_commission_rate", "res_partner"."total_bookings", "res_partner"."total_revenue", "res_partner"."team_id", "res_partner"."partner_gid", "res_partner"."additional_info", "res_partner"."phone_sanitized", "res_partner"."debit_limit", "res_partner"."last_time_entries_checked", "res_partner"."invoice_warn", "res_partner"."invoice_warn_msg", "res_partner"."supplier_rank", "res_partner"."customer_rank", "res_partner"."ubl_cii_format", "res_partner"."peppol_endpoint", "res_partner"."peppol_eas", "res_partner"."website_description"->>'en_US', "res_partner"."website_short_description"->>'en_US', "res_partner"."sale_warn", "res_partner"."sale_warn_msg" FROM "res_partner" WHERE ("res_partner"."id" IN (2))
ERROR: column res_partner.is_boat_owner does not exist
LINE 1: ..."signup_type", "res_partner"."signup_expiration", "res_partn...
                                                             ^
 
2025-11-06 03:01:34,054 1 WARNING ? odoo.service.server: cron0 encountered an Exception: 
Traceback (most recent call last):
  File "/usr/lib/python3/dist-packages/odoo/service/server.py", line 528, in _run_cron
    ir_cron._process_jobs(db_name)
  File "/usr/lib/python3/dist-packages/odoo/addons/base/models/ir_cron.py", line 139, in _process_jobs
    registry[cls._name]._process_job(db, cron_cr, job)
  File "/usr/lib/python3/dist-packages/odoo/addons/base/models/ir_cron.py", line 331, in _process_job
    now = fields.Datetime.context_timestamp(ir_cron, datetime.utcnow())
  File "/usr/lib/python3/dist-packages/odoo/fields.py", line 2270, in context_timestamp
    tz_name = record._context.get('tz') or record.env.user.tz
  File "/usr/lib/python3/dist-packages/odoo/fields.py", line 1219, in __get__
    self.compute_value(recs)
  File "/usr/lib/python3/dist-packages/odoo/fields.py", line 1401, in compute_value
    records._compute_field_value(self)
  File "/usr/lib/python3/dist-packages/odoo/models.py", line 4923, in _compute_field_value
    fields.determine(field.compute, self)
  File "/usr/lib/python3/dist-packages/odoo/fields.py", line 105, in determine
    return needle(records, *args)
  File "/usr/lib/python3/dist-packages/odoo/fields.py", line 707, in _compute_related
    record[self.name] = self._process_related(value[self.related_field.name], record.env)
  File "/usr/lib/python3/dist-packages/odoo/models.py", line 6695, in __getitem__
    return self._fields[key].__get__(self, self.env.registry[self._name])
  File "/usr/lib/python3/dist-packages/odoo/fields.py", line 1182, in __get__
    recs._fetch_field(self)
  File "/usr/lib/python3/dist-packages/odoo/models.py", line 3824, in _fetch_field
    self.fetch(fnames)
  File "/usr/lib/python3/dist-packages/odoo/models.py", line 3874, in fetch
    fetched = self._fetch_query(query, fields_to_fetch)
  File "/usr/lib/python3/dist-packages/odoo/models.py", line 3966, in _fetch_query
    self.env.cr.execute(query.select(*sql_terms))
  File "/usr/lib/python3/dist-packages/odoo/sql_db.py", line 335, in execute
    res = self._obj.execute(query, params)
psycopg2.errors.UndefinedColumn: column res_partner.is_boat_owner does not exist
LINE 1: ..."signup_type", "res_partner"."signup_expiration", "res_partn...
                                                             ^

2025-11-06 03:01:36,029 1 ERROR odoo-boats-db odoo.sql_db: bad query: SELECT "res_partner"."id", "res_partner"."website_meta_og_img", "res_partner"."seo_name"->>'en_US', "res_partner"."website_id", "res_partner"."is_published", "res_partner"."email_normalized", "res_partner"."message_bounce", "res_partner"."name", "res_partner"."complete_name", "res_partner"."date", "res_partner"."title", "res_partner"."parent_id", "res_partner"."ref", "res_partner"."lang", "res_partner"."tz", "res_partner"."user_id", "res_partner"."vat", "res_partner"."company_registry", "res_partner"."website", "res_partner"."comment", "res_partner"."active", "res_partner"."employee", "res_partner"."function", "res_partner"."type", "res_partner"."street", "res_partner"."street2", "res_partner"."zip", "res_partner"."city", "res_partner"."state_id", "res_partner"."country_id", "res_partner"."partner_latitude", "res_partner"."partner_longitude", "res_partner"."email", "res_partner"."phone", "res_partner"."mobile", "res_partner"."is_company", "res_partner"."industry_id", "res_partner"."company_id", "res_partner"."color", "res_partner"."partner_share", "res_partner"."commercial_partner_id", "res_partner"."commercial_company_name", "res_partner"."company_name", "res_partner"."create_uid", "res_partner"."create_date", "res_partner"."write_uid", "res_partner"."write_date", "res_partner"."signup_type", "res_partner"."signup_expiration", "res_partner"."is_boat_owner", "res_partner"."is_boat_guest", "res_partner"."boat_count", "res_partner"."owner_commission_rate", "res_partner"."total_bookings", "res_partner"."total_revenue", "res_partner"."team_id", "res_partner"."partner_gid", "res_partner"."additional_info", "res_partner"."phone_sanitized", "res_partner"."debit_limit", "res_partner"."last_time_entries_checked", "res_partner"."invoice_warn", "res_partner"."invoice_warn_msg", "res_partner"."supplier_rank", "res_partner"."customer_rank", "res_partner"."ubl_cii_format", "res_partner"."peppol_endpoint", "res_partner"."peppol_eas", "res_partner"."website_description"->>'en_US', "res_partner"."website_short_description"->>'en_US', "res_partner"."sale_warn", "res_partner"."sale_warn_msg" FROM "res_partner" WHERE ("res_partner"."id" IN (2))
ERROR: column res_partner.is_boat_owner does not exist
LINE 1: ..."signup_type", "res_partner"."signup_expiration", "res_partn...
                                                             ^
 
2025-11-06 03:01:36,031 1 WARNING ? odoo.service.server: cron1 encountered an Exception: 
Traceback (most recent call last):
  File "/usr/lib/python3/dist-packages/odoo/service/server.py", line 528, in _run_cron
    ir_cron._process_jobs(db_name)
  File "/usr/lib/python3/dist-packages/odoo/addons/base/models/ir_cron.py", line 139, in _process_jobs
    registry[cls._name]._process_job(db, cron_cr, job)
  File "/usr/lib/python3/dist-packages/odoo/addons/base/models/ir_cron.py", line 331, in _process_job
    now = fields.Datetime.context_timestamp(ir_cron, datetime.utcnow())
  File "/usr/lib/python3/dist-packages/odoo/fields.py", line 2270, in context_timestamp
    tz_name = record._context.get('tz') or record.env.user.tz
  File "/usr/lib/python3/dist-packages/odoo/fields.py", line 1219, in __get__
    self.compute_value(recs)
  File "/usr/lib/python3/dist-packages/odoo/fields.py", line 1401, in compute_value
    records._compute_field_value(self)
  File "/usr/lib/python3/dist-packages/odoo/models.py", line 4923, in _compute_field_value
    fields.determine(field.compute, self)
  File "/usr/lib/python3/dist-packages/odoo/fields.py", line 105, in determine
    return needle(records, *args)
  File "/usr/lib/python3/dist-packages/odoo/fields.py", line 707, in _compute_related
    record[self.name] = self._process_related(value[self.related_field.name], record.env)
  File "/usr/lib/python3/dist-packages/odoo/models.py", line 6695, in __getitem__
    return self._fields[key].__get__(self, self.env.registry[self._name])
  File "/usr/lib/python3/dist-packages/odoo/fields.py", line 1182, in __get__
    recs._fetch_field(self)
  File "/usr/lib/python3/dist-packages/odoo/models.py", line 3824, in _fetch_field
    self.fetch(fnames)
  File "/usr/lib/python3/dist-packages/odoo/models.py", line 3874, in fetch
    fetched = self._fetch_query(query, fields_to_fetch)
  File "/usr/lib/python3/dist-packages/odoo/models.py", line 3966, in _fetch_query
    self.env.cr.execute(query.select(*sql_terms))
  File "/usr/lib/python3/dist-packages/odoo/sql_db.py", line 335, in execute
    res = self._obj.execute(query, params)
psycopg2.errors.UndefinedColumn: column res_partner.is_boat_owner does not exist
LINE 1: ..."signup_type", "res_partner"."signup_expiration", "res_partn...
                                                             ^

2025-11-06 03:01:42,809 1 INFO odoo-boats-db werkzeug: 127.0.0.1 - - [06/Nov/2025 03:01:42] "GET /web HTTP/1.1" 303 - 1 0.000 0.003
2025-11-06 03:01:52,907 1 INFO odoo-boats-db werkzeug: 127.0.0.1 - - [06/Nov/2025 03:01:52] "GET /web HTTP/1.1" 303 - 1 0.000 0.003
2025-11-06 03:02:02,999 1 INFO odoo-boats-db werkzeug: 127.0.0.1 - - [06/Nov/2025 03:02:02] "GET /web HTTP/1.1" 303 - 1 0.000 0.002
2025-11-06 03:02:13,092 1 INFO odoo-boats-db werkzeug: 127.0.0.1 - - [06/Nov/2025 03:02:13] "GET /web HTTP/1.1" 303 - 1 0.000 0.003
2025-11-06 03:02:15,503 1 INFO odoo-boats-db odoo.service.server: Initiating shutdown 
2025-11-06 03:02:15,503 1 INFO odoo-boats-db odoo.service.server: Hit CTRL-C again or send a second signal to force the shutdown. 
2025-11-06 03:02:15,515 1 ERROR ? odoo.addons.bus.models.bus: Bus.loop error, sleep and retry 
Traceback (most recent call last):
  File "/usr/lib/python3/dist-packages/odoo/addons/bus/models/bus.py", line 254, in run
    self.loop()
  File "/usr/lib/python3/dist-packages/odoo/addons/bus/models/bus.py", line 239, in loop
    conn.poll()
psycopg2.OperationalError: server closed the connection unexpectedly
	This probably means the server terminated abnormally
	before or while processing the request.

2025-11-06 03:02:15,520 1 INFO odoo-boats-db odoo.sql_db: Connection to the database failed 
2025-11-06 03:02:15,520 1 WARNING odoo-boats-db odoo.addons.base.models.ir_cron: Exception in cron: 
Traceback (most recent call last):
  File "/usr/lib/python3/dist-packages/odoo/addons/base/models/ir_cron.py", line 119, in _process_jobs
    with db.cursor() as cron_cr:
  File "/usr/lib/python3/dist-packages/odoo/sql_db.py", line 767, in cursor
    return Cursor(self.__pool, self.__dbname, self.__dsn)
  File "/usr/lib/python3/dist-packages/odoo/sql_db.py", line 267, in __init__
    self._cnx = pool.borrow(dsn)
  File "<decorator-gen-13>", line 2, in borrow
  File "/usr/lib/python3/dist-packages/odoo/tools/func.py", line 87, in locked
    return func(inst, *args, **kwargs)
  File "/usr/lib/python3/dist-packages/odoo/sql_db.py", line 695, in borrow
    result = psycopg2.connect(
  File "/usr/lib/python3/dist-packages/psycopg2/__init__.py", line 122, in connect
    conn = _connect(dsn, connection_factory=connection_factory, **kwasync)
psycopg2.OperationalError: connection to server at "odoo-boats-db" (172.19.0.2), port 5432 failed: FATAL:  the database system is shutting down

2025-11-06 03:02:15,525 1 INFO odoo-boats-db odoo.sql_db: Connection to the database failed 
2025-11-06 03:02:15,525 1 WARNING odoo-boats-db odoo.addons.base.models.ir_cron: Exception in cron: 
Traceback (most recent call last):
  File "/usr/lib/python3/dist-packages/odoo/addons/base/models/ir_cron.py", line 119, in _process_jobs
    with db.cursor() as cron_cr:
  File "/usr/lib/python3/dist-packages/odoo/sql_db.py", line 767, in cursor
    return Cursor(self.__pool, self.__dbname, self.__dsn)
  File "/usr/lib/python3/dist-packages/odoo/sql_db.py", line 267, in __init__
    self._cnx = pool.borrow(dsn)
  File "<decorator-gen-13>", line 2, in borrow
  File "/usr/lib/python3/dist-packages/odoo/tools/func.py", line 87, in locked
    return func(inst, *args, **kwargs)
  File "/usr/lib/python3/dist-packages/odoo/sql_db.py", line 695, in borrow
    result = psycopg2.connect(
  File "/usr/lib/python3/dist-packages/psycopg2/__init__.py", line 122, in connect
    conn = _connect(dsn, connection_factory=connection_factory, **kwasync)
psycopg2.OperationalError: connection to server at "odoo-boats-db" (172.19.0.2), port 5432 failed: FATAL:  the database system is shutting down

2025-11-06 03:02:15,600 1 INFO odoo-boats-db odoo.sql_db: Connection to the database failed 
2025-11-06 03:02:15,603 1 INFO odoo-boats-db odoo.sql_db: Connection to the database failed 
2025-11-06 03:02:15,691 1 ERROR odoo-boats-db werkzeug: Error on request:
Traceback (most recent call last):
  File "/usr/lib/python3/dist-packages/odoo/addons/bus/websocket.py", line 317, in get_messages
    message = self._process_next_message()
  File "/usr/lib/python3/dist-packages/odoo/addons/bus/websocket.py", line 463, in _process_next_message
    self._handle_control_frame(frame)
  File "/usr/lib/python3/dist-packages/odoo/addons/bus/websocket.py", line 601, in _handle_control_frame
    self._terminate()
  File "/usr/lib/python3/dist-packages/odoo/addons/bus/websocket.py", line 582, in _terminate
    with acquire_cursor(self._db) as cr:
  File "/usr/lib/python3/dist-packages/odoo/addons/bus/websocket.py", line 46, in acquire_cursor
    return odoo.registry(db).cursor()
  File "/usr/lib/python3/dist-packages/odoo/modules/registry.py", line 946, in cursor
    return self._db.cursor()
  File "/usr/lib/python3/dist-packages/odoo/sql_db.py", line 767, in cursor
    return Cursor(self.__pool, self.__dbname, self.__dsn)
  File "/usr/lib/python3/dist-packages/odoo/sql_db.py", line 267, in __init__
    self._cnx = pool.borrow(dsn)
  File "<decorator-gen-13>", line 2, in borrow
    
  File "/usr/lib/python3/dist-packages/odoo/tools/func.py", line 87, in locked
    return func(inst, *args, **kwargs)
  File "/usr/lib/python3/dist-packages/odoo/sql_db.py", line 695, in borrow
    result = psycopg2.connect(
  File "/usr/lib/python3/dist-packages/psycopg2/__init__.py", line 122, in connect
    conn = _connect(dsn, connection_factory=connection_factory, **kwasync)
psycopg2.OperationalError: connection to server at "odoo-boats-db" (172.19.0.2), port 5432 failed: FATAL:  the database system is shutting down

During handling of the above exception, another exception occurred:

Traceback (most recent call last):
  File "/usr/lib/python3/dist-packages/werkzeug/serving.py", line 319, in run_wsgi
    execute(self.server.app)
  File "/usr/lib/python3/dist-packages/werkzeug/serving.py", line 316, in execute
    application_iter.close()  # type: ignore
  File "/usr/lib/python3/dist-packages/werkzeug/wsgi.py", line 466, in close
    callback()
  File "/usr/lib/python3/dist-packages/werkzeug/wrappers/response.py", line 439, in close
    func()
  File "/usr/lib/python3/dist-packages/odoo/addons/bus/websocket.py", line 906, in <lambda>
    response.call_on_close(lambda: cls._serve_forever(
  File "/usr/lib/python3/dist-packages/odoo/addons/bus/websocket.py", line 1012, in _serve_forever
    for message in websocket.get_messages():
  File "/usr/lib/python3/dist-packages/odoo/addons/bus/websocket.py", line 321, in get_messages
    self._handle_transport_error(exc)
  File "/usr/lib/python3/dist-packages/odoo/addons/bus/websocket.py", line 626, in _handle_transport_error
    registry = registry.check_signaling()
  File "/usr/lib/python3/dist-packages/odoo/modules/registry.py", line 837, in check_signaling
    with closing(self.cursor()) as cr:
  File "/usr/lib/python3/dist-packages/odoo/modules/registry.py", line 946, in cursor
    return self._db.cursor()
  File "/usr/lib/python3/dist-packages/odoo/sql_db.py", line 767, in cursor
    return Cursor(self.__pool, self.__dbname, self.__dsn)
  File "/usr/lib/python3/dist-packages/odoo/sql_db.py", line 267, in __init__
    self._cnx = pool.borrow(dsn)
  File "<decorator-gen-13>", line 2, in borrow
    
  File "/usr/lib/python3/dist-packages/odoo/tools/func.py", line 87, in locked
    return func(inst, *args, **kwargs)
  File "/usr/lib/python3/dist-packages/odoo/sql_db.py", line 695, in borrow
    result = psycopg2.connect(
  File "/usr/lib/python3/dist-packages/psycopg2/__init__.py", line 122, in connect
    conn = _connect(dsn, connection_factory=connection_factory, **kwasync)
psycopg2.OperationalError: connection to server at "odoo-boats-db" (172.19.0.2), port 5432 failed: FATAL:  the database system is shutting down - - -
